[ 2016-04-09T11:29:29+08:00 ] 127.0.0.1 /
INFO: [ app_init ] --START--
INFO: Run Behavior\BuildLiteBehavior [ RunTime:0.000027s ]
INFO: [ app_init ] --END-- [ RunTime:0.000521s ]
INFO: [ app_begin ] --START--
INFO: Run Behavior\ReadHtmlCacheBehavior [ RunTime:0.000698s ]
INFO: [ app_begin ] --END-- [ RunTime:0.000847s ]
NOTIC: [8] Undefined index: id E:\wamp\www\weChat\Application\Shop\Controller\IndexController.class.php 第 13 行.
NOTIC: [2] Missing argument 1 for I(), called in E:\wamp\www\weChat\Application\Shop\Controller\IndexController.class.php on line 14 and defined E:\wamp\www\weChat\ThinkPHP\Common\functions.php 第 271 行.
NOTIC: [8] Undefined variable: name E:\wamp\www\weChat\ThinkPHP\Common\functions.php 第 273 行.
NOTIC: [8] Undefined variable: name E:\wamp\www\weChat\ThinkPHP\Common\functions.php 第 278 行.
NOTIC: [8] Undefined variable: name E:\wamp\www\weChat\ThinkPHP\Common\functions.php 第 339 行.
SQL: SHOW COLUMNS FROM `wx_goods` [ RunTime:0.0054s ]
SQL: SELECT wx_goods.id,wx_goods.title,wx_goods.picture_id,wx_goods.point,wx_goods.goods_number,wx_goods.content,wx_goods.counter,wx_goods.money,wx_goods.discount,wx_goods.shipping,wx_goods.weight,wx_goods.stock,wx_goods.attribute,wx_goods.seat,wx_goods.pubtime,wx_goods.state,wx_goods_type.type_name,wx_goods_picture.img_url FROM `wx_goods` INNER JOIN wx_goods_type ON wx_goods.type = wx_goods_type.id INNER JOIN wx_goods_picture ON wx_goods.id = wx_goods_picture.img_id  WHERE wx_goods.id = null  [ RunTime:0.0006s ]

[ 2016-04-09T11:29:29+08:00 ] 127.0.0.1 /
INFO: [ app_init ] --START--
INFO: Run Behavior\BuildLiteBehavior [ RunTime:0.000049s ]
INFO: [ app_init ] --END-- [ RunTime:0.000944s ]
INFO: [ app_begin ] --START--
INFO: Run Behavior\ReadHtmlCacheBehavior [ RunTime:0.000830s ]
INFO: [ app_begin ] --END-- [ RunTime:0.001033s ]
NOTIC: [8] Undefined index: id E:\wamp\www\weChat\Application\Shop\Controller\IndexController.class.php 第 13 行.
NOTIC: [2] Missing argument 1 for I(), called in E:\wamp\www\weChat\Application\Shop\Controller\IndexController.class.php on line 14 and defined E:\wamp\www\weChat\ThinkPHP\Common\functions.php 第 271 行.
NOTIC: [8] Undefined variable: name E:\wamp\www\weChat\ThinkPHP\Common\functions.php 第 273 行.
NOTIC: [8] Undefined variable: name E:\wamp\www\weChat\ThinkPHP\Common\functions.php 第 278 行.
NOTIC: [8] Undefined variable: name E:\wamp\www\weChat\ThinkPHP\Common\functions.php 第 339 行.
SQL: SHOW COLUMNS FROM `wx_goods` [ RunTime:0.0071s ]
SQL: SELECT wx_goods.id,wx_goods.title,wx_goods.picture_id,wx_goods.point,wx_goods.goods_number,wx_goods.content,wx_goods.counter,wx_goods.money,wx_goods.discount,wx_goods.shipping,wx_goods.weight,wx_goods.stock,wx_goods.attribute,wx_goods.seat,wx_goods.pubtime,wx_goods.state,wx_goods_type.type_name,wx_goods_picture.img_url FROM `wx_goods` INNER JOIN wx_goods_type ON wx_goods.type = wx_goods_type.id INNER JOIN wx_goods_picture ON wx_goods.id = wx_goods_picture.img_id  WHERE wx_goods.id = null  [ RunTime:0.0005s ]

[ 2016-04-09T11:29:34+08:00 ] 127.0.0.1 /?id=5
INFO: [ app_init ] --START--
INFO: Run Behavior\BuildLiteBehavior [ RunTime:0.000042s ]
INFO: [ app_init ] --END-- [ RunTime:0.000599s ]
INFO: [ app_begin ] --START--
INFO: Run Behavior\ReadHtmlCacheBehavior [ RunTime:0.000753s ]
INFO: [ app_begin ] --END-- [ RunTime:0.000954s ]
NOTIC: [2] Missing argument 1 for I(), called in E:\wamp\www\weChat\Application\Shop\Controller\IndexController.class.php on line 14 and defined E:\wamp\www\weChat\ThinkPHP\Common\functions.php 第 271 行.
NOTIC: [8] Undefined variable: name E:\wamp\www\weChat\ThinkPHP\Common\functions.php 第 273 行.
NOTIC: [8] Undefined variable: name E:\wamp\www\weChat\ThinkPHP\Common\functions.php 第 278 行.
NOTIC: [8] Undefined variable: name E:\wamp\www\weChat\ThinkPHP\Common\functions.php 第 339 行.
SQL: SHOW COLUMNS FROM `wx_goods` [ RunTime:0.0062s ]
SQL: SELECT wx_goods.id,wx_goods.title,wx_goods.picture_id,wx_goods.point,wx_goods.goods_number,wx_goods.content,wx_goods.counter,wx_goods.money,wx_goods.discount,wx_goods.shipping,wx_goods.weight,wx_goods.stock,wx_goods.attribute,wx_goods.seat,wx_goods.pubtime,wx_goods.state,wx_goods_type.type_name,wx_goods_picture.img_url FROM `wx_goods` INNER JOIN wx_goods_type ON wx_goods.type = wx_goods_type.id INNER JOIN wx_goods_picture ON wx_goods.id = wx_goods_picture.img_id  WHERE wx_goods.id = '5'  [ RunTime:0.0007s ]

[ 2016-04-09T11:29:34+08:00 ] 127.0.0.1 /?id=5
INFO: [ app_init ] --START--
INFO: Run Behavior\BuildLiteBehavior [ RunTime:0.000039s ]
INFO: [ app_init ] --END-- [ RunTime:0.000694s ]
INFO: [ app_begin ] --START--
INFO: Run Behavior\ReadHtmlCacheBehavior [ RunTime:0.000627s ]
INFO: [ app_begin ] --END-- [ RunTime:0.000771s ]
NOTIC: [2] Missing argument 1 for I(), called in E:\wamp\www\weChat\Application\Shop\Controller\IndexController.class.php on line 14 and defined E:\wamp\www\weChat\ThinkPHP\Common\functions.php 第 271 行.
NOTIC: [8] Undefined variable: name E:\wamp\www\weChat\ThinkPHP\Common\functions.php 第 273 行.
NOTIC: [8] Undefined variable: name E:\wamp\www\weChat\ThinkPHP\Common\functions.php 第 278 行.
NOTIC: [8] Undefined variable: name E:\wamp\www\weChat\ThinkPHP\Common\functions.php 第 339 行.
SQL: SHOW COLUMNS FROM `wx_goods` [ RunTime:0.0990s ]
SQL: SELECT wx_goods.id,wx_goods.title,wx_goods.picture_id,wx_goods.point,wx_goods.goods_number,wx_goods.content,wx_goods.counter,wx_goods.money,wx_goods.discount,wx_goods.shipping,wx_goods.weight,wx_goods.stock,wx_goods.attribute,wx_goods.seat,wx_goods.pubtime,wx_goods.state,wx_goods_type.type_name,wx_goods_picture.img_url FROM `wx_goods` INNER JOIN wx_goods_type ON wx_goods.type = wx_goods_type.id INNER JOIN wx_goods_picture ON wx_goods.id = wx_goods_picture.img_id  WHERE wx_goods.id = '5'  [ RunTime:0.0006s ]

[ 2016-04-09T11:29:37+08:00 ] 127.0.0.1 /?id=1
INFO: [ app_init ] --START--
INFO: Run Behavior\BuildLiteBehavior [ RunTime:0.000043s ]
INFO: [ app_init ] --END-- [ RunTime:0.000948s ]
INFO: [ app_begin ] --START--
INFO: Run Behavior\ReadHtmlCacheBehavior [ RunTime:0.000780s ]
INFO: [ app_begin ] --END-- [ RunTime:0.000983s ]
NOTIC: [2] Missing argument 1 for I(), called in E:\wamp\www\weChat\Application\Shop\Controller\IndexController.class.php on line 14 and defined E:\wamp\www\weChat\ThinkPHP\Common\functions.php 第 271 行.
NOTIC: [8] Undefined variable: name E:\wamp\www\weChat\ThinkPHP\Common\functions.php 第 273 行.
NOTIC: [8] Undefined variable: name E:\wamp\www\weChat\ThinkPHP\Common\functions.php 第 278 行.
NOTIC: [8] Undefined variable: name E:\wamp\www\weChat\ThinkPHP\Common\functions.php 第 339 行.
SQL: SHOW COLUMNS FROM `wx_goods` [ RunTime:0.0068s ]
SQL: SELECT wx_goods.id,wx_goods.title,wx_goods.picture_id,wx_goods.point,wx_goods.goods_number,wx_goods.content,wx_goods.counter,wx_goods.money,wx_goods.discount,wx_goods.shipping,wx_goods.weight,wx_goods.stock,wx_goods.attribute,wx_goods.seat,wx_goods.pubtime,wx_goods.state,wx_goods_type.type_name,wx_goods_picture.img_url FROM `wx_goods` INNER JOIN wx_goods_type ON wx_goods.type = wx_goods_type.id INNER JOIN wx_goods_picture ON wx_goods.id = wx_goods_picture.img_id  WHERE wx_goods.id = '1'  [ RunTime:0.0007s ]
NOTIC: [8] Undefined variable: img_data E:\wamp\www\weChat\Application\Shop\Controller\IndexController.class.php 第 29 行.
NOTIC: [8] Undefined index: picture E:\wamp\www\weChat\Application\Shop\Controller\IndexController.class.php 第 29 行.
SQL: SHOW COLUMNS FROM `wx_goods_spec` [ RunTime:0.0082s ]
SQL: SELECT * FROM `wx_goods_spec` WHERE `goods_id` = 1  [ RunTime:0.0004s ]
SQL: SHOW COLUMNS FROM `wx_goods_specfocus` [ RunTime:0.0052s ]
SQL: SELECT * FROM `wx_goods_specfocus` WHERE `spec_id` = 1  [ RunTime:0.0004s ]
NOTIC: [8] Undefined index: g E:\wamp\www\weChat\Application\Shop\Controller\IndexController.class.php 第 48 行.
NOTIC: [8] Undefined index: HTTP_VIA E:\wamp\www\weChat\Application\Common\Common\function.php 第 87 行.
INFO: [ view_parse ] --START--
INFO: [ template_filter ] --START--
INFO: Run Behavior\ContentReplaceBehavior [ RunTime:0.000117s ]
INFO: [ template_filter ] --END-- [ RunTime:0.000231s ]
INFO: Run Behavior\ParseTemplateBehavior [ RunTime:0.055116s ]
INFO: [ view_parse ] --END-- [ RunTime:0.055302s ]
INFO: [ view_filter ] --START--
INFO: Run Behavior\WriteHtmlCacheBehavior [ RunTime:0.000407s ]
INFO: [ view_filter ] --END-- [ RunTime:0.000504s ]
INFO: [ app_end ] --START--
INFO: Run Behavior\ShowPageTraceBehavior [ RunTime:0.000648s ]
INFO: [ app_end ] --END-- [ RunTime:0.000775s ]

[ 2016-04-09T11:29:46+08:00 ] 127.0.0.1 /Shop/Index/skuList.html
INFO: [ app_init ] --START--
INFO: Run Behavior\BuildLiteBehavior [ RunTime:0.000023s ]
INFO: [ app_init ] --END-- [ RunTime:0.000451s ]
INFO: [ app_begin ] --START--
INFO: Run Behavior\ReadHtmlCacheBehavior [ RunTime:0.000862s ]
INFO: [ app_begin ] --END-- [ RunTime:0.001045s ]
NOTIC: [2] Missing argument 1 for I(), called in E:\wamp\www\weChat\Application\Shop\Controller\IndexController.class.php on line 62 and defined E:\wamp\www\weChat\ThinkPHP\Common\functions.php 第 271 行.
NOTIC: [8] Undefined variable: name E:\wamp\www\weChat\ThinkPHP\Common\functions.php 第 273 行.
NOTIC: [8] Undefined variable: name E:\wamp\www\weChat\ThinkPHP\Common\functions.php 第 278 行.
NOTIC: [8] Undefined variable: name E:\wamp\www\weChat\ThinkPHP\Common\functions.php 第 339 行.
SQL: SHOW COLUMNS FROM `wx_goods_specfocus` [ RunTime:0.0051s ]
SQL: SELECT * FROM `wx_goods_specfocus` WHERE `spec_id` = '1'  [ RunTime:0.0004s ]
NOTIC: [8] Undefined variable: str E:\wamp\www\weChat\Application\Shop\Controller\IndexController.class.php 第 78 行.

[ 2016-04-09T11:29:46+08:00 ] 127.0.0.1 /Shop/Index/skuList.html
INFO: [ app_init ] --START--
INFO: Run Behavior\BuildLiteBehavior [ RunTime:0.000028s ]
INFO: [ app_init ] --END-- [ RunTime:0.000495s ]
INFO: [ app_begin ] --START--
INFO: Run Behavior\ReadHtmlCacheBehavior [ RunTime:0.000683s ]
INFO: [ app_begin ] --END-- [ RunTime:0.000846s ]
NOTIC: [2] Missing argument 1 for I(), called in E:\wamp\www\weChat\Application\Shop\Controller\IndexController.class.php on line 62 and defined E:\wamp\www\weChat\ThinkPHP\Common\functions.php 第 271 行.
NOTIC: [8] Undefined variable: name E:\wamp\www\weChat\ThinkPHP\Common\functions.php 第 273 行.
NOTIC: [8] Undefined variable: name E:\wamp\www\weChat\ThinkPHP\Common\functions.php 第 278 行.
NOTIC: [8] Undefined variable: name E:\wamp\www\weChat\ThinkPHP\Common\functions.php 第 339 行.
SQL: SHOW COLUMNS FROM `wx_goods_specfocus` [ RunTime:0.0050s ]
SQL: SELECT * FROM `wx_goods_specfocus` WHERE `spec_id` = '2'  [ RunTime:0.0004s ]
NOTIC: [8] Undefined variable: str E:\wamp\www\weChat\Application\Shop\Controller\IndexController.class.php 第 78 行.

[ 2016-04-09T11:29:55+08:00 ] 127.0.0.1 /Shop/Index/order.html
INFO: [ app_init ] --START--
INFO: Run Behavior\BuildLiteBehavior [ RunTime:0.000050s ]
INFO: [ app_init ] --END-- [ RunTime:0.000893s ]
INFO: [ app_begin ] --START--
INFO: Run Behavior\ReadHtmlCacheBehavior [ RunTime:0.000698s ]
INFO: [ app_begin ] --END-- [ RunTime:0.000857s ]
NOTIC: [2] Missing argument 1 for I(), called in E:\wamp\www\weChat\Application\Shop\Controller\IndexController.class.php on line 136 and defined E:\wamp\www\weChat\ThinkPHP\Common\functions.php 第 271 行.
NOTIC: [8] Undefined variable: name E:\wamp\www\weChat\ThinkPHP\Common\functions.php 第 273 行.
NOTIC: [8] Undefined variable: name E:\wamp\www\weChat\ThinkPHP\Common\functions.php 第 278 行.
NOTIC: [8] Undefined variable: name E:\wamp\www\weChat\ThinkPHP\Common\functions.php 第 339 行.
SQL: SHOW COLUMNS FROM `wx_goods_specfocus` [ RunTime:0.0516s ]
SQL: SELECT wx_goods_specfocus.id,wx_goods_specfocus.focus_name,wx_goods_specfocus.spec_mey,wx_goods_spec.spec_name FROM `wx_goods_specfocus` INNER JOIN wx_goods_spec ON wx_goods_specfocus.spec_id = wx_goods_spec.id  WHERE wx_goods_specfocus.id = '9'  [ RunTime:0.0005s ]
SQL: SHOW COLUMNS FROM `wx_order` [ RunTime:0.0061s ]
SQL: SHOW COLUMNS FROM `wx_order_detailed` [ RunTime:0.0050s ]
SQL: SHOW COLUMNS FROM `wx_order` [ RunTime:0.0060s ]
SQL: SELECT COUNT(*) AS tp_count FROM `wx_order` WHERE `ip` = '127.0.0.1' LIMIT 1   [ RunTime:0.0161s ]
NOTIC: [2] Missing argument 1 for Think\Model::where(), called in E:\wamp\www\weChat\Application\Shop\Controller\IndexController.class.php on line 202 and defined E:\wamp\www\weChat\ThinkPHP\Library\Think\Model.class.php 第 1797 行.
NOTIC: [8] Undefined variable: where E:\wamp\www\weChat\ThinkPHP\Library\Think\Model.class.php 第 1805 行.
NOTIC: [8] Undefined variable: where E:\wamp\www\weChat\ThinkPHP\Library\Think\Model.class.php 第 1808 行.
NOTIC: [8] Undefined variable: where E:\wamp\www\weChat\ThinkPHP\Library\Think\Model.class.php 第 1816 行.
SQL: INSERT INTO `wx_order` (`goods_id`,`order_title`,`product_img`,`order`,`product`,`size`,`consignee`,`mob`,`address`,`mey`,`paytype`,`position`,`paystate`,`paytime`,`guest`,`ip`,`countip`) VALUES ('1','纯羊皮男士真皮高当商务型皮衣限时特卖火爆抢购中','https://img.alicdn.com/imgextra/i1/2209555500/TB2JY0qjpXXXXauXXXXXXXXXXXX_!!2209555500.jpg','1460172595','(黑色)加绒','175/L','问问','13445454545','北京市市辖区东城区问二维问人问问','468.00','0','0','1','1460172595','请问饿我去','127.0.0.1','7') [ RunTime:0.2774s ]
NOTIC: [2] Missing argument 1 for Think\Model::where(), called in E:\wamp\www\weChat\Application\Shop\Controller\IndexController.class.php on line 208 and defined E:\wamp\www\weChat\ThinkPHP\Library\Think\Model.class.php 第 1797 行.
NOTIC: [8] Undefined variable: where E:\wamp\www\weChat\ThinkPHP\Library\Think\Model.class.php 第 1805 行.
NOTIC: [8] Undefined variable: where E:\wamp\www\weChat\ThinkPHP\Library\Think\Model.class.php 第 1808 行.
NOTIC: [8] Undefined variable: where E:\wamp\www\weChat\ThinkPHP\Library\Think\Model.class.php 第 1816 行.
SQL: INSERT INTO `wx_order_detailed` (`order_id`,`size_id`) VALUES ('170','9') [ RunTime:0.1700s ]

[ 2016-04-09T11:29:55+08:00 ] 127.0.0.1 /Shop/Index/orderInfo/order/MTAyMjEyMDgxNjU%3D.html
INFO: [ app_init ] --START--
INFO: Run Behavior\BuildLiteBehavior [ RunTime:0.000026s ]
INFO: [ app_init ] --END-- [ RunTime:0.000461s ]
INFO: [ app_begin ] --START--
INFO: Run Behavior\ReadHtmlCacheBehavior [ RunTime:0.000493s ]
INFO: [ app_begin ] --END-- [ RunTime:0.000605s ]
NOTIC: [2] Missing argument 1 for I(), called in E:\wamp\www\weChat\Application\Shop\Controller\IndexController.class.php on line 122 and defined E:\wamp\www\weChat\ThinkPHP\Common\functions.php 第 271 行.
NOTIC: [8] Undefined variable: name E:\wamp\www\weChat\ThinkPHP\Common\functions.php 第 273 行.
NOTIC: [8] Undefined variable: name E:\wamp\www\weChat\ThinkPHP\Common\functions.php 第 278 行.
NOTIC: [8] Undefined variable: name E:\wamp\www\weChat\ThinkPHP\Common\functions.php 第 339 行.
SQL: SHOW COLUMNS FROM `wx_order` [ RunTime:0.0054s ]
SQL: SHOW COLUMNS FROM `wx_order` [ RunTime:0.0074s ]
SQL: SELECT * FROM `wx_order` WHERE `order` = 1460172595  [ RunTime:0.0009s ]
INFO: [ view_parse ] --START--
INFO: [ template_filter ] --START--
INFO: Run Behavior\ContentReplaceBehavior [ RunTime:0.000072s ]
INFO: [ template_filter ] --END-- [ RunTime:0.000237s ]
INFO: Run Behavior\ParseTemplateBehavior [ RunTime:0.028177s ]
INFO: [ view_parse ] --END-- [ RunTime:0.028375s ]
INFO: [ view_filter ] --START--
INFO: Run Behavior\WriteHtmlCacheBehavior [ RunTime:0.000586s ]
INFO: [ view_filter ] --END-- [ RunTime:0.000726s ]
INFO: [ app_end ] --START--
INFO: Run Behavior\ShowPageTraceBehavior [ RunTime:0.000693s ]
INFO: [ app_end ] --END-- [ RunTime:0.000796s ]

[ 2016-04-09T11:35:23+08:00 ] 127.0.0.1 /Shop/Index/orderInfo/order/MTAyMjEyMDgxNjU%3D.html
INFO: [ app_init ] --START--
INFO: Run Behavior\BuildLiteBehavior [ RunTime:0.000026s ]
INFO: [ app_init ] --END-- [ RunTime:0.000551s ]
INFO: [ app_begin ] --START--
INFO: Run Behavior\ReadHtmlCacheBehavior [ RunTime:0.000633s ]
INFO: [ app_begin ] --END-- [ RunTime:0.000754s ]
NOTIC: [2] Missing argument 1 for I(), called in E:\wamp\www\weChat\Application\Shop\Controller\IndexController.class.php on line 122 and defined E:\wamp\www\weChat\ThinkPHP\Common\functions.php 第 271 行.
NOTIC: [8] Undefined variable: name E:\wamp\www\weChat\ThinkPHP\Common\functions.php 第 273 行.
NOTIC: [8] Undefined variable: name E:\wamp\www\weChat\ThinkPHP\Common\functions.php 第 278 行.
NOTIC: [8] Undefined variable: name E:\wamp\www\weChat\ThinkPHP\Common\functions.php 第 339 行.
SQL: SHOW COLUMNS FROM `wx_order` [ RunTime:0.0063s ]
SQL: SHOW COLUMNS FROM `wx_order` [ RunTime:0.0077s ]
SQL: SELECT * FROM `wx_order` WHERE `order` = 1460172595  [ RunTime:0.0008s ]
INFO: [ view_parse ] --START--
INFO: [ template_filter ] --START--
INFO: Run Behavior\ContentReplaceBehavior [ RunTime:0.000073s ]
INFO: [ template_filter ] --END-- [ RunTime:0.000187s ]
INFO: Run Behavior\ParseTemplateBehavior [ RunTime:0.009316s ]
INFO: [ view_parse ] --END-- [ RunTime:0.009766s ]
INFO: [ view_filter ] --START--
INFO: Run Behavior\WriteHtmlCacheBehavior [ RunTime:0.000970s ]
INFO: [ view_filter ] --END-- [ RunTime:0.001157s ]
INFO: [ app_end ] --START--
INFO: Run Behavior\ShowPageTraceBehavior [ RunTime:0.001006s ]
INFO: [ app_end ] --END-- [ RunTime:0.001159s ]

[ 2016-04-09T11:35:24+08:00 ] 127.0.0.1 /Shop/Index/orderInfo/order/MTAyMjEyMDgxNjU%3D.html
INFO: [ app_init ] --START--
INFO: Run Behavior\BuildLiteBehavior [ RunTime:0.000037s ]
INFO: [ app_init ] --END-- [ RunTime:0.000692s ]
INFO: [ app_begin ] --START--
INFO: Run Behavior\ReadHtmlCacheBehavior [ RunTime:0.001310s ]
INFO: [ app_begin ] --END-- [ RunTime:0.001572s ]
NOTIC: [2] Missing argument 1 for I(), called in E:\wamp\www\weChat\Application\Shop\Controller\IndexController.class.php on line 122 and defined E:\wamp\www\weChat\ThinkPHP\Common\functions.php 第 271 行.
NOTIC: [8] Undefined variable: name E:\wamp\www\weChat\ThinkPHP\Common\functions.php 第 273 行.
NOTIC: [8] Undefined variable: name E:\wamp\www\weChat\ThinkPHP\Common\functions.php 第 278 行.
NOTIC: [8] Undefined variable: name E:\wamp\www\weChat\ThinkPHP\Common\functions.php 第 339 行.
SQL: SHOW COLUMNS FROM `wx_order` [ RunTime:0.0746s ]
SQL: SHOW COLUMNS FROM `wx_order` [ RunTime:0.0709s ]
SQL: SELECT * FROM `wx_order` WHERE `order` = 1460172595  [ RunTime:0.0008s ]
INFO: [ view_parse ] --START--
INFO: [ template_filter ] --START--
INFO: Run Behavior\ContentReplaceBehavior [ RunTime:0.000081s ]
INFO: [ template_filter ] --END-- [ RunTime:0.000217s ]
INFO: Run Behavior\ParseTemplateBehavior [ RunTime:0.009874s ]
INFO: [ view_parse ] --END-- [ RunTime:0.010060s ]
INFO: [ view_filter ] --START--
INFO: Run Behavior\WriteHtmlCacheBehavior [ RunTime:0.000791s ]
INFO: [ view_filter ] --END-- [ RunTime:0.000999s ]
INFO: [ app_end ] --START--
INFO: Run Behavior\ShowPageTraceBehavior [ RunTime:0.000811s ]
INFO: [ app_end ] --END-- [ RunTime:0.000945s ]

[ 2016-04-09T11:35:49+08:00 ] 127.0.0.1 /Shop/Index/order.html
INFO: [ app_init ] --START--
INFO: Run Behavior\BuildLiteBehavior [ RunTime:0.000030s ]
INFO: [ app_init ] --END-- [ RunTime:0.000595s ]
INFO: [ app_begin ] --START--
INFO: Run Behavior\ReadHtmlCacheBehavior [ RunTime:0.000739s ]
INFO: [ app_begin ] --END-- [ RunTime:0.000868s ]
NOTIC: [2] Missing argument 1 for I(), called in E:\wamp\www\weChat\Application\Shop\Controller\IndexController.class.php on line 136 and defined E:\wamp\www\weChat\ThinkPHP\Common\functions.php 第 271 行.
NOTIC: [8] Undefined variable: name E:\wamp\www\weChat\ThinkPHP\Common\functions.php 第 273 行.
NOTIC: [8] Undefined variable: name E:\wamp\www\weChat\ThinkPHP\Common\functions.php 第 278 行.
NOTIC: [8] Undefined variable: name E:\wamp\www\weChat\ThinkPHP\Common\functions.php 第 339 行.
SQL: SHOW COLUMNS FROM `wx_goods_specfocus` [ RunTime:0.0064s ]
SQL: SELECT wx_goods_specfocus.id,wx_goods_specfocus.focus_name,wx_goods_specfocus.spec_mey,wx_goods_spec.spec_name FROM `wx_goods_specfocus` INNER JOIN wx_goods_spec ON wx_goods_specfocus.spec_id = wx_goods_spec.id  WHERE wx_goods_specfocus.id = '5'  [ RunTime:0.0005s ]
SQL: SHOW COLUMNS FROM `wx_order` [ RunTime:0.0056s ]
SQL: SHOW COLUMNS FROM `wx_order_detailed` [ RunTime:0.0054s ]
SQL: SHOW COLUMNS FROM `wx_order` [ RunTime:0.0053s ]
SQL: SELECT COUNT(*) AS tp_count FROM `wx_order` WHERE `ip` = '127.0.0.1' LIMIT 1   [ RunTime:0.0005s ]
NOTIC: [2] Missing argument 1 for Think\Model::where(), called in E:\wamp\www\weChat\Application\Shop\Controller\IndexController.class.php on line 202 and defined E:\wamp\www\weChat\ThinkPHP\Library\Think\Model.class.php 第 1797 行.
NOTIC: [8] Undefined variable: where E:\wamp\www\weChat\ThinkPHP\Library\Think\Model.class.php 第 1805 行.
NOTIC: [8] Undefined variable: where E:\wamp\www\weChat\ThinkPHP\Library\Think\Model.class.php 第 1808 行.
NOTIC: [8] Undefined variable: where E:\wamp\www\weChat\ThinkPHP\Library\Think\Model.class.php 第 1816 行.
SQL: INSERT INTO `wx_order` (`goods_id`,`order_title`,`product_img`,`order`,`product`,`size`,`consignee`,`mob`,`address`,`mey`,`paytype`,`position`,`paystate`,`paytime`,`guest`,`ip`,`countip`) VALUES ('1','纯羊皮男士真皮高当商务型皮衣限时特卖火爆抢购中','https://img.alicdn.com/imgextra/i1/2209555500/TB2JY0qjpXXXXauXXXXXXXXXXXX_!!2209555500.jpg','1460172948','(黑色)单皮','175/L','问问','13445454545','北京市市辖区东城区问二维问人问问','358.00','0','0','1','1460172948','请问饿我去','127.0.0.1','8') [ RunTime:0.1355s ]
NOTIC: [2] Missing argument 1 for Think\Model::where(), called in E:\wamp\www\weChat\Application\Shop\Controller\IndexController.class.php on line 208 and defined E:\wamp\www\weChat\ThinkPHP\Library\Think\Model.class.php 第 1797 行.
NOTIC: [8] Undefined variable: where E:\wamp\www\weChat\ThinkPHP\Library\Think\Model.class.php 第 1805 行.
NOTIC: [8] Undefined variable: where E:\wamp\www\weChat\ThinkPHP\Library\Think\Model.class.php 第 1808 行.
NOTIC: [8] Undefined variable: where E:\wamp\www\weChat\ThinkPHP\Library\Think\Model.class.php 第 1816 行.
SQL: INSERT INTO `wx_order_detailed` (`order_id`,`size_id`) VALUES ('171','5') [ RunTime:0.0547s ]

[ 2016-04-09T11:35:49+08:00 ] 127.0.0.1 /Shop/Index/orderInfo/order/MTAyMjEyMTA2MzY%3D.html
INFO: [ app_init ] --START--
INFO: Run Behavior\BuildLiteBehavior [ RunTime:0.000025s ]
INFO: [ app_init ] --END-- [ RunTime:0.000432s ]
INFO: [ app_begin ] --START--
INFO: Run Behavior\ReadHtmlCacheBehavior [ RunTime:0.000750s ]
INFO: [ app_begin ] --END-- [ RunTime:0.000933s ]
NOTIC: [2] Missing argument 1 for I(), called in E:\wamp\www\weChat\Application\Shop\Controller\IndexController.class.php on line 122 and defined E:\wamp\www\weChat\ThinkPHP\Common\functions.php 第 271 行.
NOTIC: [8] Undefined variable: name E:\wamp\www\weChat\ThinkPHP\Common\functions.php 第 273 行.
NOTIC: [8] Undefined variable: name E:\wamp\www\weChat\ThinkPHP\Common\functions.php 第 278 行.
NOTIC: [8] Undefined variable: name E:\wamp\www\weChat\ThinkPHP\Common\functions.php 第 339 行.
SQL: SHOW COLUMNS FROM `wx_order` [ RunTime:0.0061s ]
SQL: SHOW COLUMNS FROM `wx_order` [ RunTime:0.0053s ]
SQL: SELECT * FROM `wx_order` WHERE `order` = 1460172948  [ RunTime:0.0008s ]
INFO: [ view_parse ] --START--
INFO: [ template_filter ] --START--
INFO: Run Behavior\ContentReplaceBehavior [ RunTime:0.000135s ]
INFO: [ template_filter ] --END-- [ RunTime:0.000384s ]
INFO: Run Behavior\ParseTemplateBehavior [ RunTime:0.010025s ]
INFO: [ view_parse ] --END-- [ RunTime:0.010196s ]
INFO: [ view_filter ] --START--
INFO: Run Behavior\WriteHtmlCacheBehavior [ RunTime:0.000393s ]
INFO: [ view_filter ] --END-- [ RunTime:0.000510s ]
INFO: [ app_end ] --START--
INFO: Run Behavior\ShowPageTraceBehavior [ RunTime:0.000672s ]
INFO: [ app_end ] --END-- [ RunTime:0.000771s ]

[ 2016-04-09T11:35:50+08:00 ] 127.0.0.1 /Shop/Index/orderInfo/order/MTAyMjEyMTA2MzY%3D.html
INFO: [ app_init ] --START--
INFO: Run Behavior\BuildLiteBehavior [ RunTime:0.000043s ]
INFO: [ app_init ] --END-- [ RunTime:0.000728s ]
INFO: [ app_begin ] --START--
INFO: Run Behavior\ReadHtmlCacheBehavior [ RunTime:0.000895s ]
INFO: [ app_begin ] --END-- [ RunTime:0.001112s ]
NOTIC: [2] Missing argument 1 for I(), called in E:\wamp\www\weChat\Application\Shop\Controller\IndexController.class.php on line 122 and defined E:\wamp\www\weChat\ThinkPHP\Common\functions.php 第 271 行.
NOTIC: [8] Undefined variable: name E:\wamp\www\weChat\ThinkPHP\Common\functions.php 第 273 行.
NOTIC: [8] Undefined variable: name E:\wamp\www\weChat\ThinkPHP\Common\functions.php 第 278 行.
NOTIC: [8] Undefined variable: name E:\wamp\www\weChat\ThinkPHP\Common\functions.php 第 339 行.
SQL: SHOW COLUMNS FROM `wx_order` [ RunTime:0.0100s ]
SQL: SHOW COLUMNS FROM `wx_order` [ RunTime:0.0087s ]
SQL: SELECT * FROM `wx_order` WHERE `order` = 1460172948  [ RunTime:0.0013s ]
INFO: [ view_parse ] --START--
INFO: [ template_filter ] --START--
INFO: Run Behavior\ContentReplaceBehavior [ RunTime:0.000146s ]
INFO: [ template_filter ] --END-- [ RunTime:0.000366s ]
INFO: Run Behavior\ParseTemplateBehavior [ RunTime:0.022242s ]
INFO: [ view_parse ] --END-- [ RunTime:0.022461s ]
INFO: [ view_filter ] --START--
INFO: Run Behavior\WriteHtmlCacheBehavior [ RunTime:0.000728s ]
INFO: [ view_filter ] --END-- [ RunTime:0.000984s ]
INFO: [ app_end ] --START--
INFO: Run Behavior\ShowPageTraceBehavior [ RunTime:0.001184s ]
INFO: [ app_end ] --END-- [ RunTime:0.001395s ]

[ 2016-04-09T11:35:56+08:00 ] 127.0.0.1 /?id=1
INFO: [ app_init ] --START--
INFO: Run Behavior\BuildLiteBehavior [ RunTime:0.000044s ]
INFO: [ app_init ] --END-- [ RunTime:0.000834s ]
INFO: [ app_begin ] --START--
INFO: Run Behavior\ReadHtmlCacheBehavior [ RunTime:0.001047s ]
INFO: [ app_begin ] --END-- [ RunTime:0.001247s ]
NOTIC: [2] Missing argument 1 for I(), called in E:\wamp\www\weChat\Application\Shop\Controller\IndexController.class.php on line 14 and defined E:\wamp\www\weChat\ThinkPHP\Common\functions.php 第 271 行.
NOTIC: [8] Undefined variable: name E:\wamp\www\weChat\ThinkPHP\Common\functions.php 第 273 行.
NOTIC: [8] Undefined variable: name E:\wamp\www\weChat\ThinkPHP\Common\functions.php 第 278 行.
NOTIC: [8] Undefined variable: name E:\wamp\www\weChat\ThinkPHP\Common\functions.php 第 339 行.
SQL: SHOW COLUMNS FROM `wx_goods` [ RunTime:0.0063s ]
SQL: SELECT wx_goods.id,wx_goods.title,wx_goods.picture_id,wx_goods.point,wx_goods.goods_number,wx_goods.content,wx_goods.counter,wx_goods.money,wx_goods.discount,wx_goods.shipping,wx_goods.weight,wx_goods.stock,wx_goods.attribute,wx_goods.seat,wx_goods.pubtime,wx_goods.state,wx_goods_type.type_name,wx_goods_picture.img_url FROM `wx_goods` INNER JOIN wx_goods_type ON wx_goods.type = wx_goods_type.id INNER JOIN wx_goods_picture ON wx_goods.id = wx_goods_picture.img_id  WHERE wx_goods.id = '1'  [ RunTime:0.0007s ]
NOTIC: [8] Undefined variable: img_data E:\wamp\www\weChat\Application\Shop\Controller\IndexController.class.php 第 29 行.
NOTIC: [8] Undefined index: picture E:\wamp\www\weChat\Application\Shop\Controller\IndexController.class.php 第 29 行.
SQL: SHOW COLUMNS FROM `wx_goods_spec` [ RunTime:0.0045s ]
SQL: SELECT * FROM `wx_goods_spec` WHERE `goods_id` = 1  [ RunTime:0.0003s ]
SQL: SHOW COLUMNS FROM `wx_goods_specfocus` [ RunTime:0.0047s ]
SQL: SELECT * FROM `wx_goods_specfocus` WHERE `spec_id` = 1  [ RunTime:0.0004s ]
NOTIC: [8] Undefined index: g E:\wamp\www\weChat\Application\Shop\Controller\IndexController.class.php 第 48 行.
NOTIC: [8] Undefined index: HTTP_VIA E:\wamp\www\weChat\Application\Common\Common\function.php 第 87 行.
INFO: [ view_parse ] --START--
INFO: [ template_filter ] --START--
INFO: Run Behavior\ContentReplaceBehavior [ RunTime:0.000117s ]
INFO: [ template_filter ] --END-- [ RunTime:0.000232s ]
INFO: Run Behavior\ParseTemplateBehavior [ RunTime:0.018594s ]
INFO: [ view_parse ] --END-- [ RunTime:0.018781s ]
INFO: [ view_filter ] --START--
INFO: Run Behavior\WriteHtmlCacheBehavior [ RunTime:0.000395s ]
INFO: [ view_filter ] --END-- [ RunTime:0.000492s ]
INFO: [ app_end ] --START--
INFO: Run Behavior\ShowPageTraceBehavior [ RunTime:0.000612s ]
INFO: [ app_end ] --END-- [ RunTime:0.000709s ]

[ 2016-04-09T11:35:57+08:00 ] 127.0.0.1 /Shop/Index/skuList.html
INFO: [ app_init ] --START--
INFO: Run Behavior\BuildLiteBehavior [ RunTime:0.000043s ]
INFO: [ app_init ] --END-- [ RunTime:0.000860s ]
INFO: [ app_begin ] --START--
INFO: Run Behavior\ReadHtmlCacheBehavior [ RunTime:0.001027s ]
INFO: [ app_begin ] --END-- [ RunTime:0.001243s ]
NOTIC: [2] Missing argument 1 for I(), called in E:\wamp\www\weChat\Application\Shop\Controller\IndexController.class.php on line 62 and defined E:\wamp\www\weChat\ThinkPHP\Common\functions.php 第 271 行.
NOTIC: [8] Undefined variable: name E:\wamp\www\weChat\ThinkPHP\Common\functions.php 第 273 行.
NOTIC: [8] Undefined variable: name E:\wamp\www\weChat\ThinkPHP\Common\functions.php 第 278 行.
NOTIC: [8] Undefined variable: name E:\wamp\www\weChat\ThinkPHP\Common\functions.php 第 339 行.
SQL: SHOW COLUMNS FROM `wx_goods_specfocus` [ RunTime:0.0049s ]
SQL: SELECT * FROM `wx_goods_specfocus` WHERE `spec_id` = '2'  [ RunTime:0.0004s ]
NOTIC: [8] Undefined variable: str E:\wamp\www\weChat\Application\Shop\Controller\IndexController.class.php 第 78 行.

[ 2016-04-09T11:36:43+08:00 ] 127.0.0.1 /Shop/Index/order.html
INFO: [ app_init ] --START--
INFO: Run Behavior\BuildLiteBehavior [ RunTime:0.000029s ]
INFO: [ app_init ] --END-- [ RunTime:0.000502s ]
INFO: [ app_begin ] --START--
INFO: Run Behavior\ReadHtmlCacheBehavior [ RunTime:0.000578s ]
INFO: [ app_begin ] --END-- [ RunTime:0.000745s ]
NOTIC: [2] Missing argument 1 for I(), called in E:\wamp\www\weChat\Application\Shop\Controller\IndexController.class.php on line 136 and defined E:\wamp\www\weChat\ThinkPHP\Common\functions.php 第 271 行.
NOTIC: [8] Undefined variable: name E:\wamp\www\weChat\ThinkPHP\Common\functions.php 第 273 行.
NOTIC: [8] Undefined variable: name E:\wamp\www\weChat\ThinkPHP\Common\functions.php 第 278 行.
NOTIC: [8] Undefined variable: name E:\wamp\www\weChat\ThinkPHP\Common\functions.php 第 339 行.
SQL: SHOW COLUMNS FROM `wx_goods_specfocus` [ RunTime:0.0737s ]
SQL: SELECT wx_goods_specfocus.id,wx_goods_specfocus.focus_name,wx_goods_specfocus.spec_mey,wx_goods_spec.spec_name FROM `wx_goods_specfocus` INNER JOIN wx_goods_spec ON wx_goods_specfocus.spec_id = wx_goods_spec.id  WHERE wx_goods_specfocus.id = '4'  [ RunTime:0.0006s ]
SQL: SHOW COLUMNS FROM `wx_order` [ RunTime:0.1218s ]
SQL: SHOW COLUMNS FROM `wx_order_detailed` [ RunTime:0.0846s ]
SQL: SHOW COLUMNS FROM `wx_order` [ RunTime:0.1352s ]
SQL: SELECT COUNT(*) AS tp_count FROM `wx_order` WHERE `ip` = '127.0.0.1' LIMIT 1   [ RunTime:0.0007s ]
NOTIC: [2] Missing argument 1 for Think\Model::where(), called in E:\wamp\www\weChat\Application\Shop\Controller\IndexController.class.php on line 202 and defined E:\wamp\www\weChat\ThinkPHP\Library\Think\Model.class.php 第 1797 行.
NOTIC: [8] Undefined variable: where E:\wamp\www\weChat\ThinkPHP\Library\Think\Model.class.php 第 1805 行.
NOTIC: [8] Undefined variable: where E:\wamp\www\weChat\ThinkPHP\Library\Think\Model.class.php 第 1808 行.
NOTIC: [8] Undefined variable: where E:\wamp\www\weChat\ThinkPHP\Library\Think\Model.class.php 第 1816 行.
SQL: INSERT INTO `wx_order` (`goods_id`,`order_title`,`product_img`,`order`,`product`,`size`,`consignee`,`mob`,`address`,`mey`,`paytype`,`position`,`paystate`,`paytime`,`guest`,`ip`,`countip`) VALUES ('1','纯羊皮男士真皮高当商务型皮衣限时特卖火爆抢购中','https://img.alicdn.com/imgextra/i1/2209555500/TB2JY0qjpXXXXauXXXXXXXXXXXX_!!2209555500.jpg','1460173003','(黑色)加绒','170/M','官方','13425545454','河北省石家庄市市辖区werewolf','468.00','0','0','1','1460173003','','127.0.0.1','9') [ RunTime:0.1969s ]
NOTIC: [2] Missing argument 1 for Think\Model::where(), called in E:\wamp\www\weChat\Application\Shop\Controller\IndexController.class.php on line 208 and defined E:\wamp\www\weChat\ThinkPHP\Library\Think\Model.class.php 第 1797 行.
NOTIC: [8] Undefined variable: where E:\wamp\www\weChat\ThinkPHP\Library\Think\Model.class.php 第 1805 行.
NOTIC: [8] Undefined variable: where E:\wamp\www\weChat\ThinkPHP\Library\Think\Model.class.php 第 1808 行.
NOTIC: [8] Undefined variable: where E:\wamp\www\weChat\ThinkPHP\Library\Think\Model.class.php 第 1816 行.
SQL: INSERT INTO `wx_order_detailed` (`order_id`,`size_id`) VALUES ('172','4') [ RunTime:0.1100s ]

[ 2016-04-09T11:36:44+08:00 ] 127.0.0.1 /Shop/Index/orderInfo/order/MTAyMjEyMTEwMjE%3D.html
INFO: [ app_init ] --START--
INFO: Run Behavior\BuildLiteBehavior [ RunTime:0.000037s ]
INFO: [ app_init ] --END-- [ RunTime:0.000651s ]
INFO: [ app_begin ] --START--
INFO: Run Behavior\ReadHtmlCacheBehavior [ RunTime:0.000785s ]
INFO: [ app_begin ] --END-- [ RunTime:0.000990s ]
NOTIC: [2] Missing argument 1 for I(), called in E:\wamp\www\weChat\Application\Shop\Controller\IndexController.class.php on line 122 and defined E:\wamp\www\weChat\ThinkPHP\Common\functions.php 第 271 行.
NOTIC: [8] Undefined variable: name E:\wamp\www\weChat\ThinkPHP\Common\functions.php 第 273 行.
NOTIC: [8] Undefined variable: name E:\wamp\www\weChat\ThinkPHP\Common\functions.php 第 278 行.
NOTIC: [8] Undefined variable: name E:\wamp\www\weChat\ThinkPHP\Common\functions.php 第 339 行.
SQL: SHOW COLUMNS FROM `wx_order` [ RunTime:0.0062s ]
SQL: SHOW COLUMNS FROM `wx_order` [ RunTime:0.0052s ]
SQL: SELECT * FROM `wx_order` WHERE `order` = 1460173003  [ RunTime:0.0009s ]
INFO: [ view_parse ] --START--
INFO: [ template_filter ] --START--
INFO: Run Behavior\ContentReplaceBehavior [ RunTime:0.000067s ]
INFO: [ template_filter ] --END-- [ RunTime:0.000197s ]
INFO: Run Behavior\ParseTemplateBehavior [ RunTime:0.009552s ]
INFO: [ view_parse ] --END-- [ RunTime:0.009662s ]
INFO: [ view_filter ] --START--
INFO: Run Behavior\WriteHtmlCacheBehavior [ RunTime:0.000296s ]
INFO: [ view_filter ] --END-- [ RunTime:0.000385s ]
INFO: [ app_end ] --START--
INFO: Run Behavior\ShowPageTraceBehavior [ RunTime:0.000519s ]
INFO: [ app_end ] --END-- [ RunTime:0.000607s ]

[ 2016-04-09T11:36:45+08:00 ] 127.0.0.1 /Shop/Index/orderInfo/order/MTAyMjEyMTEwMjE%3D.html
INFO: [ app_init ] --START--
INFO: Run Behavior\BuildLiteBehavior [ RunTime:0.000046s ]
INFO: [ app_init ] --END-- [ RunTime:0.001613s ]
INFO: [ app_begin ] --START--
INFO: Run Behavior\ReadHtmlCacheBehavior [ RunTime:0.001106s ]
INFO: [ app_begin ] --END-- [ RunTime:0.001411s ]
NOTIC: [2] Missing argument 1 for I(), called in E:\wamp\www\weChat\Application\Shop\Controller\IndexController.class.php on line 122 and defined E:\wamp\www\weChat\ThinkPHP\Common\functions.php 第 271 行.
NOTIC: [8] Undefined variable: name E:\wamp\www\weChat\ThinkPHP\Common\functions.php 第 273 行.
NOTIC: [8] Undefined variable: name E:\wamp\www\weChat\ThinkPHP\Common\functions.php 第 278 行.
NOTIC: [8] Undefined variable: name E:\wamp\www\weChat\ThinkPHP\Common\functions.php 第 339 行.
SQL: SHOW COLUMNS FROM `wx_order` [ RunTime:0.0085s ]
SQL: SHOW COLUMNS FROM `wx_order` [ RunTime:0.0075s ]
SQL: SELECT * FROM `wx_order` WHERE `order` = 1460173003  [ RunTime:0.0013s ]
INFO: [ view_parse ] --START--
INFO: [ template_filter ] --START--
INFO: Run Behavior\ContentReplaceBehavior [ RunTime:0.000126s ]
INFO: [ template_filter ] --END-- [ RunTime:0.000340s ]
INFO: Run Behavior\ParseTemplateBehavior [ RunTime:0.018244s ]
INFO: [ view_parse ] --END-- [ RunTime:0.018483s ]
INFO: [ view_filter ] --START--
INFO: Run Behavior\WriteHtmlCacheBehavior [ RunTime:0.000575s ]
INFO: [ view_filter ] --END-- [ RunTime:0.000840s ]
INFO: [ app_end ] --START--
INFO: Run Behavior\ShowPageTraceBehavior [ RunTime:0.002776s ]
INFO: [ app_end ] --END-- [ RunTime:0.003225s ]

[ 2016-04-09T11:36:53+08:00 ] 127.0.0.1 /Shop/Index/orderInfo/order/MTAyMjEyMTEwMjE%3D.html
INFO: [ app_init ] --START--
INFO: Run Behavior\BuildLiteBehavior [ RunTime:0.000027s ]
INFO: [ app_init ] --END-- [ RunTime:0.000454s ]
INFO: [ app_begin ] --START--
INFO: Run Behavior\ReadHtmlCacheBehavior [ RunTime:0.000637s ]
INFO: [ app_begin ] --END-- [ RunTime:0.000795s ]
NOTIC: [2] Missing argument 1 for I(), called in E:\wamp\www\weChat\Application\Shop\Controller\IndexController.class.php on line 122 and defined E:\wamp\www\weChat\ThinkPHP\Common\functions.php 第 271 行.
NOTIC: [8] Undefined variable: name E:\wamp\www\weChat\ThinkPHP\Common\functions.php 第 273 行.
NOTIC: [8] Undefined variable: name E:\wamp\www\weChat\ThinkPHP\Common\functions.php 第 278 行.
NOTIC: [8] Undefined variable: name E:\wamp\www\weChat\ThinkPHP\Common\functions.php 第 339 行.
SQL: SHOW COLUMNS FROM `wx_order` [ RunTime:0.0056s ]
SQL: SHOW COLUMNS FROM `wx_order` [ RunTime:0.0067s ]
SQL: SELECT * FROM `wx_order` WHERE `order` = 1460173003  [ RunTime:0.0009s ]
INFO: [ view_parse ] --START--
INFO: [ template_filter ] --START--
INFO: Run Behavior\ContentReplaceBehavior [ RunTime:0.000068s ]
INFO: [ template_filter ] --END-- [ RunTime:0.000191s ]
INFO: Run Behavior\ParseTemplateBehavior [ RunTime:0.011454s ]
INFO: [ view_parse ] --END-- [ RunTime:0.011703s ]
INFO: [ view_filter ] --START--
INFO: Run Behavior\WriteHtmlCacheBehavior [ RunTime:0.000949s ]
INFO: [ view_filter ] --END-- [ RunTime:0.001125s ]
INFO: [ app_end ] --START--
INFO: Run Behavior\ShowPageTraceBehavior [ RunTime:0.000894s ]
INFO: [ app_end ] --END-- [ RunTime:0.001034s ]

[ 2016-04-09T11:36:54+08:00 ] 127.0.0.1 /Shop/Index/orderInfo/order/MTAyMjEyMTEwMjE%3D.html
INFO: [ app_init ] --START--
INFO: Run Behavior\BuildLiteBehavior [ RunTime:0.000045s ]
INFO: [ app_init ] --END-- [ RunTime:0.000777s ]
INFO: [ app_begin ] --START--
INFO: Run Behavior\ReadHtmlCacheBehavior [ RunTime:0.000651s ]
INFO: [ app_begin ] --END-- [ RunTime:0.000827s ]
NOTIC: [2] Missing argument 1 for I(), called in E:\wamp\www\weChat\Application\Shop\Controller\IndexController.class.php on line 122 and defined E:\wamp\www\weChat\ThinkPHP\Common\functions.php 第 271 行.
NOTIC: [8] Undefined variable: name E:\wamp\www\weChat\ThinkPHP\Common\functions.php 第 273 行.
NOTIC: [8] Undefined variable: name E:\wamp\www\weChat\ThinkPHP\Common\functions.php 第 278 行.
NOTIC: [8] Undefined variable: name E:\wamp\www\weChat\ThinkPHP\Common\functions.php 第 339 行.
SQL: SHOW COLUMNS FROM `wx_order` [ RunTime:0.0067s ]
SQL: SHOW COLUMNS FROM `wx_order` [ RunTime:0.0086s ]
SQL: SELECT * FROM `wx_order` WHERE `order` = 1460173003  [ RunTime:0.0025s ]
INFO: [ view_parse ] --START--
INFO: [ template_filter ] --START--
INFO: Run Behavior\ContentReplaceBehavior [ RunTime:0.000080s ]
INFO: [ template_filter ] --END-- [ RunTime:0.000205s ]
INFO: Run Behavior\ParseTemplateBehavior [ RunTime:0.010666s ]
INFO: [ view_parse ] --END-- [ RunTime:0.010843s ]
INFO: [ view_filter ] --START--
INFO: Run Behavior\WriteHtmlCacheBehavior [ RunTime:0.000330s ]
INFO: [ view_filter ] --END-- [ RunTime:0.000434s ]
INFO: [ app_end ] --START--
INFO: Run Behavior\ShowPageTraceBehavior [ RunTime:0.000567s ]
INFO: [ app_end ] --END-- [ RunTime:0.000716s ]

[ 2016-04-09T11:36:58+08:00 ] 127.0.0.1 /Shop/Index/order.html
INFO: [ app_init ] --START--
INFO: Run Behavior\BuildLiteBehavior [ RunTime:0.000045s ]
INFO: [ app_init ] --END-- [ RunTime:0.000921s ]
INFO: [ app_begin ] --START--
INFO: Run Behavior\ReadHtmlCacheBehavior [ RunTime:0.001479s ]
INFO: [ app_begin ] --END-- [ RunTime:0.001739s ]
NOTIC: [2] Missing argument 1 for I(), called in E:\wamp\www\weChat\Application\Shop\Controller\IndexController.class.php on line 136 and defined E:\wamp\www\weChat\ThinkPHP\Common\functions.php 第 271 行.
NOTIC: [8] Undefined variable: name E:\wamp\www\weChat\ThinkPHP\Common\functions.php 第 273 行.
NOTIC: [8] Undefined variable: name E:\wamp\www\weChat\ThinkPHP\Common\functions.php 第 278 行.
NOTIC: [8] Undefined variable: name E:\wamp\www\weChat\ThinkPHP\Common\functions.php 第 339 行.
SQL: SHOW COLUMNS FROM `wx_goods_specfocus` [ RunTime:0.0064s ]
SQL: SELECT wx_goods_specfocus.id,wx_goods_specfocus.focus_name,wx_goods_specfocus.spec_mey,wx_goods_spec.spec_name FROM `wx_goods_specfocus` INNER JOIN wx_goods_spec ON wx_goods_specfocus.spec_id = wx_goods_spec.id  WHERE wx_goods_specfocus.id = '2'  [ RunTime:0.0005s ]
SQL: SHOW COLUMNS FROM `wx_order` [ RunTime:0.0067s ]
SQL: SHOW COLUMNS FROM `wx_order_detailed` [ RunTime:0.0059s ]
SQL: SHOW COLUMNS FROM `wx_order` [ RunTime:0.0052s ]
SQL: SELECT COUNT(*) AS tp_count FROM `wx_order` WHERE `ip` = '127.0.0.1' LIMIT 1   [ RunTime:0.0007s ]
NOTIC: [2] Missing argument 1 for Think\Model::where(), called in E:\wamp\www\weChat\Application\Shop\Controller\IndexController.class.php on line 202 and defined E:\wamp\www\weChat\ThinkPHP\Library\Think\Model.class.php 第 1797 行.
NOTIC: [8] Undefined variable: where E:\wamp\www\weChat\ThinkPHP\Library\Think\Model.class.php 第 1805 行.
NOTIC: [8] Undefined variable: where E:\wamp\www\weChat\ThinkPHP\Library\Think\Model.class.php 第 1808 行.
NOTIC: [8] Undefined variable: where E:\wamp\www\weChat\ThinkPHP\Library\Think\Model.class.php 第 1816 行.
SQL: INSERT INTO `wx_order` (`goods_id`,`order_title`,`product_img`,`order`,`product`,`size`,`consignee`,`mob`,`address`,`mey`,`paytype`,`position`,`paystate`,`paytime`,`guest`,`ip`,`countip`) VALUES ('1','纯羊皮男士真皮高当商务型皮衣限时特卖火爆抢购中','https://img.alicdn.com/imgextra/i1/2209555500/TB2JY0qjpXXXXauXXXXXXXXXXXX_!!2209555500.jpg','1460173018','(黑色)单皮','170/M','官方','13425545454','河北省石家庄市市辖区werewolf','358.00','0','0','1','1460173018','','127.0.0.1','10') [ RunTime:0.2032s ]
NOTIC: [2] Missing argument 1 for Think\Model::where(), called in E:\wamp\www\weChat\Application\Shop\Controller\IndexController.class.php on line 208 and defined E:\wamp\www\weChat\ThinkPHP\Library\Think\Model.class.php 第 1797 行.
NOTIC: [8] Undefined variable: where E:\wamp\www\weChat\ThinkPHP\Library\Think\Model.class.php 第 1805 行.
NOTIC: [8] Undefined variable: where E:\wamp\www\weChat\ThinkPHP\Library\Think\Model.class.php 第 1808 行.
NOTIC: [8] Undefined variable: where E:\wamp\www\weChat\ThinkPHP\Library\Think\Model.class.php 第 1816 行.
SQL: INSERT INTO `wx_order_detailed` (`order_id`,`size_id`) VALUES ('173','2') [ RunTime:0.0548s ]

[ 2016-04-09T11:36:58+08:00 ] 127.0.0.1 /Shop/Index/orderInfo/order/MTAyMjEyMTExMjY%3D.html
INFO: [ app_init ] --START--
INFO: Run Behavior\BuildLiteBehavior [ RunTime:0.000025s ]
INFO: [ app_init ] --END-- [ RunTime:0.000452s ]
INFO: [ app_begin ] --START--
INFO: Run Behavior\ReadHtmlCacheBehavior [ RunTime:0.000536s ]
INFO: [ app_begin ] --END-- [ RunTime:0.000666s ]
NOTIC: [2] Missing argument 1 for I(), called in E:\wamp\www\weChat\Application\Shop\Controller\IndexController.class.php on line 122 and defined E:\wamp\www\weChat\ThinkPHP\Common\functions.php 第 271 行.
NOTIC: [8] Undefined variable: name E:\wamp\www\weChat\ThinkPHP\Common\functions.php 第 273 行.
NOTIC: [8] Undefined variable: name E:\wamp\www\weChat\ThinkPHP\Common\functions.php 第 278 行.
NOTIC: [8] Undefined variable: name E:\wamp\www\weChat\ThinkPHP\Common\functions.php 第 339 行.
SQL: SHOW COLUMNS FROM `wx_order` [ RunTime:0.0054s ]
SQL: SHOW COLUMNS FROM `wx_order` [ RunTime:0.0059s ]
SQL: SELECT * FROM `wx_order` WHERE `order` = 1460173018  [ RunTime:0.0011s ]
INFO: [ view_parse ] --START--
INFO: [ template_filter ] --START--
INFO: Run Behavior\ContentReplaceBehavior [ RunTime:0.000071s ]
INFO: [ template_filter ] --END-- [ RunTime:0.000188s ]
INFO: Run Behavior\ParseTemplateBehavior [ RunTime:0.013824s ]
INFO: [ view_parse ] --END-- [ RunTime:0.014027s ]
INFO: [ view_filter ] --START--
INFO: Run Behavior\WriteHtmlCacheBehavior [ RunTime:0.000297s ]
INFO: [ view_filter ] --END-- [ RunTime:0.000423s ]
INFO: [ app_end ] --START--
INFO: Run Behavior\ShowPageTraceBehavior [ RunTime:0.000551s ]
INFO: [ app_end ] --END-- [ RunTime:0.000690s ]

[ 2016-04-09T11:36:59+08:00 ] 127.0.0.1 /Shop/Index/orderInfo/order/MTAyMjEyMTExMjY%3D.html
INFO: [ app_init ] --START--
INFO: Run Behavior\BuildLiteBehavior [ RunTime:0.000044s ]
INFO: [ app_init ] --END-- [ RunTime:0.001249s ]
INFO: [ app_begin ] --START--
INFO: Run Behavior\ReadHtmlCacheBehavior [ RunTime:0.000807s ]
INFO: [ app_begin ] --END-- [ RunTime:0.001009s ]
NOTIC: [2] Missing argument 1 for I(), called in E:\wamp\www\weChat\Application\Shop\Controller\IndexController.class.php on line 122 and defined E:\wamp\www\weChat\ThinkPHP\Common\functions.php 第 271 行.
NOTIC: [8] Undefined variable: name E:\wamp\www\weChat\ThinkPHP\Common\functions.php 第 273 行.
NOTIC: [8] Undefined variable: name E:\wamp\www\weChat\ThinkPHP\Common\functions.php 第 278 行.
NOTIC: [8] Undefined variable: name E:\wamp\www\weChat\ThinkPHP\Common\functions.php 第 339 行.
SQL: SHOW COLUMNS FROM `wx_order` [ RunTime:0.0283s ]
SQL: SHOW COLUMNS FROM `wx_order` [ RunTime:0.0109s ]
SQL: SELECT * FROM `wx_order` WHERE `order` = 1460173018  [ RunTime:0.0029s ]
INFO: [ view_parse ] --START--
INFO: [ template_filter ] --START--
INFO: Run Behavior\ContentReplaceBehavior [ RunTime:0.000126s ]
INFO: [ template_filter ] --END-- [ RunTime:0.000344s ]
INFO: Run Behavior\ParseTemplateBehavior [ RunTime:0.015596s ]
INFO: [ view_parse ] --END-- [ RunTime:0.015812s ]
INFO: [ view_filter ] --START--
INFO: Run Behavior\WriteHtmlCacheBehavior [ RunTime:0.000463s ]
INFO: [ view_filter ] --END-- [ RunTime:0.000633s ]
INFO: [ app_end ] --START--
INFO: Run Behavior\ShowPageTraceBehavior [ RunTime:0.000966s ]
INFO: [ app_end ] --END-- [ RunTime:0.001148s ]

[ 2016-04-09T11:38:47+08:00 ] 127.0.0.1 /?id=1
INFO: [ app_init ] --START--
INFO: Run Behavior\BuildLiteBehavior [ RunTime:0.000051s ]
INFO: [ app_init ] --END-- [ RunTime:0.000956s ]
INFO: [ app_begin ] --START--
INFO: Run Behavior\ReadHtmlCacheBehavior [ RunTime:0.001023s ]
INFO: [ app_begin ] --END-- [ RunTime:0.001225s ]
NOTIC: [2] Missing argument 1 for I(), called in E:\wamp\www\weChat\Application\Shop\Controller\IndexController.class.php on line 14 and defined E:\wamp\www\weChat\ThinkPHP\Common\functions.php 第 271 行.
NOTIC: [8] Undefined variable: name E:\wamp\www\weChat\ThinkPHP\Common\functions.php 第 273 行.
NOTIC: [8] Undefined variable: name E:\wamp\www\weChat\ThinkPHP\Common\functions.php 第 278 行.
NOTIC: [8] Undefined variable: name E:\wamp\www\weChat\ThinkPHP\Common\functions.php 第 339 行.
SQL: SHOW COLUMNS FROM `wx_goods` [ RunTime:0.0062s ]
SQL: SELECT wx_goods.id,wx_goods.title,wx_goods.picture_id,wx_goods.point,wx_goods.goods_number,wx_goods.content,wx_goods.counter,wx_goods.money,wx_goods.discount,wx_goods.shipping,wx_goods.weight,wx_goods.stock,wx_goods.attribute,wx_goods.seat,wx_goods.pubtime,wx_goods.state,wx_goods_type.type_name,wx_goods_picture.img_url FROM `wx_goods` INNER JOIN wx_goods_type ON wx_goods.type = wx_goods_type.id INNER JOIN wx_goods_picture ON wx_goods.id = wx_goods_picture.img_id  WHERE wx_goods.id = '1'  [ RunTime:0.0006s ]
NOTIC: [8] Undefined variable: img_data E:\wamp\www\weChat\Application\Shop\Controller\IndexController.class.php 第 29 行.
NOTIC: [8] Undefined index: picture E:\wamp\www\weChat\Application\Shop\Controller\IndexController.class.php 第 29 行.
SQL: SHOW COLUMNS FROM `wx_goods_spec` [ RunTime:0.0046s ]
SQL: SELECT * FROM `wx_goods_spec` WHERE `goods_id` = 1  [ RunTime:0.0003s ]
SQL: SHOW COLUMNS FROM `wx_goods_specfocus` [ RunTime:0.0148s ]
SQL: SELECT * FROM `wx_goods_specfocus` WHERE `spec_id` = 1  [ RunTime:0.0004s ]
NOTIC: [8] Undefined index: g E:\wamp\www\weChat\Application\Shop\Controller\IndexController.class.php 第 48 行.
NOTIC: [8] Undefined index: HTTP_VIA E:\wamp\www\weChat\Application\Common\Common\function.php 第 87 行.
INFO: [ view_parse ] --START--
INFO: [ template_filter ] --START--
INFO: Run Behavior\ContentReplaceBehavior [ RunTime:0.000123s ]
INFO: [ template_filter ] --END-- [ RunTime:0.000248s ]
INFO: Run Behavior\ParseTemplateBehavior [ RunTime:0.019594s ]
INFO: [ view_parse ] --END-- [ RunTime:0.019769s ]
INFO: [ view_filter ] --START--
INFO: Run Behavior\WriteHtmlCacheBehavior [ RunTime:0.000644s ]
INFO: [ view_filter ] --END-- [ RunTime:0.000813s ]
INFO: [ app_end ] --START--
INFO: Run Behavior\ShowPageTraceBehavior [ RunTime:0.001038s ]
INFO: [ app_end ] --END-- [ RunTime:0.001227s ]

[ 2016-04-09T11:38:49+08:00 ] 127.0.0.1 /Shop/Index/skuList.html
INFO: [ app_init ] --START--
INFO: Run Behavior\BuildLiteBehavior [ RunTime:0.000029s ]
INFO: [ app_init ] --END-- [ RunTime:0.000503s ]
INFO: [ app_begin ] --START--
INFO: Run Behavior\ReadHtmlCacheBehavior [ RunTime:0.000545s ]
INFO: [ app_begin ] --END-- [ RunTime:0.000650s ]
NOTIC: [2] Missing argument 1 for I(), called in E:\wamp\www\weChat\Application\Shop\Controller\IndexController.class.php on line 62 and defined E:\wamp\www\weChat\ThinkPHP\Common\functions.php 第 271 行.
NOTIC: [8] Undefined variable: name E:\wamp\www\weChat\ThinkPHP\Common\functions.php 第 273 行.
NOTIC: [8] Undefined variable: name E:\wamp\www\weChat\ThinkPHP\Common\functions.php 第 278 行.
NOTIC: [8] Undefined variable: name E:\wamp\www\weChat\ThinkPHP\Common\functions.php 第 339 行.
SQL: SHOW COLUMNS FROM `wx_goods_specfocus` [ RunTime:0.0057s ]
SQL: SELECT * FROM `wx_goods_specfocus` WHERE `spec_id` = '2'  [ RunTime:0.0004s ]
NOTIC: [8] Undefined variable: str E:\wamp\www\weChat\Application\Shop\Controller\IndexController.class.php 第 78 行.

[ 2016-04-09T11:38:57+08:00 ] 127.0.0.1 /Shop/Index/order.html
INFO: [ app_init ] --START--
INFO: Run Behavior\BuildLiteBehavior [ RunTime:0.000030s ]
INFO: [ app_init ] --END-- [ RunTime:0.000736s ]
INFO: [ app_begin ] --START--
INFO: Run Behavior\ReadHtmlCacheBehavior [ RunTime:0.000684s ]
INFO: [ app_begin ] --END-- [ RunTime:0.000806s ]
NOTIC: [2] Missing argument 1 for I(), called in E:\wamp\www\weChat\Application\Shop\Controller\IndexController.class.php on line 136 and defined E:\wamp\www\weChat\ThinkPHP\Common\functions.php 第 271 行.
NOTIC: [8] Undefined variable: name E:\wamp\www\weChat\ThinkPHP\Common\functions.php 第 273 行.
NOTIC: [8] Undefined variable: name E:\wamp\www\weChat\ThinkPHP\Common\functions.php 第 278 行.
NOTIC: [8] Undefined variable: name E:\wamp\www\weChat\ThinkPHP\Common\functions.php 第 339 行.
SQL: SHOW COLUMNS FROM `wx_goods_specfocus` [ RunTime:0.0575s ]
SQL: SELECT wx_goods_specfocus.id,wx_goods_specfocus.focus_name,wx_goods_specfocus.spec_mey,wx_goods_spec.spec_name FROM `wx_goods_specfocus` INNER JOIN wx_goods_spec ON wx_goods_specfocus.spec_id = wx_goods_spec.id  WHERE wx_goods_specfocus.id = '11'  [ RunTime:0.0004s ]
SQL: SHOW COLUMNS FROM `wx_order` [ RunTime:0.0717s ]
SQL: SHOW COLUMNS FROM `wx_order_detailed` [ RunTime:0.0067s ]
SQL: SHOW COLUMNS FROM `wx_order` [ RunTime:0.0053s ]
SQL: SELECT COUNT(*) AS tp_count FROM `wx_order` WHERE `ip` = '127.0.0.1' LIMIT 1   [ RunTime:0.0005s ]
NOTIC: [2] Missing argument 1 for Think\Model::where(), called in E:\wamp\www\weChat\Application\Shop\Controller\IndexController.class.php on line 202 and defined E:\wamp\www\weChat\ThinkPHP\Library\Think\Model.class.php 第 1797 行.
NOTIC: [8] Undefined variable: where E:\wamp\www\weChat\ThinkPHP\Library\Think\Model.class.php 第 1805 行.
NOTIC: [8] Undefined variable: where E:\wamp\www\weChat\ThinkPHP\Library\Think\Model.class.php 第 1808 行.
NOTIC: [8] Undefined variable: where E:\wamp\www\weChat\ThinkPHP\Library\Think\Model.class.php 第 1816 行.
SQL: INSERT INTO `wx_order` (`goods_id`,`order_title`,`product_img`,`order`,`product`,`size`,`consignee`,`mob`,`address`,`mey`,`paytype`,`position`,`paystate`,`paytime`,`guest`,`ip`,`countip`) VALUES ('1','纯羊皮男士真皮高当商务型皮衣限时特卖火爆抢购中','https://img.alicdn.com/imgextra/i1/2209555500/TB2JY0qjpXXXXauXXXXXXXXXXXX_!!2209555500.jpg','1460173136','(黑色)加绒','185/XXL','尔特让他','13454545413','天津市市辖区和平区问二维','468.00','0','0','1','1460173136','','127.0.0.1','11') [ RunTime:0.1503s ]
NOTIC: [2] Missing argument 1 for Think\Model::where(), called in E:\wamp\www\weChat\Application\Shop\Controller\IndexController.class.php on line 208 and defined E:\wamp\www\weChat\ThinkPHP\Library\Think\Model.class.php 第 1797 行.
NOTIC: [8] Undefined variable: where E:\wamp\www\weChat\ThinkPHP\Library\Think\Model.class.php 第 1805 行.
NOTIC: [8] Undefined variable: where E:\wamp\www\weChat\ThinkPHP\Library\Think\Model.class.php 第 1808 行.
NOTIC: [8] Undefined variable: where E:\wamp\www\weChat\ThinkPHP\Library\Think\Model.class.php 第 1816 行.
SQL: INSERT INTO `wx_order_detailed` (`order_id`,`size_id`) VALUES ('174','11') [ RunTime:0.0773s ]

[ 2016-04-09T11:38:57+08:00 ] 127.0.0.1 /Shop/Index/orderInfo/order/MTAyMjEyMTE5NTI%3D.html
INFO: [ app_init ] --START--
INFO: Run Behavior\BuildLiteBehavior [ RunTime:0.000063s ]
INFO: [ app_init ] --END-- [ RunTime:0.000880s ]
INFO: [ app_begin ] --START--
INFO: Run Behavior\ReadHtmlCacheBehavior [ RunTime:0.000572s ]
INFO: [ app_begin ] --END-- [ RunTime:0.000686s ]
NOTIC: [2] Missing argument 1 for I(), called in E:\wamp\www\weChat\Application\Shop\Controller\IndexController.class.php on line 122 and defined E:\wamp\www\weChat\ThinkPHP\Common\functions.php 第 271 行.
NOTIC: [8] Undefined variable: name E:\wamp\www\weChat\ThinkPHP\Common\functions.php 第 273 行.
NOTIC: [8] Undefined variable: name E:\wamp\www\weChat\ThinkPHP\Common\functions.php 第 278 行.
NOTIC: [8] Undefined variable: name E:\wamp\www\weChat\ThinkPHP\Common\functions.php 第 339 行.
SQL: SHOW COLUMNS FROM `wx_order` [ RunTime:0.0077s ]
SQL: SHOW COLUMNS FROM `wx_order` [ RunTime:0.0073s ]
SQL: SELECT * FROM `wx_order` WHERE `order` = 1460173136  [ RunTime:0.0009s ]
INFO: [ view_parse ] --START--
INFO: [ template_filter ] --START--
INFO: Run Behavior\ContentReplaceBehavior [ RunTime:0.000119s ]
INFO: [ template_filter ] --END-- [ RunTime:0.000330s ]
INFO: Run Behavior\ParseTemplateBehavior [ RunTime:0.011749s ]
INFO: [ view_parse ] --END-- [ RunTime:0.011918s ]
INFO: [ view_filter ] --START--
INFO: Run Behavior\WriteHtmlCacheBehavior [ RunTime:0.000407s ]
INFO: [ view_filter ] --END-- [ RunTime:0.000587s ]
INFO: [ app_end ] --START--
INFO: Run Behavior\ShowPageTraceBehavior [ RunTime:0.000936s ]
INFO: [ app_end ] --END-- [ RunTime:0.001121s ]

[ 2016-04-09T11:38:57+08:00 ] 127.0.0.1 /Shop/Index/orderInfo/order/MTAyMjEyMTE5NTI%3D.html
INFO: [ app_init ] --START--
INFO: Run Behavior\BuildLiteBehavior [ RunTime:0.000044s ]
INFO: [ app_init ] --END-- [ RunTime:0.000760s ]
INFO: [ app_begin ] --START--
INFO: Run Behavior\ReadHtmlCacheBehavior [ RunTime:0.000752s ]
INFO: [ app_begin ] --END-- [ RunTime:0.000936s ]
NOTIC: [2] Missing argument 1 for I(), called in E:\wamp\www\weChat\Application\Shop\Controller\IndexController.class.php on line 122 and defined E:\wamp\www\weChat\ThinkPHP\Common\functions.php 第 271 行.
NOTIC: [8] Undefined variable: name E:\wamp\www\weChat\ThinkPHP\Common\functions.php 第 273 行.
NOTIC: [8] Undefined variable: name E:\wamp\www\weChat\ThinkPHP\Common\functions.php 第 278 行.
NOTIC: [8] Undefined variable: name E:\wamp\www\weChat\ThinkPHP\Common\functions.php 第 339 行.
SQL: SHOW COLUMNS FROM `wx_order` [ RunTime:0.0089s ]
SQL: SHOW COLUMNS FROM `wx_order` [ RunTime:0.0145s ]
SQL: SELECT * FROM `wx_order` WHERE `order` = 1460173136  [ RunTime:0.0013s ]
INFO: [ view_parse ] --START--
INFO: [ template_filter ] --START--
INFO: Run Behavior\ContentReplaceBehavior [ RunTime:0.000077s ]
INFO: [ template_filter ] --END-- [ RunTime:0.000214s ]
INFO: Run Behavior\ParseTemplateBehavior [ RunTime:0.012319s ]
INFO: [ view_parse ] --END-- [ RunTime:0.012574s ]
INFO: [ view_filter ] --START--
INFO: Run Behavior\WriteHtmlCacheBehavior [ RunTime:0.000496s ]
INFO: [ view_filter ] --END-- [ RunTime:0.000672s ]
INFO: [ app_end ] --START--
INFO: Run Behavior\ShowPageTraceBehavior [ RunTime:0.001180s ]
INFO: [ app_end ] --END-- [ RunTime:0.001371s ]

[ 2016-04-09T11:39:01+08:00 ] 127.0.0.1 /Shop/Index/orderInfo/order/MTAyMjEyMTE5NTI%3D.html
INFO: [ app_init ] --START--
INFO: Run Behavior\BuildLiteBehavior [ RunTime:0.000050s ]
INFO: [ app_init ] --END-- [ RunTime:0.000848s ]
INFO: [ app_begin ] --START--
INFO: Run Behavior\ReadHtmlCacheBehavior [ RunTime:0.000941s ]
INFO: [ app_begin ] --END-- [ RunTime:0.001228s ]
NOTIC: [2] Missing argument 1 for I(), called in E:\wamp\www\weChat\Application\Shop\Controller\IndexController.class.php on line 122 and defined E:\wamp\www\weChat\ThinkPHP\Common\functions.php 第 271 行.
NOTIC: [8] Undefined variable: name E:\wamp\www\weChat\ThinkPHP\Common\functions.php 第 273 行.
NOTIC: [8] Undefined variable: name E:\wamp\www\weChat\ThinkPHP\Common\functions.php 第 278 行.
NOTIC: [8] Undefined variable: name E:\wamp\www\weChat\ThinkPHP\Common\functions.php 第 339 行.
SQL: SHOW COLUMNS FROM `wx_order` [ RunTime:0.0071s ]
SQL: SHOW COLUMNS FROM `wx_order` [ RunTime:0.0060s ]
SQL: SELECT * FROM `wx_order` WHERE `order` = 1460173136  [ RunTime:0.0012s ]
INFO: [ view_parse ] --START--
INFO: [ template_filter ] --START--
INFO: Run Behavior\ContentReplaceBehavior [ RunTime:0.000121s ]
INFO: [ template_filter ] --END-- [ RunTime:0.000335s ]
INFO: Run Behavior\ParseTemplateBehavior [ RunTime:0.011408s ]
INFO: [ view_parse ] --END-- [ RunTime:0.012037s ]
INFO: [ view_filter ] --START--
INFO: Run Behavior\WriteHtmlCacheBehavior [ RunTime:0.000517s ]
INFO: [ view_filter ] --END-- [ RunTime:0.000703s ]
INFO: [ app_end ] --START--
INFO: Run Behavior\ShowPageTraceBehavior [ RunTime:0.000717s ]
INFO: [ app_end ] --END-- [ RunTime:0.000845s ]

[ 2016-04-09T11:39:17+08:00 ] 127.0.0.1 /?id=1
INFO: [ app_init ] --START--
INFO: Run Behavior\BuildLiteBehavior [ RunTime:0.000047s ]
INFO: [ app_init ] --END-- [ RunTime:0.000871s ]
INFO: [ app_begin ] --START--
INFO: Run Behavior\ReadHtmlCacheBehavior [ RunTime:0.000883s ]
INFO: [ app_begin ] --END-- [ RunTime:0.001088s ]
NOTIC: [2] Missing argument 1 for I(), called in E:\wamp\www\weChat\Application\Shop\Controller\IndexController.class.php on line 14 and defined E:\wamp\www\weChat\ThinkPHP\Common\functions.php 第 271 行.
NOTIC: [8] Undefined variable: name E:\wamp\www\weChat\ThinkPHP\Common\functions.php 第 273 行.
NOTIC: [8] Undefined variable: name E:\wamp\www\weChat\ThinkPHP\Common\functions.php 第 278 行.
NOTIC: [8] Undefined variable: name E:\wamp\www\weChat\ThinkPHP\Common\functions.php 第 339 行.
SQL: SHOW COLUMNS FROM `wx_goods` [ RunTime:0.0051s ]
SQL: SELECT wx_goods.id,wx_goods.title,wx_goods.picture_id,wx_goods.point,wx_goods.goods_number,wx_goods.content,wx_goods.counter,wx_goods.money,wx_goods.discount,wx_goods.shipping,wx_goods.weight,wx_goods.stock,wx_goods.attribute,wx_goods.seat,wx_goods.pubtime,wx_goods.state,wx_goods_type.type_name,wx_goods_picture.img_url FROM `wx_goods` INNER JOIN wx_goods_type ON wx_goods.type = wx_goods_type.id INNER JOIN wx_goods_picture ON wx_goods.id = wx_goods_picture.img_id  WHERE wx_goods.id = '1'  [ RunTime:0.0006s ]
NOTIC: [8] Undefined variable: img_data E:\wamp\www\weChat\Application\Shop\Controller\IndexController.class.php 第 29 行.
NOTIC: [8] Undefined index: picture E:\wamp\www\weChat\Application\Shop\Controller\IndexController.class.php 第 29 行.
SQL: SHOW COLUMNS FROM `wx_goods_spec` [ RunTime:0.0059s ]
SQL: SELECT * FROM `wx_goods_spec` WHERE `goods_id` = 1  [ RunTime:0.0006s ]
SQL: SHOW COLUMNS FROM `wx_goods_specfocus` [ RunTime:0.0047s ]
SQL: SELECT * FROM `wx_goods_specfocus` WHERE `spec_id` = 1  [ RunTime:0.0003s ]
NOTIC: [8] Undefined index: g E:\wamp\www\weChat\Application\Shop\Controller\IndexController.class.php 第 48 行.
NOTIC: [8] Undefined index: HTTP_VIA E:\wamp\www\weChat\Application\Common\Common\function.php 第 87 行.
INFO: [ view_parse ] --START--
INFO: [ template_filter ] --START--
INFO: Run Behavior\ContentReplaceBehavior [ RunTime:0.000125s ]
INFO: [ template_filter ] --END-- [ RunTime:0.000293s ]
INFO: Run Behavior\ParseTemplateBehavior [ RunTime:0.019033s ]
INFO: [ view_parse ] --END-- [ RunTime:0.019171s ]
INFO: [ view_filter ] --START--
INFO: Run Behavior\WriteHtmlCacheBehavior [ RunTime:0.000493s ]
INFO: [ view_filter ] --END-- [ RunTime:0.000594s ]
INFO: [ app_end ] --START--
INFO: Run Behavior\ShowPageTraceBehavior [ RunTime:0.000640s ]
INFO: [ app_end ] --END-- [ RunTime:0.000737s ]

[ 2016-04-09T11:39:24+08:00 ] 127.0.0.1 /Shop/Index/skuList.html
INFO: [ app_init ] --START--
INFO: Run Behavior\BuildLiteBehavior [ RunTime:0.000033s ]
INFO: [ app_init ] --END-- [ RunTime:0.000631s ]
INFO: [ app_begin ] --START--
INFO: Run Behavior\ReadHtmlCacheBehavior [ RunTime:0.000839s ]
INFO: [ app_begin ] --END-- [ RunTime:0.000975s ]
NOTIC: [2] Missing argument 1 for I(), called in E:\wamp\www\weChat\Application\Shop\Controller\IndexController.class.php on line 62 and defined E:\wamp\www\weChat\ThinkPHP\Common\functions.php 第 271 行.
NOTIC: [8] Undefined variable: name E:\wamp\www\weChat\ThinkPHP\Common\functions.php 第 273 行.
NOTIC: [8] Undefined variable: name E:\wamp\www\weChat\ThinkPHP\Common\functions.php 第 278 行.
NOTIC: [8] Undefined variable: name E:\wamp\www\weChat\ThinkPHP\Common\functions.php 第 339 行.
SQL: SHOW COLUMNS FROM `wx_goods_specfocus` [ RunTime:0.0057s ]
SQL: SELECT * FROM `wx_goods_specfocus` WHERE `spec_id` = '2'  [ RunTime:0.0004s ]
NOTIC: [8] Undefined variable: str E:\wamp\www\weChat\Application\Shop\Controller\IndexController.class.php 第 78 行.

[ 2016-04-09T11:39:33+08:00 ] 127.0.0.1 /Shop/Index/order.html
INFO: [ app_init ] --START--
INFO: Run Behavior\BuildLiteBehavior [ RunTime:0.000040s ]
INFO: [ app_init ] --END-- [ RunTime:0.000669s ]
INFO: [ app_begin ] --START--
INFO: Run Behavior\ReadHtmlCacheBehavior [ RunTime:0.000508s ]
INFO: [ app_begin ] --END-- [ RunTime:0.000622s ]
NOTIC: [2] Missing argument 1 for I(), called in E:\wamp\www\weChat\Application\Shop\Controller\IndexController.class.php on line 136 and defined E:\wamp\www\weChat\ThinkPHP\Common\functions.php 第 271 行.
NOTIC: [8] Undefined variable: name E:\wamp\www\weChat\ThinkPHP\Common\functions.php 第 273 行.
NOTIC: [8] Undefined variable: name E:\wamp\www\weChat\ThinkPHP\Common\functions.php 第 278 行.
NOTIC: [8] Undefined variable: name E:\wamp\www\weChat\ThinkPHP\Common\functions.php 第 339 行.
SQL: SHOW COLUMNS FROM `wx_goods_specfocus` [ RunTime:0.0709s ]
SQL: SELECT wx_goods_specfocus.id,wx_goods_specfocus.focus_name,wx_goods_specfocus.spec_mey,wx_goods_spec.spec_name FROM `wx_goods_specfocus` INNER JOIN wx_goods_spec ON wx_goods_specfocus.spec_id = wx_goods_spec.id  WHERE wx_goods_specfocus.id = '4'  [ RunTime:0.0012s ]
SQL: SHOW COLUMNS FROM `wx_order` [ RunTime:0.0630s ]
SQL: SHOW COLUMNS FROM `wx_order_detailed` [ RunTime:0.0053s ]
SQL: SHOW COLUMNS FROM `wx_order` [ RunTime:0.0068s ]
SQL: SELECT COUNT(*) AS tp_count FROM `wx_order` WHERE `ip` = '127.0.0.1' LIMIT 1   [ RunTime:0.0005s ]
NOTIC: [2] Missing argument 1 for Think\Model::where(), called in E:\wamp\www\weChat\Application\Shop\Controller\IndexController.class.php on line 202 and defined E:\wamp\www\weChat\ThinkPHP\Library\Think\Model.class.php 第 1797 行.
NOTIC: [8] Undefined variable: where E:\wamp\www\weChat\ThinkPHP\Library\Think\Model.class.php 第 1805 行.
NOTIC: [8] Undefined variable: where E:\wamp\www\weChat\ThinkPHP\Library\Think\Model.class.php 第 1808 行.
NOTIC: [8] Undefined variable: where E:\wamp\www\weChat\ThinkPHP\Library\Think\Model.class.php 第 1816 行.
SQL: INSERT INTO `wx_order` (`goods_id`,`order_title`,`product_img`,`order`,`product`,`size`,`consignee`,`mob`,`address`,`mey`,`paytype`,`position`,`paystate`,`paytime`,`guest`,`ip`,`countip`) VALUES ('1','纯羊皮男士真皮高当商务型皮衣限时特卖火爆抢购中','https://img.alicdn.com/imgextra/i1/2209555500/TB2JY0qjpXXXXauXXXXXXXXXXXX_!!2209555500.jpg','1460173173','(黑色)加绒','170/M','二二','13412245451','北京市市辖区东城区闻味儿','468.00','0','0','1','1460173173','','127.0.0.1','12') [ RunTime:0.0985s ]
NOTIC: [2] Missing argument 1 for Think\Model::where(), called in E:\wamp\www\weChat\Application\Shop\Controller\IndexController.class.php on line 208 and defined E:\wamp\www\weChat\ThinkPHP\Library\Think\Model.class.php 第 1797 行.
NOTIC: [8] Undefined variable: where E:\wamp\www\weChat\ThinkPHP\Library\Think\Model.class.php 第 1805 行.
NOTIC: [8] Undefined variable: where E:\wamp\www\weChat\ThinkPHP\Library\Think\Model.class.php 第 1808 行.
NOTIC: [8] Undefined variable: where E:\wamp\www\weChat\ThinkPHP\Library\Think\Model.class.php 第 1816 行.
SQL: INSERT INTO `wx_order_detailed` (`order_id`,`size_id`) VALUES ('175','4') [ RunTime:0.0546s ]

[ 2016-04-09T11:39:33+08:00 ] 127.0.0.1 /Shop/Index/orderInfo/order/MTAyMjEyMTIyMTE%3D.html
INFO: [ app_init ] --START--
INFO: Run Behavior\BuildLiteBehavior [ RunTime:0.000025s ]
INFO: [ app_init ] --END-- [ RunTime:0.000445s ]
INFO: [ app_begin ] --START--
INFO: Run Behavior\ReadHtmlCacheBehavior [ RunTime:0.000835s ]
INFO: [ app_begin ] --END-- [ RunTime:0.001234s ]
NOTIC: [2] Missing argument 1 for I(), called in E:\wamp\www\weChat\Application\Shop\Controller\IndexController.class.php on line 122 and defined E:\wamp\www\weChat\ThinkPHP\Common\functions.php 第 271 行.
NOTIC: [8] Undefined variable: name E:\wamp\www\weChat\ThinkPHP\Common\functions.php 第 273 行.
NOTIC: [8] Undefined variable: name E:\wamp\www\weChat\ThinkPHP\Common\functions.php 第 278 行.
NOTIC: [8] Undefined variable: name E:\wamp\www\weChat\ThinkPHP\Common\functions.php 第 339 行.
SQL: SHOW COLUMNS FROM `wx_order` [ RunTime:0.0063s ]
SQL: SHOW COLUMNS FROM `wx_order` [ RunTime:0.0055s ]
SQL: SELECT * FROM `wx_order` WHERE `order` = 1460173173  [ RunTime:0.0009s ]
INFO: [ view_parse ] --START--
INFO: [ template_filter ] --START--
INFO: Run Behavior\ContentReplaceBehavior [ RunTime:0.000067s ]
INFO: [ template_filter ] --END-- [ RunTime:0.000239s ]
INFO: Run Behavior\ParseTemplateBehavior [ RunTime:0.011332s ]
INFO: [ view_parse ] --END-- [ RunTime:0.011500s ]
INFO: [ view_filter ] --START--
INFO: Run Behavior\WriteHtmlCacheBehavior [ RunTime:0.000692s ]
INFO: [ view_filter ] --END-- [ RunTime:0.000873s ]
INFO: [ app_end ] --START--
INFO: Run Behavior\ShowPageTraceBehavior [ RunTime:0.000957s ]
INFO: [ app_end ] --END-- [ RunTime:0.001102s ]

[ 2016-04-09T11:39:35+08:00 ] 127.0.0.1 /Shop/Index/orderInfo/order/MTAyMjEyMTIyMTE%3D.html
INFO: [ app_init ] --START--
INFO: Run Behavior\BuildLiteBehavior [ RunTime:0.000047s ]
INFO: [ app_init ] --END-- [ RunTime:0.000863s ]
INFO: [ app_begin ] --START--
INFO: Run Behavior\ReadHtmlCacheBehavior [ RunTime:0.000972s ]
INFO: [ app_begin ] --END-- [ RunTime:0.001209s ]
NOTIC: [2] Missing argument 1 for I(), called in E:\wamp\www\weChat\Application\Shop\Controller\IndexController.class.php on line 122 and defined E:\wamp\www\weChat\ThinkPHP\Common\functions.php 第 271 行.
NOTIC: [8] Undefined variable: name E:\wamp\www\weChat\ThinkPHP\Common\functions.php 第 273 行.
NOTIC: [8] Undefined variable: name E:\wamp\www\weChat\ThinkPHP\Common\functions.php 第 278 行.
NOTIC: [8] Undefined variable: name E:\wamp\www\weChat\ThinkPHP\Common\functions.php 第 339 行.
SQL: SHOW COLUMNS FROM `wx_order` [ RunTime:0.0571s ]
SQL: SHOW COLUMNS FROM `wx_order` [ RunTime:0.0087s ]
SQL: SELECT * FROM `wx_order` WHERE `order` = 1460173173  [ RunTime:0.0014s ]
INFO: [ view_parse ] --START--
INFO: [ template_filter ] --START--
INFO: Run Behavior\ContentReplaceBehavior [ RunTime:0.000122s ]
INFO: [ template_filter ] --END-- [ RunTime:0.000327s ]
INFO: Run Behavior\ParseTemplateBehavior [ RunTime:0.016534s ]
INFO: [ view_parse ] --END-- [ RunTime:0.016769s ]
INFO: [ view_filter ] --START--
INFO: Run Behavior\WriteHtmlCacheBehavior [ RunTime:0.000484s ]
INFO: [ view_filter ] --END-- [ RunTime:0.000648s ]
INFO: [ app_end ] --START--
INFO: Run Behavior\ShowPageTraceBehavior [ RunTime:0.001047s ]
INFO: [ app_end ] --END-- [ RunTime:0.001246s ]

