[ 2016-05-20T12:09:45+08:00 ] 127.0.0.1 /?id=1
INFO: [ app_init ] --START--
INFO: Run Behavior\BuildLiteBehavior [ RunTime:0.000059s ]
INFO: [ app_init ] --END-- [ RunTime:0.000687s ]
INFO: [ app_begin ] --START--
INFO: Run Behavior\ReadHtmlCacheBehavior [ RunTime:0.028335s ]
INFO: [ app_begin ] --END-- [ RunTime:0.028470s ]
NOTIC: [2] Missing argument 1 for I(), called in E:\wamp\www\weChat\Application\Shop\Controller\IndexController.class.php on line 18 and defined E:\wamp\www\weChat\ThinkPHP\Common\functions.php 第 271 行.
NOTIC: [8] Undefined variable: name E:\wamp\www\weChat\ThinkPHP\Common\functions.php 第 273 行.
NOTIC: [8] Undefined variable: name E:\wamp\www\weChat\ThinkPHP\Common\functions.php 第 278 行.
NOTIC: [8] Undefined variable: name E:\wamp\www\weChat\ThinkPHP\Common\functions.php 第 339 行.
SQL: SHOW COLUMNS FROM `wx_goods` [ RunTime:0.2103s ]
SQL: SELECT wx_goods.id,wx_goods.title,wx_goods.picture_id,wx_goods.point,wx_goods.goods_number,wx_goods.content,wx_goods.counter,wx_goods.records,wx_goods.money,wx_goods.discount,wx_goods.shipping,wx_goods.weight,wx_goods.stock,wx_goods.attribute,wx_goods.seat,wx_goods.pubtime,wx_goods.state,wx_goods_type.type_name,wx_goods_picture.img_url FROM `wx_goods` INNER JOIN wx_goods_type ON wx_goods.type = wx_goods_type.id INNER JOIN wx_goods_picture ON wx_goods.id = wx_goods_picture.img_id  WHERE wx_goods.id = '1'  [ RunTime:0.0905s ]
NOTIC: [8] Undefined variable: img_data E:\wamp\www\weChat\Application\Shop\Controller\IndexController.class.php 第 34 行.
NOTIC: [8] Undefined index: picture E:\wamp\www\weChat\Application\Shop\Controller\IndexController.class.php 第 34 行.
SQL: SHOW COLUMNS FROM `wx_goods_spec` [ RunTime:0.0376s ]
SQL: SELECT * FROM `wx_goods_spec` WHERE `goods_id` = 1  [ RunTime:0.0003s ]
SQL: SHOW COLUMNS FROM `wx_goods_specfocus` [ RunTime:0.0356s ]
SQL: SELECT * FROM `wx_goods_specfocus` WHERE `spec_id` = 1  [ RunTime:0.0004s ]
NOTIC: [8] Undefined index: g E:\wamp\www\weChat\Application\Shop\Controller\IndexController.class.php 第 53 行.
NOTIC: [8] Undefined index: HTTP_VIA E:\wamp\www\weChat\Application\Common\Common\function.php 第 87 行.
INFO: [ view_parse ] --START--
INFO: [ template_filter ] --START--
INFO: Run Behavior\ContentReplaceBehavior [ RunTime:0.000127s ]
INFO: [ template_filter ] --END-- [ RunTime:0.000254s ]
INFO: Run Behavior\ParseTemplateBehavior [ RunTime:0.096220s ]
INFO: [ view_parse ] --END-- [ RunTime:0.096345s ]
INFO: [ view_filter ] --START--
INFO: Run Behavior\WriteHtmlCacheBehavior [ RunTime:0.022679s ]
INFO: [ view_filter ] --END-- [ RunTime:0.022858s ]
INFO: [ app_end ] --START--
INFO: Run Behavior\ShowPageTraceBehavior [ RunTime:0.017401s ]
INFO: [ app_end ] --END-- [ RunTime:0.017571s ]

[ 2016-05-20T12:10:11+08:00 ] 127.0.0.1 /?range
INFO: [ app_init ] --START--
INFO: Run Behavior\BuildLiteBehavior [ RunTime:0.000042s ]
INFO: [ app_init ] --END-- [ RunTime:0.000722s ]
INFO: [ app_begin ] --START--
INFO: Run Behavior\ReadHtmlCacheBehavior [ RunTime:0.001059s ]
INFO: [ app_begin ] --END-- [ RunTime:0.001267s ]
NOTIC: [8] Undefined index: id E:\wamp\www\weChat\Application\Shop\Controller\IndexController.class.php 第 17 行.
NOTIC: [2] Missing argument 1 for I(), called in E:\wamp\www\weChat\Application\Shop\Controller\IndexController.class.php on line 18 and defined E:\wamp\www\weChat\ThinkPHP\Common\functions.php 第 271 行.
NOTIC: [8] Undefined variable: name E:\wamp\www\weChat\ThinkPHP\Common\functions.php 第 273 行.
NOTIC: [8] Undefined variable: name E:\wamp\www\weChat\ThinkPHP\Common\functions.php 第 278 行.
NOTIC: [8] Undefined variable: name E:\wamp\www\weChat\ThinkPHP\Common\functions.php 第 339 行.
SQL: SHOW COLUMNS FROM `wx_goods` [ RunTime:0.0057s ]
SQL: SELECT wx_goods.id,wx_goods.title,wx_goods.picture_id,wx_goods.point,wx_goods.goods_number,wx_goods.content,wx_goods.counter,wx_goods.records,wx_goods.money,wx_goods.discount,wx_goods.shipping,wx_goods.weight,wx_goods.stock,wx_goods.attribute,wx_goods.seat,wx_goods.pubtime,wx_goods.state,wx_goods_type.type_name,wx_goods_picture.img_url FROM `wx_goods` INNER JOIN wx_goods_type ON wx_goods.type = wx_goods_type.id INNER JOIN wx_goods_picture ON wx_goods.id = wx_goods_picture.img_id  WHERE wx_goods.id = null  [ RunTime:0.0008s ]

[ 2016-05-20T12:10:11+08:00 ] 127.0.0.1 /?range
INFO: [ app_init ] --START--
INFO: Run Behavior\BuildLiteBehavior [ RunTime:0.000027s ]
INFO: [ app_init ] --END-- [ RunTime:0.000529s ]
INFO: [ app_begin ] --START--
INFO: Run Behavior\ReadHtmlCacheBehavior [ RunTime:0.000645s ]
INFO: [ app_begin ] --END-- [ RunTime:0.000791s ]
NOTIC: [8] Undefined index: id E:\wamp\www\weChat\Application\Shop\Controller\IndexController.class.php 第 17 行.
NOTIC: [2] Missing argument 1 for I(), called in E:\wamp\www\weChat\Application\Shop\Controller\IndexController.class.php on line 18 and defined E:\wamp\www\weChat\ThinkPHP\Common\functions.php 第 271 行.
NOTIC: [8] Undefined variable: name E:\wamp\www\weChat\ThinkPHP\Common\functions.php 第 273 行.
NOTIC: [8] Undefined variable: name E:\wamp\www\weChat\ThinkPHP\Common\functions.php 第 278 行.
NOTIC: [8] Undefined variable: name E:\wamp\www\weChat\ThinkPHP\Common\functions.php 第 339 行.
SQL: SHOW COLUMNS FROM `wx_goods` [ RunTime:0.0650s ]
SQL: SELECT wx_goods.id,wx_goods.title,wx_goods.picture_id,wx_goods.point,wx_goods.goods_number,wx_goods.content,wx_goods.counter,wx_goods.records,wx_goods.money,wx_goods.discount,wx_goods.shipping,wx_goods.weight,wx_goods.stock,wx_goods.attribute,wx_goods.seat,wx_goods.pubtime,wx_goods.state,wx_goods_type.type_name,wx_goods_picture.img_url FROM `wx_goods` INNER JOIN wx_goods_type ON wx_goods.type = wx_goods_type.id INNER JOIN wx_goods_picture ON wx_goods.id = wx_goods_picture.img_id  WHERE wx_goods.id = null  [ RunTime:0.0007s ]

