[ 2016-02-23T21:52:14+08:00 ] 127.0.0.1 /
INFO: [ app_init ] --START--
INFO: Run Behavior\BuildLiteBehavior [ RunTime:0.000047s ]
INFO: [ app_init ] --END-- [ RunTime:0.008457s ]
INFO: [ app_begin ] --START--
INFO: Run Behavior\ReadHtmlCacheBehavior [ RunTime:0.015479s ]
INFO: [ app_begin ] --END-- [ RunTime:0.015644s ]
NOTIC: [2] Missing argument 1 for I(), called in E:\wamp\www\weChat\Application\Shop\Controller\IndexController.class.php on line 16 and defined E:\wamp\www\weChat\ThinkPHP\Common\functions.php 第 271 行.
NOTIC: [8] Undefined variable: name E:\wamp\www\weChat\ThinkPHP\Common\functions.php 第 273 行.
NOTIC: [8] Undefined variable: name E:\wamp\www\weChat\ThinkPHP\Common\functions.php 第 278 行.
NOTIC: [8] Undefined variable: name E:\wamp\www\weChat\ThinkPHP\Common\functions.php 第 339 行.
SQL: SHOW COLUMNS FROM `wx_goods` [ RunTime:0.0118s ]
SQL: SELECT wx_goods.id,wx_goods.title,wx_goods.picture_id,wx_goods.point,wx_goods.goods_number,wx_goods.content,wx_goods.counter,wx_goods.money,wx_goods.discount,wx_goods.shipping,wx_goods.weight,wx_goods.stock,wx_goods.seat,wx_goods.pubtime,wx_goods.state,wx_goods_type.type_name FROM `wx_goods` INNER JOIN wx_goods_type ON wx_goods.type = wx_goods_type.id  WHERE wx_goods.id = 1  [ RunTime:0.0445s ]
SQL: SHOW COLUMNS FROM `wx_goods_spec` [ RunTime:0.0072s ]
SQL: SELECT * FROM `wx_goods_spec` WHERE `goods_id` = 1  [ RunTime:0.0006s ]
SQL: SHOW COLUMNS FROM `wx_goods_specfocus` [ RunTime:0.0073s ]
SQL: SELECT * FROM `wx_goods_specfocus` WHERE `spec_id` = 1  [ RunTime:0.0006s ]
NOTIC: [8] Undefined index: g E:\wamp\www\weChat\Application\Shop\Controller\IndexController.class.php 第 43 行.
INFO: [ view_parse ] --START--
INFO: [ template_filter ] --START--
INFO: Run Behavior\ContentReplaceBehavior [ RunTime:0.000193s ]
INFO: [ template_filter ] --END-- [ RunTime:0.000356s ]
INFO: Run Behavior\ParseTemplateBehavior [ RunTime:0.057527s ]
INFO: [ view_parse ] --END-- [ RunTime:0.057731s ]
INFO: [ view_filter ] --START--
INFO: Run Behavior\WriteHtmlCacheBehavior [ RunTime:0.010147s ]
INFO: [ view_filter ] --END-- [ RunTime:0.010316s ]
INFO: [ app_end ] --START--
INFO: Run Behavior\ShowPageTraceBehavior [ RunTime:0.018071s ]
INFO: [ app_end ] --END-- [ RunTime:0.018214s ]

[ 2016-02-23T21:52:59+08:00 ] 127.0.0.1 /
INFO: [ app_init ] --START--
INFO: Run Behavior\BuildLiteBehavior [ RunTime:0.000029s ]
INFO: [ app_init ] --END-- [ RunTime:0.000512s ]
INFO: [ app_begin ] --START--
INFO: Run Behavior\ReadHtmlCacheBehavior [ RunTime:0.000726s ]
INFO: [ app_begin ] --END-- [ RunTime:0.000841s ]
NOTIC: [2] Missing argument 1 for I(), called in E:\wamp\www\weChat\Application\Shop\Controller\IndexController.class.php on line 16 and defined E:\wamp\www\weChat\ThinkPHP\Common\functions.php 第 271 行.
NOTIC: [8] Undefined variable: name E:\wamp\www\weChat\ThinkPHP\Common\functions.php 第 273 行.
NOTIC: [8] Undefined variable: name E:\wamp\www\weChat\ThinkPHP\Common\functions.php 第 278 行.
NOTIC: [8] Undefined variable: name E:\wamp\www\weChat\ThinkPHP\Common\functions.php 第 339 行.
SQL: SHOW COLUMNS FROM `wx_goods` [ RunTime:0.0065s ]
SQL: SELECT wx_goods.id,wx_goods.title,wx_goods.picture_id,wx_goods.point,wx_goods.goods_number,wx_goods.content,wx_goods.counter,wx_goods.money,wx_goods.discount,wx_goods.shipping,wx_goods.weight,wx_goods.stock,wx_goods.seat,wx_goods.pubtime,wx_goods.state,wx_goods_type.type_name FROM `wx_goods` INNER JOIN wx_goods_type ON wx_goods.type = wx_goods_type.id  WHERE wx_goods.id = 1  [ RunTime:0.0009s ]
SQL: SHOW COLUMNS FROM `wx_goods_spec` [ RunTime:0.0070s ]
SQL: SELECT * FROM `wx_goods_spec` WHERE `goods_id` = 1  [ RunTime:0.0004s ]
SQL: SHOW COLUMNS FROM `wx_goods_specfocus` [ RunTime:0.0065s ]
SQL: SELECT * FROM `wx_goods_specfocus` WHERE `spec_id` = 1  [ RunTime:0.0004s ]
NOTIC: [8] Undefined index: g E:\wamp\www\weChat\Application\Shop\Controller\IndexController.class.php 第 43 行.
INFO: [ view_parse ] --START--
INFO: [ template_filter ] --START--
INFO: Run Behavior\ContentReplaceBehavior [ RunTime:0.000252s ]
INFO: [ template_filter ] --END-- [ RunTime:0.000470s ]
INFO: Run Behavior\ParseTemplateBehavior [ RunTime:0.022496s ]
INFO: [ view_parse ] --END-- [ RunTime:0.022641s ]
INFO: [ view_filter ] --START--
INFO: Run Behavior\WriteHtmlCacheBehavior [ RunTime:0.000645s ]
INFO: [ view_filter ] --END-- [ RunTime:0.000752s ]
INFO: [ app_end ] --START--
INFO: Run Behavior\ShowPageTraceBehavior [ RunTime:0.001098s ]
INFO: [ app_end ] --END-- [ RunTime:0.001255s ]

[ 2016-02-23T21:53:00+08:00 ] 127.0.0.1 /Shop/Index/skuList.html
INFO: [ app_init ] --START--
INFO: Run Behavior\BuildLiteBehavior [ RunTime:0.000052s ]
INFO: [ app_init ] --END-- [ RunTime:0.001061s ]
INFO: [ app_begin ] --START--
INFO: Run Behavior\ReadHtmlCacheBehavior [ RunTime:0.000838s ]
INFO: [ app_begin ] --END-- [ RunTime:0.001003s ]
NOTIC: [2] Missing argument 1 for I(), called in E:\wamp\www\weChat\Application\Shop\Controller\IndexController.class.php on line 89 and defined E:\wamp\www\weChat\ThinkPHP\Common\functions.php 第 271 行.
NOTIC: [8] Undefined variable: name E:\wamp\www\weChat\ThinkPHP\Common\functions.php 第 273 行.
NOTIC: [8] Undefined variable: name E:\wamp\www\weChat\ThinkPHP\Common\functions.php 第 278 行.
NOTIC: [8] Undefined variable: name E:\wamp\www\weChat\ThinkPHP\Common\functions.php 第 339 行.
SQL: SHOW COLUMNS FROM `wx_goods_specfocus` [ RunTime:0.0068s ]
SQL: SELECT * FROM `wx_goods_specfocus` WHERE `spec_id` = '2'  [ RunTime:0.0005s ]
NOTIC: [8] Undefined variable: str E:\wamp\www\weChat\Application\Shop\Controller\IndexController.class.php 第 100 行.

[ 2016-02-23T21:53:01+08:00 ] 127.0.0.1 /Shop/Index/skuList.html
INFO: [ app_init ] --START--
INFO: Run Behavior\BuildLiteBehavior [ RunTime:0.000044s ]
INFO: [ app_init ] --END-- [ RunTime:0.000746s ]
INFO: [ app_begin ] --START--
INFO: Run Behavior\ReadHtmlCacheBehavior [ RunTime:0.000606s ]
INFO: [ app_begin ] --END-- [ RunTime:0.000723s ]
NOTIC: [2] Missing argument 1 for I(), called in E:\wamp\www\weChat\Application\Shop\Controller\IndexController.class.php on line 89 and defined E:\wamp\www\weChat\ThinkPHP\Common\functions.php 第 271 行.
NOTIC: [8] Undefined variable: name E:\wamp\www\weChat\ThinkPHP\Common\functions.php 第 273 行.
NOTIC: [8] Undefined variable: name E:\wamp\www\weChat\ThinkPHP\Common\functions.php 第 278 行.
NOTIC: [8] Undefined variable: name E:\wamp\www\weChat\ThinkPHP\Common\functions.php 第 339 行.
SQL: SHOW COLUMNS FROM `wx_goods_specfocus` [ RunTime:0.0084s ]
SQL: SELECT * FROM `wx_goods_specfocus` WHERE `spec_id` = '1'  [ RunTime:0.0004s ]
NOTIC: [8] Undefined variable: str E:\wamp\www\weChat\Application\Shop\Controller\IndexController.class.php 第 100 行.

[ 2016-02-23T21:53:02+08:00 ] 127.0.0.1 /Shop/Index/skuList.html
INFO: [ app_init ] --START--
INFO: Run Behavior\BuildLiteBehavior [ RunTime:0.000025s ]
INFO: [ app_init ] --END-- [ RunTime:0.000524s ]
INFO: [ app_begin ] --START--
INFO: Run Behavior\ReadHtmlCacheBehavior [ RunTime:0.000652s ]
INFO: [ app_begin ] --END-- [ RunTime:0.000759s ]
NOTIC: [2] Missing argument 1 for I(), called in E:\wamp\www\weChat\Application\Shop\Controller\IndexController.class.php on line 89 and defined E:\wamp\www\weChat\ThinkPHP\Common\functions.php 第 271 行.
NOTIC: [8] Undefined variable: name E:\wamp\www\weChat\ThinkPHP\Common\functions.php 第 273 行.
NOTIC: [8] Undefined variable: name E:\wamp\www\weChat\ThinkPHP\Common\functions.php 第 278 行.
NOTIC: [8] Undefined variable: name E:\wamp\www\weChat\ThinkPHP\Common\functions.php 第 339 行.
SQL: SHOW COLUMNS FROM `wx_goods_specfocus` [ RunTime:0.0079s ]
SQL: SELECT * FROM `wx_goods_specfocus` WHERE `spec_id` = '2'  [ RunTime:0.0004s ]
NOTIC: [8] Undefined variable: str E:\wamp\www\weChat\Application\Shop\Controller\IndexController.class.php 第 100 行.

[ 2016-02-23T21:54:00+08:00 ] 127.0.0.1 /Shop/Index/skuList.html
INFO: [ app_init ] --START--
INFO: Run Behavior\BuildLiteBehavior [ RunTime:0.000026s ]
INFO: [ app_init ] --END-- [ RunTime:0.000466s ]
INFO: [ app_begin ] --START--
INFO: Run Behavior\ReadHtmlCacheBehavior [ RunTime:0.001272s ]
INFO: [ app_begin ] --END-- [ RunTime:0.001552s ]

[ 2016-02-23T21:54:05+08:00 ] 127.0.0.1 /Shop/Index/skuList.html
INFO: [ app_init ] --START--
INFO: Run Behavior\BuildLiteBehavior [ RunTime:0.000025s ]
INFO: [ app_init ] --END-- [ RunTime:0.000450s ]
INFO: [ app_begin ] --START--
INFO: Run Behavior\ReadHtmlCacheBehavior [ RunTime:0.000693s ]
INFO: [ app_begin ] --END-- [ RunTime:0.000811s ]

[ 2016-02-23T21:54:22+08:00 ] 127.0.0.1 /Shop/Index/skuList.html
INFO: [ app_init ] --START--
INFO: Run Behavior\BuildLiteBehavior [ RunTime:0.000024s ]
INFO: [ app_init ] --END-- [ RunTime:0.000472s ]
INFO: [ app_begin ] --START--
INFO: Run Behavior\ReadHtmlCacheBehavior [ RunTime:0.000483s ]
INFO: [ app_begin ] --END-- [ RunTime:0.000575s ]

[ 2016-02-23T21:54:24+08:00 ] 127.0.0.1 /Shop/Index/skuList.html
INFO: [ app_init ] --START--
INFO: Run Behavior\BuildLiteBehavior [ RunTime:0.000026s ]
INFO: [ app_init ] --END-- [ RunTime:0.000449s ]
INFO: [ app_begin ] --START--
INFO: Run Behavior\ReadHtmlCacheBehavior [ RunTime:0.000813s ]
INFO: [ app_begin ] --END-- [ RunTime:0.000987s ]

[ 2016-02-23T21:54:27+08:00 ] 127.0.0.1 /
INFO: [ app_init ] --START--
INFO: Run Behavior\BuildLiteBehavior [ RunTime:0.000049s ]
INFO: [ app_init ] --END-- [ RunTime:0.001147s ]
INFO: [ app_begin ] --START--
INFO: Run Behavior\ReadHtmlCacheBehavior [ RunTime:0.001193s ]
INFO: [ app_begin ] --END-- [ RunTime:0.001556s ]

[ 2016-02-23T21:55:36+08:00 ] 127.0.0.1 /
INFO: [ app_init ] --START--
INFO: Run Behavior\BuildLiteBehavior [ RunTime:0.000048s ]
INFO: [ app_init ] --END-- [ RunTime:0.001029s ]
INFO: [ app_begin ] --START--
INFO: Run Behavior\ReadHtmlCacheBehavior [ RunTime:0.000842s ]
INFO: [ app_begin ] --END-- [ RunTime:0.000983s ]
NOTIC: [2] Missing argument 1 for I(), called in E:\wamp\www\weChat\Application\Shop\Controller\IndexController.class.php on line 16 and defined E:\wamp\www\weChat\ThinkPHP\Common\functions.php 第 271 行.
NOTIC: [8] Undefined variable: name E:\wamp\www\weChat\ThinkPHP\Common\functions.php 第 273 行.
NOTIC: [8] Undefined variable: name E:\wamp\www\weChat\ThinkPHP\Common\functions.php 第 278 行.
NOTIC: [8] Undefined variable: name E:\wamp\www\weChat\ThinkPHP\Common\functions.php 第 339 行.
SQL: SHOW COLUMNS FROM `wx_goods` [ RunTime:0.0086s ]
SQL: SELECT wx_goods.id,wx_goods.title,wx_goods.picture_id,wx_goods.point,wx_goods.goods_number,wx_goods.content,wx_goods.counter,wx_goods.money,wx_goods.discount,wx_goods.shipping,wx_goods.weight,wx_goods.stock,wx_goods.seat,wx_goods.pubtime,wx_goods.state,wx_goods_type.type_name FROM `wx_goods` INNER JOIN wx_goods_type ON wx_goods.type = wx_goods_type.id  WHERE wx_goods.id = 1  [ RunTime:0.0006s ]
SQL: SHOW COLUMNS FROM `wx_goods_spec` [ RunTime:0.0065s ]
SQL: SELECT * FROM `wx_goods_spec` WHERE `goods_id` = 1  [ RunTime:0.0004s ]
SQL: SHOW COLUMNS FROM `wx_goods_specfocus` [ RunTime:0.0111s ]
SQL: SELECT * FROM `wx_goods_specfocus` WHERE `spec_id` = 1  [ RunTime:0.0004s ]
NOTIC: [8] Undefined index: g E:\wamp\www\weChat\Application\Shop\Controller\IndexController.class.php 第 43 行.
INFO: [ view_parse ] --START--
INFO: [ template_filter ] --START--
INFO: Run Behavior\ContentReplaceBehavior [ RunTime:0.000127s ]
INFO: [ template_filter ] --END-- [ RunTime:0.000253s ]
INFO: Run Behavior\ParseTemplateBehavior [ RunTime:0.018292s ]
INFO: [ view_parse ] --END-- [ RunTime:0.018478s ]
INFO: [ view_filter ] --START--
INFO: Run Behavior\WriteHtmlCacheBehavior [ RunTime:0.000431s ]
INFO: [ view_filter ] --END-- [ RunTime:0.000531s ]
INFO: [ app_end ] --START--
INFO: Run Behavior\ShowPageTraceBehavior [ RunTime:0.000690s ]
INFO: [ app_end ] --END-- [ RunTime:0.000797s ]

[ 2016-02-23T21:55:38+08:00 ] 127.0.0.1 /Shop/Index/skuList.html
INFO: [ app_init ] --START--
INFO: Run Behavior\BuildLiteBehavior [ RunTime:0.000032s ]
INFO: [ app_init ] --END-- [ RunTime:0.000918s ]
INFO: [ app_begin ] --START--
INFO: Run Behavior\ReadHtmlCacheBehavior [ RunTime:0.001093s ]
INFO: [ app_begin ] --END-- [ RunTime:0.001280s ]
NOTIC: [2] Missing argument 1 for I(), called in E:\wamp\www\weChat\Application\Shop\Controller\IndexController.class.php on line 89 and defined E:\wamp\www\weChat\ThinkPHP\Common\functions.php 第 271 行.
NOTIC: [8] Undefined variable: name E:\wamp\www\weChat\ThinkPHP\Common\functions.php 第 273 行.
NOTIC: [8] Undefined variable: name E:\wamp\www\weChat\ThinkPHP\Common\functions.php 第 278 行.
NOTIC: [8] Undefined variable: name E:\wamp\www\weChat\ThinkPHP\Common\functions.php 第 339 行.
SQL: SHOW COLUMNS FROM `wx_goods_specfocus` [ RunTime:0.0068s ]
SQL: SELECT * FROM `wx_goods_specfocus` WHERE `spec_id` = '2'  [ RunTime:0.0004s ]
NOTIC: [8] Undefined variable: str E:\wamp\www\weChat\Application\Shop\Controller\IndexController.class.php 第 100 行.

[ 2016-02-23T21:55:40+08:00 ] 127.0.0.1 /Shop/Index/skuList.html
INFO: [ app_init ] --START--
INFO: Run Behavior\BuildLiteBehavior [ RunTime:0.000058s ]
INFO: [ app_init ] --END-- [ RunTime:0.000568s ]
INFO: [ app_begin ] --START--
INFO: Run Behavior\ReadHtmlCacheBehavior [ RunTime:0.001171s ]
INFO: [ app_begin ] --END-- [ RunTime:0.001502s ]
NOTIC: [2] Missing argument 1 for I(), called in E:\wamp\www\weChat\Application\Shop\Controller\IndexController.class.php on line 89 and defined E:\wamp\www\weChat\ThinkPHP\Common\functions.php 第 271 行.
NOTIC: [8] Undefined variable: name E:\wamp\www\weChat\ThinkPHP\Common\functions.php 第 273 行.
NOTIC: [8] Undefined variable: name E:\wamp\www\weChat\ThinkPHP\Common\functions.php 第 278 行.
NOTIC: [8] Undefined variable: name E:\wamp\www\weChat\ThinkPHP\Common\functions.php 第 339 行.
SQL: SHOW COLUMNS FROM `wx_goods_specfocus` [ RunTime:0.0060s ]
SQL: SELECT * FROM `wx_goods_specfocus` WHERE `spec_id` = '1'  [ RunTime:0.0003s ]
NOTIC: [8] Undefined variable: str E:\wamp\www\weChat\Application\Shop\Controller\IndexController.class.php 第 100 行.

[ 2016-02-23T21:55:41+08:00 ] 127.0.0.1 /Shop/Index/skuList.html
INFO: [ app_init ] --START--
INFO: Run Behavior\BuildLiteBehavior [ RunTime:0.000026s ]
INFO: [ app_init ] --END-- [ RunTime:0.000496s ]
INFO: [ app_begin ] --START--
INFO: Run Behavior\ReadHtmlCacheBehavior [ RunTime:0.000609s ]
INFO: [ app_begin ] --END-- [ RunTime:0.000748s ]
NOTIC: [2] Missing argument 1 for I(), called in E:\wamp\www\weChat\Application\Shop\Controller\IndexController.class.php on line 89 and defined E:\wamp\www\weChat\ThinkPHP\Common\functions.php 第 271 行.
NOTIC: [8] Undefined variable: name E:\wamp\www\weChat\ThinkPHP\Common\functions.php 第 273 行.
NOTIC: [8] Undefined variable: name E:\wamp\www\weChat\ThinkPHP\Common\functions.php 第 278 行.
NOTIC: [8] Undefined variable: name E:\wamp\www\weChat\ThinkPHP\Common\functions.php 第 339 行.
SQL: SHOW COLUMNS FROM `wx_goods_specfocus` [ RunTime:0.0064s ]
SQL: SELECT * FROM `wx_goods_specfocus` WHERE `spec_id` = '2'  [ RunTime:0.0006s ]
NOTIC: [8] Undefined variable: str E:\wamp\www\weChat\Application\Shop\Controller\IndexController.class.php 第 100 行.

[ 2016-02-23T21:56:32+08:00 ] 127.0.0.1 /
INFO: [ app_init ] --START--
INFO: Run Behavior\BuildLiteBehavior [ RunTime:0.000049s ]
INFO: [ app_init ] --END-- [ RunTime:0.000843s ]
INFO: [ app_begin ] --START--
INFO: Run Behavior\ReadHtmlCacheBehavior [ RunTime:0.001109s ]
INFO: [ app_begin ] --END-- [ RunTime:0.001418s ]
NOTIC: [2] Missing argument 1 for I(), called in E:\wamp\www\weChat\Application\Shop\Controller\IndexController.class.php on line 16 and defined E:\wamp\www\weChat\ThinkPHP\Common\functions.php 第 271 行.
NOTIC: [8] Undefined variable: name E:\wamp\www\weChat\ThinkPHP\Common\functions.php 第 273 行.
NOTIC: [8] Undefined variable: name E:\wamp\www\weChat\ThinkPHP\Common\functions.php 第 278 行.
NOTIC: [8] Undefined variable: name E:\wamp\www\weChat\ThinkPHP\Common\functions.php 第 339 行.
SQL: SHOW COLUMNS FROM `wx_goods` [ RunTime:0.0102s ]
SQL: SELECT wx_goods.id,wx_goods.title,wx_goods.picture_id,wx_goods.point,wx_goods.goods_number,wx_goods.content,wx_goods.counter,wx_goods.money,wx_goods.discount,wx_goods.shipping,wx_goods.weight,wx_goods.stock,wx_goods.seat,wx_goods.pubtime,wx_goods.state,wx_goods_type.type_name FROM `wx_goods` INNER JOIN wx_goods_type ON wx_goods.type = wx_goods_type.id  WHERE wx_goods.id = 1  [ RunTime:0.0018s ]
SQL: SHOW COLUMNS FROM `wx_goods_spec` [ RunTime:0.0082s ]
SQL: SELECT * FROM `wx_goods_spec` WHERE `goods_id` = 1  [ RunTime:0.0003s ]
SQL: SHOW COLUMNS FROM `wx_goods_specfocus` [ RunTime:0.0068s ]
SQL: SELECT * FROM `wx_goods_specfocus` WHERE `spec_id` = 1  [ RunTime:0.0004s ]
NOTIC: [8] Undefined index: g E:\wamp\www\weChat\Application\Shop\Controller\IndexController.class.php 第 43 行.
INFO: [ view_parse ] --START--
INFO: [ template_filter ] --START--
INFO: Run Behavior\ContentReplaceBehavior [ RunTime:0.000268s ]
INFO: [ template_filter ] --END-- [ RunTime:0.000482s ]
INFO: Run Behavior\ParseTemplateBehavior [ RunTime:0.021457s ]
INFO: [ view_parse ] --END-- [ RunTime:0.021601s ]
INFO: [ view_filter ] --START--
INFO: Run Behavior\WriteHtmlCacheBehavior [ RunTime:0.000454s ]
INFO: [ view_filter ] --END-- [ RunTime:0.000565s ]
INFO: [ app_end ] --START--
INFO: Run Behavior\ShowPageTraceBehavior [ RunTime:0.000672s ]
INFO: [ app_end ] --END-- [ RunTime:0.000782s ]

[ 2016-02-23T21:56:33+08:00 ] 127.0.0.1 /Shop/Index/skuList.html
INFO: [ app_init ] --START--
INFO: Run Behavior\BuildLiteBehavior [ RunTime:0.000026s ]
INFO: [ app_init ] --END-- [ RunTime:0.000490s ]
INFO: [ app_begin ] --START--
INFO: Run Behavior\ReadHtmlCacheBehavior [ RunTime:0.000547s ]
INFO: [ app_begin ] --END-- [ RunTime:0.000646s ]
NOTIC: [2] Missing argument 1 for I(), called in E:\wamp\www\weChat\Application\Shop\Controller\IndexController.class.php on line 89 and defined E:\wamp\www\weChat\ThinkPHP\Common\functions.php 第 271 行.
NOTIC: [8] Undefined variable: name E:\wamp\www\weChat\ThinkPHP\Common\functions.php 第 273 行.
NOTIC: [8] Undefined variable: name E:\wamp\www\weChat\ThinkPHP\Common\functions.php 第 278 行.
NOTIC: [8] Undefined variable: name E:\wamp\www\weChat\ThinkPHP\Common\functions.php 第 339 行.
SQL: SHOW COLUMNS FROM `wx_goods_specfocus` [ RunTime:0.0060s ]
SQL: SELECT * FROM `wx_goods_specfocus` WHERE `spec_id` = '2'  [ RunTime:0.0004s ]
NOTIC: [8] Undefined variable: str E:\wamp\www\weChat\Application\Shop\Controller\IndexController.class.php 第 105 行.

[ 2016-02-23T21:56:34+08:00 ] 127.0.0.1 /Shop/Index/skuList.html
INFO: [ app_init ] --START--
INFO: Run Behavior\BuildLiteBehavior [ RunTime:0.000026s ]
INFO: [ app_init ] --END-- [ RunTime:0.000486s ]
INFO: [ app_begin ] --START--
INFO: Run Behavior\ReadHtmlCacheBehavior [ RunTime:0.000533s ]
INFO: [ app_begin ] --END-- [ RunTime:0.000627s ]
NOTIC: [2] Missing argument 1 for I(), called in E:\wamp\www\weChat\Application\Shop\Controller\IndexController.class.php on line 89 and defined E:\wamp\www\weChat\ThinkPHP\Common\functions.php 第 271 行.
NOTIC: [8] Undefined variable: name E:\wamp\www\weChat\ThinkPHP\Common\functions.php 第 273 行.
NOTIC: [8] Undefined variable: name E:\wamp\www\weChat\ThinkPHP\Common\functions.php 第 278 行.
NOTIC: [8] Undefined variable: name E:\wamp\www\weChat\ThinkPHP\Common\functions.php 第 339 行.
SQL: SHOW COLUMNS FROM `wx_goods_specfocus` [ RunTime:0.0057s ]
SQL: SELECT * FROM `wx_goods_specfocus` WHERE `spec_id` = '1'  [ RunTime:0.0005s ]
NOTIC: [8] Undefined variable: str E:\wamp\www\weChat\Application\Shop\Controller\IndexController.class.php 第 105 行.

[ 2016-02-23T21:56:36+08:00 ] 127.0.0.1 /Shop/Index/skuList.html
INFO: [ app_init ] --START--
INFO: Run Behavior\BuildLiteBehavior [ RunTime:0.000046s ]
INFO: [ app_init ] --END-- [ RunTime:0.002396s ]
INFO: [ app_begin ] --START--
INFO: Run Behavior\ReadHtmlCacheBehavior [ RunTime:0.000989s ]
INFO: [ app_begin ] --END-- [ RunTime:0.001194s ]
NOTIC: [2] Missing argument 1 for I(), called in E:\wamp\www\weChat\Application\Shop\Controller\IndexController.class.php on line 89 and defined E:\wamp\www\weChat\ThinkPHP\Common\functions.php 第 271 行.
NOTIC: [8] Undefined variable: name E:\wamp\www\weChat\ThinkPHP\Common\functions.php 第 273 行.
NOTIC: [8] Undefined variable: name E:\wamp\www\weChat\ThinkPHP\Common\functions.php 第 278 行.
NOTIC: [8] Undefined variable: name E:\wamp\www\weChat\ThinkPHP\Common\functions.php 第 339 行.
SQL: SHOW COLUMNS FROM `wx_goods_specfocus` [ RunTime:0.0059s ]
SQL: SELECT * FROM `wx_goods_specfocus` WHERE `spec_id` = '2'  [ RunTime:0.0004s ]
NOTIC: [8] Undefined variable: str E:\wamp\www\weChat\Application\Shop\Controller\IndexController.class.php 第 105 行.

[ 2016-02-23T21:56:42+08:00 ] 127.0.0.1 /Shop/Index/skuList.html
INFO: [ app_init ] --START--
INFO: Run Behavior\BuildLiteBehavior [ RunTime:0.000041s ]
INFO: [ app_init ] --END-- [ RunTime:0.000654s ]
INFO: [ app_begin ] --START--
INFO: Run Behavior\ReadHtmlCacheBehavior [ RunTime:0.000696s ]
INFO: [ app_begin ] --END-- [ RunTime:0.000831s ]
NOTIC: [2] Missing argument 1 for I(), called in E:\wamp\www\weChat\Application\Shop\Controller\IndexController.class.php on line 89 and defined E:\wamp\www\weChat\ThinkPHP\Common\functions.php 第 271 行.
NOTIC: [8] Undefined variable: name E:\wamp\www\weChat\ThinkPHP\Common\functions.php 第 273 行.
NOTIC: [8] Undefined variable: name E:\wamp\www\weChat\ThinkPHP\Common\functions.php 第 278 行.
NOTIC: [8] Undefined variable: name E:\wamp\www\weChat\ThinkPHP\Common\functions.php 第 339 行.
SQL: SHOW COLUMNS FROM `wx_goods_specfocus` [ RunTime:0.0077s ]
SQL: SELECT * FROM `wx_goods_specfocus` WHERE `spec_id` = '1'  [ RunTime:0.0004s ]
NOTIC: [8] Undefined variable: str E:\wamp\www\weChat\Application\Shop\Controller\IndexController.class.php 第 105 行.

[ 2016-02-23T21:56:45+08:00 ] 127.0.0.1 /Shop/Index/skuList.html
INFO: [ app_init ] --START--
INFO: Run Behavior\BuildLiteBehavior [ RunTime:0.000026s ]
INFO: [ app_init ] --END-- [ RunTime:0.000452s ]
INFO: [ app_begin ] --START--
INFO: Run Behavior\ReadHtmlCacheBehavior [ RunTime:0.000853s ]
INFO: [ app_begin ] --END-- [ RunTime:0.001004s ]
NOTIC: [2] Missing argument 1 for I(), called in E:\wamp\www\weChat\Application\Shop\Controller\IndexController.class.php on line 89 and defined E:\wamp\www\weChat\ThinkPHP\Common\functions.php 第 271 行.
NOTIC: [8] Undefined variable: name E:\wamp\www\weChat\ThinkPHP\Common\functions.php 第 273 行.
NOTIC: [8] Undefined variable: name E:\wamp\www\weChat\ThinkPHP\Common\functions.php 第 278 行.
NOTIC: [8] Undefined variable: name E:\wamp\www\weChat\ThinkPHP\Common\functions.php 第 339 行.
SQL: SHOW COLUMNS FROM `wx_goods_specfocus` [ RunTime:0.0091s ]
SQL: SELECT * FROM `wx_goods_specfocus` WHERE `spec_id` = '2'  [ RunTime:0.0007s ]
NOTIC: [8] Undefined variable: str E:\wamp\www\weChat\Application\Shop\Controller\IndexController.class.php 第 105 行.

[ 2016-02-23T21:57:17+08:00 ] 127.0.0.1 /
INFO: [ app_init ] --START--
INFO: Run Behavior\BuildLiteBehavior [ RunTime:0.000057s ]
INFO: [ app_init ] --END-- [ RunTime:0.000750s ]
INFO: [ app_begin ] --START--
INFO: Run Behavior\ReadHtmlCacheBehavior [ RunTime:0.000854s ]
INFO: [ app_begin ] --END-- [ RunTime:0.001060s ]
NOTIC: [2] Missing argument 1 for I(), called in E:\wamp\www\weChat\Application\Shop\Controller\IndexController.class.php on line 16 and defined E:\wamp\www\weChat\ThinkPHP\Common\functions.php 第 271 行.
NOTIC: [8] Undefined variable: name E:\wamp\www\weChat\ThinkPHP\Common\functions.php 第 273 行.
NOTIC: [8] Undefined variable: name E:\wamp\www\weChat\ThinkPHP\Common\functions.php 第 278 行.
NOTIC: [8] Undefined variable: name E:\wamp\www\weChat\ThinkPHP\Common\functions.php 第 339 行.
SQL: SHOW COLUMNS FROM `wx_goods` [ RunTime:0.0118s ]
SQL: SELECT wx_goods.id,wx_goods.title,wx_goods.picture_id,wx_goods.point,wx_goods.goods_number,wx_goods.content,wx_goods.counter,wx_goods.money,wx_goods.discount,wx_goods.shipping,wx_goods.weight,wx_goods.stock,wx_goods.seat,wx_goods.pubtime,wx_goods.state,wx_goods_type.type_name FROM `wx_goods` INNER JOIN wx_goods_type ON wx_goods.type = wx_goods_type.id  WHERE wx_goods.id = 1  [ RunTime:0.0010s ]
SQL: SHOW COLUMNS FROM `wx_goods_spec` [ RunTime:0.0119s ]
SQL: SELECT * FROM `wx_goods_spec` WHERE `goods_id` = 1  [ RunTime:0.0005s ]
SQL: SHOW COLUMNS FROM `wx_goods_specfocus` [ RunTime:0.0100s ]
SQL: SELECT * FROM `wx_goods_specfocus` WHERE `spec_id` = 1  [ RunTime:0.0003s ]
NOTIC: [8] Undefined index: g E:\wamp\www\weChat\Application\Shop\Controller\IndexController.class.php 第 43 行.
INFO: [ view_parse ] --START--
INFO: [ template_filter ] --START--
INFO: Run Behavior\ContentReplaceBehavior [ RunTime:0.000130s ]
INFO: [ template_filter ] --END-- [ RunTime:0.000294s ]
INFO: Run Behavior\ParseTemplateBehavior [ RunTime:0.016940s ]
INFO: [ view_parse ] --END-- [ RunTime:0.017078s ]
INFO: [ view_filter ] --START--
INFO: Run Behavior\WriteHtmlCacheBehavior [ RunTime:0.000303s ]
INFO: [ view_filter ] --END-- [ RunTime:0.000413s ]
INFO: [ app_end ] --START--
INFO: Run Behavior\ShowPageTraceBehavior [ RunTime:0.000534s ]
INFO: [ app_end ] --END-- [ RunTime:0.000636s ]

[ 2016-02-23T21:57:18+08:00 ] 127.0.0.1 /Shop/Index/skuList.html
INFO: [ app_init ] --START--
INFO: Run Behavior\BuildLiteBehavior [ RunTime:0.000025s ]
INFO: [ app_init ] --END-- [ RunTime:0.000451s ]
INFO: [ app_begin ] --START--
INFO: Run Behavior\ReadHtmlCacheBehavior [ RunTime:0.000499s ]
INFO: [ app_begin ] --END-- [ RunTime:0.000611s ]
NOTIC: [2] Missing argument 1 for I(), called in E:\wamp\www\weChat\Application\Shop\Controller\IndexController.class.php on line 89 and defined E:\wamp\www\weChat\ThinkPHP\Common\functions.php 第 271 行.
NOTIC: [8] Undefined variable: name E:\wamp\www\weChat\ThinkPHP\Common\functions.php 第 273 行.
NOTIC: [8] Undefined variable: name E:\wamp\www\weChat\ThinkPHP\Common\functions.php 第 278 行.
NOTIC: [8] Undefined variable: name E:\wamp\www\weChat\ThinkPHP\Common\functions.php 第 339 行.
SQL: SHOW COLUMNS FROM `wx_goods_specfocus` [ RunTime:0.0069s ]
SQL: SELECT * FROM `wx_goods_specfocus` WHERE `spec_id` = '2'  [ RunTime:0.0006s ]
NOTIC: [8] Undefined variable: str E:\wamp\www\weChat\Application\Shop\Controller\IndexController.class.php 第 105 行.

[ 2016-02-23T21:59:03+08:00 ] 127.0.0.1 /
INFO: [ app_init ] --START--
INFO: Run Behavior\BuildLiteBehavior [ RunTime:0.000027s ]
INFO: [ app_init ] --END-- [ RunTime:0.000590s ]
INFO: [ app_begin ] --START--
INFO: Run Behavior\ReadHtmlCacheBehavior [ RunTime:0.001091s ]
INFO: [ app_begin ] --END-- [ RunTime:0.001437s ]
NOTIC: [2] Missing argument 1 for I(), called in E:\wamp\www\weChat\Application\Shop\Controller\IndexController.class.php on line 16 and defined E:\wamp\www\weChat\ThinkPHP\Common\functions.php 第 271 行.
NOTIC: [8] Undefined variable: name E:\wamp\www\weChat\ThinkPHP\Common\functions.php 第 273 行.
NOTIC: [8] Undefined variable: name E:\wamp\www\weChat\ThinkPHP\Common\functions.php 第 278 行.
NOTIC: [8] Undefined variable: name E:\wamp\www\weChat\ThinkPHP\Common\functions.php 第 339 行.
SQL: SHOW COLUMNS FROM `wx_goods` [ RunTime:0.0071s ]
SQL: SELECT wx_goods.id,wx_goods.title,wx_goods.picture_id,wx_goods.point,wx_goods.goods_number,wx_goods.content,wx_goods.counter,wx_goods.money,wx_goods.discount,wx_goods.shipping,wx_goods.weight,wx_goods.stock,wx_goods.seat,wx_goods.pubtime,wx_goods.state,wx_goods_type.type_name FROM `wx_goods` INNER JOIN wx_goods_type ON wx_goods.type = wx_goods_type.id  WHERE wx_goods.id = 1  [ RunTime:0.0005s ]
SQL: SHOW COLUMNS FROM `wx_goods_spec` [ RunTime:0.0092s ]
SQL: SELECT * FROM `wx_goods_spec` WHERE `goods_id` = 1  [ RunTime:0.0003s ]
SQL: SHOW COLUMNS FROM `wx_goods_specfocus` [ RunTime:0.0062s ]
SQL: SELECT * FROM `wx_goods_specfocus` WHERE `spec_id` = 1  [ RunTime:0.0006s ]
NOTIC: [8] Undefined index: g E:\wamp\www\weChat\Application\Shop\Controller\IndexController.class.php 第 43 行.
INFO: [ view_parse ] --START--
INFO: [ template_filter ] --START--
INFO: Run Behavior\ContentReplaceBehavior [ RunTime:0.000122s ]
INFO: [ template_filter ] --END-- [ RunTime:0.000244s ]
INFO: Run Behavior\ParseTemplateBehavior [ RunTime:0.027740s ]
INFO: [ view_parse ] --END-- [ RunTime:0.028021s ]
INFO: [ view_filter ] --START--
INFO: Run Behavior\WriteHtmlCacheBehavior [ RunTime:0.000432s ]
INFO: [ view_filter ] --END-- [ RunTime:0.000555s ]
INFO: [ app_end ] --START--
INFO: Run Behavior\ShowPageTraceBehavior [ RunTime:0.000653s ]
INFO: [ app_end ] --END-- [ RunTime:0.000756s ]

[ 2016-02-23T21:59:04+08:00 ] 127.0.0.1 /Shop/Index/skuList.html
INFO: [ app_init ] --START--
INFO: Run Behavior\BuildLiteBehavior [ RunTime:0.000024s ]
INFO: [ app_init ] --END-- [ RunTime:0.000518s ]
INFO: [ app_begin ] --START--
INFO: Run Behavior\ReadHtmlCacheBehavior [ RunTime:0.000686s ]
INFO: [ app_begin ] --END-- [ RunTime:0.000782s ]
NOTIC: [2] Missing argument 1 for I(), called in E:\wamp\www\weChat\Application\Shop\Controller\IndexController.class.php on line 89 and defined E:\wamp\www\weChat\ThinkPHP\Common\functions.php 第 271 行.
NOTIC: [8] Undefined variable: name E:\wamp\www\weChat\ThinkPHP\Common\functions.php 第 273 行.
NOTIC: [8] Undefined variable: name E:\wamp\www\weChat\ThinkPHP\Common\functions.php 第 278 行.
NOTIC: [8] Undefined variable: name E:\wamp\www\weChat\ThinkPHP\Common\functions.php 第 339 行.
SQL: SHOW COLUMNS FROM `wx_goods_specfocus` [ RunTime:0.0088s ]
SQL: SELECT * FROM `wx_goods_specfocus` WHERE `spec_id` = '2'  [ RunTime:0.0005s ]
NOTIC: [8] Undefined variable: str E:\wamp\www\weChat\Application\Shop\Controller\IndexController.class.php 第 105 行.

