[ 2016-03-19T00:03:16+08:00 ] 127.0.0.1 /?id=1
INFO: [ app_init ] --START--
INFO: Run Behavior\BuildLiteBehavior [ RunTime:0.000042s ]
INFO: [ app_init ] --END-- [ RunTime:0.000991s ]
INFO: [ app_begin ] --START--
INFO: Run Behavior\ReadHtmlCacheBehavior [ RunTime:0.000883s ]
INFO: [ app_begin ] --END-- [ RunTime:0.001035s ]
NOTIC: [2] Missing argument 1 for I(), called in E:\wamp\www\weChat\Application\Shop\Controller\IndexController.class.php on line 14 and defined E:\wamp\www\weChat\ThinkPHP\Common\functions.php 第 271 行.
NOTIC: [8] Undefined variable: name E:\wamp\www\weChat\ThinkPHP\Common\functions.php 第 273 行.
NOTIC: [8] Undefined variable: name E:\wamp\www\weChat\ThinkPHP\Common\functions.php 第 278 行.
NOTIC: [8] Undefined variable: name E:\wamp\www\weChat\ThinkPHP\Common\functions.php 第 339 行.
SQL: SHOW COLUMNS FROM `wx_goods` [ RunTime:0.0061s ]
SQL: SELECT wx_goods.id,wx_goods.title,wx_goods.picture_id,wx_goods.point,wx_goods.goods_number,wx_goods.content,wx_goods.counter,wx_goods.money,wx_goods.discount,wx_goods.shipping,wx_goods.weight,wx_goods.stock,wx_goods.seat,wx_goods.pubtime,wx_goods.state,wx_goods_type.type_name,wx_goods_picture.img_url FROM `wx_goods` INNER JOIN wx_goods_type ON wx_goods.type = wx_goods_type.id INNER JOIN wx_goods_picture ON wx_goods.id = wx_goods_picture.img_id  WHERE wx_goods.id = '1'  [ RunTime:0.0005s ]
NOTIC: [8] Undefined variable: img_data E:\wamp\www\weChat\Application\Shop\Controller\IndexController.class.php 第 29 行.
NOTIC: [8] Undefined index: picture E:\wamp\www\weChat\Application\Shop\Controller\IndexController.class.php 第 29 行.
SQL: SHOW COLUMNS FROM `wx_goods_spec` [ RunTime:0.0054s ]
SQL: SELECT * FROM `wx_goods_spec` WHERE `goods_id` = 1  [ RunTime:0.0003s ]
SQL: SHOW COLUMNS FROM `wx_goods_specfocus` [ RunTime:0.0049s ]
SQL: SELECT * FROM `wx_goods_specfocus` WHERE `spec_id` = 1  [ RunTime:0.0004s ]
NOTIC: [8] Undefined index: g E:\wamp\www\weChat\Application\Shop\Controller\IndexController.class.php 第 48 行.
INFO: [ view_parse ] --START--
INFO: [ template_filter ] --START--
INFO: Run Behavior\ContentReplaceBehavior [ RunTime:0.000106s ]
INFO: [ template_filter ] --END-- [ RunTime:0.000222s ]
INFO: Run Behavior\ParseTemplateBehavior [ RunTime:0.016781s ]
INFO: [ view_parse ] --END-- [ RunTime:0.016919s ]
INFO: [ view_filter ] --START--
INFO: Run Behavior\WriteHtmlCacheBehavior [ RunTime:0.000374s ]
INFO: [ view_filter ] --END-- [ RunTime:0.000470s ]
INFO: [ app_end ] --START--
INFO: Run Behavior\ShowPageTraceBehavior [ RunTime:0.000582s ]
INFO: [ app_end ] --END-- [ RunTime:0.000679s ]

[ 2016-03-19T00:03:28+08:00 ] 127.0.0.1 /?id=1
INFO: [ app_init ] --START--
INFO: Run Behavior\BuildLiteBehavior [ RunTime:0.000029s ]
INFO: [ app_init ] --END-- [ RunTime:0.000554s ]
INFO: [ app_begin ] --START--
INFO: Run Behavior\ReadHtmlCacheBehavior [ RunTime:0.001161s ]
INFO: [ app_begin ] --END-- [ RunTime:0.001405s ]
NOTIC: [2] Missing argument 1 for I(), called in E:\wamp\www\weChat\Application\Shop\Controller\IndexController.class.php on line 14 and defined E:\wamp\www\weChat\ThinkPHP\Common\functions.php 第 271 行.
NOTIC: [8] Undefined variable: name E:\wamp\www\weChat\ThinkPHP\Common\functions.php 第 273 行.
NOTIC: [8] Undefined variable: name E:\wamp\www\weChat\ThinkPHP\Common\functions.php 第 278 行.
NOTIC: [8] Undefined variable: name E:\wamp\www\weChat\ThinkPHP\Common\functions.php 第 339 行.
SQL: SHOW COLUMNS FROM `wx_goods` [ RunTime:0.0064s ]
SQL: SELECT wx_goods.id,wx_goods.title,wx_goods.picture_id,wx_goods.point,wx_goods.goods_number,wx_goods.content,wx_goods.counter,wx_goods.money,wx_goods.discount,wx_goods.shipping,wx_goods.weight,wx_goods.stock,wx_goods.seat,wx_goods.pubtime,wx_goods.state,wx_goods_type.type_name,wx_goods_picture.img_url FROM `wx_goods` INNER JOIN wx_goods_type ON wx_goods.type = wx_goods_type.id INNER JOIN wx_goods_picture ON wx_goods.id = wx_goods_picture.img_id  WHERE wx_goods.id = '1'  [ RunTime:0.0006s ]
NOTIC: [8] Undefined variable: img_data E:\wamp\www\weChat\Application\Shop\Controller\IndexController.class.php 第 29 行.
NOTIC: [8] Undefined index: picture E:\wamp\www\weChat\Application\Shop\Controller\IndexController.class.php 第 29 行.
SQL: SHOW COLUMNS FROM `wx_goods_spec` [ RunTime:0.0064s ]
SQL: SELECT * FROM `wx_goods_spec` WHERE `goods_id` = 1  [ RunTime:0.0003s ]
SQL: SHOW COLUMNS FROM `wx_goods_specfocus` [ RunTime:0.0046s ]
SQL: SELECT * FROM `wx_goods_specfocus` WHERE `spec_id` = 1  [ RunTime:0.0003s ]
NOTIC: [8] Undefined index: g E:\wamp\www\weChat\Application\Shop\Controller\IndexController.class.php 第 48 行.
INFO: [ view_parse ] --START--
INFO: [ template_filter ] --START--
INFO: Run Behavior\ContentReplaceBehavior [ RunTime:0.000109s ]
INFO: [ template_filter ] --END-- [ RunTime:0.000228s ]
INFO: Run Behavior\ParseTemplateBehavior [ RunTime:0.017198s ]
INFO: [ view_parse ] --END-- [ RunTime:0.017317s ]
INFO: [ view_filter ] --START--
INFO: Run Behavior\WriteHtmlCacheBehavior [ RunTime:0.000368s ]
INFO: [ view_filter ] --END-- [ RunTime:0.000482s ]
INFO: [ app_end ] --START--
INFO: Run Behavior\ShowPageTraceBehavior [ RunTime:0.000587s ]
INFO: [ app_end ] --END-- [ RunTime:0.000686s ]

[ 2016-03-19T00:03:36+08:00 ] 127.0.0.1 /?id=1
INFO: [ app_init ] --START--
INFO: Run Behavior\BuildLiteBehavior [ RunTime:0.000044s ]
INFO: [ app_init ] --END-- [ RunTime:0.000723s ]
INFO: [ app_begin ] --START--
INFO: Run Behavior\ReadHtmlCacheBehavior [ RunTime:0.002089s ]
INFO: [ app_begin ] --END-- [ RunTime:0.002356s ]
NOTIC: [2] Missing argument 1 for I(), called in E:\wamp\www\weChat\Application\Shop\Controller\IndexController.class.php on line 14 and defined E:\wamp\www\weChat\ThinkPHP\Common\functions.php 第 271 行.
NOTIC: [8] Undefined variable: name E:\wamp\www\weChat\ThinkPHP\Common\functions.php 第 273 行.
NOTIC: [8] Undefined variable: name E:\wamp\www\weChat\ThinkPHP\Common\functions.php 第 278 行.
NOTIC: [8] Undefined variable: name E:\wamp\www\weChat\ThinkPHP\Common\functions.php 第 339 行.
SQL: SHOW COLUMNS FROM `wx_goods` [ RunTime:0.0069s ]
SQL: SELECT wx_goods.id,wx_goods.title,wx_goods.picture_id,wx_goods.point,wx_goods.goods_number,wx_goods.content,wx_goods.counter,wx_goods.money,wx_goods.discount,wx_goods.shipping,wx_goods.weight,wx_goods.stock,wx_goods.seat,wx_goods.pubtime,wx_goods.state,wx_goods_type.type_name,wx_goods_picture.img_url FROM `wx_goods` INNER JOIN wx_goods_type ON wx_goods.type = wx_goods_type.id INNER JOIN wx_goods_picture ON wx_goods.id = wx_goods_picture.img_id  WHERE wx_goods.id = '1'  [ RunTime:0.0007s ]
NOTIC: [8] Undefined variable: img_data E:\wamp\www\weChat\Application\Shop\Controller\IndexController.class.php 第 29 行.
NOTIC: [8] Undefined index: picture E:\wamp\www\weChat\Application\Shop\Controller\IndexController.class.php 第 29 行.
SQL: SHOW COLUMNS FROM `wx_goods_spec` [ RunTime:0.0055s ]
SQL: SELECT * FROM `wx_goods_spec` WHERE `goods_id` = 1  [ RunTime:0.0003s ]
SQL: SHOW COLUMNS FROM `wx_goods_specfocus` [ RunTime:0.0047s ]
SQL: SELECT * FROM `wx_goods_specfocus` WHERE `spec_id` = 1  [ RunTime:0.0003s ]
NOTIC: [8] Undefined index: g E:\wamp\www\weChat\Application\Shop\Controller\IndexController.class.php 第 48 行.
INFO: [ view_parse ] --START--
INFO: [ template_filter ] --START--
INFO: Run Behavior\ContentReplaceBehavior [ RunTime:0.000113s ]
INFO: [ template_filter ] --END-- [ RunTime:0.000241s ]
INFO: Run Behavior\ParseTemplateBehavior [ RunTime:0.018347s ]
INFO: [ view_parse ] --END-- [ RunTime:0.018485s ]
INFO: [ view_filter ] --START--
INFO: Run Behavior\WriteHtmlCacheBehavior [ RunTime:0.000426s ]
INFO: [ view_filter ] --END-- [ RunTime:0.000529s ]
INFO: [ app_end ] --START--
INFO: Run Behavior\ShowPageTraceBehavior [ RunTime:0.001055s ]
INFO: [ app_end ] --END-- [ RunTime:0.001245s ]

[ 2016-03-19T13:10:47+08:00 ] 127.0.0.1 /
INFO: [ app_init ] --START--
INFO: Run Behavior\BuildLiteBehavior [ RunTime:0.000092s ]
INFO: [ app_init ] --END-- [ RunTime:0.008037s ]
INFO: [ app_begin ] --START--
INFO: Run Behavior\ReadHtmlCacheBehavior [ RunTime:0.011700s ]
INFO: [ app_begin ] --END-- [ RunTime:0.011973s ]
NOTIC: [8] Undefined index: id E:\wamp\www\weChat\Application\Shop\Controller\IndexController.class.php 第 13 行.
NOTIC: [2] Missing argument 1 for I(), called in E:\wamp\www\weChat\Application\Shop\Controller\IndexController.class.php on line 14 and defined E:\wamp\www\weChat\ThinkPHP\Common\functions.php 第 271 行.
NOTIC: [8] Undefined variable: name E:\wamp\www\weChat\ThinkPHP\Common\functions.php 第 273 行.
NOTIC: [8] Undefined variable: name E:\wamp\www\weChat\ThinkPHP\Common\functions.php 第 278 行.
NOTIC: [8] Undefined variable: name E:\wamp\www\weChat\ThinkPHP\Common\functions.php 第 339 行.
SQL: SHOW COLUMNS FROM `wx_goods` [ RunTime:0.0320s ]
SQL: SELECT wx_goods.id,wx_goods.title,wx_goods.picture_id,wx_goods.point,wx_goods.goods_number,wx_goods.content,wx_goods.counter,wx_goods.money,wx_goods.discount,wx_goods.shipping,wx_goods.weight,wx_goods.stock,wx_goods.seat,wx_goods.pubtime,wx_goods.state,wx_goods_type.type_name,wx_goods_picture.img_url FROM `wx_goods` INNER JOIN wx_goods_type ON wx_goods.type = wx_goods_type.id INNER JOIN wx_goods_picture ON wx_goods.id = wx_goods_picture.img_id  WHERE wx_goods.id = null  [ RunTime:0.0009s ]

[ 2016-03-19T13:10:48+08:00 ] 127.0.0.1 /
INFO: [ app_init ] --START--
INFO: Run Behavior\BuildLiteBehavior [ RunTime:0.000045s ]
INFO: [ app_init ] --END-- [ RunTime:0.000819s ]
INFO: [ app_begin ] --START--
INFO: Run Behavior\ReadHtmlCacheBehavior [ RunTime:0.002287s ]
INFO: [ app_begin ] --END-- [ RunTime:0.002526s ]
NOTIC: [8] Undefined index: id E:\wamp\www\weChat\Application\Shop\Controller\IndexController.class.php 第 13 行.
NOTIC: [2] Missing argument 1 for I(), called in E:\wamp\www\weChat\Application\Shop\Controller\IndexController.class.php on line 14 and defined E:\wamp\www\weChat\ThinkPHP\Common\functions.php 第 271 行.
NOTIC: [8] Undefined variable: name E:\wamp\www\weChat\ThinkPHP\Common\functions.php 第 273 行.
NOTIC: [8] Undefined variable: name E:\wamp\www\weChat\ThinkPHP\Common\functions.php 第 278 行.
NOTIC: [8] Undefined variable: name E:\wamp\www\weChat\ThinkPHP\Common\functions.php 第 339 行.
SQL: SHOW COLUMNS FROM `wx_goods` [ RunTime:0.0833s ]
SQL: SELECT wx_goods.id,wx_goods.title,wx_goods.picture_id,wx_goods.point,wx_goods.goods_number,wx_goods.content,wx_goods.counter,wx_goods.money,wx_goods.discount,wx_goods.shipping,wx_goods.weight,wx_goods.stock,wx_goods.seat,wx_goods.pubtime,wx_goods.state,wx_goods_type.type_name,wx_goods_picture.img_url FROM `wx_goods` INNER JOIN wx_goods_type ON wx_goods.type = wx_goods_type.id INNER JOIN wx_goods_picture ON wx_goods.id = wx_goods_picture.img_id  WHERE wx_goods.id = null  [ RunTime:0.0007s ]

