[ 2016-02-26T10:52:46+08:00 ] 127.0.0.1 /
INFO: [ app_init ] --START--
INFO: Run Behavior\BuildLiteBehavior [ RunTime:0.000034s ]
INFO: [ app_init ] --END-- [ RunTime:0.008409s ]
INFO: [ app_begin ] --START--
INFO: Run Behavior\ReadHtmlCacheBehavior [ RunTime:0.011100s ]
INFO: [ app_begin ] --END-- [ RunTime:0.011279s ]
NOTIC: [2] Missing argument 1 for I(), called in E:\wamp\www\weChat\Application\Shop\Controller\IndexController.class.php on line 16 and defined E:\wamp\www\weChat\ThinkPHP\Common\functions.php 第 271 行.
NOTIC: [8] Undefined variable: name E:\wamp\www\weChat\ThinkPHP\Common\functions.php 第 273 行.
NOTIC: [8] Undefined variable: name E:\wamp\www\weChat\ThinkPHP\Common\functions.php 第 278 行.
NOTIC: [8] Undefined variable: name E:\wamp\www\weChat\ThinkPHP\Common\functions.php 第 339 行.
SQL: SHOW COLUMNS FROM `wx_goods` [ RunTime:0.0171s ]
SQL: SELECT wx_goods.id,wx_goods.title,wx_goods.picture_id,wx_goods.point,wx_goods.goods_number,wx_goods.content,wx_goods.counter,wx_goods.money,wx_goods.discount,wx_goods.shipping,wx_goods.weight,wx_goods.stock,wx_goods.seat,wx_goods.pubtime,wx_goods.state,wx_goods_type.type_name FROM `wx_goods` INNER JOIN wx_goods_type ON wx_goods.type = wx_goods_type.id  WHERE wx_goods.id = 1  [ RunTime:0.0012s ]
SQL: SHOW COLUMNS FROM `wx_goods_spec` [ RunTime:0.0079s ]
SQL: SELECT * FROM `wx_goods_spec` WHERE `goods_id` = 1  [ RunTime:0.0004s ]
SQL: SHOW COLUMNS FROM `wx_goods_specfocus` [ RunTime:0.0062s ]
SQL: SELECT * FROM `wx_goods_specfocus` WHERE `spec_id` = 1  [ RunTime:0.0006s ]
NOTIC: [8] Undefined index: g E:\wamp\www\weChat\Application\Shop\Controller\IndexController.class.php 第 43 行.
INFO: [ view_parse ] --START--
INFO: [ template_filter ] --START--
INFO: Run Behavior\ContentReplaceBehavior [ RunTime:0.000181s ]
INFO: [ template_filter ] --END-- [ RunTime:0.000321s ]
INFO: Run Behavior\ParseTemplateBehavior [ RunTime:0.061958s ]
INFO: [ view_parse ] --END-- [ RunTime:0.062111s ]
INFO: [ view_filter ] --START--
INFO: Run Behavior\WriteHtmlCacheBehavior [ RunTime:0.011658s ]
INFO: [ view_filter ] --END-- [ RunTime:0.011795s ]
INFO: [ app_end ] --START--
INFO: Run Behavior\ShowPageTraceBehavior [ RunTime:0.007130s ]
INFO: [ app_end ] --END-- [ RunTime:0.007280s ]

[ 2016-02-26T10:57:03+08:00 ] 127.0.0.1 /
INFO: [ app_init ] --START--
INFO: Run Behavior\BuildLiteBehavior [ RunTime:0.000034s ]
INFO: [ app_init ] --END-- [ RunTime:0.000602s ]
INFO: [ app_begin ] --START--
INFO: Run Behavior\ReadHtmlCacheBehavior [ RunTime:0.000721s ]
INFO: [ app_begin ] --END-- [ RunTime:0.000861s ]
NOTIC: [2] Missing argument 1 for I(), called in E:\wamp\www\weChat\Application\Shop\Controller\IndexController.class.php on line 16 and defined E:\wamp\www\weChat\ThinkPHP\Common\functions.php 第 271 行.
NOTIC: [8] Undefined variable: name E:\wamp\www\weChat\ThinkPHP\Common\functions.php 第 273 行.
NOTIC: [8] Undefined variable: name E:\wamp\www\weChat\ThinkPHP\Common\functions.php 第 278 行.
NOTIC: [8] Undefined variable: name E:\wamp\www\weChat\ThinkPHP\Common\functions.php 第 339 行.
SQL: SHOW COLUMNS FROM `wx_goods` [ RunTime:0.0069s ]
SQL: SELECT wx_goods.id,wx_goods.title,wx_goods.picture_id,wx_goods.point,wx_goods.goods_number,wx_goods.content,wx_goods.counter,wx_goods.money,wx_goods.discount,wx_goods.shipping,wx_goods.weight,wx_goods.stock,wx_goods.seat,wx_goods.pubtime,wx_goods.state,wx_goods_type.type_name FROM `wx_goods` INNER JOIN wx_goods_type ON wx_goods.type = wx_goods_type.id  WHERE wx_goods.id = 1  [ RunTime:0.0007s ]
SQL: SHOW COLUMNS FROM `wx_goods_spec` [ RunTime:0.0071s ]
SQL: SELECT * FROM `wx_goods_spec` WHERE `goods_id` = 1  [ RunTime:0.0005s ]
SQL: SHOW COLUMNS FROM `wx_goods_specfocus` [ RunTime:0.0078s ]
SQL: SELECT * FROM `wx_goods_specfocus` WHERE `spec_id` = 1  [ RunTime:0.0004s ]
NOTIC: [8] Undefined index: g E:\wamp\www\weChat\Application\Shop\Controller\IndexController.class.php 第 43 行.
INFO: [ view_parse ] --START--
INFO: [ template_filter ] --START--
INFO: Run Behavior\ContentReplaceBehavior [ RunTime:0.000126s ]
INFO: [ template_filter ] --END-- [ RunTime:0.000262s ]
INFO: Run Behavior\ParseTemplateBehavior [ RunTime:0.022237s ]
INFO: [ view_parse ] --END-- [ RunTime:0.022410s ]
INFO: [ view_filter ] --START--
INFO: Run Behavior\WriteHtmlCacheBehavior [ RunTime:0.000442s ]
INFO: [ view_filter ] --END-- [ RunTime:0.000548s ]
INFO: [ app_end ] --START--
INFO: Run Behavior\ShowPageTraceBehavior [ RunTime:0.000738s ]
INFO: [ app_end ] --END-- [ RunTime:0.000846s ]

[ 2016-02-26T12:47:12+08:00 ] 127.0.0.1 /
INFO: [ app_init ] --START--
INFO: Run Behavior\BuildLiteBehavior [ RunTime:0.000028s ]
INFO: [ app_init ] --END-- [ RunTime:0.000765s ]
INFO: [ app_begin ] --START--
INFO: Run Behavior\ReadHtmlCacheBehavior [ RunTime:0.001029s ]
INFO: [ app_begin ] --END-- [ RunTime:0.001232s ]
NOTIC: [2] Missing argument 1 for I(), called in E:\wamp\www\weChat\Application\Shop\Controller\IndexController.class.php on line 16 and defined E:\wamp\www\weChat\ThinkPHP\Common\functions.php 第 271 行.
NOTIC: [8] Undefined variable: name E:\wamp\www\weChat\ThinkPHP\Common\functions.php 第 273 行.
NOTIC: [8] Undefined variable: name E:\wamp\www\weChat\ThinkPHP\Common\functions.php 第 278 行.
NOTIC: [8] Undefined variable: name E:\wamp\www\weChat\ThinkPHP\Common\functions.php 第 339 行.
SQL: SHOW COLUMNS FROM `wx_goods` [ RunTime:0.0084s ]
SQL: SELECT wx_goods.id,wx_goods.title,wx_goods.picture_id,wx_goods.point,wx_goods.goods_number,wx_goods.content,wx_goods.counter,wx_goods.money,wx_goods.discount,wx_goods.shipping,wx_goods.weight,wx_goods.stock,wx_goods.seat,wx_goods.pubtime,wx_goods.state,wx_goods_type.type_name FROM `wx_goods` INNER JOIN wx_goods_type ON wx_goods.type = wx_goods_type.id  WHERE wx_goods.id = 1  [ RunTime:0.0010s ]
SQL: SHOW COLUMNS FROM `wx_goods_spec` [ RunTime:0.0067s ]
SQL: SELECT * FROM `wx_goods_spec` WHERE `goods_id` = 1  [ RunTime:0.0004s ]
SQL: SHOW COLUMNS FROM `wx_goods_specfocus` [ RunTime:0.0070s ]
SQL: SELECT * FROM `wx_goods_specfocus` WHERE `spec_id` = 1  [ RunTime:0.0006s ]
NOTIC: [8] Undefined index: g E:\wamp\www\weChat\Application\Shop\Controller\IndexController.class.php 第 43 行.
INFO: [ view_parse ] --START--
INFO: [ template_filter ] --START--
INFO: Run Behavior\ContentReplaceBehavior [ RunTime:0.000184s ]
INFO: [ template_filter ] --END-- [ RunTime:0.000348s ]
INFO: Run Behavior\ParseTemplateBehavior [ RunTime:0.020434s ]
INFO: [ view_parse ] --END-- [ RunTime:0.020579s ]
INFO: [ view_filter ] --START--
INFO: Run Behavior\WriteHtmlCacheBehavior [ RunTime:0.000446s ]
INFO: [ view_filter ] --END-- [ RunTime:0.000586s ]
INFO: [ app_end ] --START--
INFO: Run Behavior\ShowPageTraceBehavior [ RunTime:0.000686s ]
INFO: [ app_end ] --END-- [ RunTime:0.000799s ]

[ 2016-02-26T12:47:46+08:00 ] 127.0.0.1 /
INFO: [ app_init ] --START--
INFO: Run Behavior\BuildLiteBehavior [ RunTime:0.000030s ]
INFO: [ app_init ] --END-- [ RunTime:0.000701s ]
INFO: [ app_begin ] --START--
INFO: Run Behavior\ReadHtmlCacheBehavior [ RunTime:0.000860s ]
INFO: [ app_begin ] --END-- [ RunTime:0.001005s ]
NOTIC: [2] Missing argument 1 for I(), called in E:\wamp\www\weChat\Application\Shop\Controller\IndexController.class.php on line 16 and defined E:\wamp\www\weChat\ThinkPHP\Common\functions.php 第 271 行.
NOTIC: [8] Undefined variable: name E:\wamp\www\weChat\ThinkPHP\Common\functions.php 第 273 行.
NOTIC: [8] Undefined variable: name E:\wamp\www\weChat\ThinkPHP\Common\functions.php 第 278 行.
NOTIC: [8] Undefined variable: name E:\wamp\www\weChat\ThinkPHP\Common\functions.php 第 339 行.
SQL: SHOW COLUMNS FROM `wx_goods` [ RunTime:0.0081s ]
SQL: SELECT wx_goods.id,wx_goods.title,wx_goods.picture_id,wx_goods.point,wx_goods.goods_number,wx_goods.content,wx_goods.counter,wx_goods.money,wx_goods.discount,wx_goods.shipping,wx_goods.weight,wx_goods.stock,wx_goods.seat,wx_goods.pubtime,wx_goods.state,wx_goods_type.type_name FROM `wx_goods` INNER JOIN wx_goods_type ON wx_goods.type = wx_goods_type.id  WHERE wx_goods.id = 1  [ RunTime:0.0005s ]
SQL: SHOW COLUMNS FROM `wx_goods_spec` [ RunTime:0.0066s ]
SQL: SELECT * FROM `wx_goods_spec` WHERE `goods_id` = 1  [ RunTime:0.0006s ]
SQL: SHOW COLUMNS FROM `wx_goods_specfocus` [ RunTime:0.0079s ]
SQL: SELECT * FROM `wx_goods_specfocus` WHERE `spec_id` = 1  [ RunTime:0.0004s ]
NOTIC: [8] Undefined index: g E:\wamp\www\weChat\Application\Shop\Controller\IndexController.class.php 第 43 行.
INFO: [ view_parse ] --START--
INFO: [ template_filter ] --START--
INFO: Run Behavior\ContentReplaceBehavior [ RunTime:0.000127s ]
INFO: [ template_filter ] --END-- [ RunTime:0.000270s ]
INFO: Run Behavior\ParseTemplateBehavior [ RunTime:0.024802s ]
INFO: [ view_parse ] --END-- [ RunTime:0.024973s ]
INFO: [ view_filter ] --START--
INFO: Run Behavior\WriteHtmlCacheBehavior [ RunTime:0.000528s ]
INFO: [ view_filter ] --END-- [ RunTime:0.000650s ]
INFO: [ app_end ] --START--
INFO: Run Behavior\ShowPageTraceBehavior [ RunTime:0.000808s ]
INFO: [ app_end ] --END-- [ RunTime:0.000924s ]

[ 2016-02-26T18:03:51+08:00 ] 127.0.0.1 /
INFO: [ app_init ] --START--
INFO: Run Behavior\BuildLiteBehavior [ RunTime:0.000065s ]
INFO: [ app_init ] --END-- [ RunTime:0.009281s ]
INFO: [ app_begin ] --START--
INFO: Run Behavior\ReadHtmlCacheBehavior [ RunTime:0.016736s ]
INFO: [ app_begin ] --END-- [ RunTime:0.016890s ]
NOTIC: [2] Missing argument 1 for I(), called in E:\wamp\www\weChat\Application\Shop\Controller\IndexController.class.php on line 16 and defined E:\wamp\www\weChat\ThinkPHP\Common\functions.php 第 271 行.
NOTIC: [8] Undefined variable: name E:\wamp\www\weChat\ThinkPHP\Common\functions.php 第 273 行.
NOTIC: [8] Undefined variable: name E:\wamp\www\weChat\ThinkPHP\Common\functions.php 第 278 行.
NOTIC: [8] Undefined variable: name E:\wamp\www\weChat\ThinkPHP\Common\functions.php 第 339 行.
SQL: SHOW COLUMNS FROM `wx_goods` [ RunTime:0.0208s ]
SQL: SELECT wx_goods.id,wx_goods.title,wx_goods.picture_id,wx_goods.point,wx_goods.goods_number,wx_goods.content,wx_goods.counter,wx_goods.money,wx_goods.discount,wx_goods.shipping,wx_goods.weight,wx_goods.stock,wx_goods.seat,wx_goods.pubtime,wx_goods.state,wx_goods_type.type_name FROM `wx_goods` INNER JOIN wx_goods_type ON wx_goods.type = wx_goods_type.id  WHERE wx_goods.id = 1  [ RunTime:0.0012s ]
SQL: SHOW COLUMNS FROM `wx_goods_spec` [ RunTime:0.0240s ]
SQL: SELECT * FROM `wx_goods_spec` WHERE `goods_id` = 1  [ RunTime:0.0007s ]
SQL: SHOW COLUMNS FROM `wx_goods_specfocus` [ RunTime:0.0060s ]
SQL: SELECT * FROM `wx_goods_specfocus` WHERE `spec_id` = 1  [ RunTime:0.0006s ]
NOTIC: [8] Undefined index: g E:\wamp\www\weChat\Application\Shop\Controller\IndexController.class.php 第 43 行.
INFO: [ view_parse ] --START--
INFO: [ template_filter ] --START--
INFO: Run Behavior\ContentReplaceBehavior [ RunTime:0.000147s ]
INFO: [ template_filter ] --END-- [ RunTime:0.000267s ]
INFO: Run Behavior\ParseTemplateBehavior [ RunTime:0.059371s ]
INFO: [ view_parse ] --END-- [ RunTime:0.059525s ]
INFO: [ view_filter ] --START--
INFO: Run Behavior\WriteHtmlCacheBehavior [ RunTime:0.009345s ]
INFO: [ view_filter ] --END-- [ RunTime:0.009480s ]
INFO: [ app_end ] --START--
INFO: Run Behavior\ShowPageTraceBehavior [ RunTime:0.018110s ]
INFO: [ app_end ] --END-- [ RunTime:0.018260s ]

[ 2016-02-26T18:04:26+08:00 ] 127.0.0.1 /
INFO: [ app_init ] --START--
INFO: Run Behavior\BuildLiteBehavior [ RunTime:0.000026s ]
INFO: [ app_init ] --END-- [ RunTime:0.000529s ]
INFO: [ app_begin ] --START--
INFO: Run Behavior\ReadHtmlCacheBehavior [ RunTime:0.000788s ]
INFO: [ app_begin ] --END-- [ RunTime:0.000922s ]
NOTIC: [2] Missing argument 1 for I(), called in E:\wamp\www\weChat\Application\Shop\Controller\IndexController.class.php on line 16 and defined E:\wamp\www\weChat\ThinkPHP\Common\functions.php 第 271 行.
NOTIC: [8] Undefined variable: name E:\wamp\www\weChat\ThinkPHP\Common\functions.php 第 273 行.
NOTIC: [8] Undefined variable: name E:\wamp\www\weChat\ThinkPHP\Common\functions.php 第 278 行.
NOTIC: [8] Undefined variable: name E:\wamp\www\weChat\ThinkPHP\Common\functions.php 第 339 行.
SQL: SHOW COLUMNS FROM `wx_goods` [ RunTime:0.0063s ]
SQL: SELECT wx_goods.id,wx_goods.title,wx_goods.picture_id,wx_goods.point,wx_goods.goods_number,wx_goods.content,wx_goods.counter,wx_goods.money,wx_goods.discount,wx_goods.shipping,wx_goods.weight,wx_goods.stock,wx_goods.seat,wx_goods.pubtime,wx_goods.state,wx_goods_type.type_name FROM `wx_goods` INNER JOIN wx_goods_type ON wx_goods.type = wx_goods_type.id  WHERE wx_goods.id = 1  [ RunTime:0.0006s ]
SQL: SHOW COLUMNS FROM `wx_goods_spec` [ RunTime:0.0063s ]
SQL: SELECT * FROM `wx_goods_spec` WHERE `goods_id` = 1  [ RunTime:0.0004s ]
SQL: SHOW COLUMNS FROM `wx_goods_specfocus` [ RunTime:0.0064s ]
SQL: SELECT * FROM `wx_goods_specfocus` WHERE `spec_id` = 1  [ RunTime:0.0005s ]
NOTIC: [8] Undefined index: g E:\wamp\www\weChat\Application\Shop\Controller\IndexController.class.php 第 43 行.
INFO: [ view_parse ] --START--
INFO: [ template_filter ] --START--
INFO: Run Behavior\ContentReplaceBehavior [ RunTime:0.000227s ]
INFO: [ template_filter ] --END-- [ RunTime:0.000379s ]
INFO: Run Behavior\ParseTemplateBehavior [ RunTime:0.020159s ]
INFO: [ view_parse ] --END-- [ RunTime:0.020364s ]
INFO: [ view_filter ] --START--
INFO: Run Behavior\WriteHtmlCacheBehavior [ RunTime:0.001092s ]
INFO: [ view_filter ] --END-- [ RunTime:0.001459s ]
INFO: [ app_end ] --START--
INFO: Run Behavior\ShowPageTraceBehavior [ RunTime:0.000858s ]
INFO: [ app_end ] --END-- [ RunTime:0.001060s ]

[ 2016-02-26T18:04:27+08:00 ] 127.0.0.1 /
INFO: [ app_init ] --START--
INFO: Run Behavior\BuildLiteBehavior [ RunTime:0.000029s ]
INFO: [ app_init ] --END-- [ RunTime:0.000593s ]
INFO: [ app_begin ] --START--
INFO: Run Behavior\ReadHtmlCacheBehavior [ RunTime:0.000759s ]
INFO: [ app_begin ] --END-- [ RunTime:0.000895s ]
NOTIC: [2] Missing argument 1 for I(), called in E:\wamp\www\weChat\Application\Shop\Controller\IndexController.class.php on line 16 and defined E:\wamp\www\weChat\ThinkPHP\Common\functions.php 第 271 行.
NOTIC: [8] Undefined variable: name E:\wamp\www\weChat\ThinkPHP\Common\functions.php 第 273 行.
NOTIC: [8] Undefined variable: name E:\wamp\www\weChat\ThinkPHP\Common\functions.php 第 278 行.
NOTIC: [8] Undefined variable: name E:\wamp\www\weChat\ThinkPHP\Common\functions.php 第 339 行.
SQL: SHOW COLUMNS FROM `wx_goods` [ RunTime:0.0062s ]
SQL: SELECT wx_goods.id,wx_goods.title,wx_goods.picture_id,wx_goods.point,wx_goods.goods_number,wx_goods.content,wx_goods.counter,wx_goods.money,wx_goods.discount,wx_goods.shipping,wx_goods.weight,wx_goods.stock,wx_goods.seat,wx_goods.pubtime,wx_goods.state,wx_goods_type.type_name FROM `wx_goods` INNER JOIN wx_goods_type ON wx_goods.type = wx_goods_type.id  WHERE wx_goods.id = 1  [ RunTime:0.0008s ]
SQL: SHOW COLUMNS FROM `wx_goods_spec` [ RunTime:0.0060s ]
SQL: SELECT * FROM `wx_goods_spec` WHERE `goods_id` = 1  [ RunTime:0.0006s ]
SQL: SHOW COLUMNS FROM `wx_goods_specfocus` [ RunTime:0.0060s ]
SQL: SELECT * FROM `wx_goods_specfocus` WHERE `spec_id` = 1  [ RunTime:0.0004s ]
NOTIC: [8] Undefined index: g E:\wamp\www\weChat\Application\Shop\Controller\IndexController.class.php 第 43 行.
INFO: [ view_parse ] --START--
INFO: [ template_filter ] --START--
INFO: Run Behavior\ContentReplaceBehavior [ RunTime:0.000128s ]
INFO: [ template_filter ] --END-- [ RunTime:0.000270s ]
INFO: Run Behavior\ParseTemplateBehavior [ RunTime:0.025237s ]
INFO: [ view_parse ] --END-- [ RunTime:0.025459s ]
INFO: [ view_filter ] --START--
INFO: Run Behavior\WriteHtmlCacheBehavior [ RunTime:0.000755s ]
INFO: [ view_filter ] --END-- [ RunTime:0.000922s ]
INFO: [ app_end ] --START--
INFO: Run Behavior\ShowPageTraceBehavior [ RunTime:0.000831s ]
INFO: [ app_end ] --END-- [ RunTime:0.000949s ]

[ 2016-02-26T18:05:46+08:00 ] 127.0.0.1 /
INFO: [ app_init ] --START--
INFO: Run Behavior\BuildLiteBehavior [ RunTime:0.000124s ]
INFO: [ app_init ] --END-- [ RunTime:0.001550s ]
INFO: [ app_begin ] --START--
INFO: Run Behavior\ReadHtmlCacheBehavior [ RunTime:0.001258s ]
INFO: [ app_begin ] --END-- [ RunTime:0.001593s ]
NOTIC: [2] Missing argument 1 for I(), called in E:\wamp\www\weChat\Application\Shop\Controller\IndexController.class.php on line 16 and defined E:\wamp\www\weChat\ThinkPHP\Common\functions.php 第 271 行.
NOTIC: [8] Undefined variable: name E:\wamp\www\weChat\ThinkPHP\Common\functions.php 第 273 行.
NOTIC: [8] Undefined variable: name E:\wamp\www\weChat\ThinkPHP\Common\functions.php 第 278 行.
NOTIC: [8] Undefined variable: name E:\wamp\www\weChat\ThinkPHP\Common\functions.php 第 339 行.
SQL: SHOW COLUMNS FROM `wx_goods` [ RunTime:0.0074s ]
SQL: SELECT wx_goods.id,wx_goods.title,wx_goods.picture_id,wx_goods.point,wx_goods.goods_number,wx_goods.content,wx_goods.counter,wx_goods.money,wx_goods.discount,wx_goods.shipping,wx_goods.weight,wx_goods.stock,wx_goods.seat,wx_goods.pubtime,wx_goods.state,wx_goods_type.type_name FROM `wx_goods` INNER JOIN wx_goods_type ON wx_goods.type = wx_goods_type.id  WHERE wx_goods.id = 1  [ RunTime:0.0007s ]
SQL: SHOW COLUMNS FROM `wx_goods_spec` [ RunTime:0.0066s ]
SQL: SELECT * FROM `wx_goods_spec` WHERE `goods_id` = 1  [ RunTime:0.0003s ]
SQL: SHOW COLUMNS FROM `wx_goods_specfocus` [ RunTime:0.0073s ]
SQL: SELECT * FROM `wx_goods_specfocus` WHERE `spec_id` = 1  [ RunTime:0.0004s ]
NOTIC: [8] Undefined index: g E:\wamp\www\weChat\Application\Shop\Controller\IndexController.class.php 第 43 行.
INFO: [ view_parse ] --START--
INFO: [ template_filter ] --START--
INFO: Run Behavior\ContentReplaceBehavior [ RunTime:0.000244s ]
INFO: [ template_filter ] --END-- [ RunTime:0.000472s ]
INFO: Run Behavior\ParseTemplateBehavior [ RunTime:0.032190s ]
INFO: [ view_parse ] --END-- [ RunTime:0.032486s ]
INFO: [ view_filter ] --START--
INFO: Run Behavior\WriteHtmlCacheBehavior [ RunTime:0.001425s ]
INFO: [ view_filter ] --END-- [ RunTime:0.001704s ]
INFO: [ app_end ] --START--
INFO: Run Behavior\ShowPageTraceBehavior [ RunTime:0.002063s ]
INFO: [ app_end ] --END-- [ RunTime:0.002452s ]

