[ 2016-05-28T15:15:48+08:00 ] 127.0.0.1 /?id=1
INFO: [ app_init ] --START--
INFO: Run Behavior\BuildLiteBehavior [ RunTime:0.000045s ]
INFO: [ app_init ] --END-- [ RunTime:0.000846s ]
INFO: [ app_begin ] --START--
INFO: Run Behavior\ReadHtmlCacheBehavior [ RunTime:0.000731s ]
INFO: [ app_begin ] --END-- [ RunTime:0.000899s ]
NOTIC: [2] Missing argument 1 for I(), called in E:\wamp\www\weChat\Application\Shop\Controller\IndexController.class.php on line 15 and defined E:\wamp\www\weChat\ThinkPHP\Common\functions.php 第 271 行.
NOTIC: [8] Undefined variable: name E:\wamp\www\weChat\ThinkPHP\Common\functions.php 第 273 行.
NOTIC: [8] Undefined variable: name E:\wamp\www\weChat\ThinkPHP\Common\functions.php 第 278 行.
NOTIC: [8] Undefined variable: name E:\wamp\www\weChat\ThinkPHP\Common\functions.php 第 339 行.
SQL: SHOW COLUMNS FROM `wx_goods` [ RunTime:0.0064s ]
SQL: SELECT wx_goods.id,wx_goods.title,wx_goods.picture_id,wx_goods.point,wx_goods.goods_number,wx_goods.content,wx_goods.counter,wx_goods.records,wx_goods.money,wx_goods.discount,wx_goods.shipping,wx_goods.weight,wx_goods.stock,wx_goods.attribute,wx_goods.seat,wx_goods.pubtime,wx_goods.state,wx_goods_type.type_name,wx_goods_picture.img_url FROM `wx_goods` INNER JOIN wx_goods_type ON wx_goods.type = wx_goods_type.id INNER JOIN wx_goods_picture ON wx_goods.id = wx_goods_picture.img_id  WHERE wx_goods.id = '1'  [ RunTime:0.0006s ]
NOTIC: [8] Undefined variable: img_data E:\wamp\www\weChat\Application\Shop\Controller\IndexController.class.php 第 31 行.
NOTIC: [8] Undefined index: picture E:\wamp\www\weChat\Application\Shop\Controller\IndexController.class.php 第 31 行.
SQL: SHOW COLUMNS FROM `wx_goods_spec` [ RunTime:0.0070s ]
SQL: SELECT * FROM `wx_goods_spec` WHERE `goods_id` = 1  [ RunTime:0.0007s ]
SQL: SHOW COLUMNS FROM `wx_goods_specfocus` [ RunTime:0.0057s ]
SQL: SELECT * FROM `wx_goods_specfocus` WHERE `spec_id` = 1  [ RunTime:0.0004s ]
NOTIC: [8] Undefined index: g E:\wamp\www\weChat\Application\Shop\Controller\IndexController.class.php 第 50 行.
NOTIC: [8] Undefined index: HTTP_VIA E:\wamp\www\weChat\Application\Common\Common\function.php 第 116 行.
INFO: [ view_parse ] --START--
INFO: [ template_filter ] --START--
INFO: Run Behavior\ContentReplaceBehavior [ RunTime:0.000129s ]
INFO: [ template_filter ] --END-- [ RunTime:0.000258s ]
INFO: Run Behavior\ParseTemplateBehavior [ RunTime:0.033911s ]
INFO: [ view_parse ] --END-- [ RunTime:0.034072s ]
INFO: [ view_filter ] --START--
INFO: Run Behavior\WriteHtmlCacheBehavior [ RunTime:0.000489s ]
INFO: [ view_filter ] --END-- [ RunTime:0.000620s ]
INFO: [ app_end ] --START--
INFO: Run Behavior\ShowPageTraceBehavior [ RunTime:0.000811s ]
INFO: [ app_end ] --END-- [ RunTime:0.000938s ]

[ 2016-05-28T15:16:08+08:00 ] 127.0.0.1 /Shop/Index/skuList.html
INFO: [ app_init ] --START--
INFO: Run Behavior\BuildLiteBehavior [ RunTime:0.000042s ]
INFO: [ app_init ] --END-- [ RunTime:0.000694s ]
INFO: [ app_begin ] --START--
INFO: Run Behavior\ReadHtmlCacheBehavior [ RunTime:0.000499s ]
INFO: [ app_begin ] --END-- [ RunTime:0.000619s ]
NOTIC: [2] Missing argument 1 for I(), called in E:\wamp\www\weChat\Application\Shop\Controller\IndexController.class.php on line 111 and defined E:\wamp\www\weChat\ThinkPHP\Common\functions.php 第 271 行.
NOTIC: [8] Undefined variable: name E:\wamp\www\weChat\ThinkPHP\Common\functions.php 第 273 行.
NOTIC: [8] Undefined variable: name E:\wamp\www\weChat\ThinkPHP\Common\functions.php 第 278 行.
NOTIC: [8] Undefined variable: name E:\wamp\www\weChat\ThinkPHP\Common\functions.php 第 339 行.
SQL: SHOW COLUMNS FROM `wx_goods_specfocus` [ RunTime:0.0058s ]
SQL: SELECT * FROM `wx_goods_specfocus` WHERE `spec_id` = '2'  [ RunTime:0.0004s ]
NOTIC: [8] Undefined variable: str E:\wamp\www\weChat\Application\Shop\Controller\IndexController.class.php 第 127 行.

[ 2016-05-28T15:16:12+08:00 ] 127.0.0.1 /Shop/Index/order.html
INFO: [ app_init ] --START--
INFO: Run Behavior\BuildLiteBehavior [ RunTime:0.000041s ]
INFO: [ app_init ] --END-- [ RunTime:0.000787s ]
INFO: [ app_begin ] --START--
INFO: Run Behavior\ReadHtmlCacheBehavior [ RunTime:0.000908s ]
INFO: [ app_begin ] --END-- [ RunTime:0.001053s ]
NOTIC: [2] Missing argument 1 for I(), called in E:\wamp\www\weChat\Application\Shop\Controller\IndexController.class.php on line 186 and defined E:\wamp\www\weChat\ThinkPHP\Common\functions.php 第 271 行.
NOTIC: [8] Undefined variable: name E:\wamp\www\weChat\ThinkPHP\Common\functions.php 第 273 行.
NOTIC: [8] Undefined variable: name E:\wamp\www\weChat\ThinkPHP\Common\functions.php 第 278 行.
NOTIC: [8] Undefined variable: name E:\wamp\www\weChat\ThinkPHP\Common\functions.php 第 339 行.
SQL: SHOW COLUMNS FROM `wx_goods_specfocus` [ RunTime:0.0494s ]
SQL: SELECT wx_goods_specfocus.id,wx_goods_specfocus.focus_name,wx_goods_specfocus.spec_mey,wx_goods_spec.spec_name FROM `wx_goods_specfocus` INNER JOIN wx_goods_spec ON wx_goods_specfocus.spec_id = wx_goods_spec.id  WHERE wx_goods_specfocus.id = '3'  [ RunTime:0.0004s ]
SQL: SHOW COLUMNS FROM `wx_order` [ RunTime:0.0054s ]
SQL: SHOW COLUMNS FROM `wx_order_detailed` [ RunTime:0.0065s ]
SQL: SHOW COLUMNS FROM `wx_order` [ RunTime:0.0065s ]
SQL: SELECT COUNT(*) AS tp_count FROM `wx_order` WHERE `ip` = '127.0.0.1' LIMIT 1   [ RunTime:0.0006s ]
NOTIC: [2] Missing argument 1 for Think\Model::where(), called in E:\wamp\www\weChat\Application\Shop\Controller\IndexController.class.php on line 252 and defined E:\wamp\www\weChat\ThinkPHP\Library\Think\Model.class.php 第 1797 行.
NOTIC: [8] Undefined variable: where E:\wamp\www\weChat\ThinkPHP\Library\Think\Model.class.php 第 1805 行.
NOTIC: [8] Undefined variable: where E:\wamp\www\weChat\ThinkPHP\Library\Think\Model.class.php 第 1808 行.
NOTIC: [8] Undefined variable: where E:\wamp\www\weChat\ThinkPHP\Library\Think\Model.class.php 第 1816 行.
SQL: INSERT INTO `wx_order` (`goods_id`,`order_title`,`product_img`,`order`,`product`,`size`,`consignee`,`mob`,`address`,`mey`,`paytype`,`position`,`paystate`,`paytime`,`guest`,`ip`,`countip`) VALUES ('1','纯羊皮男士真皮高当商务型皮衣限时特卖火爆抢购中','https://img.alicdn.com/imgextra/i1/2209555500/TB2JY0qjpXXXXauXXXXXXXXXXXX_!!2209555500.jpg','1464419769','(黑色)加绒','165/S','是的','13428852533','北京市市辖区东城区而非','468.00','0','0','1','1464419769','','127.0.0.1','56') [ RunTime:0.3855s ]
NOTIC: [2] Missing argument 1 for Think\Model::where(), called in E:\wamp\www\weChat\Application\Shop\Controller\IndexController.class.php on line 258 and defined E:\wamp\www\weChat\ThinkPHP\Library\Think\Model.class.php 第 1797 行.
NOTIC: [8] Undefined variable: where E:\wamp\www\weChat\ThinkPHP\Library\Think\Model.class.php 第 1805 行.
NOTIC: [8] Undefined variable: where E:\wamp\www\weChat\ThinkPHP\Library\Think\Model.class.php 第 1808 行.
NOTIC: [8] Undefined variable: where E:\wamp\www\weChat\ThinkPHP\Library\Think\Model.class.php 第 1816 行.
SQL: INSERT INTO `wx_order_detailed` (`order_id`,`size_id`) VALUES ('219','3') [ RunTime:0.0624s ]
NOTIC: [8] Undefined variable: str E:\wamp\www\weChat\Application\Shop\Controller\IndexController.class.php 第 263 行.

[ 2016-05-28T15:16:12+08:00 ] 127.0.0.1 /Shop/Index/orderInfo/order/MTAyNTA5MzgzODM%3D.html
INFO: [ app_init ] --START--
INFO: Run Behavior\BuildLiteBehavior [ RunTime:0.000041s ]
INFO: [ app_init ] --END-- [ RunTime:0.000936s ]
INFO: [ app_begin ] --START--
INFO: Run Behavior\ReadHtmlCacheBehavior [ RunTime:0.001076s ]
INFO: [ app_begin ] --END-- [ RunTime:0.001196s ]
NOTIC: [2] Missing argument 1 for I(), called in E:\wamp\www\weChat\Application\Shop\Controller\IndexController.class.php on line 171 and defined E:\wamp\www\weChat\ThinkPHP\Common\functions.php 第 271 行.
NOTIC: [8] Undefined variable: name E:\wamp\www\weChat\ThinkPHP\Common\functions.php 第 273 行.
NOTIC: [8] Undefined variable: name E:\wamp\www\weChat\ThinkPHP\Common\functions.php 第 278 行.
NOTIC: [8] Undefined variable: name E:\wamp\www\weChat\ThinkPHP\Common\functions.php 第 339 行.
SQL: SHOW COLUMNS FROM `wx_order` [ RunTime:0.0077s ]
SQL: SHOW COLUMNS FROM `wx_order` [ RunTime:0.0051s ]
SQL: SELECT * FROM `wx_order` WHERE `order` = 1464419769  [ RunTime:0.0009s ]
INFO: [ view_parse ] --START--
INFO: [ template_filter ] --START--
INFO: Run Behavior\ContentReplaceBehavior [ RunTime:0.000102s ]
INFO: [ template_filter ] --END-- [ RunTime:0.000223s ]
INFO: Run Behavior\ParseTemplateBehavior [ RunTime:0.039993s ]
INFO: [ view_parse ] --END-- [ RunTime:0.040120s ]
INFO: [ view_filter ] --START--
INFO: Run Behavior\WriteHtmlCacheBehavior [ RunTime:0.000717s ]
INFO: [ view_filter ] --END-- [ RunTime:0.000820s ]
INFO: [ app_end ] --START--
INFO: Run Behavior\ShowPageTraceBehavior [ RunTime:0.000939s ]
INFO: [ app_end ] --END-- [ RunTime:0.001040s ]

[ 2016-05-28T15:17:06+08:00 ] 127.0.0.1 /Shop/Index/order.html
INFO: [ app_init ] --START--
INFO: Run Behavior\BuildLiteBehavior [ RunTime:0.000026s ]
INFO: [ app_init ] --END-- [ RunTime:0.000520s ]
INFO: [ app_begin ] --START--
INFO: Run Behavior\ReadHtmlCacheBehavior [ RunTime:0.000703s ]
INFO: [ app_begin ] --END-- [ RunTime:0.000829s ]
NOTIC: [2] Missing argument 1 for I(), called in E:\wamp\www\weChat\Application\Shop\Controller\IndexController.class.php on line 186 and defined E:\wamp\www\weChat\ThinkPHP\Common\functions.php 第 271 行.
NOTIC: [8] Undefined variable: name E:\wamp\www\weChat\ThinkPHP\Common\functions.php 第 273 行.
NOTIC: [8] Undefined variable: name E:\wamp\www\weChat\ThinkPHP\Common\functions.php 第 278 行.
NOTIC: [8] Undefined variable: name E:\wamp\www\weChat\ThinkPHP\Common\functions.php 第 339 行.
SQL: SHOW COLUMNS FROM `wx_goods_specfocus` [ RunTime:0.0523s ]
SQL: SELECT wx_goods_specfocus.id,wx_goods_specfocus.focus_name,wx_goods_specfocus.spec_mey,wx_goods_spec.spec_name FROM `wx_goods_specfocus` INNER JOIN wx_goods_spec ON wx_goods_specfocus.spec_id = wx_goods_spec.id  WHERE wx_goods_specfocus.id = '1'  [ RunTime:0.0005s ]
SQL: SHOW COLUMNS FROM `wx_order` [ RunTime:0.0702s ]
SQL: SHOW COLUMNS FROM `wx_order_detailed` [ RunTime:0.0062s ]
SQL: SHOW COLUMNS FROM `wx_order` [ RunTime:0.0049s ]
SQL: SELECT COUNT(*) AS tp_count FROM `wx_order` WHERE `ip` = '127.0.0.1' LIMIT 1   [ RunTime:0.0006s ]
NOTIC: [2] Missing argument 1 for Think\Model::where(), called in E:\wamp\www\weChat\Application\Shop\Controller\IndexController.class.php on line 252 and defined E:\wamp\www\weChat\ThinkPHP\Library\Think\Model.class.php 第 1797 行.
NOTIC: [8] Undefined variable: where E:\wamp\www\weChat\ThinkPHP\Library\Think\Model.class.php 第 1805 行.
NOTIC: [8] Undefined variable: where E:\wamp\www\weChat\ThinkPHP\Library\Think\Model.class.php 第 1808 行.
NOTIC: [8] Undefined variable: where E:\wamp\www\weChat\ThinkPHP\Library\Think\Model.class.php 第 1816 行.
SQL: INSERT INTO `wx_order` (`goods_id`,`order_title`,`product_img`,`order`,`product`,`size`,`consignee`,`mob`,`address`,`mey`,`paytype`,`position`,`paystate`,`paytime`,`guest`,`ip`,`countip`) VALUES ('1','纯羊皮男士真皮高当商务型皮衣限时特卖火爆抢购中','https://img.alicdn.com/imgextra/i1/2209555500/TB2JY0qjpXXXXauXXXXXXXXXXXX_!!2209555500.jpg','1464419824','(黑色)单皮','165/S','是的哦','13428852533','北京市市辖区东城区而非','358.00','0','0','1','1464419824','','127.0.0.1','57') [ RunTime:0.1081s ]
NOTIC: [2] Missing argument 1 for Think\Model::where(), called in E:\wamp\www\weChat\Application\Shop\Controller\IndexController.class.php on line 258 and defined E:\wamp\www\weChat\ThinkPHP\Library\Think\Model.class.php 第 1797 行.
NOTIC: [8] Undefined variable: where E:\wamp\www\weChat\ThinkPHP\Library\Think\Model.class.php 第 1805 行.
NOTIC: [8] Undefined variable: where E:\wamp\www\weChat\ThinkPHP\Library\Think\Model.class.php 第 1808 行.
NOTIC: [8] Undefined variable: where E:\wamp\www\weChat\ThinkPHP\Library\Think\Model.class.php 第 1816 行.
SQL: INSERT INTO `wx_order_detailed` (`order_id`,`size_id`) VALUES ('220','1') [ RunTime:0.0546s ]
NOTIC: [8] Undefined variable: str E:\wamp\www\weChat\Application\Shop\Controller\IndexController.class.php 第 263 行.

[ 2016-05-28T15:17:06+08:00 ] 127.0.0.1 /Shop/Index/orderInfo/order/MTAyNTA5Mzg3Njg%3D.html
INFO: [ app_init ] --START--
INFO: Run Behavior\BuildLiteBehavior [ RunTime:0.000078s ]
INFO: [ app_init ] --END-- [ RunTime:0.001097s ]
INFO: [ app_begin ] --START--
INFO: Run Behavior\ReadHtmlCacheBehavior [ RunTime:0.000592s ]
INFO: [ app_begin ] --END-- [ RunTime:0.000715s ]
NOTIC: [2] Missing argument 1 for I(), called in E:\wamp\www\weChat\Application\Shop\Controller\IndexController.class.php on line 171 and defined E:\wamp\www\weChat\ThinkPHP\Common\functions.php 第 271 行.
NOTIC: [8] Undefined variable: name E:\wamp\www\weChat\ThinkPHP\Common\functions.php 第 273 行.
NOTIC: [8] Undefined variable: name E:\wamp\www\weChat\ThinkPHP\Common\functions.php 第 278 行.
NOTIC: [8] Undefined variable: name E:\wamp\www\weChat\ThinkPHP\Common\functions.php 第 339 行.
SQL: SHOW COLUMNS FROM `wx_order` [ RunTime:0.0057s ]
SQL: SHOW COLUMNS FROM `wx_order` [ RunTime:0.0904s ]
SQL: SELECT * FROM `wx_order` WHERE `order` = 1464419824  [ RunTime:0.0010s ]
INFO: [ view_parse ] --START--
INFO: [ template_filter ] --START--
INFO: Run Behavior\ContentReplaceBehavior [ RunTime:0.000070s ]
INFO: [ template_filter ] --END-- [ RunTime:0.000184s ]
INFO: Run Behavior\ParseTemplateBehavior [ RunTime:0.009697s ]
INFO: [ view_parse ] --END-- [ RunTime:0.009827s ]
INFO: [ view_filter ] --START--
INFO: Run Behavior\WriteHtmlCacheBehavior [ RunTime:0.000261s ]
INFO: [ view_filter ] --END-- [ RunTime:0.000358s ]
INFO: [ app_end ] --START--
INFO: Run Behavior\ShowPageTraceBehavior [ RunTime:0.000593s ]
INFO: [ app_end ] --END-- [ RunTime:0.000689s ]

