[ 2016-01-30T12:29:02+08:00 ] 127.0.0.1 /
INFO: [ app_init ] --START--
INFO: Run Behavior\BuildLiteBehavior [ RunTime:0.000027s ]
INFO: [ app_init ] --END-- [ RunTime:0.000773s ]
INFO: [ app_begin ] --START--
INFO: Run Behavior\ReadHtmlCacheBehavior [ RunTime:0.001942s ]
INFO: [ app_begin ] --END-- [ RunTime:0.002187s ]
INFO: [ view_parse ] --START--
INFO: [ template_filter ] --START--
INFO: Run Behavior\ContentReplaceBehavior [ RunTime:0.000219s ]
INFO: [ template_filter ] --END-- [ RunTime:0.000384s ]
INFO: Run Behavior\ParseTemplateBehavior [ RunTime:0.032883s ]
INFO: [ view_parse ] --END-- [ RunTime:0.033132s ]
INFO: [ view_filter ] --START--
INFO: Run Behavior\WriteHtmlCacheBehavior [ RunTime:0.001452s ]
INFO: [ view_filter ] --END-- [ RunTime:0.001627s ]
INFO: [ app_end ] --START--
INFO: Run Behavior\ShowPageTraceBehavior [ RunTime:0.001471s ]
INFO: [ app_end ] --END-- [ RunTime:0.001714s ]

[ 2016-01-30T23:02:50+08:00 ] 127.0.0.1 /shop/goods
INFO: [ app_init ] --START--
INFO: Run Behavior\BuildLiteBehavior [ RunTime:0.000043s ]
INFO: [ app_init ] --END-- [ RunTime:0.000570s ]
INFO: [ app_begin ] --START--
INFO: Run Behavior\ReadHtmlCacheBehavior [ RunTime:0.001152s ]
INFO: [ app_begin ] --END-- [ RunTime:0.001446s ]
NOTIC: [2] Missing argument 1 for I(), called in E:\wamp\www\weChat\Application\Shop\Controller\GoodsController.class.php on line 12 and defined E:\wamp\www\weChat\ThinkPHP\Common\functions.php 第 271 行.
NOTIC: [8] Undefined variable: name E:\wamp\www\weChat\ThinkPHP\Common\functions.php 第 273 行.
NOTIC: [8] Undefined variable: name E:\wamp\www\weChat\ThinkPHP\Common\functions.php 第 278 行.
NOTIC: [8] Undefined variable: name E:\wamp\www\weChat\ThinkPHP\Common\functions.php 第 339 行.
SQL: SHOW COLUMNS FROM `wx_goods` [ RunTime:0.0061s ]
SQL: SELECT wx_goods.id,wx_goods.title,wx_goods.picture_id,wx_goods.point,wx_goods.goods_number,wx_goods.content,wx_goods.money,wx_goods.discount,wx_goods.shipping,wx_goods.weight,wx_goods.stock,wx_goods.seat,wx_goods.pubtime,wx_goods.state,wx_goods_type.type_name FROM `wx_goods` INNER JOIN wx_goods_type ON wx_goods.type = wx_goods_type.id  WHERE wx_goods.id = 1  [ RunTime:0.0008s ]
SQL: SHOW COLUMNS FROM `wx_goods_spec` [ RunTime:0.0058s ]
SQL: SELECT * FROM `wx_goods_spec` WHERE `goods_id` = 1  [ RunTime:0.0004s ]
SQL: SHOW COLUMNS FROM `wx_goods_specfocus` [ RunTime:0.0054s ]
SQL: SELECT * FROM `wx_goods_specfocus` WHERE `spec_id` = 1  [ RunTime:0.0003s ]
INFO: [ view_parse ] --START--
INFO: [ template_filter ] --START--
INFO: Run Behavior\ContentReplaceBehavior [ RunTime:0.000170s ]
INFO: [ template_filter ] --END-- [ RunTime:0.000368s ]
INFO: Run Behavior\ParseTemplateBehavior [ RunTime:0.042467s ]
INFO: [ view_parse ] --END-- [ RunTime:0.042610s ]
INFO: [ view_filter ] --START--
INFO: Run Behavior\WriteHtmlCacheBehavior [ RunTime:0.000415s ]
INFO: [ view_filter ] --END-- [ RunTime:0.000519s ]
INFO: [ app_end ] --START--
INFO: Run Behavior\ShowPageTraceBehavior [ RunTime:0.000615s ]
INFO: [ app_end ] --END-- [ RunTime:0.000722s ]

[ 2016-01-30T23:02:57+08:00 ] 127.0.0.1 /Shop/Goods/skuList.html
INFO: [ app_init ] --START--
INFO: Run Behavior\BuildLiteBehavior [ RunTime:0.000028s ]
INFO: [ app_init ] --END-- [ RunTime:0.000579s ]
INFO: [ app_begin ] --START--
INFO: Run Behavior\ReadHtmlCacheBehavior [ RunTime:0.000977s ]
INFO: [ app_begin ] --END-- [ RunTime:0.001114s ]
NOTIC: [2] Missing argument 1 for I(), called in E:\wamp\www\weChat\Application\Shop\Controller\GoodsController.class.php on line 45 and defined E:\wamp\www\weChat\ThinkPHP\Common\functions.php 第 271 行.
NOTIC: [8] Undefined variable: name E:\wamp\www\weChat\ThinkPHP\Common\functions.php 第 273 行.
NOTIC: [8] Undefined variable: name E:\wamp\www\weChat\ThinkPHP\Common\functions.php 第 278 行.
NOTIC: [8] Undefined variable: name E:\wamp\www\weChat\ThinkPHP\Common\functions.php 第 339 行.
SQL: SHOW COLUMNS FROM `wx_goods_specfocus` [ RunTime:0.0057s ]
SQL: SELECT * FROM `wx_goods_specfocus` WHERE `spec_id` = '1'  [ RunTime:0.0009s ]
NOTIC: [8] Undefined variable: str E:\wamp\www\weChat\Application\Shop\Controller\GoodsController.class.php 第 61 行.

[ 2016-01-30T23:03:00+08:00 ] 127.0.0.1 /Shop/Goods/skuList.html
INFO: [ app_init ] --START--
INFO: Run Behavior\BuildLiteBehavior [ RunTime:0.000043s ]
INFO: [ app_init ] --END-- [ RunTime:0.000644s ]
INFO: [ app_begin ] --START--
INFO: Run Behavior\ReadHtmlCacheBehavior [ RunTime:0.000570s ]
INFO: [ app_begin ] --END-- [ RunTime:0.000688s ]
NOTIC: [2] Missing argument 1 for I(), called in E:\wamp\www\weChat\Application\Shop\Controller\GoodsController.class.php on line 45 and defined E:\wamp\www\weChat\ThinkPHP\Common\functions.php 第 271 行.
NOTIC: [8] Undefined variable: name E:\wamp\www\weChat\ThinkPHP\Common\functions.php 第 273 行.
NOTIC: [8] Undefined variable: name E:\wamp\www\weChat\ThinkPHP\Common\functions.php 第 278 行.
NOTIC: [8] Undefined variable: name E:\wamp\www\weChat\ThinkPHP\Common\functions.php 第 339 行.
SQL: SHOW COLUMNS FROM `wx_goods_specfocus` [ RunTime:0.0098s ]
SQL: SELECT * FROM `wx_goods_specfocus` WHERE `spec_id` = '2'  [ RunTime:0.0003s ]
NOTIC: [8] Undefined variable: str E:\wamp\www\weChat\Application\Shop\Controller\GoodsController.class.php 第 61 行.

[ 2016-01-30T23:03:13+08:00 ] 127.0.0.1 /Shop/Goods/skuList.html
INFO: [ app_init ] --START--
INFO: Run Behavior\BuildLiteBehavior [ RunTime:0.000024s ]
INFO: [ app_init ] --END-- [ RunTime:0.000440s ]
INFO: [ app_begin ] --START--
INFO: Run Behavior\ReadHtmlCacheBehavior [ RunTime:0.000509s ]
INFO: [ app_begin ] --END-- [ RunTime:0.000649s ]
NOTIC: [2] Missing argument 1 for I(), called in E:\wamp\www\weChat\Application\Shop\Controller\GoodsController.class.php on line 45 and defined E:\wamp\www\weChat\ThinkPHP\Common\functions.php 第 271 行.
NOTIC: [8] Undefined variable: name E:\wamp\www\weChat\ThinkPHP\Common\functions.php 第 273 行.
NOTIC: [8] Undefined variable: name E:\wamp\www\weChat\ThinkPHP\Common\functions.php 第 278 行.
NOTIC: [8] Undefined variable: name E:\wamp\www\weChat\ThinkPHP\Common\functions.php 第 339 行.
SQL: SHOW COLUMNS FROM `wx_goods_specfocus` [ RunTime:0.0061s ]
SQL: SELECT * FROM `wx_goods_specfocus` WHERE `spec_id` = '1'  [ RunTime:0.0004s ]
NOTIC: [8] Undefined variable: str E:\wamp\www\weChat\Application\Shop\Controller\GoodsController.class.php 第 61 行.

[ 2016-01-30T23:03:15+08:00 ] 127.0.0.1 /Shop/Goods/skuList.html
INFO: [ app_init ] --START--
INFO: Run Behavior\BuildLiteBehavior [ RunTime:0.000068s ]
INFO: [ app_init ] --END-- [ RunTime:0.000502s ]
INFO: [ app_begin ] --START--
INFO: Run Behavior\ReadHtmlCacheBehavior [ RunTime:0.000508s ]
INFO: [ app_begin ] --END-- [ RunTime:0.000623s ]
NOTIC: [2] Missing argument 1 for I(), called in E:\wamp\www\weChat\Application\Shop\Controller\GoodsController.class.php on line 45 and defined E:\wamp\www\weChat\ThinkPHP\Common\functions.php 第 271 行.
NOTIC: [8] Undefined variable: name E:\wamp\www\weChat\ThinkPHP\Common\functions.php 第 273 行.
NOTIC: [8] Undefined variable: name E:\wamp\www\weChat\ThinkPHP\Common\functions.php 第 278 行.
NOTIC: [8] Undefined variable: name E:\wamp\www\weChat\ThinkPHP\Common\functions.php 第 339 行.
SQL: SHOW COLUMNS FROM `wx_goods_specfocus` [ RunTime:0.0052s ]
SQL: SELECT * FROM `wx_goods_specfocus` WHERE `spec_id` = '2'  [ RunTime:0.0005s ]
NOTIC: [8] Undefined variable: str E:\wamp\www\weChat\Application\Shop\Controller\GoodsController.class.php 第 61 行.

[ 2016-01-30T23:03:15+08:00 ] 127.0.0.1 /Shop/Goods/skuList.html
INFO: [ app_init ] --START--
INFO: Run Behavior\BuildLiteBehavior [ RunTime:0.000029s ]
INFO: [ app_init ] --END-- [ RunTime:0.000525s ]
INFO: [ app_begin ] --START--
INFO: Run Behavior\ReadHtmlCacheBehavior [ RunTime:0.000604s ]
INFO: [ app_begin ] --END-- [ RunTime:0.000726s ]
NOTIC: [2] Missing argument 1 for I(), called in E:\wamp\www\weChat\Application\Shop\Controller\GoodsController.class.php on line 45 and defined E:\wamp\www\weChat\ThinkPHP\Common\functions.php 第 271 行.
NOTIC: [8] Undefined variable: name E:\wamp\www\weChat\ThinkPHP\Common\functions.php 第 273 行.
NOTIC: [8] Undefined variable: name E:\wamp\www\weChat\ThinkPHP\Common\functions.php 第 278 行.
NOTIC: [8] Undefined variable: name E:\wamp\www\weChat\ThinkPHP\Common\functions.php 第 339 行.
SQL: SHOW COLUMNS FROM `wx_goods_specfocus` [ RunTime:0.0070s ]
SQL: SELECT * FROM `wx_goods_specfocus` WHERE `spec_id` = '1'  [ RunTime:0.0005s ]
NOTIC: [8] Undefined variable: str E:\wamp\www\weChat\Application\Shop\Controller\GoodsController.class.php 第 61 行.

[ 2016-01-30T23:03:36+08:00 ] 127.0.0.1 /Shop/Goods/skuList.html
INFO: [ app_init ] --START--
INFO: Run Behavior\BuildLiteBehavior [ RunTime:0.000028s ]
INFO: [ app_init ] --END-- [ RunTime:0.000639s ]
INFO: [ app_begin ] --START--
INFO: Run Behavior\ReadHtmlCacheBehavior [ RunTime:0.000730s ]
INFO: [ app_begin ] --END-- [ RunTime:0.000899s ]
NOTIC: [2] Missing argument 1 for I(), called in E:\wamp\www\weChat\Application\Shop\Controller\GoodsController.class.php on line 45 and defined E:\wamp\www\weChat\ThinkPHP\Common\functions.php 第 271 行.
NOTIC: [8] Undefined variable: name E:\wamp\www\weChat\ThinkPHP\Common\functions.php 第 273 行.
NOTIC: [8] Undefined variable: name E:\wamp\www\weChat\ThinkPHP\Common\functions.php 第 278 行.
NOTIC: [8] Undefined variable: name E:\wamp\www\weChat\ThinkPHP\Common\functions.php 第 339 行.
SQL: SHOW COLUMNS FROM `wx_goods_specfocus` [ RunTime:0.0053s ]
SQL: SELECT * FROM `wx_goods_specfocus` WHERE `spec_id` = '2'  [ RunTime:0.0004s ]
NOTIC: [8] Undefined variable: str E:\wamp\www\weChat\Application\Shop\Controller\GoodsController.class.php 第 56 行.

[ 2016-01-30T23:03:38+08:00 ] 127.0.0.1 /Shop/Goods/skuList.html
INFO: [ app_init ] --START--
INFO: Run Behavior\BuildLiteBehavior [ RunTime:0.000040s ]
INFO: [ app_init ] --END-- [ RunTime:0.000741s ]
INFO: [ app_begin ] --START--
INFO: Run Behavior\ReadHtmlCacheBehavior [ RunTime:0.000655s ]
INFO: [ app_begin ] --END-- [ RunTime:0.000791s ]
NOTIC: [2] Missing argument 1 for I(), called in E:\wamp\www\weChat\Application\Shop\Controller\GoodsController.class.php on line 45 and defined E:\wamp\www\weChat\ThinkPHP\Common\functions.php 第 271 行.
NOTIC: [8] Undefined variable: name E:\wamp\www\weChat\ThinkPHP\Common\functions.php 第 273 行.
NOTIC: [8] Undefined variable: name E:\wamp\www\weChat\ThinkPHP\Common\functions.php 第 278 行.
NOTIC: [8] Undefined variable: name E:\wamp\www\weChat\ThinkPHP\Common\functions.php 第 339 行.
SQL: SHOW COLUMNS FROM `wx_goods_specfocus` [ RunTime:0.0065s ]
SQL: SELECT * FROM `wx_goods_specfocus` WHERE `spec_id` = '1'  [ RunTime:0.0004s ]
NOTIC: [8] Undefined variable: str E:\wamp\www\weChat\Application\Shop\Controller\GoodsController.class.php 第 61 行.

[ 2016-01-30T23:03:40+08:00 ] 127.0.0.1 /Shop/Goods/skuList.html
INFO: [ app_init ] --START--
INFO: Run Behavior\BuildLiteBehavior [ RunTime:0.000026s ]
INFO: [ app_init ] --END-- [ RunTime:0.000489s ]
INFO: [ app_begin ] --START--
INFO: Run Behavior\ReadHtmlCacheBehavior [ RunTime:0.000781s ]
INFO: [ app_begin ] --END-- [ RunTime:0.000982s ]
NOTIC: [2] Missing argument 1 for I(), called in E:\wamp\www\weChat\Application\Shop\Controller\GoodsController.class.php on line 45 and defined E:\wamp\www\weChat\ThinkPHP\Common\functions.php 第 271 行.
NOTIC: [8] Undefined variable: name E:\wamp\www\weChat\ThinkPHP\Common\functions.php 第 273 行.
NOTIC: [8] Undefined variable: name E:\wamp\www\weChat\ThinkPHP\Common\functions.php 第 278 行.
NOTIC: [8] Undefined variable: name E:\wamp\www\weChat\ThinkPHP\Common\functions.php 第 339 行.
SQL: SHOW COLUMNS FROM `wx_goods_specfocus` [ RunTime:0.0071s ]
SQL: SELECT * FROM `wx_goods_specfocus` WHERE `spec_id` = '2'  [ RunTime:0.0006s ]
NOTIC: [8] Undefined variable: str E:\wamp\www\weChat\Application\Shop\Controller\GoodsController.class.php 第 56 行.

[ 2016-01-30T23:03:55+08:00 ] 127.0.0.1 /Shop/Goods/skuList.html
INFO: [ app_init ] --START--
INFO: Run Behavior\BuildLiteBehavior [ RunTime:0.000028s ]
INFO: [ app_init ] --END-- [ RunTime:0.000511s ]
INFO: [ app_begin ] --START--
INFO: Run Behavior\ReadHtmlCacheBehavior [ RunTime:0.001052s ]
INFO: [ app_begin ] --END-- [ RunTime:0.001285s ]
NOTIC: [2] Missing argument 1 for I(), called in E:\wamp\www\weChat\Application\Shop\Controller\GoodsController.class.php on line 45 and defined E:\wamp\www\weChat\ThinkPHP\Common\functions.php 第 271 行.
NOTIC: [8] Undefined variable: name E:\wamp\www\weChat\ThinkPHP\Common\functions.php 第 273 行.
NOTIC: [8] Undefined variable: name E:\wamp\www\weChat\ThinkPHP\Common\functions.php 第 278 行.
NOTIC: [8] Undefined variable: name E:\wamp\www\weChat\ThinkPHP\Common\functions.php 第 339 行.
SQL: SHOW COLUMNS FROM `wx_goods_specfocus` [ RunTime:0.0099s ]
SQL: SELECT * FROM `wx_goods_specfocus` WHERE `spec_id` = '1'  [ RunTime:0.0004s ]
NOTIC: [8] Undefined variable: str E:\wamp\www\weChat\Application\Shop\Controller\GoodsController.class.php 第 61 行.

[ 2016-01-30T23:03:56+08:00 ] 127.0.0.1 /Shop/Goods/skuList.html
INFO: [ app_init ] --START--
INFO: Run Behavior\BuildLiteBehavior [ RunTime:0.000025s ]
INFO: [ app_init ] --END-- [ RunTime:0.000431s ]
INFO: [ app_begin ] --START--
INFO: Run Behavior\ReadHtmlCacheBehavior [ RunTime:0.001029s ]
INFO: [ app_begin ] --END-- [ RunTime:0.001229s ]
NOTIC: [2] Missing argument 1 for I(), called in E:\wamp\www\weChat\Application\Shop\Controller\GoodsController.class.php on line 45 and defined E:\wamp\www\weChat\ThinkPHP\Common\functions.php 第 271 行.
NOTIC: [8] Undefined variable: name E:\wamp\www\weChat\ThinkPHP\Common\functions.php 第 273 行.
NOTIC: [8] Undefined variable: name E:\wamp\www\weChat\ThinkPHP\Common\functions.php 第 278 行.
NOTIC: [8] Undefined variable: name E:\wamp\www\weChat\ThinkPHP\Common\functions.php 第 339 行.
SQL: SHOW COLUMNS FROM `wx_goods_specfocus` [ RunTime:0.0066s ]
SQL: SELECT * FROM `wx_goods_specfocus` WHERE `spec_id` = '2'  [ RunTime:0.0004s ]
NOTIC: [8] Undefined variable: str E:\wamp\www\weChat\Application\Shop\Controller\GoodsController.class.php 第 56 行.

[ 2016-01-30T23:03:57+08:00 ] 127.0.0.1 /Shop/Goods/skuList.html
INFO: [ app_init ] --START--
INFO: Run Behavior\BuildLiteBehavior [ RunTime:0.000042s ]
INFO: [ app_init ] --END-- [ RunTime:0.000765s ]
INFO: [ app_begin ] --START--
INFO: Run Behavior\ReadHtmlCacheBehavior [ RunTime:0.000535s ]
INFO: [ app_begin ] --END-- [ RunTime:0.000656s ]
NOTIC: [2] Missing argument 1 for I(), called in E:\wamp\www\weChat\Application\Shop\Controller\GoodsController.class.php on line 45 and defined E:\wamp\www\weChat\ThinkPHP\Common\functions.php 第 271 行.
NOTIC: [8] Undefined variable: name E:\wamp\www\weChat\ThinkPHP\Common\functions.php 第 273 行.
NOTIC: [8] Undefined variable: name E:\wamp\www\weChat\ThinkPHP\Common\functions.php 第 278 行.
NOTIC: [8] Undefined variable: name E:\wamp\www\weChat\ThinkPHP\Common\functions.php 第 339 行.
SQL: SHOW COLUMNS FROM `wx_goods_specfocus` [ RunTime:0.0061s ]
SQL: SELECT * FROM `wx_goods_specfocus` WHERE `spec_id` = '1'  [ RunTime:0.0004s ]
NOTIC: [8] Undefined variable: str E:\wamp\www\weChat\Application\Shop\Controller\GoodsController.class.php 第 61 行.

[ 2016-01-30T23:03:57+08:00 ] 127.0.0.1 /Shop/Goods/skuList.html
INFO: [ app_init ] --START--
INFO: Run Behavior\BuildLiteBehavior [ RunTime:0.000037s ]
INFO: [ app_init ] --END-- [ RunTime:0.000619s ]
INFO: [ app_begin ] --START--
INFO: Run Behavior\ReadHtmlCacheBehavior [ RunTime:0.000633s ]
INFO: [ app_begin ] --END-- [ RunTime:0.000821s ]
NOTIC: [2] Missing argument 1 for I(), called in E:\wamp\www\weChat\Application\Shop\Controller\GoodsController.class.php on line 45 and defined E:\wamp\www\weChat\ThinkPHP\Common\functions.php 第 271 行.
NOTIC: [8] Undefined variable: name E:\wamp\www\weChat\ThinkPHP\Common\functions.php 第 273 行.
NOTIC: [8] Undefined variable: name E:\wamp\www\weChat\ThinkPHP\Common\functions.php 第 278 行.
NOTIC: [8] Undefined variable: name E:\wamp\www\weChat\ThinkPHP\Common\functions.php 第 339 行.
SQL: SHOW COLUMNS FROM `wx_goods_specfocus` [ RunTime:0.0070s ]
SQL: SELECT * FROM `wx_goods_specfocus` WHERE `spec_id` = '2'  [ RunTime:0.0005s ]
NOTIC: [8] Undefined variable: str E:\wamp\www\weChat\Application\Shop\Controller\GoodsController.class.php 第 56 行.

[ 2016-01-30T23:04:43+08:00 ] 127.0.0.1 /Shop/Goods/skuList.html
INFO: [ app_init ] --START--
INFO: Run Behavior\BuildLiteBehavior [ RunTime:0.000039s ]
INFO: [ app_init ] --END-- [ RunTime:0.000643s ]
INFO: [ app_begin ] --START--
INFO: Run Behavior\ReadHtmlCacheBehavior [ RunTime:0.000683s ]
INFO: [ app_begin ] --END-- [ RunTime:0.000804s ]
NOTIC: [2] Missing argument 1 for I(), called in E:\wamp\www\weChat\Application\Shop\Controller\GoodsController.class.php on line 45 and defined E:\wamp\www\weChat\ThinkPHP\Common\functions.php 第 271 行.
NOTIC: [8] Undefined variable: name E:\wamp\www\weChat\ThinkPHP\Common\functions.php 第 273 行.
NOTIC: [8] Undefined variable: name E:\wamp\www\weChat\ThinkPHP\Common\functions.php 第 278 行.
NOTIC: [8] Undefined variable: name E:\wamp\www\weChat\ThinkPHP\Common\functions.php 第 339 行.
SQL: SHOW COLUMNS FROM `wx_goods_specfocus` [ RunTime:0.0070s ]
SQL: SELECT * FROM `wx_goods_specfocus` WHERE `spec_id` = '1'  [ RunTime:0.0004s ]
NOTIC: [8] Undefined variable: str E:\wamp\www\weChat\Application\Shop\Controller\GoodsController.class.php 第 61 行.

[ 2016-01-30T23:04:45+08:00 ] 127.0.0.1 /Shop/Goods/skuList.html
INFO: [ app_init ] --START--
INFO: Run Behavior\BuildLiteBehavior [ RunTime:0.000030s ]
INFO: [ app_init ] --END-- [ RunTime:0.000559s ]
INFO: [ app_begin ] --START--
INFO: Run Behavior\ReadHtmlCacheBehavior [ RunTime:0.000605s ]
INFO: [ app_begin ] --END-- [ RunTime:0.000744s ]
NOTIC: [2] Missing argument 1 for I(), called in E:\wamp\www\weChat\Application\Shop\Controller\GoodsController.class.php on line 45 and defined E:\wamp\www\weChat\ThinkPHP\Common\functions.php 第 271 行.
NOTIC: [8] Undefined variable: name E:\wamp\www\weChat\ThinkPHP\Common\functions.php 第 273 行.
NOTIC: [8] Undefined variable: name E:\wamp\www\weChat\ThinkPHP\Common\functions.php 第 278 行.
NOTIC: [8] Undefined variable: name E:\wamp\www\weChat\ThinkPHP\Common\functions.php 第 339 行.
SQL: SHOW COLUMNS FROM `wx_goods_specfocus` [ RunTime:0.0067s ]
SQL: SELECT * FROM `wx_goods_specfocus` WHERE `spec_id` = '1'  [ RunTime:0.0003s ]
NOTIC: [8] Undefined variable: str E:\wamp\www\weChat\Application\Shop\Controller\GoodsController.class.php 第 61 行.

