[ 2015-12-07T16:30:19+08:00 ] 127.0.0.1 /weChat/index.php/admin/added
INFO: [ app_init ] --START--
INFO: Run Behavior\BuildLiteBehavior [ RunTime:0.000036s ]
INFO: [ app_init ] --END-- [ RunTime:0.000599s ]
ERR: 无法加载模块:Admin

[ 2015-12-07T16:30:24+08:00 ] 127.0.0.1 /weChat/index.php/admin/added
INFO: [ app_init ] --START--
INFO: Run Behavior\BuildLiteBehavior [ RunTime:0.000028s ]
INFO: [ app_init ] --END-- [ RunTime:0.000497s ]
ERR: 无法加载模块:Admin

[ 2015-12-07T16:30:31+08:00 ] 127.0.0.1 /weChat/index.php/INDEX/admin/added
INFO: [ app_init ] --START--
INFO: Run Behavior\BuildLiteBehavior [ RunTime:0.000054s ]
INFO: [ app_init ] --END-- [ RunTime:0.000869s ]
ERR: 无法加载模块:INDEX

[ 2015-12-07T16:30:37+08:00 ] 127.0.0.1 /weChat/index.php/index/admin/added
INFO: [ app_init ] --START--
INFO: Run Behavior\BuildLiteBehavior [ RunTime:0.000032s ]
INFO: [ app_init ] --END-- [ RunTime:0.000508s ]
ERR: 无法加载模块:Index

[ 2015-12-07T16:30:41+08:00 ] 127.0.0.1 /weChat/index.php/index/Admin/added
INFO: [ app_init ] --START--
INFO: Run Behavior\BuildLiteBehavior [ RunTime:0.000049s ]
INFO: [ app_init ] --END-- [ RunTime:0.000974s ]
ERR: 无法加载模块:Index

[ 2015-12-07T16:34:09+08:00 ] 127.0.0.1 /weChat/index.php/admin/added
INFO: [ app_init ] --START--
INFO: Run Behavior\BuildLiteBehavior [ RunTime:0.000030s ]
INFO: [ app_init ] --END-- [ RunTime:0.000634s ]
ERR: 无法加载模块:Admin

[ 2015-12-07T16:34:10+08:00 ] 127.0.0.1 /weChat/index.php/admin/added
INFO: [ app_init ] --START--
INFO: Run Behavior\BuildLiteBehavior [ RunTime:0.000029s ]
INFO: [ app_init ] --END-- [ RunTime:0.000559s ]
ERR: 无法加载模块:Admin

[ 2015-12-07T16:34:11+08:00 ] 127.0.0.1 /weChat/index.php/admin/added
INFO: [ app_init ] --START--
INFO: Run Behavior\BuildLiteBehavior [ RunTime:0.000029s ]
INFO: [ app_init ] --END-- [ RunTime:0.000524s ]
ERR: 无法加载模块:Admin

[ 2015-12-07T16:34:12+08:00 ] 127.0.0.1 /weChat/index.php/admin/added
INFO: [ app_init ] --START--
INFO: Run Behavior\BuildLiteBehavior [ RunTime:0.000033s ]
INFO: [ app_init ] --END-- [ RunTime:0.000962s ]
ERR: 无法加载模块:Admin

[ 2015-12-07T16:34:12+08:00 ] 127.0.0.1 /weChat/index.php/admin/added
INFO: [ app_init ] --START--
INFO: Run Behavior\BuildLiteBehavior [ RunTime:0.000026s ]
INFO: [ app_init ] --END-- [ RunTime:0.000518s ]
ERR: 无法加载模块:Admin

[ 2015-12-07T16:34:14+08:00 ] 127.0.0.1 /weChat/index.php/admin/added
INFO: [ app_init ] --START--
INFO: Run Behavior\BuildLiteBehavior [ RunTime:0.000029s ]
INFO: [ app_init ] --END-- [ RunTime:0.000590s ]
ERR: 无法加载模块:Admin

