[ 2016-02-23T21:52:15+08:00 ] 127.0.0.1 /Public/Shop/js/notorder.js
INFO: [ app_init ] --START--
INFO: Run Behavior\BuildLiteBehavior [ RunTime:0.000052s ]
INFO: [ app_init ] --END-- [ RunTime:0.001305s ]
ERR: 无法加载模块:Public

[ 2016-02-23T21:52:59+08:00 ] 127.0.0.1 /Public/Shop/js/notorder.js
INFO: [ app_init ] --START--
INFO: Run Behavior\BuildLiteBehavior [ RunTime:0.000043s ]
INFO: [ app_init ] --END-- [ RunTime:0.000784s ]
ERR: 无法加载模块:Public

[ 2016-02-23T21:54:27+08:00 ] 127.0.0.1 /favicon.ico
INFO: [ app_init ] --START--
INFO: Run Behavior\BuildLiteBehavior [ RunTime:0.000042s ]
INFO: [ app_init ] --END-- [ RunTime:0.000745s ]
ERR: 无法加载模块:Favicon

[ 2016-02-23T21:55:37+08:00 ] 127.0.0.1 /Public/Shop/js/notorder.js
INFO: [ app_init ] --START--
INFO: Run Behavior\BuildLiteBehavior [ RunTime:0.000050s ]
INFO: [ app_init ] --END-- [ RunTime:0.000866s ]
ERR: 无法加载模块:Public

[ 2016-02-23T21:56:32+08:00 ] 127.0.0.1 /Public/Shop/js/notorder.js
INFO: [ app_init ] --START--
INFO: Run Behavior\BuildLiteBehavior [ RunTime:0.000054s ]
INFO: [ app_init ] --END-- [ RunTime:0.001550s ]
ERR: 无法加载模块:Public

[ 2016-02-23T21:57:17+08:00 ] 127.0.0.1 /Public/Shop/js/notorder.js
INFO: [ app_init ] --START--
INFO: Run Behavior\BuildLiteBehavior [ RunTime:0.000047s ]
INFO: [ app_init ] --END-- [ RunTime:0.000934s ]
ERR: 无法加载模块:Public

[ 2016-02-23T21:59:03+08:00 ] 127.0.0.1 /Public/Shop/js/notorder.js
INFO: [ app_init ] --START--
INFO: Run Behavior\BuildLiteBehavior [ RunTime:0.000044s ]
INFO: [ app_init ] --END-- [ RunTime:0.000721s ]
ERR: 无法加载模块:Public

