[ 2016-04-09T00:00:42+08:00 ] 127.0.0.1 /Public/Mall/images/700x700.31ccb8a67f5e45ba8b2f1ca1dc36367b.180x180.jpg.webp
INFO: [ app_init ] --START--
INFO: Run Behavior\BuildLiteBehavior [ RunTime:0.000042s ]
INFO: [ app_init ] --END-- [ RunTime:0.002183s ]
ERR: 无法加载模块:Public

[ 2016-04-09T00:00:42+08:00 ] 127.0.0.1 /Public/Mall/images/700x700.7415cd5aed569bdb5c63bfd565dbd079.180x180.jpg.webp
INFO: [ app_init ] --START--
INFO: Run Behavior\BuildLiteBehavior [ RunTime:0.000040s ]
INFO: [ app_init ] --END-- [ RunTime:0.000681s ]
ERR: 无法加载模块:Public

[ 2016-04-09T00:00:42+08:00 ] 127.0.0.1 /Public/Mall/images/700x700.854facc4272039e2610a609da349278b.180x180.jpg.webp
INFO: [ app_init ] --START--
INFO: Run Behavior\BuildLiteBehavior [ RunTime:0.000038s ]
INFO: [ app_init ] --END-- [ RunTime:0.000625s ]
ERR: 无法加载模块:Public

[ 2016-04-09T00:00:42+08:00 ] 127.0.0.1 /Public/Mall/images/500x360.d0d9bb4d540ad8d71dfc7a5b95b02772.500x360.jpg
INFO: [ app_init ] --START--
INFO: Run Behavior\BuildLiteBehavior [ RunTime:0.000043s ]
INFO: [ app_init ] --END-- [ RunTime:0.000663s ]
ERR: 无法加载模块:Public

[ 2016-04-09T00:00:42+08:00 ] 127.0.0.1 /Public/Mall/images/700x700.3a36a6095064179cc5a9b940e392aad0.180x180.jpg.webp
INFO: [ app_init ] --START--
INFO: Run Behavior\BuildLiteBehavior [ RunTime:0.000039s ]
INFO: [ app_init ] --END-- [ RunTime:0.000935s ]
ERR: 无法加载模块:Public

[ 2016-04-09T00:00:42+08:00 ] 127.0.0.1 /Public/Mall/images/700x700.fdeec4f9e04ac8c3a13e3b0d7778ad19.180x180.jpg.webp
INFO: [ app_init ] --START--
INFO: Run Behavior\BuildLiteBehavior [ RunTime:0.000044s ]
INFO: [ app_init ] --END-- [ RunTime:0.000927s ]
ERR: 无法加载模块:Public

[ 2016-04-09T00:00:42+08:00 ] 127.0.0.1 /Public/Mall/images/700x700.13f8887a1036691f9307b5854d81891c.180x180.jpg.webp
INFO: [ app_init ] --START--
INFO: Run Behavior\BuildLiteBehavior [ RunTime:0.000049s ]
INFO: [ app_init ] --END-- [ RunTime:0.000818s ]
ERR: 无法加载模块:Public

[ 2016-04-09T00:00:42+08:00 ] 127.0.0.1 /Public/Mall/images/700x700.b080af208905594c3e66019210ac323a.180x180.jpg.webp
INFO: [ app_init ] --START--
INFO: Run Behavior\BuildLiteBehavior [ RunTime:0.000041s ]
INFO: [ app_init ] --END-- [ RunTime:0.000654s ]
ERR: 无法加载模块:Public

[ 2016-04-09T00:00:42+08:00 ] 127.0.0.1 /Public/Mall/images/700x700.a24e8dde105596456f2148636a38f047.180x180.jpg.webp
INFO: [ app_init ] --START--
INFO: Run Behavior\BuildLiteBehavior [ RunTime:0.000037s ]
INFO: [ app_init ] --END-- [ RunTime:0.000638s ]
ERR: 无法加载模块:Public

[ 2016-04-09T00:00:42+08:00 ] 127.0.0.1 /Public/Mall/images/700x700.947a0b0e7f45510544930538f220d694.180x180.jpg.webp
INFO: [ app_init ] --START--
INFO: Run Behavior\BuildLiteBehavior [ RunTime:0.000038s ]
INFO: [ app_init ] --END-- [ RunTime:0.000732s ]
ERR: 无法加载模块:Public

[ 2016-04-09T00:00:42+08:00 ] 127.0.0.1 /Public/Mall/images/700x700.46e5e34d3f436bf226f4f257b05a4d6b.180x180.jpg.webp
INFO: [ app_init ] --START--
INFO: Run Behavior\BuildLiteBehavior [ RunTime:0.000044s ]
INFO: [ app_init ] --END-- [ RunTime:0.000741s ]
ERR: 无法加载模块:Public

[ 2016-04-09T00:00:42+08:00 ] 127.0.0.1 /Public/Mall/images/640x640.445d6bd289fddd75c1222f8ac9290fca.180x180.jpg.webp
INFO: [ app_init ] --START--
INFO: Run Behavior\BuildLiteBehavior [ RunTime:0.000116s ]
INFO: [ app_init ] --END-- [ RunTime:0.001005s ]
ERR: 无法加载模块:Public

[ 2016-04-09T00:00:43+08:00 ] 127.0.0.1 /Public/Mall/images/700x700.8dcf11766bccd40650bd45eab4b0981e.180x180.jpg.webp
INFO: [ app_init ] --START--
INFO: Run Behavior\BuildLiteBehavior [ RunTime:0.000045s ]
INFO: [ app_init ] --END-- [ RunTime:0.000832s ]
ERR: 无法加载模块:Public

[ 2016-04-09T00:00:43+08:00 ] 127.0.0.1 /Public/Mall/images/750x521.2dad17ada679d4008fbb869be6ab5054.980x.jpg
INFO: [ app_init ] --START--
INFO: Run Behavior\BuildLiteBehavior [ RunTime:0.000043s ]
INFO: [ app_init ] --END-- [ RunTime:0.000730s ]
ERR: 无法加载模块:Public

[ 2016-04-09T00:00:43+08:00 ] 127.0.0.1 /Public/Mall/images/700x700.658e729326a2c9d56785809e8c8b6923.180x180.jpg.webp
INFO: [ app_init ] --START--
INFO: Run Behavior\BuildLiteBehavior [ RunTime:0.000048s ]
INFO: [ app_init ] --END-- [ RunTime:0.001382s ]
ERR: 无法加载模块:Public

[ 2016-04-09T00:00:43+08:00 ] 127.0.0.1 /Public/Mall/images/700x700.e1031a7781d8cc992a11575ebb89eb39.180x180.jpg.webp
INFO: [ app_init ] --START--
INFO: Run Behavior\BuildLiteBehavior [ RunTime:0.000039s ]
INFO: [ app_init ] --END-- [ RunTime:0.000715s ]
ERR: 无法加载模块:Public

[ 2016-04-09T00:00:43+08:00 ] 127.0.0.1 /Public/Mall/images/750x781.5e5001375a4be70f4fc366ebd083c92c.980x.jpg
INFO: [ app_init ] --START--
INFO: Run Behavior\BuildLiteBehavior [ RunTime:0.000045s ]
INFO: [ app_init ] --END-- [ RunTime:0.004930s ]
ERR: 无法加载模块:Public

[ 2016-04-09T00:00:43+08:00 ] 127.0.0.1 /Public/Mall/images/700x700.ca31401944aaa5e33b03e890c5436c6a.220x220.jpg.webp
INFO: [ app_init ] --START--
INFO: Run Behavior\BuildLiteBehavior [ RunTime:0.000038s ]
INFO: [ app_init ] --END-- [ RunTime:0.000655s ]
ERR: 无法加载模块:Public

[ 2016-04-09T00:00:43+08:00 ] 127.0.0.1 /Public/Mall/images/700x700.2a613520bcc116f8327f17020ecc4bac.220x220.jpg.webp
INFO: [ app_init ] --START--
INFO: Run Behavior\BuildLiteBehavior [ RunTime:0.000040s ]
INFO: [ app_init ] --END-- [ RunTime:0.000746s ]
ERR: 无法加载模块:Public

[ 2016-04-09T00:00:43+08:00 ] 127.0.0.1 /Public/Mall/images/700x700.7dbbdefe6fc7a708136e63a2360051a2.220x220.jpg.webp
INFO: [ app_init ] --START--
INFO: Run Behavior\BuildLiteBehavior [ RunTime:0.000042s ]
INFO: [ app_init ] --END-- [ RunTime:0.000680s ]
ERR: 无法加载模块:Public

[ 2016-04-09T00:00:43+08:00 ] 127.0.0.1 /Public/Mall/images/700x700.7d0e67bad09c2bc11f9672d6dc4470ec.220x220.jpg.webp
INFO: [ app_init ] --START--
INFO: Run Behavior\BuildLiteBehavior [ RunTime:0.000038s ]
INFO: [ app_init ] --END-- [ RunTime:0.000636s ]
ERR: 无法加载模块:Public

[ 2016-04-09T00:00:43+08:00 ] 127.0.0.1 /Public/Mall/images/car_quan_pic.png
INFO: [ app_init ] --START--
INFO: Run Behavior\BuildLiteBehavior [ RunTime:0.000045s ]
INFO: [ app_init ] --END-- [ RunTime:0.000785s ]
ERR: 无法加载模块:Public

[ 2016-04-09T00:00:43+08:00 ] 127.0.0.1 /Public/Mall/images/700x700.43a9dbb75e3888dd41aecc90ceea8f2c.220x220.jpg.webp
INFO: [ app_init ] --START--
INFO: Run Behavior\BuildLiteBehavior [ RunTime:0.000048s ]
INFO: [ app_init ] --END-- [ RunTime:0.001117s ]
ERR: 无法加载模块:Public

[ 2016-04-09T00:00:43+08:00 ] 127.0.0.1 /Public/Mall/images/sidePanel_checkin1N.gif
INFO: [ app_init ] --START--
INFO: Run Behavior\BuildLiteBehavior [ RunTime:0.000038s ]
INFO: [ app_init ] --END-- [ RunTime:0.000662s ]
ERR: 无法加载模块:Public

[ 2016-04-09T00:00:43+08:00 ] 127.0.0.1 /Public/Mall/images/deal_y2.png
INFO: [ app_init ] --START--
INFO: Run Behavior\BuildLiteBehavior [ RunTime:0.000043s ]
INFO: [ app_init ] --END-- [ RunTime:0.000692s ]
ERR: 无法加载模块:Public

[ 2016-04-09T00:00:43+08:00 ] 127.0.0.1 /Public/Mall/images/init.html
INFO: [ app_init ] --START--
INFO: Run Behavior\BuildLiteBehavior [ RunTime:0.000045s ]
INFO: [ app_init ] --END-- [ RunTime:0.000909s ]
ERR: 无法加载模块:Public

[ 2016-04-09T00:00:43+08:00 ] 127.0.0.1 /Public/Mall/images/700x700.16df843ef95e75b6d8e1ac24c60118c5.220x220.jpg.webp
INFO: [ app_init ] --START--
INFO: Run Behavior\BuildLiteBehavior [ RunTime:0.000043s ]
INFO: [ app_init ] --END-- [ RunTime:0.000683s ]
ERR: 无法加载模块:Public

[ 2016-04-09T00:00:43+08:00 ] 127.0.0.1 /Public/Mall/images/loading400x400.gif
INFO: [ app_init ] --START--
INFO: Run Behavior\BuildLiteBehavior [ RunTime:0.000048s ]
INFO: [ app_init ] --END-- [ RunTime:0.000745s ]
ERR: 无法加载模块:Public

[ 2016-04-09T00:00:43+08:00 ] 127.0.0.1 /Public/Mall/style/new_ico1.png
INFO: [ app_init ] --START--
INFO: Run Behavior\BuildLiteBehavior [ RunTime:0.000047s ]
INFO: [ app_init ] --END-- [ RunTime:0.000934s ]
ERR: 无法加载模块:Public

[ 2016-04-09T00:00:43+08:00 ] 127.0.0.1 /Public/Mall/images/signin5.gif
INFO: [ app_init ] --START--
INFO: Run Behavior\BuildLiteBehavior [ RunTime:0.000090s ]
INFO: [ app_init ] --END-- [ RunTime:0.004957s ]
ERR: 无法加载模块:Public

[ 2016-04-09T00:00:43+08:00 ] 127.0.0.1 /Public/Mall/images/start.png
INFO: [ app_init ] --START--
INFO: Run Behavior\BuildLiteBehavior [ RunTime:0.000165s ]
INFO: [ app_init ] --END-- [ RunTime:0.001737s ]
ERR: 无法加载模块:Public

[ 2016-04-09T10:07:43+08:00 ] 127.0.0.1 /Public/Mall/images/700x700.854facc4272039e2610a609da349278b.180x180.jpg.webp
INFO: [ app_init ] --START--
INFO: Run Behavior\BuildLiteBehavior [ RunTime:0.000037s ]
INFO: [ app_init ] --END-- [ RunTime:0.001172s ]
ERR: 无法加载模块:Public

[ 2016-04-09T10:07:43+08:00 ] 127.0.0.1 /Public/Mall/images/700x700.e1031a7781d8cc992a11575ebb89eb39.180x180.jpg.webp
INFO: [ app_init ] --START--
INFO: Run Behavior\BuildLiteBehavior [ RunTime:0.000036s ]
INFO: [ app_init ] --END-- [ RunTime:0.000728s ]
ERR: 无法加载模块:Public

[ 2016-04-09T10:07:43+08:00 ] 127.0.0.1 /Public/Mall/images/700x700.947a0b0e7f45510544930538f220d694.180x180.jpg.webp
INFO: [ app_init ] --START--
INFO: Run Behavior\BuildLiteBehavior [ RunTime:0.000040s ]
INFO: [ app_init ] --END-- [ RunTime:0.000650s ]
ERR: 无法加载模块:Public

[ 2016-04-09T10:07:43+08:00 ] 127.0.0.1 /Public/Mall/images/700x700.31ccb8a67f5e45ba8b2f1ca1dc36367b.180x180.jpg.webp
INFO: [ app_init ] --START--
INFO: Run Behavior\BuildLiteBehavior [ RunTime:0.000041s ]
INFO: [ app_init ] --END-- [ RunTime:0.000670s ]
ERR: 无法加载模块:Public

[ 2016-04-09T10:07:43+08:00 ] 127.0.0.1 /Public/Mall/images/700x700.fdeec4f9e04ac8c3a13e3b0d7778ad19.180x180.jpg.webp
INFO: [ app_init ] --START--
INFO: Run Behavior\BuildLiteBehavior [ RunTime:0.000039s ]
INFO: [ app_init ] --END-- [ RunTime:0.000705s ]
ERR: 无法加载模块:Public

[ 2016-04-09T10:07:43+08:00 ] 127.0.0.1 /Public/Mall/images/700x700.13f8887a1036691f9307b5854d81891c.180x180.jpg.webp
INFO: [ app_init ] --START--
INFO: Run Behavior\BuildLiteBehavior [ RunTime:0.000043s ]
INFO: [ app_init ] --END-- [ RunTime:0.000671s ]
ERR: 无法加载模块:Public

[ 2016-04-09T10:07:43+08:00 ] 127.0.0.1 /Public/Mall/images/700x700.b080af208905594c3e66019210ac323a.180x180.jpg.webp
INFO: [ app_init ] --START--
INFO: Run Behavior\BuildLiteBehavior [ RunTime:0.000037s ]
INFO: [ app_init ] --END-- [ RunTime:0.000680s ]
ERR: 无法加载模块:Public

[ 2016-04-09T10:07:43+08:00 ] 127.0.0.1 /Public/Mall/images/700x700.a24e8dde105596456f2148636a38f047.180x180.jpg.webp
INFO: [ app_init ] --START--
INFO: Run Behavior\BuildLiteBehavior [ RunTime:0.000047s ]
INFO: [ app_init ] --END-- [ RunTime:0.002289s ]
ERR: 无法加载模块:Public

[ 2016-04-09T10:07:43+08:00 ] 127.0.0.1 /Public/Mall/images/700x700.8dcf11766bccd40650bd45eab4b0981e.180x180.jpg.webp
INFO: [ app_init ] --START--
INFO: Run Behavior\BuildLiteBehavior [ RunTime:0.000036s ]
INFO: [ app_init ] --END-- [ RunTime:0.000670s ]
ERR: 无法加载模块:Public

[ 2016-04-09T10:07:43+08:00 ] 127.0.0.1 /Public/Mall/images/700x700.3a36a6095064179cc5a9b940e392aad0.180x180.jpg.webp
INFO: [ app_init ] --START--
INFO: Run Behavior\BuildLiteBehavior [ RunTime:0.000047s ]
INFO: [ app_init ] --END-- [ RunTime:0.001057s ]
ERR: 无法加载模块:Public

[ 2016-04-09T10:07:43+08:00 ] 127.0.0.1 /Public/Mall/images/750x781.5e5001375a4be70f4fc366ebd083c92c.980x.jpg
INFO: [ app_init ] --START--
INFO: Run Behavior\BuildLiteBehavior [ RunTime:0.000041s ]
INFO: [ app_init ] --END-- [ RunTime:0.000644s ]
ERR: 无法加载模块:Public

[ 2016-04-09T10:07:43+08:00 ] 127.0.0.1 /Public/Mall/images/700x700.46e5e34d3f436bf226f4f257b05a4d6b.180x180.jpg.webp
INFO: [ app_init ] --START--
INFO: Run Behavior\BuildLiteBehavior [ RunTime:0.000051s ]
INFO: [ app_init ] --END-- [ RunTime:0.002195s ]
ERR: 无法加载模块:Public

[ 2016-04-09T10:07:43+08:00 ] 127.0.0.1 /Public/Mall/images/700x700.7d0e67bad09c2bc11f9672d6dc4470ec.220x220.jpg.webp
INFO: [ app_init ] --START--
INFO: Run Behavior\BuildLiteBehavior [ RunTime:0.000043s ]
INFO: [ app_init ] --END-- [ RunTime:0.000748s ]
ERR: 无法加载模块:Public

[ 2016-04-09T10:07:43+08:00 ] 127.0.0.1 /Public/Mall/images/640x640.445d6bd289fddd75c1222f8ac9290fca.180x180.jpg.webp
INFO: [ app_init ] --START--
INFO: Run Behavior\BuildLiteBehavior [ RunTime:0.000277s ]
INFO: [ app_init ] --END-- [ RunTime:0.002068s ]
ERR: 无法加载模块:Public

[ 2016-04-09T10:07:43+08:00 ] 127.0.0.1 /Public/Mall/images/750x521.2dad17ada679d4008fbb869be6ab5054.980x.jpg
INFO: [ app_init ] --START--
INFO: Run Behavior\BuildLiteBehavior [ RunTime:0.000039s ]
INFO: [ app_init ] --END-- [ RunTime:0.000629s ]
ERR: 无法加载模块:Public

[ 2016-04-09T10:07:43+08:00 ] 127.0.0.1 /Public/Mall/images/700x700.16df843ef95e75b6d8e1ac24c60118c5.220x220.jpg.webp
INFO: [ app_init ] --START--
INFO: Run Behavior\BuildLiteBehavior [ RunTime:0.000041s ]
INFO: [ app_init ] --END-- [ RunTime:0.000688s ]
ERR: 无法加载模块:Public

[ 2016-04-09T10:07:43+08:00 ] 127.0.0.1 /Public/Mall/images/700x700.2a613520bcc116f8327f17020ecc4bac.220x220.jpg.webp
INFO: [ app_init ] --START--
INFO: Run Behavior\BuildLiteBehavior [ RunTime:0.000053s ]
INFO: [ app_init ] --END-- [ RunTime:0.018256s ]
ERR: 无法加载模块:Public

[ 2016-04-09T10:07:43+08:00 ] 127.0.0.1 /Public/Mall/images/700x700.ca31401944aaa5e33b03e890c5436c6a.220x220.jpg.webp
INFO: [ app_init ] --START--
INFO: Run Behavior\BuildLiteBehavior [ RunTime:0.000128s ]
INFO: [ app_init ] --END-- [ RunTime:0.002027s ]
ERR: 无法加载模块:Public

[ 2016-04-09T10:07:43+08:00 ] 127.0.0.1 /Public/Mall/images/700x700.43a9dbb75e3888dd41aecc90ceea8f2c.220x220.jpg.webp
INFO: [ app_init ] --START--
INFO: Run Behavior\BuildLiteBehavior [ RunTime:0.000038s ]
INFO: [ app_init ] --END-- [ RunTime:0.000636s ]
ERR: 无法加载模块:Public

[ 2016-04-09T10:07:43+08:00 ] 127.0.0.1 /Public/Mall/images/700x700.7dbbdefe6fc7a708136e63a2360051a2.220x220.jpg.webp
INFO: [ app_init ] --START--
INFO: Run Behavior\BuildLiteBehavior [ RunTime:0.000039s ]
INFO: [ app_init ] --END-- [ RunTime:0.000692s ]
ERR: 无法加载模块:Public

[ 2016-04-09T10:07:43+08:00 ] 127.0.0.1 /Public/Mall/images/signin5.gif
INFO: [ app_init ] --START--
INFO: Run Behavior\BuildLiteBehavior [ RunTime:0.000040s ]
INFO: [ app_init ] --END-- [ RunTime:0.000770s ]
ERR: 无法加载模块:Public

lic

[ 2016-04-09T10:07:43+08:00 ] 127.0.0.1 /Public/Mall/images/car_quan_pic.png
INFO: [ app_init ] --START--
INFO: Run Behavior\BuildLiteBehavior [ RunTime:0.000037s ]
INFO: [ app_init ] --END-- [ RunTime:0.000652s ]
ERR: 无法加载模块:Public

[ 2016-04-09T10:07:43+08:00 ] 127.0.0.1 /Public/Mall/images/sidePanel_checkin1N.gif
INFO: [ app_init ] --START--
INFO: Run Behavior\BuildLiteBehavior [ RunTime:0.000045s ]
INFO: [ app_init ] --END-- [ RunTime:0.000889s ]
ERR: 无法加载模块:Public

[ 2016-04-09T10:07:43+08:00 ] 127.0.0.1 /Public/Mall/images/deal_y2.png
INFO: [ app_init ] --START--
INFO: Run Behavior\BuildLiteBehavior [ RunTime:0.000038s ]
INFO: [ app_init ] --END-- [ RunTime:0.000634s ]
ERR: 无法加载模块:Public

[ 2016-04-09T10:07:43+08:00 ] 127.0.0.1 /Public/Mall/style/new_ico1.png
INFO: [ app_init ] --START--
INFO: Run Behavior\BuildLiteBehavior [ RunTime:0.000042s ]
INFO: [ app_init ] --END-- [ RunTime:0.000700s ]
ERR: 无法加载模块:Public

[ 2016-04-09T10:07:43+08:00 ] 127.0.0.1 /Public/Mall/images/start.png
INFO: [ app_init ] --START--
INFO: Run Behavior\BuildLiteBehavior [ RunTime:0.000042s ]
INFO: [ app_init ] --END-- [ RunTime:0.000713s ]
ERR: 无法加载模块:Public

[ 2016-04-09T10:07:43+08:00 ] 127.0.0.1 /favicon.ico
INFO: [ app_init ] --START--
INFO: Run Behavior\BuildLiteBehavior [ RunTime:0.000024s ]
INFO: [ app_init ] --END-- [ RunTime:0.000423s ]
ERR: 无法加载模块:Favicon

[ 2016-04-09T10:55:17+08:00 ] 127.0.0.1 /favicon.ico
INFO: [ app_init ] --START--
INFO: Run Behavior\BuildLiteBehavior [ RunTime:0.000037s ]
INFO: [ app_init ] --END-- [ RunTime:0.000511s ]
ERR: 无法加载模块:Favicon

[ 2016-04-09T10:55:26+08:00 ] 127.0.0.1 /Public/Mall/images/700x700.7415cd5aed569bdb5c63bfd565dbd079.180x180.jpg.webp
INFO: [ app_init ] --START--
INFO: Run Behavior\BuildLiteBehavior [ RunTime:0.000056s ]
INFO: [ app_init ] --END-- [ RunTime:0.000982s ]
ERR: 无法加载模块:Public

[ 2016-04-09T10:55:26+08:00 ] 127.0.0.1 /Public/Mall/images/init.html
INFO: [ app_init ] --START--
INFO: Run Behavior\BuildLiteBehavior [ RunTime:0.000044s ]
INFO: [ app_init ] --END-- [ RunTime:0.000729s ]
ERR: 无法加载模块:Public

[ 2016-04-09T10:55:26+08:00 ] 127.0.0.1 /Public/Mall/images/500x360.d0d9bb4d540ad8d71dfc7a5b95b02772.500x360.jpg
INFO: [ app_init ] --START--
INFO: Run Behavior\BuildLiteBehavior [ RunTime:0.000042s ]
INFO: [ app_init ] --END-- [ RunTime:0.000716s ]
ERR: 无法加载模块:Public

[ 2016-04-09T10:55:26+08:00 ] 127.0.0.1 /Public/Mall/images/700x700.e1031a7781d8cc992a11575ebb89eb39.180x180.jpg.webp
INFO: [ app_init ] --START--
INFO: Run Behavior\BuildLiteBehavior [ RunTime:0.000040s ]
INFO: [ app_init ] --END-- [ RunTime:0.000638s ]
ERR: 无法加载模块:Public

[ 2016-04-09T10:55:26+08:00 ] 127.0.0.1 /Public/Mall/images/700x700.854facc4272039e2610a609da349278b.180x180.jpg.webp
INFO: [ app_init ] --START--
INFO: Run Behavior\BuildLiteBehavior [ RunTime:0.000054s ]
INFO: [ app_init ] --END-- [ RunTime:0.000773s ]
ERR: 无法加载模块:Public

[ 2016-04-09T10:55:26+08:00 ] 127.0.0.1 /Public/Mall/images/signin5.gif
INFO: [ app_init ] --START--
INFO: Run Behavior\BuildLiteBehavior [ RunTime:0.000041s ]
INFO: [ app_init ] --END-- [ RunTime:0.000671s ]
ERR: 无法加载模块:Public

[ 2016-04-09T10:55:26+08:00 ] 127.0.0.1 /Public/Mall/images/700x700.658e729326a2c9d56785809e8c8b6923.180x180.jpg.webp
INFO: [ app_init ] --START--
INFO: Run Behavior\BuildLiteBehavior [ RunTime:0.000041s ]
INFO: [ app_init ] --END-- [ RunTime:0.000669s ]
ERR: 无法加载模块:Public

[ 2016-04-09T10:55:26+08:00 ] 127.0.0.1 /Public/Mall/images/700x700.31ccb8a67f5e45ba8b2f1ca1dc36367b.180x180.jpg.webp
INFO: [ app_init ] --START--
INFO: Run Behavior\BuildLiteBehavior [ RunTime:0.000042s ]
INFO: [ app_init ] --END-- [ RunTime:0.000705s ]
ERR: 无法加载模块:Public

[ 2016-04-09T10:55:26+08:00 ] 127.0.0.1 /Public/Mall/images/loading400x400.gif
INFO: [ app_init ] --START--
INFO: Run Behavior\BuildLiteBehavior [ RunTime:0.000064s ]
INFO: [ app_init ] --END-- [ RunTime:0.000889s ]
ERR: 无法加载模块:Public

[ 2016-04-09T10:55:26+08:00 ] 127.0.0.1 /Public/Mall/images/car_quan_pic.png
INFO: [ app_init ] --START--
INFO: Run Behavior\BuildLiteBehavior [ RunTime:0.000039s ]
INFO: [ app_init ] --END-- [ RunTime:0.000705s ]
ERR: 无法加载模块:Public

[ 2016-04-09T10:55:26+08:00 ] 127.0.0.1 /Public/Mall/images/deal_y2.png
INFO: [ app_init ] --START--
INFO: Run Behavior\BuildLiteBehavior [ RunTime:0.000043s ]
INFO: [ app_init ] --END-- [ RunTime:0.000713s ]
ERR: 无法加载模块:Public

[ 2016-04-09T10:55:26+08:00 ] 127.0.0.1 /Public/Mall/style/new_ico1.png
INFO: [ app_init ] --START--
INFO: Run Behavior\BuildLiteBehavior [ RunTime:0.000038s ]
INFO: [ app_init ] --END-- [ RunTime:0.000663s ]
ERR: 无法加载模块:Public

[ 2016-04-09T10:55:26+08:00 ] 127.0.0.1 /Public/Mall/images/sidePanel_checkin1N.gif
INFO: [ app_init ] --START--
INFO: Run Behavior\BuildLiteBehavior [ RunTime:0.000037s ]
INFO: [ app_init ] --END-- [ RunTime:0.000680s ]
ERR: 无法加载模块:Public

[ 2016-04-09T10:55:26+08:00 ] 127.0.0.1 /Public/Mall/images/700x700.13f8887a1036691f9307b5854d81891c.180x180.jpg.webp
INFO: [ app_init ] --START--
INFO: Run Behavior\BuildLiteBehavior [ RunTime:0.000040s ]
INFO: [ app_init ] --END-- [ RunTime:0.000653s ]
ERR: 无法加载模块:Public

[ 2016-04-09T10:55:26+08:00 ] 127.0.0.1 /Public/Mall/images/700x700.3a36a6095064179cc5a9b940e392aad0.180x180.jpg.webp
INFO: [ app_init ] --START--
INFO: Run Behavior\BuildLiteBehavior [ RunTime:0.000042s ]
INFO: [ app_init ] --END-- [ RunTime:0.003911s ]
ERR: 无法加载模块:Public

[ 2016-04-09T10:55:26+08:00 ] 127.0.0.1 /Public/Mall/images/700x700.947a0b0e7f45510544930538f220d694.180x180.jpg.webp
INFO: [ app_init ] --START--
INFO: Run Behavior\BuildLiteBehavior [ RunTime:0.000042s ]
INFO: [ app_init ] --END-- [ RunTime:0.000729s ]
ERR: 无法加载模块:Public

[ 2016-04-09T10:55:26+08:00 ] 127.0.0.1 /Public/Mall/images/700x700.b080af208905594c3e66019210ac323a.180x180.jpg.webp
INFO: [ app_init ] --START--
INFO: Run Behavior\BuildLiteBehavior [ RunTime:0.000039s ]
INFO: [ app_init ] --END-- [ RunTime:0.000655s ]
ERR: 无法加载模块:Public

[ 2016-04-09T10:55:26+08:00 ] 127.0.0.1 /Public/Mall/images/700x700.fdeec4f9e04ac8c3a13e3b0d7778ad19.180x180.jpg.webp
INFO: [ app_init ] --START--
INFO: Run Behavior\BuildLiteBehavior [ RunTime:0.000046s ]
INFO: [ app_init ] --END-- [ RunTime:0.004477s ]
ERR: 无法加载模块:Public

[ 2016-04-09T10:55:26+08:00 ] 127.0.0.1 /Public/Mall/images/640x640.445d6bd289fddd75c1222f8ac9290fca.180x180.jpg.webp
INFO: [ app_init ] --START--
INFO: Run Behavior\BuildLiteBehavior [ RunTime:0.000044s ]
INFO: [ app_init ] --END-- [ RunTime:0.000741s ]
ERR: 无法加载模块:Public

[ 2016-04-09T10:55:26+08:00 ] 127.0.0.1 /Public/Mall/images/700x700.8dcf11766bccd40650bd45eab4b0981e.180x180.jpg.webp
INFO: [ app_init ] --START--
INFO: Run Behavior\BuildLiteBehavior [ RunTime:0.000062s ]
INFO: [ app_init ] --END-- [ RunTime:0.001305s ]
ERR: 无法加载模块:Public

[ 2016-04-09T10:55:26+08:00 ] 127.0.0.1 /Public/Mall/images/700x700.7d0e67bad09c2bc11f9672d6dc4470ec.220x220.jpg.webp
INFO: [ app_init ] --START--
INFO: Run Behavior\BuildLiteBehavior [ RunTime:0.000052s ]
INFO: [ app_init ] --END-- [ RunTime:0.001506s ]
ERR: 无法加载模块:Public

[ 2016-04-09T10:55:26+08:00 ] 127.0.0.1 /Public/Mall/images/700x700.a24e8dde105596456f2148636a38f047.180x180.jpg.webp
INFO: [ app_init ] --START--
INFO: Run Behavior\BuildLiteBehavior [ RunTime:0.000038s ]
INFO: [ app_init ] --END-- [ RunTime:0.000648s ]
ERR: 无法加载模块:Public

[ 2016-04-09T10:55:26+08:00 ] 127.0.0.1 /Public/Mall/images/700x700.16df843ef95e75b6d8e1ac24c60118c5.220x220.jpg.webp
INFO: [ app_init ] --START--
INFO: Run Behavior\BuildLiteBehavior [ RunTime:0.000046s ]
INFO: [ app_init ] --END-- [ RunTime:0.000706s ]
ERR: 无法加载模块:Public

[ 2016-04-09T10:55:26+08:00 ] 127.0.0.1 /Public/Mall/images/750x521.2dad17ada679d4008fbb869be6ab5054.980x.jpg
INFO: [ app_init ] --START--
INFO: Run Behavior\BuildLiteBehavior [ RunTime:0.000045s ]
INFO: [ app_init ] --END-- [ RunTime:0.006390s ]
ERR: 无法加载模块:Public

[ 2016-04-09T10:55:26+08:00 ] 127.0.0.1 /Public/Mall/images/700x700.46e5e34d3f436bf226f4f257b05a4d6b.180x180.jpg.webp
INFO: [ app_init ] --START--
INFO: Run Behavior\BuildLiteBehavior [ RunTime:0.000042s ]
INFO: [ app_init ] --END-- [ RunTime:0.000722s ]
ERR: 无法加载模块:Public

[ 2016-04-09T10:55:26+08:00 ] 127.0.0.1 /Public/Mall/images/750x781.5e5001375a4be70f4fc366ebd083c92c.980x.jpg
INFO: [ app_init ] --START--
INFO: Run Behavior\BuildLiteBehavior [ RunTime:0.000039s ]
INFO: [ app_init ] --END-- [ RunTime:0.000632s ]
ERR: 无法加载模块:Public

[ 2016-04-09T10:55:26+08:00 ] 127.0.0.1 /Public/Mall/images/700x700.7dbbdefe6fc7a708136e63a2360051a2.220x220.jpg.webp
INFO: [ app_init ] --START--
INFO: Run Behavior\BuildLiteBehavior [ RunTime:0.000041s ]
INFO: [ app_init ] --END-- [ RunTime:0.000634s ]
ERR: 无法加载模块:Public

[ 2016-04-09T10:55:26+08:00 ] 127.0.0.1 /Public/Mall/images/700x700.ca31401944aaa5e33b03e890c5436c6a.220x220.jpg.webp
INFO: [ app_init ] --START--
INFO: Run Behavior\BuildLiteBehavior [ RunTime:0.000041s ]
INFO: [ app_init ] --END-- [ RunTime:0.000979s ]
ERR: 无法加载模块:Public

[ 2016-04-09T10:55:26+08:00 ] 127.0.0.1 /Public/Mall/images/700x700.2a613520bcc116f8327f17020ecc4bac.220x220.jpg.webp
INFO: [ app_init ] --START--
INFO: Run Behavior\BuildLiteBehavior [ RunTime:0.000043s ]
INFO: [ app_init ] --END-- [ RunTime:0.000725s ]
ERR: 无法加载模块:Public

[ 2016-04-09T10:55:26+08:00 ] 127.0.0.1 /Public/Mall/images/700x700.43a9dbb75e3888dd41aecc90ceea8f2c.220x220.jpg.webp
INFO: [ app_init ] --START--
INFO: Run Behavior\BuildLiteBehavior [ RunTime:0.000049s ]
INFO: [ app_init ] --END-- [ RunTime:0.000773s ]
ERR: 无法加载模块:Public

[ 2016-04-09T10:55:26+08:00 ] 127.0.0.1 /Public/Mall/images/start.png
INFO: [ app_init ] --START--
INFO: Run Behavior\BuildLiteBehavior [ RunTime:0.000045s ]
INFO: [ app_init ] --END-- [ RunTime:0.000708s ]
ERR: 无法加载模块:Public

[ 2016-04-09T10:55:37+08:00 ] 127.0.0.1 /Public/Mall/images/icon_pencil.png
INFO: [ app_init ] --START--
INFO: Run Behavior\BuildLiteBehavior [ RunTime:0.000043s ]
INFO: [ app_init ] --END-- [ RunTime:0.000721s ]
ERR: 无法加载模块:Public

[ 2016-04-09T11:02:40+08:00 ] 127.0.0.1 /Public/Mall/images/500x360.d0d9bb4d540ad8d71dfc7a5b95b02772.500x360.jpg
INFO: [ app_init ] --START--
INFO: Run Behavior\BuildLiteBehavior [ RunTime:0.000048s ]
INFO: [ app_init ] --END-- [ RunTime:0.004514s ]
ERR: 无法加载模块:Public

[ 2016-04-09T11:02:41+08:00 ] 127.0.0.1 /Public/Mall/images/700x700.31ccb8a67f5e45ba8b2f1ca1dc36367b.180x180.jpg.webp
INFO: [ app_init ] --START--
INFO: Run Behavior\BuildLiteBehavior [ RunTime:0.000064s ]
INFO: [ app_init ] --END-- [ RunTime:0.000908s ]
ERR: 无法加载模块:Public

[ 2016-04-09T11:02:41+08:00 ] 127.0.0.1 /Public/Mall/images/700x700.658e729326a2c9d56785809e8c8b6923.180x180.jpg.webp
INFO: [ app_init ] --START--
INFO: Run Behavior\BuildLiteBehavior [ RunTime:0.000041s ]
INFO: [ app_init ] --END-- [ RunTime:0.000824s ]
ERR: 无法加载模块:Public

[ 2016-04-09T11:02:41+08:00 ] 127.0.0.1 /Public/Mall/images/700x700.854facc4272039e2610a609da349278b.180x180.jpg.webp
INFO: [ app_init ] --START--
INFO: Run Behavior\BuildLiteBehavior [ RunTime:0.000049s ]
INFO: [ app_init ] --END-- [ RunTime:0.001779s ]
ERR: 无法加载模块:Public

[ 2016-04-09T11:02:41+08:00 ] 127.0.0.1 /Public/Mall/images/700x700.7415cd5aed569bdb5c63bfd565dbd079.180x180.jpg.webp
INFO: [ app_init ] --START--
INFO: Run Behavior\BuildLiteBehavior [ RunTime:0.000050s ]
INFO: [ app_init ] --END-- [ RunTime:0.000943s ]
ERR: 无法加载模块:Public

[ 2016-04-09T11:02:41+08:00 ] 127.0.0.1 /Public/Mall/images/700x700.3a36a6095064179cc5a9b940e392aad0.180x180.jpg.webp
INFO: [ app_init ] --START--
INFO: Run Behavior\BuildLiteBehavior [ RunTime:0.000041s ]
INFO: [ app_init ] --END-- [ RunTime:0.000689s ]
ERR: 无法加载模块:Public

[ 2016-04-09T11:02:41+08:00 ] 127.0.0.1 /Public/Mall/images/700x700.e1031a7781d8cc992a11575ebb89eb39.180x180.jpg.webp
INFO: [ app_init ] --START--
INFO: Run Behavior\BuildLiteBehavior [ RunTime:0.000043s ]
INFO: [ app_init ] --END-- [ RunTime:0.000837s ]
ERR: 无法加载模块:Public

[ 2016-04-09T11:02:41+08:00 ] 127.0.0.1 /Public/Mall/images/loading400x400.gif
INFO: [ app_init ] --START--
INFO: Run Behavior\BuildLiteBehavior [ RunTime:0.000043s ]
INFO: [ app_init ] --END-- [ RunTime:0.000710s ]
ERR: 无法加载模块:Public

[ 2016-04-09T11:02:41+08:00 ] 127.0.0.1 /Public/Mall/images/700x700.fdeec4f9e04ac8c3a13e3b0d7778ad19.180x180.jpg.webp
INFO: [ app_init ] --START--
INFO: Run Behavior\BuildLiteBehavior [ RunTime:0.000040s ]
INFO: [ app_init ] --END-- [ RunTime:0.000654s ]
ERR: 无法加载模块:Public

[ 2016-04-09T11:02:41+08:00 ] 127.0.0.1 /Public/Mall/images/car_quan_pic.png
INFO: [ app_init ] --START--
INFO: Run Behavior\BuildLiteBehavior [ RunTime:0.000042s ]
INFO: [ app_init ] --END-- [ RunTime:0.000665s ]
ERR: 无法加载模块:Public

[ 2016-04-09T11:02:41+08:00 ] 127.0.0.1 /Public/Mall/images/deal_y2.png
INFO: [ app_init ] --START--
INFO: Run Behavior\BuildLiteBehavior [ RunTime:0.000041s ]
INFO: [ app_init ] --END-- [ RunTime:0.000667s ]
ERR: 无法加载模块:Public

[ 2016-04-09T11:02:41+08:00 ] 127.0.0.1 /Public/Mall/images/700x700.13f8887a1036691f9307b5854d81891c.180x180.jpg.webp
INFO: [ app_init ] --START--
INFO: Run Behavior\BuildLiteBehavior [ RunTime:0.000039s ]
INFO: [ app_init ] --END-- [ RunTime:0.000666s ]
ERR: 无法加载模块:Public

[ 2016-04-09T11:02:41+08:00 ] 127.0.0.1 /Public/Mall/images/700x700.947a0b0e7f45510544930538f220d694.180x180.jpg.webp
INFO: [ app_init ] --START--
INFO: Run Behavior\BuildLiteBehavior [ RunTime:0.000038s ]
INFO: [ app_init ] --END-- [ RunTime:0.000651s ]
ERR: 无法加载模块:Public

[ 2016-04-09T11:02:41+08:00 ] 127.0.0.1 /Public/Mall/images/sidePanel_checkin1N.gif
INFO: [ app_init ] --START--
INFO: Run Behavior\BuildLiteBehavior [ RunTime:0.000126s ]
INFO: [ app_init ] --END-- [ RunTime:0.001560s ]
ERR: 无法加载模块:Public

[ 2016-04-09T11:02:41+08:00 ] 127.0.0.1 /Public/Mall/images/700x700.46e5e34d3f436bf226f4f257b05a4d6b.180x180.jpg.webp
INFO: [ app_init ] --START--
INFO: Run Behavior\BuildLiteBehavior [ RunTime:0.000042s ]
INFO: [ app_init ] --END-- [ RunTime:0.000657s ]
ERR: 无法加载模块:Public

[ 2016-04-09T11:02:41+08:00 ] 127.0.0.1 /Public/Mall/images/700x700.a24e8dde105596456f2148636a38f047.180x180.jpg.webp
INFO: [ app_init ] --START--
INFO: Run Behavior\BuildLiteBehavior [ RunTime:0.000039s ]
INFO: [ app_init ] --END-- [ RunTime:0.000721s ]
ERR: 无法加载模块:Public

[ 2016-04-09T11:02:41+08:00 ] 127.0.0.1 /Public/Mall/images/700x700.b080af208905594c3e66019210ac323a.180x180.jpg.webp
INFO: [ app_init ] --START--
INFO: Run Behavior\BuildLiteBehavior [ RunTime:0.000042s ]
INFO: [ app_init ] --END-- [ RunTime:0.000721s ]
ERR: 无法加载模块:Public

[ 2016-04-09T11:02:41+08:00 ] 127.0.0.1 /Public/Mall/style/new_ico1.png
INFO: [ app_init ] --START--
INFO: Run Behavior\BuildLiteBehavior [ RunTime:0.000045s ]
INFO: [ app_init ] --END-- [ RunTime:0.001257s ]
ERR: 无法加载模块:Public

[ 2016-04-09T11:02:41+08:00 ] 127.0.0.1 /Public/Mall/images/750x521.2dad17ada679d4008fbb869be6ab5054.980x.jpg
INFO: [ app_init ] --START--
INFO: Run Behavior\BuildLiteBehavior [ RunTime:0.000040s ]
INFO: [ app_init ] --END-- [ RunTime:0.000660s ]
ERR: 无法加载模块:Public

[ 2016-04-09T11:02:41+08:00 ] 127.0.0.1 /Public/Mall/images/640x640.445d6bd289fddd75c1222f8ac9290fca.180x180.jpg.webp
INFO: [ app_init ] --START--
INFO: Run Behavior\BuildLiteBehavior [ RunTime:0.000044s ]
INFO: [ app_init ] --END-- [ RunTime:0.003093s ]
ERR: 无法加载模块:Public

[ 2016-04-09T11:02:41+08:00 ] 127.0.0.1 /Public/Mall/images/700x700.7d0e67bad09c2bc11f9672d6dc4470ec.220x220.jpg.webp
INFO: [ app_init ] --START--
INFO: Run Behavior\BuildLiteBehavior [ RunTime:0.000040s ]
INFO: [ app_init ] --END-- [ RunTime:0.000653s ]
ERR: 无法加载模块:Public

[ 2016-04-09T11:02:41+08:00 ] 127.0.0.1 /Public/Mall/images/700x700.2a613520bcc116f8327f17020ecc4bac.220x220.jpg.webp
INFO: [ app_init ] --START--
INFO: Run Behavior\BuildLiteBehavior [ RunTime:0.000037s ]
INFO: [ app_init ] --END-- [ RunTime:0.000702s ]
ERR: 无法加载模块:Public

[ 2016-04-09T11:02:41+08:00 ] 127.0.0.1 /Public/Mall/images/700x700.16df843ef95e75b6d8e1ac24c60118c5.220x220.jpg.webp
INFO: [ app_init ] --START--
INFO: Run Behavior\BuildLiteBehavior [ RunTime:0.000047s ]
INFO: [ app_init ] --END-- [ RunTime:0.000800s ]
ERR: 无法加载模块:Public

[ 2016-04-09T11:02:41+08:00 ] 127.0.0.1 /Public/Mall/images/start.png
INFO: [ app_init ] --START--
INFO: Run Behavior\BuildLiteBehavior [ RunTime:0.000043s ]
INFO: [ app_init ] --END-- [ RunTime:0.001138s ]
ERR: 无法加载模块:Public

[ 2016-04-09T11:02:41+08:00 ] 127.0.0.1 /Public/Mall/images/700x700.8dcf11766bccd40650bd45eab4b0981e.180x180.jpg.webp
INFO: [ app_init ] --START--
INFO: Run Behavior\BuildLiteBehavior [ RunTime:0.000043s ]
INFO: [ app_init ] --END-- [ RunTime:0.000710s ]
ERR: 无法加载模块:Public

[ 2016-04-09T11:02:41+08:00 ] 127.0.0.1 /Public/Mall/images/700x700.43a9dbb75e3888dd41aecc90ceea8f2c.220x220.jpg.webp
INFO: [ app_init ] --START--
INFO: Run Behavior\BuildLiteBehavior [ RunTime:0.000043s ]
INFO: [ app_init ] --END-- [ RunTime:0.000814s ]
ERR: 无法加载模块:Public

[ 2016-04-09T11:02:41+08:00 ] 127.0.0.1 /Public/Mall/images/750x781.5e5001375a4be70f4fc366ebd083c92c.980x.jpg
INFO: [ app_init ] --START--
INFO: Run Behavior\BuildLiteBehavior [ RunTime:0.000044s ]
INFO: [ app_init ] --END-- [ RunTime:0.001230s ]
ERR: 无法加载模块:Public

[ 2016-04-09T11:02:41+08:00 ] 127.0.0.1 /Public/Mall/images/700x700.7dbbdefe6fc7a708136e63a2360051a2.220x220.jpg.webp
INFO: [ app_init ] --START--
INFO: Run Behavior\BuildLiteBehavior [ RunTime:0.000047s ]
INFO: [ app_init ] --END-- [ RunTime:0.000712s ]
ERR: 无法加载模块:Public

[ 2016-04-09T11:02:41+08:00 ] 127.0.0.1 /Public/Mall/images/700x700.ca31401944aaa5e33b03e890c5436c6a.220x220.jpg.webp
INFO: [ app_init ] --START--
INFO: Run Behavior\BuildLiteBehavior [ RunTime:0.000034s ]
INFO: [ app_init ] --END-- [ RunTime:0.000607s ]
ERR: 无法加载模块:Public

[ 2016-04-09T11:29:31+08:00 ] 127.0.0.1 /favicon.ico
INFO: [ app_init ] --START--
INFO: Run Behavior\BuildLiteBehavior [ RunTime:0.000043s ]
INFO: [ app_init ] --END-- [ RunTime:0.000752s ]
ERR: 无法加载模块:Favicon

[ 2016-04-09T11:29:38+08:00 ] 127.0.0.1 /Public/Shop/js/notorder.js
INFO: [ app_init ] --START--
INFO: Run Behavior\BuildLiteBehavior [ RunTime:0.000041s ]
INFO: [ app_init ] --END-- [ RunTime:0.000814s ]
ERR: 无法加载模块:Public

[ 2016-04-09T11:29:55+08:00 ] 127.0.0.1 /Public/Shop/images/chenggong.png
INFO: [ app_init ] --START--
INFO: Run Behavior\BuildLiteBehavior [ RunTime:0.000040s ]
INFO: [ app_init ] --END-- [ RunTime:0.000741s ]
ERR: 无法加载模块:Public

[ 2016-04-09T11:35:23+08:00 ] 127.0.0.1 /Public/Shop/images/chenggong.png
INFO: [ app_init ] --START--
INFO: Run Behavior\BuildLiteBehavior [ RunTime:0.000049s ]
INFO: [ app_init ] --END-- [ RunTime:0.000699s ]
ERR: 无法加载模块:Public

[ 2016-04-09T11:35:25+08:00 ] 127.0.0.1 /Public/Shop/images/chenggong.png
INFO: [ app_init ] --START--
INFO: Run Behavior\BuildLiteBehavior [ RunTime:0.000036s ]
INFO: [ app_init ] --END-- [ RunTime:0.000707s ]
ERR: 无法加载模块:Public

[ 2016-04-09T11:35:49+08:00 ] 127.0.0.1 /Public/Shop/images/chenggong.png
INFO: [ app_init ] --START--
INFO: Run Behavior\BuildLiteBehavior [ RunTime:0.000025s ]
INFO: [ app_init ] --END-- [ RunTime:0.000443s ]
ERR: 无法加载模块:Public

[ 2016-04-09T11:35:50+08:00 ] 127.0.0.1 /Public/Shop/images/chenggong.png
INFO: [ app_init ] --START--
INFO: Run Behavior\BuildLiteBehavior [ RunTime:0.000051s ]
INFO: [ app_init ] --END-- [ RunTime:0.001111s ]
ERR: 无法加载模块:Public

[ 2016-04-09T11:35:56+08:00 ] 127.0.0.1 /Public/Shop/js/notorder.js
INFO: [ app_init ] --START--
INFO: Run Behavior\BuildLiteBehavior [ RunTime:0.000027s ]
INFO: [ app_init ] --END-- [ RunTime:0.000528s ]
ERR: 无法加载模块:Public

[ 2016-04-09T11:36:44+08:00 ] 127.0.0.1 /Public/Shop/images/chenggong.png
INFO: [ app_init ] --START--
INFO: Run Behavior\BuildLiteBehavior [ RunTime:0.000041s ]
INFO: [ app_init ] --END-- [ RunTime:0.000786s ]
ERR: 无法加载模块:Public

[ 2016-04-09T11:36:45+08:00 ] 127.0.0.1 /Public/Shop/images/chenggong.png
INFO: [ app_init ] --START--
INFO: Run Behavior\BuildLiteBehavior [ RunTime:0.000050s ]
INFO: [ app_init ] --END-- [ RunTime:0.000837s ]
ERR: 无法加载模块:Public

[ 2016-04-09T11:36:53+08:00 ] 127.0.0.1 /Public/Shop/images/chenggong.png
INFO: [ app_init ] --START--
INFO: Run Behavior\BuildLiteBehavior [ RunTime:0.000024s ]
INFO: [ app_init ] --END-- [ RunTime:0.000447s ]
ERR: 无法加载模块:Public

[ 2016-04-09T11:36:54+08:00 ] 127.0.0.1 /Public/Shop/images/chenggong.png
INFO: [ app_init ] --START--
INFO: Run Behavior\BuildLiteBehavior [ RunTime:0.000041s ]
INFO: [ app_init ] --END-- [ RunTime:0.000712s ]
ERR: 无法加载模块:Public

[ 2016-04-09T11:36:58+08:00 ] 127.0.0.1 /Public/Shop/images/chenggong.png
INFO: [ app_init ] --START--
INFO: Run Behavior\BuildLiteBehavior [ RunTime:0.000047s ]
INFO: [ app_init ] --END-- [ RunTime:0.001095s ]
ERR: 无法加载模块:Public

[ 2016-04-09T11:36:59+08:00 ] 127.0.0.1 /Public/Shop/images/chenggong.png
INFO: [ app_init ] --START--
INFO: Run Behavior\BuildLiteBehavior [ RunTime:0.000049s ]
INFO: [ app_init ] --END-- [ RunTime:0.000864s ]
ERR: 无法加载模块:Public

[ 2016-04-09T11:38:47+08:00 ] 127.0.0.1 /Public/Shop/js/notorder.js
INFO: [ app_init ] --START--
INFO: Run Behavior\BuildLiteBehavior [ RunTime:0.000048s ]
INFO: [ app_init ] --END-- [ RunTime:0.000958s ]
ERR: 无法加载模块:Public

[ 2016-04-09T11:38:57+08:00 ] 127.0.0.1 /Public/Shop/images/chenggong.png
INFO: [ app_init ] --START--
INFO: Run Behavior\BuildLiteBehavior [ RunTime:0.000092s ]
INFO: [ app_init ] --END-- [ RunTime:0.001479s ]
ERR: 无法加载模块:Public

[ 2016-04-09T11:38:57+08:00 ] 127.0.0.1 /Public/Shop/images/chenggong.png
INFO: [ app_init ] --START--
INFO: Run Behavior\BuildLiteBehavior [ RunTime:0.000043s ]
INFO: [ app_init ] --END-- [ RunTime:0.000739s ]
ERR: 无法加载模块:Public

[ 2016-04-09T11:39:01+08:00 ] 127.0.0.1 /Public/Shop/images/chenggong.png
INFO: [ app_init ] --START--
INFO: Run Behavior\BuildLiteBehavior [ RunTime:0.000046s ]
INFO: [ app_init ] --END-- [ RunTime:0.000820s ]
ERR: 无法加载模块:Public

[ 2016-04-09T11:39:17+08:00 ] 127.0.0.1 /Public/Shop/js/notorder.js
INFO: [ app_init ] --START--
INFO: Run Behavior\BuildLiteBehavior [ RunTime:0.000063s ]
INFO: [ app_init ] --END-- [ RunTime:0.002216s ]
ERR: 无法加载模块:Public

[ 2016-04-09T11:39:33+08:00 ] 127.0.0.1 /Public/Shop/images/chenggong.png
INFO: [ app_init ] --START--
INFO: Run Behavior\BuildLiteBehavior [ RunTime:0.000040s ]
INFO: [ app_init ] --END-- [ RunTime:0.000805s ]
ERR: 无法加载模块:Public

[ 2016-04-09T11:39:36+08:00 ] 127.0.0.1 /Public/Shop/images/chenggong.png
INFO: [ app_init ] --START--
INFO: Run Behavior\BuildLiteBehavior [ RunTime:0.000044s ]
INFO: [ app_init ] --END-- [ RunTime:0.000759s ]
ERR: 无法加载模块:Public

