[ 2016-03-27T16:59:35+08:00 ] 127.0.0.1 /favicon.ico
INFO: [ app_init ] --START--
INFO: Run Behavior\BuildLiteBehavior [ RunTime:0.000026s ]
INFO: [ app_init ] --END-- [ RunTime:0.000425s ]
ERR: 无法加载模块:Favicon

[ 2016-03-27T16:59:35+08:00 ] 127.0.0.1 /favicon.ico
INFO: [ app_init ] --START--
INFO: Run Behavior\BuildLiteBehavior [ RunTime:0.000035s ]
INFO: [ app_init ] --END-- [ RunTime:0.000507s ]
ERR: 无法加载模块:Favicon

[ 2016-03-27T17:00:12+08:00 ] 127.0.0.1 /favicon.ico
INFO: [ app_init ] --START--
INFO: Run Behavior\BuildLiteBehavior [ RunTime:0.000044s ]
INFO: [ app_init ] --END-- [ RunTime:0.000753s ]
ERR: 无法加载模块:Favicon

[ 2016-03-27T17:00:42+08:00 ] 127.0.0.1 /Public/Mall/images/500x360.d0d9bb4d540ad8d71dfc7a5b95b02772.500x360.jpg
INFO: [ app_init ] --START--
INFO: Run Behavior\BuildLiteBehavior [ RunTime:0.000043s ]
INFO: [ app_init ] --END-- [ RunTime:0.001699s ]
ERR: 无法加载模块:Public

[ 2016-03-27T17:00:42+08:00 ] 127.0.0.1 /Public/Mall/images/700x700.7415cd5aed569bdb5c63bfd565dbd079.180x180.jpg.webp
INFO: [ app_init ] --START--
INFO: Run Behavior\BuildLiteBehavior [ RunTime:0.000039s ]
INFO: [ app_init ] --END-- [ RunTime:0.000713s ]
ERR: 无法加载模块:Public

[ 2016-03-27T17:00:42+08:00 ] 127.0.0.1 /Public/Mall/images/init.html
INFO: [ app_init ] --START--
INFO: Run Behavior\BuildLiteBehavior [ RunTime:0.000036s ]
INFO: [ app_init ] --END-- [ RunTime:0.000693s ]
ERR: 无法加载模块:Public

[ 2016-03-27T17:00:42+08:00 ] 127.0.0.1 /Public/Mall/images/700x700.854facc4272039e2610a609da349278b.180x180.jpg.webp
INFO: [ app_init ] --START--
INFO: Run Behavior\BuildLiteBehavior [ RunTime:0.000036s ]
INFO: [ app_init ] --END-- [ RunTime:0.000706s ]
ERR: 无法加载模块:Public

[ 2016-03-27T17:00:42+08:00 ] 127.0.0.1 /Public/Mall/images/700x700.658e729326a2c9d56785809e8c8b6923.180x180.jpg.webp
INFO: [ app_init ] --START--
INFO: Run Behavior\BuildLiteBehavior [ RunTime:0.000041s ]
INFO: [ app_init ] --END-- [ RunTime:0.000660s ]
ERR: 无法加载模块:Public

[ 2016-03-27T17:00:42+08:00 ] 127.0.0.1 /Public/Mall/images/700x700.e1031a7781d8cc992a11575ebb89eb39.180x180.jpg.webp
INFO: [ app_init ] --START--
INFO: Run Behavior\BuildLiteBehavior [ RunTime:0.000038s ]
INFO: [ app_init ] --END-- [ RunTime:0.000626s ]
ERR: 无法加载模块:Public

[ 2016-03-27T17:00:42+08:00 ] 127.0.0.1 /Public/Mall/images/700x700.3a36a6095064179cc5a9b940e392aad0.180x180.jpg.webp
INFO: [ app_init ] --START--
INFO: Run Behavior\BuildLiteBehavior [ RunTime:0.000043s ]
INFO: [ app_init ] --END-- [ RunTime:0.000809s ]
ERR: 无法加载模块:Public

[ 2016-03-27T17:00:42+08:00 ] 127.0.0.1 /Public/Mall/images/700x700.fdeec4f9e04ac8c3a13e3b0d7778ad19.180x180.jpg.webp
INFO: [ app_init ] --START--
INFO: Run Behavior\BuildLiteBehavior [ RunTime:0.000040s ]
INFO: [ app_init ] --END-- [ RunTime:0.000647s ]
ERR: 无法加载模块:Public

[ 2016-03-27T17:00:42+08:00 ] 127.0.0.1 /Public/Mall/images/700x700.13f8887a1036691f9307b5854d81891c.180x180.jpg.webp
INFO: [ app_init ] --START--
INFO: Run Behavior\BuildLiteBehavior [ RunTime:0.000043s ]
INFO: [ app_init ] --END-- [ RunTime:0.001930s ]
ERR: 无法加载模块:Public

[ 2016-03-27T17:00:42+08:00 ] 127.0.0.1 /Public/Mall/images/700x700.947a0b0e7f45510544930538f220d694.180x180.jpg.webp
INFO: [ app_init ] --START--
INFO: Run Behavior\BuildLiteBehavior [ RunTime:0.000046s ]
INFO: [ app_init ] --END-- [ RunTime:0.000766s ]
ERR: 无法加载模块:Public

[ 2016-03-27T17:00:42+08:00 ] 127.0.0.1 /Public/Mall/images/700x700.31ccb8a67f5e45ba8b2f1ca1dc36367b.180x180.jpg.webp
INFO: [ app_init ] --START--
INFO: Run Behavior\BuildLiteBehavior [ RunTime:0.000048s ]
INFO: [ app_init ] --END-- [ RunTime:0.004733s ]
ERR: 无法加载模块:Public

[ 2016-03-27T17:00:42+08:00 ] 127.0.0.1 /Public/Mall/images/700x700.a24e8dde105596456f2148636a38f047.180x180.jpg.webp
INFO: [ app_init ] --START--
INFO: Run Behavior\BuildLiteBehavior [ RunTime:0.000084s ]
INFO: [ app_init ] --END-- [ RunTime:0.001186s ]
ERR: 无法加载模块:Public

[ 2016-03-27T17:00:42+08:00 ] 127.0.0.1 /Public/Mall/images/700x700.b080af208905594c3e66019210ac323a.180x180.jpg.webp
INFO: [ app_init ] --START--
INFO: Run Behavior\BuildLiteBehavior [ RunTime:0.000046s ]
INFO: [ app_init ] --END-- [ RunTime:0.000805s ]
ERR: 无法加载模块:Public

[ 2016-03-27T17:00:42+08:00 ] 127.0.0.1 /Public/Mall/images/750x781.5e5001375a4be70f4fc366ebd083c92c.980x.jpg
INFO: [ app_init ] --START--
INFO: Run Behavior\BuildLiteBehavior [ RunTime:0.000045s ]
INFO: [ app_init ] --END-- [ RunTime:0.000731s ]
ERR: 无法加载模块:Public

[ 2016-03-27T17:00:42+08:00 ] 127.0.0.1 /Public/Mall/images/640x640.445d6bd289fddd75c1222f8ac9290fca.180x180.jpg.webp
INFO: [ app_init ] --START--
INFO: Run Behavior\BuildLiteBehavior [ RunTime:0.000048s ]
INFO: [ app_init ] --END-- [ RunTime:0.001283s ]
ERR: 无法加载模块:Public

[ 2016-03-27T17:00:42+08:00 ] 127.0.0.1 /Public/Mall/images/700x700.7d0e67bad09c2bc11f9672d6dc4470ec.220x220.jpg.webp
INFO: [ app_init ] --START--
INFO: Run Behavior\BuildLiteBehavior [ RunTime:0.000040s ]
INFO: [ app_init ] --END-- [ RunTime:0.000690s ]
ERR: 无法加载模块:Public

[ 2016-03-27T17:00:42+08:00 ] 127.0.0.1 /Public/Mall/images/700x700.16df843ef95e75b6d8e1ac24c60118c5.220x220.jpg.webp
INFO: [ app_init ] --START--
INFO: Run Behavior\BuildLiteBehavior [ RunTime:0.000037s ]
INFO: [ app_init ] --END-- [ RunTime:0.000682s ]
ERR: 无法加载模块:Public

[ 2016-03-27T17:00:42+08:00 ] 127.0.0.1 /Public/Mall/images/700x700.ca31401944aaa5e33b03e890c5436c6a.220x220.jpg.webp
INFO: [ app_init ] --START--
INFO: Run Behavior\BuildLiteBehavior [ RunTime:0.000040s ]
INFO: [ app_init ] --END-- [ RunTime:0.000669s ]
ERR: 无法加载模块:Public

[ 2016-03-27T17:00:42+08:00 ] 127.0.0.1 /Public/Mall/images/700x700.43a9dbb75e3888dd41aecc90ceea8f2c.220x220.jpg.webp
INFO: [ app_init ] --START--
INFO: Run Behavior\BuildLiteBehavior [ RunTime:0.000049s ]
INFO: [ app_init ] --END-- [ RunTime:0.002989s ]
ERR: 无法加载模块:Public

[ 2016-03-27T17:00:42+08:00 ] 127.0.0.1 /Public/Mall/images/700x700.7dbbdefe6fc7a708136e63a2360051a2.220x220.jpg.webp
INFO: [ app_init ] --START--
INFO: Run Behavior\BuildLiteBehavior [ RunTime:0.000041s ]
INFO: [ app_init ] --END-- [ RunTime:0.000667s ]
ERR: 无法加载模块:Public

[ 2016-03-27T17:00:42+08:00 ] 127.0.0.1 /Public/Mall/images/700x700.46e5e34d3f436bf226f4f257b05a4d6b.180x180.jpg.webp
INFO: [ app_init ] --START--
INFO: Run Behavior\BuildLiteBehavior [ RunTime:0.000040s ]
INFO: [ app_init ] --END-- [ RunTime:0.000663s ]
ERR: 无法加载模块:Public

[ 2016-03-27T17:00:42+08:00 ] 127.0.0.1 /Public/Mall/images/700x700.8dcf11766bccd40650bd45eab4b0981e.180x180.jpg.webp
INFO: [ app_init ] --START--
INFO: Run Behavior\BuildLiteBehavior [ RunTime:0.000047s ]
INFO: [ app_init ] --END-- [ RunTime:0.001697s ]
ERR: 无法加载模块:Public

[ 2016-03-27T17:00:42+08:00 ] 127.0.0.1 /Public/Mall/images/750x521.2dad17ada679d4008fbb869be6ab5054.980x.jpg
INFO: [ app_init ] --START--
INFO: Run Behavior\BuildLiteBehavior [ RunTime:0.000039s ]
INFO: [ app_init ] --END-- [ RunTime:0.000704s ]
ERR: 无法加载模块:Public

[ 2016-03-27T17:00:42+08:00 ] 127.0.0.1 /Public/Mall/images/700x700.2a613520bcc116f8327f17020ecc4bac.220x220.jpg.webp
INFO: [ app_init ] --START--
INFO: Run Behavior\BuildLiteBehavior [ RunTime:0.000052s ]
INFO: [ app_init ] --END-- [ RunTime:0.001001s ]
ERR: 无法加载模块:Public

[ 2016-03-27T17:00:43+08:00 ] 127.0.0.1 /Public/Mall/images/car_quan_pic.png
INFO: [ app_init ] --START--
INFO: Run Behavior\BuildLiteBehavior [ RunTime:0.000059s ]
INFO: [ app_init ] --END-- [ RunTime:0.001226s ]
ERR: 无法加载模块:Public

[ 2016-03-27T17:00:43+08:00 ] 127.0.0.1 /Public/Mall/images/sidePanel_checkin1N.gif
INFO: [ app_init ] --START--
INFO: Run Behavior\BuildLiteBehavior [ RunTime:0.000046s ]
INFO: [ app_init ] --END-- [ RunTime:0.000815s ]
ERR: 无法加载模块:Public

[ 2016-03-27T17:00:43+08:00 ] 127.0.0.1 /Public/Mall/images/loading400x400.gif
INFO: [ app_init ] --START--
INFO: Run Behavior\BuildLiteBehavior [ RunTime:0.000044s ]
INFO: [ app_init ] --END-- [ RunTime:0.000752s ]
ERR: 无法加载模块:Public

[ 2016-03-27T17:00:43+08:00 ] 127.0.0.1 /Public/Mall/images/signin5.gif
INFO: [ app_init ] --START--
INFO: Run Behavior\BuildLiteBehavior [ RunTime:0.000042s ]
INFO: [ app_init ] --END-- [ RunTime:0.000699s ]
ERR: 无法加载模块:Public

[ 2016-03-27T17:00:43+08:00 ] 127.0.0.1 /Public/Mall/images/deal_y2.png
INFO: [ app_init ] --START--
INFO: Run Behavior\BuildLiteBehavior [ RunTime:0.000040s ]
INFO: [ app_init ] --END-- [ RunTime:0.000658s ]
ERR: 无法加载模块:Public

[ 2016-03-27T17:00:43+08:00 ] 127.0.0.1 /Public/Mall/style/new_ico1.png
INFO: [ app_init ] --START--
INFO: Run Behavior\BuildLiteBehavior [ RunTime:0.000041s ]
INFO: [ app_init ] --END-- [ RunTime:0.000707s ]
ERR: 无法加载模块:Public

[ 2016-03-27T17:00:43+08:00 ] 127.0.0.1 /Public/Mall/images/start.png
INFO: [ app_init ] --START--
INFO: Run Behavior\BuildLiteBehavior [ RunTime:0.000040s ]
INFO: [ app_init ] --END-- [ RunTime:0.000570s ]
ERR: 无法加载模块:Public

[ 2016-03-27T17:01:03+08:00 ] 127.0.0.1 /Public/Mall/images/700x700.e1031a7781d8cc992a11575ebb89eb39.180x180.jpg.webp
INFO: [ app_init ] --START--
INFO: Run Behavior\BuildLiteBehavior [ RunTime:0.000040s ]
INFO: [ app_init ] --END-- [ RunTime:0.000663s ]
ERR: 无法加载模块:Public

[ 2016-03-27T17:01:03+08:00 ] 127.0.0.1 /Public/Mall/images/500x360.d0d9bb4d540ad8d71dfc7a5b95b02772.500x360.jpg
INFO: [ app_init ] --START--
INFO: Run Behavior\BuildLiteBehavior [ RunTime:0.000038s ]
INFO: [ app_init ] --END-- [ RunTime:0.000642s ]
ERR: 无法加载模块:Public

[ 2016-03-27T17:01:03+08:00 ] 127.0.0.1 /Public/Mall/images/700x700.31ccb8a67f5e45ba8b2f1ca1dc36367b.180x180.jpg.webp
INFO: [ app_init ] --START--
INFO: Run Behavior\BuildLiteBehavior [ RunTime:0.000043s ]
INFO: [ app_init ] --END-- [ RunTime:0.001216s ]
ERR: 无法加载模块:Public

[ 2016-03-27T17:01:03+08:00 ] 127.0.0.1 /Public/Mall/images/700x700.3a36a6095064179cc5a9b940e392aad0.180x180.jpg.webp
INFO: [ app_init ] --START--
INFO: Run Behavior\BuildLiteBehavior [ RunTime:0.000038s ]
INFO: [ app_init ] --END-- [ RunTime:0.000642s ]
ERR: 无法加载模块:Public

[ 2016-03-27T17:01:03+08:00 ] 127.0.0.1 /Public/Mall/images/700x700.fdeec4f9e04ac8c3a13e3b0d7778ad19.180x180.jpg.webp
INFO: [ app_init ] --START--
INFO: Run Behavior\BuildLiteBehavior [ RunTime:0.000038s ]
INFO: [ app_init ] --END-- [ RunTime:0.000666s ]
ERR: 无法加载模块:Public

[ 2016-03-27T17:01:03+08:00 ] 127.0.0.1 /Public/Mall/images/700x700.658e729326a2c9d56785809e8c8b6923.180x180.jpg.webp
INFO: [ app_init ] --START--
INFO: Run Behavior\BuildLiteBehavior [ RunTime:0.000038s ]
INFO: [ app_init ] --END-- [ RunTime:0.000659s ]
ERR: 无法加载模块:Public

[ 2016-03-27T17:01:03+08:00 ] 127.0.0.1 /Public/Mall/images/700x700.7415cd5aed569bdb5c63bfd565dbd079.180x180.jpg.webp
INFO: [ app_init ] --START--
INFO: Run Behavior\BuildLiteBehavior [ RunTime:0.000045s ]
INFO: [ app_init ] --END-- [ RunTime:0.001200s ]
ERR: 无法加载模块:Public

[ 2016-03-27T17:01:03+08:00 ] 127.0.0.1 /Public/Mall/images/700x700.a24e8dde105596456f2148636a38f047.180x180.jpg.webp
INFO: [ app_init ] --START--
INFO: Run Behavior\BuildLiteBehavior [ RunTime:0.000049s ]
INFO: [ app_init ] --END-- [ RunTime:0.000801s ]
ERR: 无法加载模块:Public

[ 2016-03-27T17:01:03+08:00 ] 127.0.0.1 /Public/Mall/images/700x700.b080af208905594c3e66019210ac323a.180x180.jpg.webp
INFO: [ app_init ] --START--
INFO: Run Behavior\BuildLiteBehavior [ RunTime:0.000112s ]
INFO: [ app_init ] --END-- [ RunTime:0.001473s ]
ERR: 无法加载模块:Public

[ 2016-03-27T17:01:03+08:00 ] 127.0.0.1 /Public/Mall/images/700x700.854facc4272039e2610a609da349278b.180x180.jpg.webp
INFO: [ app_init ] --START--
INFO: Run Behavior\BuildLiteBehavior [ RunTime:0.000049s ]
INFO: [ app_init ] --END-- [ RunTime:0.001868s ]
ERR: 无法加载模块:Public

[ 2016-03-27T17:01:03+08:00 ] 127.0.0.1 /Public/Mall/images/700x700.8dcf11766bccd40650bd45eab4b0981e.180x180.jpg.webp
INFO: [ app_init ] --START--
INFO: Run Behavior\BuildLiteBehavior [ RunTime:0.000060s ]
INFO: [ app_init ] --END-- [ RunTime:0.001169s ]
ERR: 无法加载模块:Public

[ 2016-03-27T17:01:03+08:00 ] 127.0.0.1 /Public/Mall/images/750x781.5e5001375a4be70f4fc366ebd083c92c.980x.jpg
INFO: [ app_init ] --START--
INFO: Run Behavior\BuildLiteBehavior [ RunTime:0.000045s ]
INFO: [ app_init ] --END-- [ RunTime:0.001054s ]
ERR: 无法加载模块:Public

[ 2016-03-27T17:01:03+08:00 ] 127.0.0.1 /Public/Mall/images/700x700.13f8887a1036691f9307b5854d81891c.180x180.jpg.webp
INFO: [ app_init ] --START--
INFO: Run Behavior\BuildLiteBehavior [ RunTime:0.000042s ]
INFO: [ app_init ] --END-- [ RunTime:0.060832s ]
ERR: 无法加载模块:Public

[ 2016-03-27T17:01:03+08:00 ] 127.0.0.1 /Public/Mall/images/signin5.gif
INFO: [ app_init ] --START--
INFO: Run Behavior\BuildLiteBehavior [ RunTime:0.000039s ]
INFO: [ app_init ] --END-- [ RunTime:0.000645s ]
ERR: 无法加载模块:Public

[ 2016-03-27T17:01:03+08:00 ] 127.0.0.1 /Public/Mall/images/loading400x400.gif
INFO: [ app_init ] --START--
INFO: Run Behavior\BuildLiteBehavior [ RunTime:0.000042s ]
INFO: [ app_init ] --END-- [ RunTime:0.000752s ]
ERR: 无法加载模块:Public

[ 2016-03-27T17:01:03+08:00 ] 127.0.0.1 /Public/Mall/images/700x700.947a0b0e7f45510544930538f220d694.180x180.jpg.webp
INFO: [ app_init ] --START--
INFO: Run Behavior\BuildLiteBehavior [ RunTime:0.000040s ]
INFO: [ app_init ] --END-- [ RunTime:0.000672s ]
ERR: 无法加载模块:Public

[ 2016-03-27T17:01:03+08:00 ] 127.0.0.1 /Public/Mall/images/640x640.445d6bd289fddd75c1222f8ac9290fca.180x180.jpg.webp
INFO: [ app_init ] --START--
INFO: Run Behavior\BuildLiteBehavior [ RunTime:0.000044s ]
INFO: [ app_init ] --END-- [ RunTime:0.001041s ]
ERR: 无法加载模块:Public

[ 2016-03-27T17:01:03+08:00 ] 127.0.0.1 /Public/Mall/images/700x700.46e5e34d3f436bf226f4f257b05a4d6b.180x180.jpg.webp
INFO: [ app_init ] --START--
INFO: Run Behavior\BuildLiteBehavior [ RunTime:0.000044s ]
INFO: [ app_init ] --END-- [ RunTime:0.000736s ]
ERR: 无法加载模块:Public

[ 2016-03-27T17:01:03+08:00 ] 127.0.0.1 /Public/Mall/images/deal_y2.png
INFO: [ app_init ] --START--
INFO: Run Behavior\BuildLiteBehavior [ RunTime:0.000047s ]
INFO: [ app_init ] --END-- [ RunTime:0.001077s ]
ERR: 无法加载模块:Public

[ 2016-03-27T17:01:03+08:00 ] 127.0.0.1 /Public/Mall/style/new_ico1.png
INFO: [ app_init ] --START--
INFO: Run Behavior\BuildLiteBehavior [ RunTime:0.000040s ]
INFO: [ app_init ] --END-- [ RunTime:0.000987s ]
ERR: 无法加载模块:Public

[ 2016-03-27T17:01:03+08:00 ] 127.0.0.1 /Public/Mall/images/car_quan_pic.png
INFO: [ app_init ] --START--
INFO: Run Behavior\BuildLiteBehavior [ RunTime:0.000047s ]
INFO: [ app_init ] --END-- [ RunTime:0.000830s ]
ERR: 无法加载模块:Public

[ 2016-03-27T17:01:04+08:00 ] 127.0.0.1 /Public/Mall/images/700x700.7d0e67bad09c2bc11f9672d6dc4470ec.220x220.jpg.webp
INFO: [ app_init ] --START--
INFO: Run Behavior\BuildLiteBehavior [ RunTime:0.000037s ]
INFO: [ app_init ] --END-- [ RunTime:0.000674s ]
ERR: 无法加载模块:Public

[ 2016-03-27T17:01:04+08:00 ] 127.0.0.1 /Public/Mall/images/700x700.2a613520bcc116f8327f17020ecc4bac.220x220.jpg.webp
INFO: [ app_init ] --START--
INFO: Run Behavior\BuildLiteBehavior [ RunTime:0.000045s ]
INFO: [ app_init ] --END-- [ RunTime:0.000809s ]
ERR: 无法加载模块:Public

[ 2016-03-27T17:01:04+08:00 ] 127.0.0.1 /Public/Mall/images/700x700.16df843ef95e75b6d8e1ac24c60118c5.220x220.jpg.webp
INFO: [ app_init ] --START--
INFO: Run Behavior\BuildLiteBehavior [ RunTime:0.000042s ]
INFO: [ app_init ] --END-- [ RunTime:0.000809s ]
ERR: 无法加载模块:Public

[ 2016-03-27T17:01:04+08:00 ] 127.0.0.1 /Public/Mall/images/700x700.43a9dbb75e3888dd41aecc90ceea8f2c.220x220.jpg.webp
INFO: [ app_init ] --START--
INFO: Run Behavior\BuildLiteBehavior [ RunTime:0.000042s ]
INFO: [ app_init ] --END-- [ RunTime:0.000715s ]
ERR: 无法加载模块:Public

[ 2016-03-27T17:01:04+08:00 ] 127.0.0.1 /Public/Mall/images/sidePanel_checkin1N.gif
INFO: [ app_init ] --START--
INFO: Run Behavior\BuildLiteBehavior [ RunTime:0.000043s ]
INFO: [ app_init ] --END-- [ RunTime:0.001683s ]
ERR: 无法加载模块:Public

[ 2016-03-27T17:01:04+08:00 ] 127.0.0.1 /Public/Mall/images/700x700.7dbbdefe6fc7a708136e63a2360051a2.220x220.jpg.webp
INFO: [ app_init ] --START--
INFO: Run Behavior\BuildLiteBehavior [ RunTime:0.000041s ]
INFO: [ app_init ] --END-- [ RunTime:0.000693s ]
ERR: 无法加载模块:Public

[ 2016-03-27T17:01:04+08:00 ] 127.0.0.1 /Public/Mall/images/start.png
INFO: [ app_init ] --START--
INFO: Run Behavior\BuildLiteBehavior [ RunTime:0.000049s ]
INFO: [ app_init ] --END-- [ RunTime:0.001258s ]
ERR: 无法加载模块:Public

[ 2016-03-27T17:01:04+08:00 ] 127.0.0.1 /Public/Mall/images/750x521.2dad17ada679d4008fbb869be6ab5054.980x.jpg
INFO: [ app_init ] --START--
INFO: Run Behavior\BuildLiteBehavior [ RunTime:0.000047s ]
INFO: [ app_init ] --END-- [ RunTime:0.001394s ]
ERR: 无法加载模块:Public

[ 2016-03-27T17:01:04+08:00 ] 127.0.0.1 /Public/Mall/images/700x700.ca31401944aaa5e33b03e890c5436c6a.220x220.jpg.webp
INFO: [ app_init ] --START--
INFO: Run Behavior\BuildLiteBehavior [ RunTime:0.000042s ]
INFO: [ app_init ] --END-- [ RunTime:0.000746s ]
ERR: 无法加载模块:Public

[ 2016-03-27T17:02:00+08:00 ] 127.0.0.1 /Public/Mall/images/700x700.7415cd5aed569bdb5c63bfd565dbd079.180x180.jpg.webp
INFO: [ app_init ] --START--
INFO: Run Behavior\BuildLiteBehavior [ RunTime:0.000043s ]
INFO: [ app_init ] --END-- [ RunTime:0.000780s ]
ERR: 无法加载模块:Public

[ 2016-03-27T17:02:00+08:00 ] 127.0.0.1 /Public/Mall/images/500x360.d0d9bb4d540ad8d71dfc7a5b95b02772.500x360.jpg
INFO: [ app_init ] --START--
INFO: Run Behavior\BuildLiteBehavior [ RunTime:0.000043s ]
INFO: [ app_init ] --END-- [ RunTime:0.000664s ]
ERR: 无法加载模块:Public

[ 2016-03-27T17:02:00+08:00 ] 127.0.0.1 /Public/Mall/images/sidePanel_checkin1N.gif
INFO: [ app_init ] --START--
INFO: Run Behavior\BuildLiteBehavior [ RunTime:0.000047s ]
INFO: [ app_init ] --END-- [ RunTime:0.001782s ]
ERR: 无法加载模块:Public

[ 2016-03-27T17:02:00+08:00 ] 127.0.0.1 /Public/Mall/images/car_quan_pic.png
INFO: [ app_init ] --START--
INFO: Run Behavior\BuildLiteBehavior [ RunTime:0.000047s ]
INFO: [ app_init ] --END-- [ RunTime:0.001079s ]
ERR: 无法加载模块:Public

[ 2016-03-27T17:02:00+08:00 ] 127.0.0.1 /Public/Mall/images/init.html
INFO: [ app_init ] --START--
INFO: Run Behavior\BuildLiteBehavior [ RunTime:0.000043s ]
INFO: [ app_init ] --END-- [ RunTime:0.000679s ]
ERR: 无法加载模块:Public

[ 2016-03-27T17:02:00+08:00 ] 127.0.0.1 /Public/Mall/images/700x700.658e729326a2c9d56785809e8c8b6923.180x180.jpg.webp
INFO: [ app_init ] --START--
INFO: Run Behavior\BuildLiteBehavior [ RunTime:0.000045s ]
INFO: [ app_init ] --END-- [ RunTime:0.000681s ]
ERR: 无法加载模块:Public

[ 2016-03-27T17:02:00+08:00 ] 127.0.0.1 /Public/Mall/images/700x700.31ccb8a67f5e45ba8b2f1ca1dc36367b.180x180.jpg.webp
INFO: [ app_init ] --START--
INFO: Run Behavior\BuildLiteBehavior [ RunTime:0.000046s ]
INFO: [ app_init ] --END-- [ RunTime:0.001088s ]
ERR: 无法加载模块:Public

[ 2016-03-27T17:02:00+08:00 ] 127.0.0.1 /Public/Mall/images/700x700.fdeec4f9e04ac8c3a13e3b0d7778ad19.180x180.jpg.webp
INFO: [ app_init ] --START--
INFO: Run Behavior\BuildLiteBehavior [ RunTime:0.000042s ]
INFO: [ app_init ] --END-- [ RunTime:0.000753s ]
ERR: 无法加载模块:Public

[ 2016-03-27T17:02:00+08:00 ] 127.0.0.1 /Public/Mall/images/700x700.3a36a6095064179cc5a9b940e392aad0.180x180.jpg.webp
INFO: [ app_init ] --START--
INFO: Run Behavior\BuildLiteBehavior [ RunTime:0.000046s ]
INFO: [ app_init ] --END-- [ RunTime:0.001004s ]
ERR: 无法加载模块:Public

[ 2016-03-27T17:02:00+08:00 ] 127.0.0.1 /Public/Mall/images/700x700.13f8887a1036691f9307b5854d81891c.180x180.jpg.webp
INFO: [ app_init ] --START--
INFO: Run Behavior\BuildLiteBehavior [ RunTime:0.000044s ]
INFO: [ app_init ] --END-- [ RunTime:0.000710s ]
ERR: 无法加载模块:Public

[ 2016-03-27T17:02:00+08:00 ] 127.0.0.1 /Public/Mall/images/700x700.854facc4272039e2610a609da349278b.180x180.jpg.webp
INFO: [ app_init ] --START--
INFO: Run Behavior\BuildLiteBehavior [ RunTime:0.000041s ]
INFO: [ app_init ] --END-- [ RunTime:0.000658s ]
ERR: 无法加载模块:Public

[ 2016-03-27T17:02:00+08:00 ] 127.0.0.1 /Public/Mall/images/700x700.e1031a7781d8cc992a11575ebb89eb39.180x180.jpg.webp
INFO: [ app_init ] --START--
INFO: Run Behavior\BuildLiteBehavior [ RunTime:0.000051s ]
INFO: [ app_init ] --END-- [ RunTime:0.000686s ]
ERR: 无法加载模块:Public

[ 2016-03-27T17:02:00+08:00 ] 127.0.0.1 /Public/Mall/images/700x700.8dcf11766bccd40650bd45eab4b0981e.180x180.jpg.webp
INFO: [ app_init ] --START--
INFO: Run Behavior\BuildLiteBehavior [ RunTime:0.000042s ]
INFO: [ app_init ] --END-- [ RunTime:0.000697s ]
ERR: 无法加载模块:Public

[ 2016-03-27T17:02:00+08:00 ] 127.0.0.1 /Public/Mall/images/700x700.947a0b0e7f45510544930538f220d694.180x180.jpg.webp
INFO: [ app_init ] --START--
INFO: Run Behavior\BuildLiteBehavior [ RunTime:0.000040s ]
INFO: [ app_init ] --END-- [ RunTime:0.012795s ]
ERR: 无法加载模块:Public

[ 2016-03-27T17:02:00+08:00 ] 127.0.0.1 /Public/Mall/images/700x700.a24e8dde105596456f2148636a38f047.180x180.jpg.webp
INFO: [ app_init ] --START--
INFO: Run Behavior\BuildLiteBehavior [ RunTime:0.000048s ]
INFO: [ app_init ] --END-- [ RunTime:0.000746s ]
ERR: 无法加载模块:Public

[ 2016-03-27T17:02:00+08:00 ] 127.0.0.1 /Public/Mall/images/700x700.b080af208905594c3e66019210ac323a.180x180.jpg.webp
INFO: [ app_init ] --START--
INFO: Run Behavior\BuildLiteBehavior [ RunTime:0.000041s ]
INFO: [ app_init ] --END-- [ RunTime:0.000667s ]
ERR: 无法加载模块:Public

[ 2016-03-27T17:02:00+08:00 ] 127.0.0.1 /Public/Mall/images/loading400x400.gif
INFO: [ app_init ] --START--
INFO: Run Behavior\BuildLiteBehavior [ RunTime:0.000046s ]
INFO: [ app_init ] --END-- [ RunTime:0.000813s ]
ERR: 无法加载模块:Public

[ 2016-03-27T17:02:00+08:00 ] 127.0.0.1 /Public/Mall/images/deal_y2.png
INFO: [ app_init ] --START--
INFO: Run Behavior\BuildLiteBehavior [ RunTime:0.000043s ]
INFO: [ app_init ] --END-- [ RunTime:0.000647s ]
ERR: 无法加载模块:Public

[ 2016-03-27T17:02:00+08:00 ] 127.0.0.1 /Public/Mall/style/new_ico1.png
INFO: [ app_init ] --START--
INFO: Run Behavior\BuildLiteBehavior [ RunTime:0.000041s ]
INFO: [ app_init ] --END-- [ RunTime:0.000657s ]
ERR: 无法加载模块:Public

[ 2016-03-27T17:02:00+08:00 ] 127.0.0.1 /Public/Mall/images/700x700.46e5e34d3f436bf226f4f257b05a4d6b.180x180.jpg.webp
INFO: [ app_init ] --START--
INFO: Run Behavior\BuildLiteBehavior [ RunTime:0.000038s ]
INFO: [ app_init ] --END-- [ RunTime:0.000640s ]
ERR: 无法加载模块:Public

[ 2016-03-27T17:02:00+08:00 ] 127.0.0.1 /Public/Mall/images/700x700.7d0e67bad09c2bc11f9672d6dc4470ec.220x220.jpg.webp
INFO: [ app_init ] --START--
INFO: Run Behavior\BuildLiteBehavior [ RunTime:0.000178s ]
INFO: [ app_init ] --END-- [ RunTime:0.001190s ]
ERR: 无法加载模块:Public

[ 2016-03-27T17:02:00+08:00 ] 127.0.0.1 /Public/Mall/images/signin5.gif
INFO: [ app_init ] --START--
INFO: Run Behavior\BuildLiteBehavior [ RunTime:0.000039s ]
INFO: [ app_init ] --END-- [ RunTime:0.000620s ]
ERR: 无法加载模块:Public

[ 2016-03-27T17:02:00+08:00 ] 127.0.0.1 /Public/Mall/images/700x700.2a613520bcc116f8327f17020ecc4bac.220x220.jpg.webp
INFO: [ app_init ] --START--
INFO: Run Behavior\BuildLiteBehavior [ RunTime:0.000040s ]
INFO: [ app_init ] --END-- [ RunTime:0.000631s ]
ERR: 无法加载模块:Public

[ 2016-03-27T17:02:00+08:00 ] 127.0.0.1 /Public/Mall/images/700x700.16df843ef95e75b6d8e1ac24c60118c5.220x220.jpg.webp
INFO: [ app_init ] --START--
INFO: Run Behavior\BuildLiteBehavior [ RunTime:0.000042s ]
INFO: [ app_init ] --END-- [ RunTime:0.000674s ]
ERR: 无法加载模块:Public

[ 2016-03-27T17:02:00+08:00 ] 127.0.0.1 /Public/Mall/images/700x700.ca31401944aaa5e33b03e890c5436c6a.220x220.jpg.webp
INFO: [ app_init ] --START--
INFO: Run Behavior\BuildLiteBehavior [ RunTime:0.000039s ]
INFO: [ app_init ] --END-- [ RunTime:0.000665s ]
ERR: 无法加载模块:Public

[ 2016-03-27T17:02:00+08:00 ] 127.0.0.1 /Public/Mall/images/700x700.43a9dbb75e3888dd41aecc90ceea8f2c.220x220.jpg.webp
INFO: [ app_init ] --START--
INFO: Run Behavior\BuildLiteBehavior [ RunTime:0.000039s ]
INFO: [ app_init ] --END-- [ RunTime:0.000680s ]
ERR: 无法加载模块:Public

[ 2016-03-27T17:02:00+08:00 ] 127.0.0.1 /Public/Mall/images/750x781.5e5001375a4be70f4fc366ebd083c92c.980x.jpg
INFO: [ app_init ] --START--
INFO: Run Behavior\BuildLiteBehavior [ RunTime:0.000042s ]
INFO: [ app_init ] --END-- [ RunTime:0.000699s ]
ERR: 无法加载模块:Public

[ 2016-03-27T17:02:00+08:00 ] 127.0.0.1 /Public/Mall/images/750x521.2dad17ada679d4008fbb869be6ab5054.980x.jpg
INFO: [ app_init ] --START--
INFO: Run Behavior\BuildLiteBehavior [ RunTime:0.000084s ]
INFO: [ app_init ] --END-- [ RunTime:0.001084s ]
ERR: 无法加载模块:Public

[ 2016-03-27T17:02:00+08:00 ] 127.0.0.1 /Public/Mall/images/700x700.7dbbdefe6fc7a708136e63a2360051a2.220x220.jpg.webp
INFO: [ app_init ] --START--
INFO: Run Behavior\BuildLiteBehavior [ RunTime:0.000040s ]
INFO: [ app_init ] --END-- [ RunTime:0.000687s ]
ERR: 无法加载模块:Public

[ 2016-03-27T17:02:00+08:00 ] 127.0.0.1 /Public/Mall/images/640x640.445d6bd289fddd75c1222f8ac9290fca.180x180.jpg.webp
INFO: [ app_init ] --START--
INFO: Run Behavior\BuildLiteBehavior [ RunTime:0.000070s ]
INFO: [ app_init ] --END-- [ RunTime:0.001857s ]
ERR: 无法加载模块:Public

[ 2016-03-27T17:02:00+08:00 ] 127.0.0.1 /Public/Mall/images/start.png
INFO: [ app_init ] --START--
INFO: Run Behavior\BuildLiteBehavior [ RunTime:0.000039s ]
INFO: [ app_init ] --END-- [ RunTime:0.000724s ]
ERR: 无法加载模块:Public

[ 2016-03-27T17:02:06+08:00 ] 127.0.0.1 /Public/Mall/images/500x360.d0d9bb4d540ad8d71dfc7a5b95b02772.500x360.jpg
INFO: [ app_init ] --START--
INFO: Run Behavior\BuildLiteBehavior [ RunTime:0.000270s ]
INFO: [ app_init ] --END-- [ RunTime:0.001023s ]
ERR: 无法加载模块:Public

[ 2016-03-27T17:02:06+08:00 ] 127.0.0.1 /Public/Mall/images/700x700.658e729326a2c9d56785809e8c8b6923.180x180.jpg.webp
INFO: [ app_init ] --START--
INFO: Run Behavior\BuildLiteBehavior [ RunTime:0.000039s ]
INFO: [ app_init ] --END-- [ RunTime:0.000650s ]
ERR: 无法加载模块:Public

[ 2016-03-27T17:02:06+08:00 ] 127.0.0.1 /Public/Mall/images/sidePanel_checkin1N.gif
INFO: [ app_init ] --START--
INFO: Run Behavior\BuildLiteBehavior [ RunTime:0.000071s ]
INFO: [ app_init ] --END-- [ RunTime:0.002292s ]
ERR: 无法加载模块:Public

[ 2016-03-27T17:02:06+08:00 ] 127.0.0.1 /Public/Mall/images/700x700.7415cd5aed569bdb5c63bfd565dbd079.180x180.jpg.webp
INFO: [ app_init ] --START--
INFO: Run Behavior\BuildLiteBehavior [ RunTime:0.000041s ]
INFO: [ app_init ] --END-- [ RunTime:0.000635s ]
ERR: 无法加载模块:Public

[ 2016-03-27T17:02:06+08:00 ] 127.0.0.1 /Public/Mall/images/700x700.854facc4272039e2610a609da349278b.180x180.jpg.webp
INFO: [ app_init ] --START--
INFO: Run Behavior\BuildLiteBehavior [ RunTime:0.000041s ]
INFO: [ app_init ] --END-- [ RunTime:0.000706s ]
ERR: 无法加载模块:Public

[ 2016-03-27T17:02:06+08:00 ] 127.0.0.1 /Public/Mall/images/700x700.31ccb8a67f5e45ba8b2f1ca1dc36367b.180x180.jpg.webp
INFO: [ app_init ] --START--
INFO: Run Behavior\BuildLiteBehavior [ RunTime:0.000045s ]
INFO: [ app_init ] --END-- [ RunTime:0.000759s ]
ERR: 无法加载模块:Public

[ 2016-03-27T17:02:06+08:00 ] 127.0.0.1 /Public/Mall/images/700x700.3a36a6095064179cc5a9b940e392aad0.180x180.jpg.webp
INFO: [ app_init ] --START--
INFO: Run Behavior\BuildLiteBehavior [ RunTime:0.000045s ]
INFO: [ app_init ] --END-- [ RunTime:0.000835s ]
ERR: 无法加载模块:Public

[ 2016-03-27T17:02:06+08:00 ] 127.0.0.1 /Public/Mall/images/700x700.fdeec4f9e04ac8c3a13e3b0d7778ad19.180x180.jpg.webp
INFO: [ app_init ] --START--
INFO: Run Behavior\BuildLiteBehavior [ RunTime:0.000039s ]
INFO: [ app_init ] --END-- [ RunTime:0.000796s ]
ERR: 无法加载模块:Public

[ 2016-03-27T17:02:06+08:00 ] 127.0.0.1 /Public/Mall/images/700x700.13f8887a1036691f9307b5854d81891c.180x180.jpg.webp
INFO: [ app_init ] --START--
INFO: Run Behavior\BuildLiteBehavior [ RunTime:0.000041s ]
INFO: [ app_init ] --END-- [ RunTime:0.000710s ]
ERR: 无法加载模块:Public

[ 2016-03-27T17:02:06+08:00 ] 127.0.0.1 /Public/Mall/images/init.html
INFO: [ app_init ] --START--
INFO: Run Behavior\BuildLiteBehavior [ RunTime:0.000040s ]
INFO: [ app_init ] --END-- [ RunTime:0.000633s ]
ERR: 无法加载模块:Public

[ 2016-03-27T17:02:06+08:00 ] 127.0.0.1 /Public/Mall/images/loading400x400.gif
INFO: [ app_init ] --START--
INFO: Run Behavior\BuildLiteBehavior [ RunTime:0.000039s ]
INFO: [ app_init ] --END-- [ RunTime:0.000649s ]
ERR: 无法加载模块:Public

[ 2016-03-27T17:02:06+08:00 ] 127.0.0.1 /Public/Mall/images/deal_y2.png
INFO: [ app_init ] --START--
INFO: Run Behavior\BuildLiteBehavior [ RunTime:0.000037s ]
INFO: [ app_init ] --END-- [ RunTime:0.000638s ]
ERR: 无法加载模块:Public

[ 2016-03-27T17:02:06+08:00 ] 127.0.0.1 /Public/Mall/images/700x700.e1031a7781d8cc992a11575ebb89eb39.180x180.jpg.webp
INFO: [ app_init ] --START--
INFO: Run Behavior\BuildLiteBehavior [ RunTime:0.000036s ]
INFO: [ app_init ] --END-- [ RunTime:0.000628s ]
ERR: 无法加载模块:Public

[ 2016-03-27T17:02:06+08:00 ] 127.0.0.1 /Public/Mall/images/car_quan_pic.png
INFO: [ app_init ] --START--
INFO: Run Behavior\BuildLiteBehavior [ RunTime:0.014337s ]
INFO: [ app_init ] --END-- [ RunTime:0.016362s ]
ERR: 无法加载模块:Public

[ 2016-03-27T17:02:06+08:00 ] 127.0.0.1 /Public/Mall/images/signin5.gif
INFO: [ app_init ] --START--
INFO: Run Behavior\BuildLiteBehavior [ RunTime:0.000045s ]
INFO: [ app_init ] --END-- [ RunTime:0.000892s ]
ERR: 无法加载模块:Public

[ 2016-03-27T17:02:06+08:00 ] 127.0.0.1 /Public/Mall/images/700x700.947a0b0e7f45510544930538f220d694.180x180.jpg.webp
INFO: [ app_init ] --START--
INFO: Run Behavior\BuildLiteBehavior [ RunTime:0.000055s ]
INFO: [ app_init ] --END-- [ RunTime:0.000919s ]
ERR: 无法加载模块:Public

[ 2016-03-27T17:02:06+08:00 ] 127.0.0.1 /Public/Mall/images/700x700.b080af208905594c3e66019210ac323a.180x180.jpg.webp
INFO: [ app_init ] --START--
INFO: Run Behavior\BuildLiteBehavior [ RunTime:0.000042s ]
INFO: [ app_init ] --END-- [ RunTime:0.000689s ]
ERR: 无法加载模块:Public

[ 2016-03-27T17:02:06+08:00 ] 127.0.0.1 /Public/Mall/images/640x640.445d6bd289fddd75c1222f8ac9290fca.180x180.jpg.webp
INFO: [ app_init ] --START--
INFO: Run Behavior\BuildLiteBehavior [ RunTime:0.000040s ]
INFO: [ app_init ] --END-- [ RunTime:0.000669s ]
ERR: 无法加载模块:Public

[ 2016-03-27T17:02:06+08:00 ] 127.0.0.1 /Public/Mall/images/700x700.46e5e34d3f436bf226f4f257b05a4d6b.180x180.jpg.webp
INFO: [ app_init ] --START--
INFO: Run Behavior\BuildLiteBehavior [ RunTime:0.000047s ]
INFO: [ app_init ] --END-- [ RunTime:0.001074s ]
ERR: 无法加载模块:Public

[ 2016-03-27T17:02:06+08:00 ] 127.0.0.1 /Public/Mall/images/700x700.a24e8dde105596456f2148636a38f047.180x180.jpg.webp
INFO: [ app_init ] --START--
INFO: Run Behavior\BuildLiteBehavior [ RunTime:0.000059s ]
INFO: [ app_init ] --END-- [ RunTime:0.003842s ]
ERR: 无法加载模块:Public

[ 2016-03-27T17:02:06+08:00 ] 127.0.0.1 /Public/Mall/style/new_ico1.png
INFO: [ app_init ] --START--
INFO: Run Behavior\BuildLiteBehavior [ RunTime:0.000041s ]
INFO: [ app_init ] --END-- [ RunTime:0.000678s ]
ERR: 无法加载模块:Public

[ 2016-03-27T17:02:06+08:00 ] 127.0.0.1 /Public/Mall/images/700x700.7d0e67bad09c2bc11f9672d6dc4470ec.220x220.jpg.webp
INFO: [ app_init ] --START--
INFO: Run Behavior\BuildLiteBehavior [ RunTime:0.000039s ]
INFO: [ app_init ] --END-- [ RunTime:0.000641s ]
ERR: 无法加载模块:Public

[ 2016-03-27T17:02:06+08:00 ] 127.0.0.1 /Public/Mall/images/700x700.2a613520bcc116f8327f17020ecc4bac.220x220.jpg.webp
INFO: [ app_init ] --START--
INFO: Run Behavior\BuildLiteBehavior [ RunTime:0.000036s ]
INFO: [ app_init ] --END-- [ RunTime:0.000624s ]
ERR: 无法加载模块:Public

[ 2016-03-27T17:02:06+08:00 ] 127.0.0.1 /Public/Mall/images/750x781.5e5001375a4be70f4fc366ebd083c92c.980x.jpg
INFO: [ app_init ] --START--
INFO: Run Behavior\BuildLiteBehavior [ RunTime:0.000042s ]
INFO: [ app_init ] --END-- [ RunTime:0.001089s ]
ERR: 无法加载模块:Public

[ 2016-03-27T17:02:06+08:00 ] 127.0.0.1 /Public/Mall/images/750x521.2dad17ada679d4008fbb869be6ab5054.980x.jpg
INFO: [ app_init ] --START--
INFO: Run Behavior\BuildLiteBehavior [ RunTime:0.000053s ]
INFO: [ app_init ] --END-- [ RunTime:0.000769s ]
ERR: 无法加载模块:Public

[ 2016-03-27T17:02:06+08:00 ] 127.0.0.1 /Public/Mall/images/700x700.16df843ef95e75b6d8e1ac24c60118c5.220x220.jpg.webp
INFO: [ app_init ] --START--
INFO: Run Behavior\BuildLiteBehavior [ RunTime:0.000045s ]
INFO: [ app_init ] --END-- [ RunTime:0.000914s ]
ERR: 无法加载模块:Public

[ 2016-03-27T17:02:06+08:00 ] 127.0.0.1 /Public/Mall/images/700x700.43a9dbb75e3888dd41aecc90ceea8f2c.220x220.jpg.webp
INFO: [ app_init ] --START--
INFO: Run Behavior\BuildLiteBehavior [ RunTime:0.000046s ]
INFO: [ app_init ] --END-- [ RunTime:0.000750s ]
ERR: 无法加载模块:Public

[ 2016-03-27T17:02:06+08:00 ] 127.0.0.1 /Public/Mall/images/700x700.8dcf11766bccd40650bd45eab4b0981e.180x180.jpg.webp
INFO: [ app_init ] --START--
INFO: Run Behavior\BuildLiteBehavior [ RunTime:0.000066s ]
INFO: [ app_init ] --END-- [ RunTime:0.001226s ]
ERR: 无法加载模块:Public

[ 2016-03-27T17:02:06+08:00 ] 127.0.0.1 /Public/Mall/images/700x700.ca31401944aaa5e33b03e890c5436c6a.220x220.jpg.webp
INFO: [ app_init ] --START--
INFO: Run Behavior\BuildLiteBehavior [ RunTime:0.000040s ]
INFO: [ app_init ] --END-- [ RunTime:0.000699s ]
ERR: 无法加载模块:Public

[ 2016-03-27T17:02:06+08:00 ] 127.0.0.1 /Public/Mall/images/start.png
INFO: [ app_init ] --START--
INFO: Run Behavior\BuildLiteBehavior [ RunTime:0.000042s ]
INFO: [ app_init ] --END-- [ RunTime:0.000708s ]
ERR: 无法加载模块:Public

[ 2016-03-27T17:02:06+08:00 ] 127.0.0.1 /Public/Mall/images/700x700.7dbbdefe6fc7a708136e63a2360051a2.220x220.jpg.webp
INFO: [ app_init ] --START--
INFO: Run Behavior\BuildLiteBehavior [ RunTime:0.000042s ]
INFO: [ app_init ] --END-- [ RunTime:0.000867s ]
ERR: 无法加载模块:Public

[ 2016-03-27T17:04:35+08:00 ] 127.0.0.1 /Public/Mall/images/700x700.658e729326a2c9d56785809e8c8b6923.180x180.jpg.webp
INFO: [ app_init ] --START--
INFO: Run Behavior\BuildLiteBehavior [ RunTime:0.000039s ]
INFO: [ app_init ] --END-- [ RunTime:0.000694s ]
ERR: 无法加载模块:Public

[ 2016-03-27T17:04:35+08:00 ] 127.0.0.1 /Public/Mall/images/700x700.e1031a7781d8cc992a11575ebb89eb39.180x180.jpg.webp
INFO: [ app_init ] --START--
INFO: Run Behavior\BuildLiteBehavior [ RunTime:0.000043s ]
INFO: [ app_init ] --END-- [ RunTime:0.000762s ]
ERR: 无法加载模块:Public

[ 2016-03-27T17:04:35+08:00 ] 127.0.0.1 /Public/Mall/images/700x700.31ccb8a67f5e45ba8b2f1ca1dc36367b.180x180.jpg.webp
INFO: [ app_init ] --START--
INFO: Run Behavior\BuildLiteBehavior [ RunTime:0.000043s ]
INFO: [ app_init ] --END-- [ RunTime:0.000687s ]
ERR: 无法加载模块:Public

[ 2016-03-27T17:04:35+08:00 ] 127.0.0.1 /Public/Mall/images/700x700.7415cd5aed569bdb5c63bfd565dbd079.180x180.jpg.webp
INFO: [ app_init ] --START--
INFO: Run Behavior\BuildLiteBehavior [ RunTime:0.000044s ]
INFO: [ app_init ] --END-- [ RunTime:0.000976s ]
ERR: 无法加载模块:Public

[ 2016-03-27T17:04:35+08:00 ] 127.0.0.1 /Public/Mall/images/500x360.d0d9bb4d540ad8d71dfc7a5b95b02772.500x360.jpg
INFO: [ app_init ] --START--
INFO: Run Behavior\BuildLiteBehavior [ RunTime:0.000042s ]
INFO: [ app_init ] --END-- [ RunTime:0.000793s ]
ERR: 无法加载模块:Public

[ 2016-03-27T17:04:35+08:00 ] 127.0.0.1 /Public/Mall/images/car_quan_pic.png
INFO: [ app_init ] --START--
INFO: Run Behavior\BuildLiteBehavior [ RunTime:0.000040s ]
INFO: [ app_init ] --END-- [ RunTime:0.000682s ]
ERR: 无法加载模块:Public

[ 2016-03-27T17:04:35+08:00 ] 127.0.0.1 /Public/Mall/images/sidePanel_checkin1N.gif
INFO: [ app_init ] --START--
INFO: Run Behavior\BuildLiteBehavior [ RunTime:0.000044s ]
INFO: [ app_init ] --END-- [ RunTime:0.001950s ]
ERR: 无法加载模块:Public

[ 2016-03-27T17:04:35+08:00 ] 127.0.0.1 /Public/Mall/images/700x700.13f8887a1036691f9307b5854d81891c.180x180.jpg.webp
INFO: [ app_init ] --START--
INFO: Run Behavior\BuildLiteBehavior [ RunTime:0.000042s ]
INFO: [ app_init ] --END-- [ RunTime:0.000704s ]
ERR: 无法加载模块:Public

[ 2016-03-27T17:04:35+08:00 ] 127.0.0.1 /Public/Mall/images/700x700.3a36a6095064179cc5a9b940e392aad0.180x180.jpg.webp
INFO: [ app_init ] --START--
INFO: Run Behavior\BuildLiteBehavior [ RunTime:0.000039s ]
INFO: [ app_init ] --END-- [ RunTime:0.000650s ]
ERR: 无法加载模块:Public

[ 2016-03-27T17:04:35+08:00 ] 127.0.0.1 /Public/Mall/images/init.html
INFO: [ app_init ] --START--
INFO: Run Behavior\BuildLiteBehavior [ RunTime:0.000044s ]
INFO: [ app_init ] --END-- [ RunTime:0.000855s ]
ERR: 无法加载模块:Public

[ 2016-03-27T17:04:35+08:00 ] 127.0.0.1 /Public/Mall/images/700x700.947a0b0e7f45510544930538f220d694.180x180.jpg.webp
INFO: [ app_init ] --START--
INFO: Run Behavior\BuildLiteBehavior [ RunTime:0.000047s ]
INFO: [ app_init ] --END-- [ RunTime:0.000764s ]
ERR: 无法加载模块:Public

[ 2016-03-27T17:04:35+08:00 ] 127.0.0.1 /Public/Mall/images/700x700.8dcf11766bccd40650bd45eab4b0981e.180x180.jpg.webp
INFO: [ app_init ] --START--
INFO: Run Behavior\BuildLiteBehavior [ RunTime:0.000040s ]
INFO: [ app_init ] --END-- [ RunTime:0.000696s ]
ERR: 无法加载模块:Public

[ 2016-03-27T17:04:35+08:00 ] 127.0.0.1 /Public/Mall/images/700x700.a24e8dde105596456f2148636a38f047.180x180.jpg.webp
INFO: [ app_init ] --START--
INFO: Run Behavior\BuildLiteBehavior [ RunTime:0.000043s ]
INFO: [ app_init ] --END-- [ RunTime:0.000743s ]
ERR: 无法加载模块:Public

[ 2016-03-27T17:04:35+08:00 ] 127.0.0.1 /Public/Mall/images/700x700.b080af208905594c3e66019210ac323a.180x180.jpg.webp
INFO: [ app_init ] --START--
INFO: Run Behavior\BuildLiteBehavior [ RunTime:0.000036s ]
INFO: [ app_init ] --END-- [ RunTime:0.000685s ]
ERR: 无法加载模块:Public

[ 2016-03-27T17:04:35+08:00 ] 127.0.0.1 /Public/Mall/images/700x700.fdeec4f9e04ac8c3a13e3b0d7778ad19.180x180.jpg.webp
INFO: [ app_init ] --START--
INFO: Run Behavior\BuildLiteBehavior [ RunTime:0.000042s ]
INFO: [ app_init ] --END-- [ RunTime:0.000929s ]
ERR: 无法加载模块:Public

[ 2016-03-27T17:04:36+08:00 ] 127.0.0.1 /Public/Mall/images/700x700.854facc4272039e2610a609da349278b.180x180.jpg.webp
INFO: [ app_init ] --START--
INFO: Run Behavior\BuildLiteBehavior [ RunTime:0.000046s ]
INFO: [ app_init ] --END-- [ RunTime:0.000991s ]
ERR: 无法加载模块:Public

[ 2016-03-27T17:04:36+08:00 ] 127.0.0.1 /Public/Mall/images/750x781.5e5001375a4be70f4fc366ebd083c92c.980x.jpg
INFO: [ app_init ] --START--
INFO: Run Behavior\BuildLiteBehavior [ RunTime:0.000042s ]
INFO: [ app_init ] --END-- [ RunTime:0.000650s ]
ERR: 无法加载模块:Public

[ 2016-03-27T17:04:36+08:00 ] 127.0.0.1 /Public/Mall/images/750x521.2dad17ada679d4008fbb869be6ab5054.980x.jpg
INFO: [ app_init ] --START--
INFO: Run Behavior\BuildLiteBehavior [ RunTime:0.000043s ]
INFO: [ app_init ] --END-- [ RunTime:0.000678s ]
ERR: 无法加载模块:Public

[ 2016-03-27T17:04:36+08:00 ] 127.0.0.1 /Public/Mall/images/700x700.46e5e34d3f436bf226f4f257b05a4d6b.180x180.jpg.webp
INFO: [ app_init ] --START--
INFO: Run Behavior\BuildLiteBehavior [ RunTime:0.000044s ]
INFO: [ app_init ] --END-- [ RunTime:0.000736s ]
ERR: 无法加载模块:Public

[ 2016-03-27T17:04:36+08:00 ] 127.0.0.1 /Public/Mall/images/700x700.7d0e67bad09c2bc11f9672d6dc4470ec.220x220.jpg.webp
INFO: [ app_init ] --START--
INFO: Run Behavior\BuildLiteBehavior [ RunTime:0.000055s ]
INFO: [ app_init ] --END-- [ RunTime:0.000814s ]
ERR: 无法加载模块:Public

[ 2016-03-27T17:04:36+08:00 ] 127.0.0.1 /Public/Mall/images/loading400x400.gif
INFO: [ app_init ] --START--
INFO: Run Behavior\BuildLiteBehavior [ RunTime:0.000054s ]
INFO: [ app_init ] --END-- [ RunTime:0.001022s ]
ERR: 无法加载模块:Public

[ 2016-03-27T17:04:36+08:00 ] 127.0.0.1 /Public/Mall/style/new_ico1.png
INFO: [ app_init ] --START--
INFO: Run Behavior\BuildLiteBehavior [ RunTime:0.000043s ]
INFO: [ app_init ] --END-- [ RunTime:0.000764s ]
ERR: 无法加载模块:Public

[ 2016-03-27T17:04:36+08:00 ] 127.0.0.1 /Public/Mall/images/deal_y2.png
INFO: [ app_init ] --START--
INFO: Run Behavior\BuildLiteBehavior [ RunTime:0.000042s ]
INFO: [ app_init ] --END-- [ RunTime:0.000699s ]
ERR: 无法加载模块:Public

.000639s ]
ERR: 无法加载模块:Public

[ 2016-03-27T17:04:36+08:00 ] 127.0.0.1 /Public/Mall/images/700x700.43a9dbb75e3888dd41aecc90ceea8f2c.220x220.jpg.webp
INFO: [ app_init ] --START--
INFO: Run Behavior\BuildLiteBehavior [ RunTime:0.000044s ]
INFO: [ app_init ] --END-- [ RunTime:0.000837s ]
ERR: 无法加载模块:Public

[ 2016-03-27T17:04:36+08:00 ] 127.0.0.1 /Public/Mall/images/700x700.16df843ef95e75b6d8e1ac24c60118c5.220x220.jpg.webp
INFO: [ app_init ] --START--
INFO: Run Behavior\BuildLiteBehavior [ RunTime:0.000174s ]
INFO: [ app_init ] --END-- [ RunTime:0.041015s ]
ERR: 无法加载模块:Public

[ 2016-03-27T17:04:36+08:00 ] 127.0.0.1 /Public/Mall/images/640x640.445d6bd289fddd75c1222f8ac9290fca.180x180.jpg.webp
INFO: [ app_init ] --START--
INFO: Run Behavior\BuildLiteBehavior [ RunTime:0.000061s ]
INFO: [ app_init ] --END-- [ RunTime:0.001015s ]
ERR: 无法加载模块:Public

[ 2016-03-27T17:04:36+08:00 ] 127.0.0.1 /Public/Mall/images/700x700.2a613520bcc116f8327f17020ecc4bac.220x220.jpg.webp
INFO: [ app_init ] --START--
INFO: Run Behavior\BuildLiteBehavior [ RunTime:0.000040s ]
INFO: [ app_init ] --END-- [ RunTime:0.000683s ]
ERR: 无法加载模块:Public

[ 2016-03-27T17:04:36+08:00 ] 127.0.0.1 /Public/Mall/images/700x700.7dbbdefe6fc7a708136e63a2360051a2.220x220.jpg.webp
INFO: [ app_init ] --START--
INFO: Run Behavior\BuildLiteBehavior [ RunTime:0.000042s ]
INFO: [ app_init ] --END-- [ RunTime:0.000668s ]
ERR: 无法加载模块:Public

[ 2016-03-27T17:04:36+08:00 ] 127.0.0.1 /Public/Mall/images/signin5.gif
INFO: [ app_init ] --START--
INFO: Run Behavior\BuildLiteBehavior [ RunTime:0.000038s ]
INFO: [ app_init ] --END-- [ RunTime:0.000654s ]
ERR: 无法加载模块:Public

[ 2016-03-27T17:04:36+08:00 ] 127.0.0.1 /Public/Mall/images/start.png
INFO: [ app_init ] --START--
INFO: Run Behavior\BuildLiteBehavior [ RunTime:0.000039s ]
INFO: [ app_init ] --END-- [ RunTime:0.000699s ]
ERR: 无法加载模块:Public

[ 2016-03-27T17:05:47+08:00 ] 127.0.0.1 /Public/Mall/images/car_quan_pic.png
INFO: [ app_init ] --START--
INFO: Run Behavior\BuildLiteBehavior [ RunTime:0.000042s ]
INFO: [ app_init ] --END-- [ RunTime:0.000659s ]
ERR: 无法加载模块:Public

[ 2016-03-27T17:05:47+08:00 ] 127.0.0.1 /Public/Mall/images/700x700.658e729326a2c9d56785809e8c8b6923.180x180.jpg.webp
INFO: [ app_init ] --START--
INFO: Run Behavior\BuildLiteBehavior [ RunTime:0.000041s ]
INFO: [ app_init ] --END-- [ RunTime:0.000693s ]
ERR: 无法加载模块:Public

[ 2016-03-27T17:05:47+08:00 ] 127.0.0.1 /Public/Mall/images/700x700.7415cd5aed569bdb5c63bfd565dbd079.180x180.jpg.webp
INFO: [ app_init ] --START--
INFO: Run Behavior\BuildLiteBehavior [ RunTime:0.000046s ]
INFO: [ app_init ] --END-- [ RunTime:0.001498s ]
ERR: 无法加载模块:Public

[ 2016-03-27T17:05:47+08:00 ] 127.0.0.1 /Public/Mall/images/700x700.e1031a7781d8cc992a11575ebb89eb39.180x180.jpg.webp
INFO: [ app_init ] --START--
INFO: Run Behavior\BuildLiteBehavior [ RunTime:0.000043s ]
INFO: [ app_init ] --END-- [ RunTime:0.000723s ]
ERR: 无法加载模块:Public

[ 2016-03-27T17:05:47+08:00 ] 127.0.0.1 /Public/Mall/images/sidePanel_checkin1N.gif
INFO: [ app_init ] --START--
INFO: Run Behavior\BuildLiteBehavior [ RunTime:0.000046s ]
INFO: [ app_init ] --END-- [ RunTime:0.001027s ]
ERR: 无法加载模块:Public

[ 2016-03-27T17:05:47+08:00 ] 127.0.0.1 /Public/Mall/images/init.html
INFO: [ app_init ] --START--
INFO: Run Behavior\BuildLiteBehavior [ RunTime:0.000078s ]
INFO: [ app_init ] --END-- [ RunTime:0.000888s ]
ERR: 无法加载模块:Public

[ 2016-03-27T17:05:47+08:00 ] 127.0.0.1 /Public/Mall/images/500x360.d0d9bb4d540ad8d71dfc7a5b95b02772.500x360.jpg
INFO: [ app_init ] --START--
INFO: Run Behavior\BuildLiteBehavior [ RunTime:0.000042s ]
INFO: [ app_init ] --END-- [ RunTime:0.000694s ]
ERR: 无法加载模块:Public

[ 2016-03-27T17:05:47+08:00 ] 127.0.0.1 /Public/Mall/images/700x700.3a36a6095064179cc5a9b940e392aad0.180x180.jpg.webp
INFO: [ app_init ] --START--
INFO: Run Behavior\BuildLiteBehavior [ RunTime:0.000038s ]
INFO: [ app_init ] --END-- [ RunTime:0.000636s ]
ERR: 无法加载模块:Public

[ 2016-03-27T17:05:47+08:00 ] 127.0.0.1 /Public/Mall/images/700x700.a24e8dde105596456f2148636a38f047.180x180.jpg.webp
INFO: [ app_init ] --START--
INFO: Run Behavior\BuildLiteBehavior [ RunTime:0.000042s ]
INFO: [ app_init ] --END-- [ RunTime:0.000742s ]
ERR: 无法加载模块:Public

[ 2016-03-27T17:05:47+08:00 ] 127.0.0.1 /Public/Mall/images/700x700.947a0b0e7f45510544930538f220d694.180x180.jpg.webp
INFO: [ app_init ] --START--
INFO: Run Behavior\BuildLiteBehavior [ RunTime:0.000046s ]
INFO: [ app_init ] --END-- [ RunTime:0.002220s ]
ERR: 无法加载模块:Public

[ 2016-03-27T17:05:47+08:00 ] 127.0.0.1 /Public/Mall/images/700x700.fdeec4f9e04ac8c3a13e3b0d7778ad19.180x180.jpg.webp
INFO: [ app_init ] --START--
INFO: Run Behavior\BuildLiteBehavior [ RunTime:0.000039s ]
INFO: [ app_init ] --END-- [ RunTime:0.000716s ]
ERR: 无法加载模块:Public

[ 2016-03-27T17:05:47+08:00 ] 127.0.0.1 /Public/Mall/images/700x700.854facc4272039e2610a609da349278b.180x180.jpg.webp
INFO: [ app_init ] --START--
INFO: Run Behavior\BuildLiteBehavior [ RunTime:0.000039s ]
INFO: [ app_init ] --END-- [ RunTime:0.000703s ]
ERR: 无法加载模块:Public

[ 2016-03-27T17:05:47+08:00 ] 127.0.0.1 /Public/Mall/images/700x700.13f8887a1036691f9307b5854d81891c.180x180.jpg.webp
INFO: [ app_init ] --START--
INFO: Run Behavior\BuildLiteBehavior [ RunTime:0.000041s ]
INFO: [ app_init ] --END-- [ RunTime:0.000708s ]
ERR: 无法加载模块:Public

[ 2016-03-27T17:05:47+08:00 ] 127.0.0.1 /Public/Mall/style/new_ico1.png
INFO: [ app_init ] --START--
INFO: Run Behavior\BuildLiteBehavior [ RunTime:0.000045s ]
INFO: [ app_init ] --END-- [ RunTime:0.000835s ]
ERR: 无法加载模块:Public

[ 2016-03-27T17:05:47+08:00 ] 127.0.0.1 /Public/Mall/images/700x700.b080af208905594c3e66019210ac323a.180x180.jpg.webp
INFO: [ app_init ] --START--
INFO: Run Behavior\BuildLiteBehavior [ RunTime:0.000039s ]
INFO: [ app_init ] --END-- [ RunTime:0.000670s ]
ERR: 无法加载模块:Public

[ 2016-03-27T17:05:47+08:00 ] 127.0.0.1 /Public/Mall/images/700x700.8dcf11766bccd40650bd45eab4b0981e.180x180.jpg.webp
INFO: [ app_init ] --START--
INFO: Run Behavior\BuildLiteBehavior [ RunTime:0.000040s ]
INFO: [ app_init ] --END-- [ RunTime:0.000670s ]
ERR: 无法加载模块:Public

[ 2016-03-27T17:05:47+08:00 ] 127.0.0.1 /Public/Mall/images/700x700.46e5e34d3f436bf226f4f257b05a4d6b.180x180.jpg.webp
INFO: [ app_init ] --START--
INFO: Run Behavior\BuildLiteBehavior [ RunTime:0.000041s ]
INFO: [ app_init ] --END-- [ RunTime:0.000696s ]
ERR: 无法加载模块:Public

[ 2016-03-27T17:05:47+08:00 ] 127.0.0.1 /Public/Mall/images/640x640.445d6bd289fddd75c1222f8ac9290fca.180x180.jpg.webp
INFO: [ app_init ] --START--
INFO: Run Behavior\BuildLiteBehavior [ RunTime:0.000047s ]
INFO: [ app_init ] --END-- [ RunTime:0.000848s ]
ERR: 无法加载模块:Public

[ 2016-03-27T17:05:47+08:00 ] 127.0.0.1 /Public/Mall/images/700x700.31ccb8a67f5e45ba8b2f1ca1dc36367b.180x180.jpg.webp
INFO: [ app_init ] --START--
INFO: Run Behavior\BuildLiteBehavior [ RunTime:0.000043s ]
INFO: [ app_init ] --END-- [ RunTime:0.000886s ]
ERR: 无法加载模块:Public

[ 2016-03-27T17:05:47+08:00 ] 127.0.0.1 /Public/Mall/images/loading400x400.gif
INFO: [ app_init ] --START--
INFO: Run Behavior\BuildLiteBehavior [ RunTime:0.000044s ]
INFO: [ app_init ] --END-- [ RunTime:0.000718s ]
ERR: 无法加载模块:Public

[ 2016-03-27T17:05:47+08:00 ] 127.0.0.1 /Public/Mall/images/deal_y2.png
INFO: [ app_init ] --START--
INFO: Run Behavior\BuildLiteBehavior [ RunTime:0.000137s ]
INFO: [ app_init ] --END-- [ RunTime:0.000891s ]
ERR: 无法加载模块:Public

[ 2016-03-27T17:05:47+08:00 ] 127.0.0.1 /Public/Mall/images/750x781.5e5001375a4be70f4fc366ebd083c92c.980x.jpg
INFO: [ app_init ] --START--
INFO: Run Behavior\BuildLiteBehavior [ RunTime:0.000044s ]
INFO: [ app_init ] --END-- [ RunTime:0.000815s ]
ERR: 无法加载模块:Public

[ 2016-03-27T17:05:47+08:00 ] 127.0.0.1 /Public/Mall/images/700x700.ca31401944aaa5e33b03e890c5436c6a.220x220.jpg.webp
INFO: [ app_init ] --START--
INFO: Run Behavior\BuildLiteBehavior [ RunTime:0.000040s ]
INFO: [ app_init ] --END-- [ RunTime:0.000680s ]
ERR: 无法加载模块:Public

[ 2016-03-27T17:05:47+08:00 ] 127.0.0.1 /Public/Mall/images/700x700.7d0e67bad09c2bc11f9672d6dc4470ec.220x220.jpg.webp
INFO: [ app_init ] --START--
INFO: Run Behavior\BuildLiteBehavior [ RunTime:0.000039s ]
INFO: [ app_init ] --END-- [ RunTime:0.000652s ]
ERR: 无法加载模块:Public

[ 2016-03-27T17:05:47+08:00 ] 127.0.0.1 /Public/Mall/images/700x700.7dbbdefe6fc7a708136e63a2360051a2.220x220.jpg.webp
INFO: [ app_init ] --START--
INFO: Run Behavior\BuildLiteBehavior [ RunTime:0.000041s ]
INFO: [ app_init ] --END-- [ RunTime:0.000670s ]
ERR: 无法加载模块:Public

[ 2016-03-27T17:05:47+08:00 ] 127.0.0.1 /Public/Mall/images/700x700.43a9dbb75e3888dd41aecc90ceea8f2c.220x220.jpg.webp
INFO: [ app_init ] --START--
INFO: Run Behavior\BuildLiteBehavior [ RunTime:0.000037s ]
INFO: [ app_init ] --END-- [ RunTime:0.000642s ]
ERR: 无法加载模块:Public

[ 2016-03-27T17:05:47+08:00 ] 127.0.0.1 /Public/Mall/images/700x700.16df843ef95e75b6d8e1ac24c60118c5.220x220.jpg.webp
INFO: [ app_init ] --START--
INFO: Run Behavior\BuildLiteBehavior [ RunTime:0.000084s ]
INFO: [ app_init ] --END-- [ RunTime:0.001079s ]
ERR: 无法加载模块:Public

[ 2016-03-27T17:05:47+08:00 ] 127.0.0.1 /Public/Mall/images/750x521.2dad17ada679d4008fbb869be6ab5054.980x.jpg
INFO: [ app_init ] --START--
INFO: Run Behavior\BuildLiteBehavior [ RunTime:0.000041s ]
INFO: [ app_init ] --END-- [ RunTime:0.001047s ]
ERR: 无法加载模块:Public

[ 2016-03-27T17:05:47+08:00 ] 127.0.0.1 /Public/Mall/images/700x700.2a613520bcc116f8327f17020ecc4bac.220x220.jpg.webp
INFO: [ app_init ] --START--
INFO: Run Behavior\BuildLiteBehavior [ RunTime:0.000049s ]
INFO: [ app_init ] --END-- [ RunTime:0.003055s ]
ERR: 无法加载模块:Public

[ 2016-03-27T17:05:47+08:00 ] 127.0.0.1 /Public/Mall/images/signin5.gif
INFO: [ app_init ] --START--
INFO: Run Behavior\BuildLiteBehavior [ RunTime:0.000043s ]
INFO: [ app_init ] --END-- [ RunTime:0.000676s ]
ERR: 无法加载模块:Public

[ 2016-03-27T17:05:47+08:00 ] 127.0.0.1 /Public/Mall/images/start.png
INFO: [ app_init ] --START--
INFO: Run Behavior\BuildLiteBehavior [ RunTime:0.000049s ]
INFO: [ app_init ] --END-- [ RunTime:0.000945s ]
ERR: 无法加载模块:Public

[ 2016-03-27T17:07:10+08:00 ] 127.0.0.1 /Public/Mall/images/icon_pencil.png
INFO: [ app_init ] --START--
INFO: Run Behavior\BuildLiteBehavior [ RunTime:0.000030s ]
INFO: [ app_init ] --END-- [ RunTime:0.000747s ]
ERR: 无法加载模块:Public

[ 2016-03-27T17:27:28+08:00 ] 127.0.0.1 /Public/Mall/images/signin5_bg.png
INFO: [ app_init ] --START--
INFO: Run Behavior\BuildLiteBehavior [ RunTime:0.000054s ]
INFO: [ app_init ] --END-- [ RunTime:0.000811s ]
ERR: 无法加载模块:Public

