[ 2016-01-31T11:23:11+08:00 ] 127.0.0.1 /Public/Shop/js/notorder.js
INFO: [ app_init ] --START--
INFO: Run Behavior\BuildLiteBehavior [ RunTime:0.000046s ]
INFO: [ app_init ] --END-- [ RunTime:0.000753s ]
ERR: 无法加载模块:Public

[ 2016-01-31T12:49:41+08:00 ] 127.0.0.1 /Public/Shop/js/notorder.js
INFO: [ app_init ] --START--
INFO: Run Behavior\BuildLiteBehavior [ RunTime:0.000049s ]
INFO: [ app_init ] --END-- [ RunTime:0.000886s ]
ERR: 无法加载模块:Public

[ 2016-01-31T12:49:42+08:00 ] 127.0.0.1 /Public/Shop/js/notorder.js
INFO: [ app_init ] --START--
INFO: Run Behavior\BuildLiteBehavior [ RunTime:0.000055s ]
INFO: [ app_init ] --END-- [ RunTime:0.001132s ]
ERR: 无法加载模块:Public

[ 2016-01-31T12:49:44+08:00 ] 127.0.0.1 /Public/Shop/js/notorder.js
INFO: [ app_init ] --START--
INFO: Run Behavior\BuildLiteBehavior [ RunTime:0.000041s ]
INFO: [ app_init ] --END-- [ RunTime:0.000729s ]
ERR: 无法加载模块:Public

[ 2016-01-31T12:49:45+08:00 ] 127.0.0.1 /Public/Shop/js/notorder.js
INFO: [ app_init ] --START--
INFO: Run Behavior\BuildLiteBehavior [ RunTime:0.000046s ]
INFO: [ app_init ] --END-- [ RunTime:0.000827s ]
ERR: 无法加载模块:Public

[ 2016-01-31T12:49:45+08:00 ] 127.0.0.1 /Public/Shop/js/notorder.js
INFO: [ app_init ] --START--
INFO: Run Behavior\BuildLiteBehavior [ RunTime:0.000228s ]
INFO: [ app_init ] --END-- [ RunTime:0.002527s ]
ERR: 无法加载模块:Public

[ 2016-01-31T12:49:53+08:00 ] 127.0.0.1 /Public/Shop/js/notorder.js
INFO: [ app_init ] --START--
INFO: Run Behavior\BuildLiteBehavior [ RunTime:0.000044s ]
INFO: [ app_init ] --END-- [ RunTime:0.000843s ]
ERR: 无法加载模块:Public

[ 2016-01-31T12:50:00+08:00 ] 127.0.0.1 /Public/Shop/js/notorder.js
INFO: [ app_init ] --START--
INFO: Run Behavior\BuildLiteBehavior [ RunTime:0.000027s ]
INFO: [ app_init ] --END-- [ RunTime:0.000536s ]
ERR: 无法加载模块:Public

[ 2016-01-31T12:50:48+08:00 ] 127.0.0.1 /Public/Shop/js/notorder.js
INFO: [ app_init ] --START--
INFO: Run Behavior\BuildLiteBehavior [ RunTime:0.000027s ]
INFO: [ app_init ] --END-- [ RunTime:0.000482s ]
ERR: 无法加载模块:Public

[ 2016-01-31T22:24:52+08:00 ] 127.0.0.1 /Public/Shop/js/notorder.js
INFO: [ app_init ] --START--
INFO: Run Behavior\BuildLiteBehavior [ RunTime:0.000048s ]
INFO: [ app_init ] --END-- [ RunTime:0.001215s ]
ERR: 无法加载模块:Public

