[ 2016-03-15T14:27:56+08:00 ] 127.0.0.1 /favicon.ico
INFO: [ app_init ] --START--
INFO: Run Behavior\BuildLiteBehavior [ RunTime:0.000046s ]
INFO: [ app_init ] --END-- [ RunTime:0.000766s ]
ERR: 无法加载模块:Favicon

[ 2016-03-15T14:27:56+08:00 ] 127.0.0.1 /favicon.ico
INFO: [ app_init ] --START--
INFO: Run Behavior\BuildLiteBehavior [ RunTime:0.000042s ]
INFO: [ app_init ] --END-- [ RunTime:0.000713s ]
ERR: 无法加载模块:Favicon

[ 2016-03-15T14:28:08+08:00 ] 127.0.0.1 /favicon.ico
INFO: [ app_init ] --START--
INFO: Run Behavior\BuildLiteBehavior [ RunTime:0.000050s ]
INFO: [ app_init ] --END-- [ RunTime:0.000840s ]
ERR: 无法加载模块:Favicon

[ 2016-03-15T14:28:13+08:00 ] 127.0.0.1 /Public/Shop/js/notorder.js
INFO: [ app_init ] --START--
INFO: Run Behavior\BuildLiteBehavior [ RunTime:0.000045s ]
INFO: [ app_init ] --END-- [ RunTime:0.000662s ]
ERR: 无法加载模块:Public

[ 2016-03-15T18:12:51+08:00 ] 127.0.0.1 /Public/Shop/js/notorder.js
INFO: [ app_init ] --START--
INFO: Run Behavior\BuildLiteBehavior [ RunTime:0.000047s ]
INFO: [ app_init ] --END-- [ RunTime:0.001010s ]
ERR: 无法加载模块:Public

[ 2016-03-15T18:25:01+08:00 ] 127.0.0.1 /favicon.ico
INFO: [ app_init ] --START--
INFO: Run Behavior\BuildLiteBehavior [ RunTime:0.000027s ]
INFO: [ app_init ] --END-- [ RunTime:0.000541s ]
ERR: 无法加载模块:Favicon

[ 2016-03-15T20:11:47+08:00 ] 127.0.0.1 /favicon.ico
INFO: [ app_init ] --START--
INFO: Run Behavior\BuildLiteBehavior [ RunTime:0.000044s ]
INFO: [ app_init ] --END-- [ RunTime:0.000841s ]
ERR: 无法加载模块:Favicon

[ 2016-03-15T20:11:49+08:00 ] 127.0.0.1 /WX
INFO: [ app_init ] --START--
INFO: Run Behavior\BuildLiteBehavior [ RunTime:0.000045s ]
INFO: [ app_init ] --END-- [ RunTime:0.000971s ]
ERR: 无法加载模块:WX

[ 2016-03-15T20:11:58+08:00 ] 127.0.0.1 /wx.php
INFO: [ app_init ] --START--
INFO: Run Behavior\BuildLiteBehavior [ RunTime:0.000041s ]
INFO: [ app_init ] --END-- [ RunTime:0.000565s ]
ERR: 无法加载模块:Wx

[ 2016-03-15T20:12:02+08:00 ] 127.0.0.1 /wx.php
INFO: [ app_init ] --START--
INFO: Run Behavior\BuildLiteBehavior [ RunTime:0.000031s ]
INFO: [ app_init ] --END-- [ RunTime:0.000648s ]
ERR: 无法加载模块:Wx

[ 2016-03-15T20:26:02+08:00 ] 127.0.0.1 /favicon.ico
INFO: [ app_init ] --START--
INFO: Run Behavior\BuildLiteBehavior [ RunTime:0.000028s ]
INFO: [ app_init ] --END-- [ RunTime:0.000512s ]
ERR: 无法加载模块:Favicon

[ 2016-03-15T20:26:08+08:00 ] 127.0.0.1 /mall.php/login
INFO: [ app_init ] --START--
INFO: Run Behavior\BuildLiteBehavior [ RunTime:0.000042s ]
INFO: [ app_init ] --END-- [ RunTime:0.000886s ]
ERR: 无法加载模块:Login

[ 2016-03-15T20:26:22+08:00 ] 127.0.0.1 /mall.php/login/lindex
INFO: [ app_init ] --START--
INFO: Run Behavior\BuildLiteBehavior [ RunTime:0.000042s ]
INFO: [ app_init ] --END-- [ RunTime:0.000707s ]
ERR: 无法加载模块:Login

[ 2016-03-15T20:26:29+08:00 ] 127.0.0.1 /mall.php/login/index
INFO: [ app_init ] --START--
INFO: Run Behavior\BuildLiteBehavior [ RunTime:0.000040s ]
INFO: [ app_init ] --END-- [ RunTime:0.000676s ]
ERR: 无法加载模块:Login

[ 2016-03-15T20:27:22+08:00 ] 127.0.0.1 /mall.php/login/index
INFO: [ app_init ] --START--
INFO: Run Behavior\BuildLiteBehavior [ RunTime:0.000025s ]
INFO: [ app_init ] --END-- [ RunTime:0.000478s ]
ERR: 无法加载模块:Login

[ 2016-03-15T20:27:23+08:00 ] 127.0.0.1 /mall.php/login/index
INFO: [ app_init ] --START--
INFO: Run Behavior\BuildLiteBehavior [ RunTime:0.000043s ]
INFO: [ app_init ] --END-- [ RunTime:0.000764s ]
ERR: 无法加载模块:Login

[ 2016-03-15T20:28:20+08:00 ] 127.0.0.1 /mall.php/login/index
INFO: [ app_init ] --START--
INFO: Run Behavior\BuildLiteBehavior [ RunTime:0.000045s ]
INFO: [ app_init ] --END-- [ RunTime:0.000837s ]
ERR: 无法加载模块:Login

[ 2016-03-15T20:28:21+08:00 ] 127.0.0.1 /mall.php/login/index
INFO: [ app_init ] --START--
INFO: Run Behavior\BuildLiteBehavior [ RunTime:0.000133s ]
INFO: [ app_init ] --END-- [ RunTime:0.001708s ]
ERR: 无法加载模块:Login

[ 2016-03-15T20:28:21+08:00 ] 127.0.0.1 /mall.php/login/index
INFO: [ app_init ] --START--
INFO: Run Behavior\BuildLiteBehavior [ RunTime:0.000045s ]
INFO: [ app_init ] --END-- [ RunTime:0.000769s ]
ERR: 无法加载模块:Login

[ 2016-03-15T20:28:21+08:00 ] 127.0.0.1 /mall.php/login/index
INFO: [ app_init ] --START--
INFO: Run Behavior\BuildLiteBehavior [ RunTime:0.000062s ]
INFO: [ app_init ] --END-- [ RunTime:0.000686s ]
ERR: 无法加载模块:Login

[ 2016-03-15T20:28:21+08:00 ] 127.0.0.1 /mall.php/login/index
INFO: [ app_init ] --START--
INFO: Run Behavior\BuildLiteBehavior [ RunTime:0.000042s ]
INFO: [ app_init ] --END-- [ RunTime:0.001084s ]
ERR: 无法加载模块:Login

[ 2016-03-15T20:28:21+08:00 ] 127.0.0.1 /mall.php/login/index
INFO: [ app_init ] --START--
INFO: Run Behavior\BuildLiteBehavior [ RunTime:0.000048s ]
INFO: [ app_init ] --END-- [ RunTime:0.000906s ]
ERR: 无法加载模块:Login

[ 2016-03-15T20:28:21+08:00 ] 127.0.0.1 /mall.php/login/index
INFO: [ app_init ] --START--
INFO: Run Behavior\BuildLiteBehavior [ RunTime:0.000103s ]
INFO: [ app_init ] --END-- [ RunTime:0.001516s ]
ERR: 无法加载模块:Login

[ 2016-03-15T20:28:21+08:00 ] 127.0.0.1 /mall.php/login/index
INFO: [ app_init ] --START--
INFO: Run Behavior\BuildLiteBehavior [ RunTime:0.000038s ]
INFO: [ app_init ] --END-- [ RunTime:0.000676s ]
ERR: 无法加载模块:Login

[ 2016-03-15T20:28:21+08:00 ] 127.0.0.1 /mall.php/login/index
INFO: [ app_init ] --START--
INFO: Run Behavior\BuildLiteBehavior [ RunTime:0.000033s ]
INFO: [ app_init ] --END-- [ RunTime:0.000577s ]
ERR: 无法加载模块:Login

[ 2016-03-15T20:28:21+08:00 ] 127.0.0.1 /mall.php/login/index
INFO: [ app_init ] --START--
INFO: Run Behavior\BuildLiteBehavior [ RunTime:0.001761s ]
INFO: [ app_init ] --END-- [ RunTime:0.006528s ]
ERR: 无法加载模块:Login

[ 2016-03-15T20:28:21+08:00 ] 127.0.0.1 /mall.php/login/index
INFO: [ app_init ] --START--
INFO: Run Behavior\BuildLiteBehavior [ RunTime:0.000043s ]
INFO: [ app_init ] --END-- [ RunTime:0.000718s ]
ERR: 无法加载模块:Login

[ 2016-03-15T20:28:21+08:00 ] 127.0.0.1 /mall.php/login/index
INFO: [ app_init ] --START--
INFO: Run Behavior\BuildLiteBehavior [ RunTime:0.000048s ]
INFO: [ app_init ] --END-- [ RunTime:0.000939s ]
ERR: 无法加载模块:Login

[ 2016-03-15T20:28:21+08:00 ] 127.0.0.1 /mall.php/login/index
INFO: [ app_init ] --START--
INFO: Run Behavior\BuildLiteBehavior [ RunTime:0.000044s ]
INFO: [ app_init ] --END-- [ RunTime:0.000783s ]
ERR: 无法加载模块:Login

[ 2016-03-15T20:28:21+08:00 ] 127.0.0.1 /mall.php/login/index
INFO: [ app_init ] --START--
INFO: Run Behavior\BuildLiteBehavior [ RunTime:0.000062s ]
INFO: [ app_init ] --END-- [ RunTime:0.000805s ]
ERR: 无法加载模块:Login

[ 2016-03-15T20:28:21+08:00 ] 127.0.0.1 /mall.php/login/index
INFO: [ app_init ] --START--
INFO: Run Behavior\BuildLiteBehavior [ RunTime:0.000041s ]
INFO: [ app_init ] --END-- [ RunTime:0.000697s ]
ERR: 无法加载模块:Login

[ 2016-03-15T20:28:21+08:00 ] 127.0.0.1 /mall.php/login/index
INFO: [ app_init ] --START--
INFO: Run Behavior\BuildLiteBehavior [ RunTime:0.000047s ]
INFO: [ app_init ] --END-- [ RunTime:0.003602s ]
ERR: 无法加载模块:Login

[ 2016-03-15T20:28:21+08:00 ] 127.0.0.1 /mall.php/login/index
INFO: [ app_init ] --START--
INFO: Run Behavior\BuildLiteBehavior [ RunTime:0.000044s ]
INFO: [ app_init ] --END-- [ RunTime:0.000836s ]
ERR: 无法加载模块:Login

[ 2016-03-15T20:28:29+08:00 ] 127.0.0.1 /mall.php/index/login/index
INFO: [ app_init ] --START--
INFO: Run Behavior\BuildLiteBehavior [ RunTime:0.000046s ]
INFO: [ app_init ] --END-- [ RunTime:0.001122s ]
ERR: 无法加载模块:Index

[ 2016-03-15T20:28:33+08:00 ] 127.0.0.1 /mall.php/login/index
INFO: [ app_init ] --START--
INFO: Run Behavior\BuildLiteBehavior [ RunTime:0.000025s ]
INFO: [ app_init ] --END-- [ RunTime:0.000477s ]
ERR: 无法加载模块:Login

[ 2016-03-15T20:29:14+08:00 ] 127.0.0.1 /mall.php/login/index
INFO: [ app_init ] --START--
INFO: Run Behavior\BuildLiteBehavior [ RunTime:0.000046s ]
INFO: [ app_init ] --END-- [ RunTime:0.000696s ]
ERR: 无法加载模块:Login

[ 2016-03-15T20:29:15+08:00 ] 127.0.0.1 /mall.php/login/index
INFO: [ app_init ] --START--
INFO: Run Behavior\BuildLiteBehavior [ RunTime:0.000034s ]
INFO: [ app_init ] --END-- [ RunTime:0.000704s ]
ERR: 无法加载模块:Login

[ 2016-03-15T20:29:16+08:00 ] 127.0.0.1 /mall.php/login/index
INFO: [ app_init ] --START--
INFO: Run Behavior\BuildLiteBehavior [ RunTime:0.000044s ]
INFO: [ app_init ] --END-- [ RunTime:0.000646s ]
ERR: 无法加载模块:Login

[ 2016-03-15T20:29:39+08:00 ] 127.0.0.1 /mall.php/login/index
ERR: 无法加载模块:Login

[ 2016-03-15T20:29:40+08:00 ] 127.0.0.1 /mall.php/login/index
ERR: 无法加载模块:Login

[ 2016-03-15T20:29:40+08:00 ] 127.0.0.1 /mall.php/login/index
ERR: 无法加载模块:Login

[ 2016-03-15T20:29:41+08:00 ] 127.0.0.1 /mall.php/login/index
ERR: 无法加载模块:Login

[ 2016-03-15T20:29:41+08:00 ] 127.0.0.1 /mall.php/login/index
ERR: 无法加载模块:Login

[ 2016-03-15T20:29:41+08:00 ] 127.0.0.1 /mall.php/login/index
ERR: 无法加载模块:Login

[ 2016-03-15T20:29:41+08:00 ] 127.0.0.1 /mall.php/login/index
ERR: 无法加载模块:Login

[ 2016-03-15T20:29:42+08:00 ] 127.0.0.1 /mall.php/login/index
ERR: 无法加载模块:Login

[ 2016-03-15T20:29:47+08:00 ] 127.0.0.1 /mall.php/login/index
ERR: 无法加载模块:Login

[ 2016-03-15T20:32:42+08:00 ] 127.0.0.1 /mall.php/login/index
ERR: 无法加载模块:Login

[ 2016-03-15T20:32:43+08:00 ] 127.0.0.1 /mall.php/login/index
ERR: 无法加载模块:Login

[ 2016-03-15T20:32:45+08:00 ] 127.0.0.1 /mall.php/login/index
ERR: 无法加载模块:Login

[ 2016-03-15T20:32:45+08:00 ] 127.0.0.1 /mall.php/login/index
ERR: 无法加载模块:Login

[ 2016-03-15T20:32:46+08:00 ] 127.0.0.1 /mall.php/login/index
ERR: 无法加载模块:Login

[ 2016-03-15T20:32:46+08:00 ] 127.0.0.1 /mall.php/login/index
ERR: 无法加载模块:Login

[ 2016-03-15T20:32:46+08:00 ] 127.0.0.1 /mall.php/login/index
ERR: 无法加载模块:Login

[ 2016-03-15T20:32:47+08:00 ] 127.0.0.1 /mall.php/login/index
ERR: 无法加载模块:Login

[ 2016-03-15T20:32:49+08:00 ] 127.0.0.1 /mall.php/login/index
ERR: 无法加载模块:Login

[ 2016-03-15T21:21:09+08:00 ] 127.0.0.1 /Public/Shop/style/login.css
INFO: [ app_init ] --START--
INFO: Run Behavior\BuildLiteBehavior [ RunTime:0.000080s ]
INFO: [ app_init ] --END-- [ RunTime:0.001395s ]
ERR: 无法加载模块:Public

[ 2016-03-15T21:21:09+08:00 ] 127.0.0.1 /Public/Shop/style/login.css
INFO: [ app_init ] --START--
INFO: Run Behavior\BuildLiteBehavior [ RunTime:0.000157s ]
INFO: [ app_init ] --END-- [ RunTime:0.001163s ]
ERR: 无法加载模块:Public

[ 2016-03-15T21:22:25+08:00 ] 127.0.0.1 /Public/Shop/style/login.css
INFO: [ app_init ] --START--
INFO: Run Behavior\BuildLiteBehavior [ RunTime:0.000028s ]
INFO: [ app_init ] --END-- [ RunTime:0.000567s ]
ERR: 无法加载模块:Public

[ 2016-03-15T22:23:53+08:00 ] 127.0.0.1 /favicon.ico
INFO: [ app_init ] --START--
INFO: Run Behavior\BuildLiteBehavior [ RunTime:0.000041s ]
INFO: [ app_init ] --END-- [ RunTime:0.000743s ]
ERR: 无法加载模块:Favicon

