[ 2016-08-04T14:55:51+08:00 ] 127.0.0.1 /weChat/Public//weChat/lib/jquery-1.7.2.min.js
INFO: [ app_init ] --START--
INFO: Run Behavior\BuildLiteBehavior [ RunTime:0.000040s ]
INFO: [ app_init ] --END-- [ RunTime:0.000759s ]
ERR: 无法加载模块:Public

[ 2016-08-04T14:55:51+08:00 ] 127.0.0.1 /weChat/Public//weChat/lib/bootstrap/css/bootstrap.css
INFO: [ app_init ] --START--
INFO: Run Behavior\BuildLiteBehavior [ RunTime:0.000056s ]
INFO: [ app_init ] --END-- [ RunTime:0.000689s ]
ERR: 无法加载模块:Public

[ 2016-08-04T14:55:51+08:00 ] 127.0.0.1 /weChat/Public//weChat/lib/font-awesome/css/font-awesome.css
INFO: [ app_init ] --START--
INFO: Run Behavior\BuildLiteBehavior [ RunTime:0.000047s ]
INFO: [ app_init ] --END-- [ RunTime:0.000743s ]
ERR: 无法加载模块:Public

[ 2016-08-04T14:55:51+08:00 ] 127.0.0.1 /weChat/Public//weChat/stylesheets/theme.css
INFO: [ app_init ] --START--
INFO: Run Behavior\BuildLiteBehavior [ RunTime:0.000079s ]
INFO: [ app_init ] --END-- [ RunTime:0.000977s ]
ERR: 无法加载模块:Public

[ 2016-08-04T14:55:52+08:00 ] 127.0.0.1 /weChat/Public//weChat/lib/bootstrap/js/bootstrap.js
INFO: [ app_init ] --START--
INFO: Run Behavior\BuildLiteBehavior [ RunTime:0.000048s ]
INFO: [ app_init ] --END-- [ RunTime:0.000820s ]
ERR: 无法加载模块:Public

[ 2016-08-04T14:55:52+08:00 ] 127.0.0.1 /weChat/Public//weChat/lib/font-awesome/docs/assets/ico/favicon.ico
INFO: [ app_init ] --START--
INFO: Run Behavior\BuildLiteBehavior [ RunTime:0.000025s ]
INFO: [ app_init ] --END-- [ RunTime:0.000436s ]
ERR: 无法加载模块:Public

[ 2016-08-04T14:56:47+08:00 ] 127.0.0.1 /weChat/Public//weChat/lib/bootstrap/js/bootstrap.js
INFO: [ app_init ] --START--
INFO: Run Behavior\BuildLiteBehavior [ RunTime:0.000042s ]
INFO: [ app_init ] --END-- [ RunTime:0.000707s ]
ERR: 无法加载模块:Public

[ 2016-08-04T14:56:47+08:00 ] 127.0.0.1 /weChat/Public//weChat/lib/jquery-1.7.2.min.js
INFO: [ app_init ] --START--
INFO: Run Behavior\BuildLiteBehavior [ RunTime:0.000037s ]
INFO: [ app_init ] --END-- [ RunTime:0.000648s ]
ERR: 无法加载模块:Public

[ 2016-08-04T14:56:47+08:00 ] 127.0.0.1 /weChat/Public//weChat/lib/bootstrap/css/bootstrap.css
INFO: [ app_init ] --START--
INFO: Run Behavior\BuildLiteBehavior [ RunTime:0.000040s ]
INFO: [ app_init ] --END-- [ RunTime:0.000638s ]
ERR: 无法加载模块:Public

[ 2016-08-04T14:56:47+08:00 ] 127.0.0.1 /weChat/Public//weChat/lib/font-awesome/css/font-awesome.css
INFO: [ app_init ] --START--
INFO: Run Behavior\BuildLiteBehavior [ RunTime:0.000046s ]
INFO: [ app_init ] --END-- [ RunTime:0.000671s ]
ERR: 无法加载模块:Public

[ 2016-08-04T14:56:47+08:00 ] 127.0.0.1 /weChat/Public//weChat/stylesheets/theme.css
INFO: [ app_init ] --START--
INFO: Run Behavior\BuildLiteBehavior [ RunTime:0.000047s ]
INFO: [ app_init ] --END-- [ RunTime:0.000791s ]
ERR: 无法加载模块:Public

[ 2016-08-04T14:56:48+08:00 ] 127.0.0.1 /weChat/Public//weChat/lib/bootstrap/css/bootstrap.css
INFO: [ app_init ] --START--
INFO: Run Behavior\BuildLiteBehavior [ RunTime:0.000040s ]
INFO: [ app_init ] --END-- [ RunTime:0.000641s ]
ERR: 无法加载模块:Public

[ 2016-08-04T14:56:48+08:00 ] 127.0.0.1 /weChat/Public//weChat/stylesheets/theme.css
INFO: [ app_init ] --START--
INFO: Run Behavior\BuildLiteBehavior [ RunTime:0.000037s ]
INFO: [ app_init ] --END-- [ RunTime:0.000734s ]
ERR: 无法加载模块:Public

[ 2016-08-04T14:56:48+08:00 ] 127.0.0.1 /weChat/Public//weChat/lib/bootstrap/js/bootstrap.js
INFO: [ app_init ] --START--
INFO: Run Behavior\BuildLiteBehavior [ RunTime:0.000038s ]
INFO: [ app_init ] --END-- [ RunTime:0.000629s ]
ERR: 无法加载模块:Public

[ 2016-08-04T14:56:48+08:00 ] 127.0.0.1 /weChat/Public//weChat/lib/font-awesome/css/font-awesome.css
INFO: [ app_init ] --START--
INFO: Run Behavior\BuildLiteBehavior [ RunTime:0.000038s ]
INFO: [ app_init ] --END-- [ RunTime:0.000609s ]
ERR: 无法加载模块:Public

[ 2016-08-04T14:56:48+08:00 ] 127.0.0.1 /weChat/Public//weChat/lib/jquery-1.7.2.min.js
INFO: [ app_init ] --START--
INFO: Run Behavior\BuildLiteBehavior [ RunTime:0.000027s ]
INFO: [ app_init ] --END-- [ RunTime:0.000565s ]
ERR: 无法加载模块:Public

[ 2016-08-04T14:56:48+08:00 ] 127.0.0.1 /weChat/Public//weChat/lib/bootstrap/css/bootstrap.css
INFO: [ app_init ] --START--
INFO: Run Behavior\BuildLiteBehavior [ RunTime:0.000039s ]
INFO: [ app_init ] --END-- [ RunTime:0.000645s ]
ERR: 无法加载模块:Public

[ 2016-08-04T14:56:48+08:00 ] 127.0.0.1 /weChat/Public//weChat/stylesheets/theme.css
INFO: [ app_init ] --START--
INFO: Run Behavior\BuildLiteBehavior [ RunTime:0.000037s ]
INFO: [ app_init ] --END-- [ RunTime:0.000680s ]
ERR: 无法加载模块:Public

[ 2016-08-04T14:56:48+08:00 ] 127.0.0.1 /weChat/Public//weChat/lib/bootstrap/js/bootstrap.js
INFO: [ app_init ] --START--
INFO: Run Behavior\BuildLiteBehavior [ RunTime:0.000042s ]
INFO: [ app_init ] --END-- [ RunTime:0.000730s ]
ERR: 无法加载模块:Public

[ 2016-08-04T14:56:48+08:00 ] 127.0.0.1 /weChat/Public//weChat/lib/jquery-1.7.2.min.js
INFO: [ app_init ] --START--
INFO: Run Behavior\BuildLiteBehavior [ RunTime:0.000040s ]
INFO: [ app_init ] --END-- [ RunTime:0.000627s ]
ERR: 无法加载模块:Public

[ 2016-08-04T14:56:48+08:00 ] 127.0.0.1 /weChat/Public//weChat/lib/font-awesome/css/font-awesome.css
INFO: [ app_init ] --START--
INFO: Run Behavior\BuildLiteBehavior [ RunTime:0.000041s ]
INFO: [ app_init ] --END-- [ RunTime:0.000701s ]
ERR: 无法加载模块:Public

[ 2016-08-04T14:56:59+08:00 ] 127.0.0.1 /weChat/Public//weChat/lib/bootstrap/css/bootstrap.css
INFO: [ app_init ] --START--
INFO: Run Behavior\BuildLiteBehavior [ RunTime:0.000025s ]
INFO: [ app_init ] --END-- [ RunTime:0.000442s ]
ERR: 无法加载模块:Public

[ 2016-08-04T14:56:59+08:00 ] 127.0.0.1 /weChat/Public//weChat/stylesheets/theme.css
INFO: [ app_init ] --START--
INFO: Run Behavior\BuildLiteBehavior [ RunTime:0.000023s ]
INFO: [ app_init ] --END-- [ RunTime:0.000428s ]
ERR: 无法加载模块:Public

[ 2016-08-04T14:56:59+08:00 ] 127.0.0.1 /weChat/Public//weChat/lib/font-awesome/css/font-awesome.css
INFO: [ app_init ] --START--
INFO: Run Behavior\BuildLiteBehavior [ RunTime:0.000039s ]
INFO: [ app_init ] --END-- [ RunTime:0.000705s ]
ERR: 无法加载模块:Public

[ 2016-08-04T14:56:59+08:00 ] 127.0.0.1 /weChat/Public//weChat/lib/jquery-1.7.2.min.js
INFO: [ app_init ] --START--
INFO: Run Behavior\BuildLiteBehavior [ RunTime:0.000037s ]
INFO: [ app_init ] --END-- [ RunTime:0.000632s ]
ERR: 无法加载模块:Public

[ 2016-08-04T14:56:59+08:00 ] 127.0.0.1 /weChat/Public//weChat/lib/bootstrap/js/bootstrap.js
INFO: [ app_init ] --START--
INFO: Run Behavior\BuildLiteBehavior [ RunTime:0.000026s ]
INFO: [ app_init ] --END-- [ RunTime:0.000476s ]
ERR: 无法加载模块:Public

[ 2016-08-04T14:57:00+08:00 ] 127.0.0.1 /weChat/Public//weChat/lib/bootstrap/css/bootstrap.css
INFO: [ app_init ] --START--
INFO: Run Behavior\BuildLiteBehavior [ RunTime:0.000043s ]
INFO: [ app_init ] --END-- [ RunTime:0.000674s ]
ERR: 无法加载模块:Public

[ 2016-08-04T14:57:00+08:00 ] 127.0.0.1 /weChat/Public//weChat/lib/font-awesome/css/font-awesome.css
INFO: [ app_init ] --START--
INFO: Run Behavior\BuildLiteBehavior [ RunTime:0.000050s ]
INFO: [ app_init ] --END-- [ RunTime:0.000653s ]
ERR: 无法加载模块:Public

[ 2016-08-04T14:57:00+08:00 ] 127.0.0.1 /weChat/Public//weChat/lib/jquery-1.7.2.min.js
INFO: [ app_init ] --START--
INFO: Run Behavior\BuildLiteBehavior [ RunTime:0.000038s ]
INFO: [ app_init ] --END-- [ RunTime:0.000751s ]
ERR: 无法加载模块:Public

[ 2016-08-04T14:57:00+08:00 ] 127.0.0.1 /weChat/Public//weChat/stylesheets/theme.css
INFO: [ app_init ] --START--
INFO: Run Behavior\BuildLiteBehavior [ RunTime:0.000043s ]
INFO: [ app_init ] --END-- [ RunTime:0.000777s ]
ERR: 无法加载模块:Public

[ 2016-08-04T14:57:00+08:00 ] 127.0.0.1 /weChat/Public//weChat/lib/bootstrap/js/bootstrap.js
INFO: [ app_init ] --START--
INFO: Run Behavior\BuildLiteBehavior [ RunTime:0.000038s ]
INFO: [ app_init ] --END-- [ RunTime:0.000685s ]
ERR: 无法加载模块:Public

[ 2016-08-04T14:57:00+08:00 ] 127.0.0.1 /weChat/Public//weChat/lib/bootstrap/css/bootstrap.css
INFO: [ app_init ] --START--
INFO: Run Behavior\BuildLiteBehavior [ RunTime:0.000040s ]
INFO: [ app_init ] --END-- [ RunTime:0.001183s ]
ERR: 无法加载模块:Public

[ 2016-08-04T14:57:00+08:00 ] 127.0.0.1 /weChat/Public//weChat/lib/font-awesome/css/font-awesome.css
INFO: [ app_init ] --START--
INFO: Run Behavior\BuildLiteBehavior [ RunTime:0.000042s ]
INFO: [ app_init ] --END-- [ RunTime:0.000661s ]
ERR: 无法加载模块:Public

[ 2016-08-04T14:57:00+08:00 ] 127.0.0.1 /weChat/Public//weChat/lib/jquery-1.7.2.min.js
INFO: [ app_init ] --START--
INFO: Run Behavior\BuildLiteBehavior [ RunTime:0.000048s ]
INFO: [ app_init ] --END-- [ RunTime:0.000720s ]
ERR: 无法加载模块:Public

[ 2016-08-04T14:57:00+08:00 ] 127.0.0.1 /weChat/Public//weChat/lib/bootstrap/js/bootstrap.js
INFO: [ app_init ] --START--
INFO: Run Behavior\BuildLiteBehavior [ RunTime:0.000046s ]
INFO: [ app_init ] --END-- [ RunTime:0.000707s ]
ERR: 无法加载模块:Public

[ 2016-08-04T14:57:00+08:00 ] 127.0.0.1 /weChat/Public//weChat/stylesheets/theme.css
INFO: [ app_init ] --START--
INFO: Run Behavior\BuildLiteBehavior [ RunTime:0.000028s ]
INFO: [ app_init ] --END-- [ RunTime:0.000467s ]
ERR: 无法加载模块:Public

[ 2016-08-04T14:57:00+08:00 ] 127.0.0.1 /weChat/Public//weChat/lib/font-awesome/css/font-awesome.css
INFO: [ app_init ] --START--
INFO: Run Behavior\BuildLiteBehavior [ RunTime:0.000042s ]
INFO: [ app_init ] --END-- [ RunTime:0.000649s ]
ERR: 无法加载模块:Public

[ 2016-08-04T14:57:00+08:00 ] 127.0.0.1 /weChat/Public//weChat/lib/jquery-1.7.2.min.js
INFO: [ app_init ] --START--
INFO: Run Behavior\BuildLiteBehavior [ RunTime:0.000046s ]
INFO: [ app_init ] --END-- [ RunTime:0.000856s ]
ERR: 无法加载模块:Public

[ 2016-08-04T14:57:00+08:00 ] 127.0.0.1 /weChat/Public//weChat/stylesheets/theme.css
INFO: [ app_init ] --START--
INFO: Run Behavior\BuildLiteBehavior [ RunTime:0.000039s ]
INFO: [ app_init ] --END-- [ RunTime:0.000667s ]
ERR: 无法加载模块:Public

[ 2016-08-04T14:57:00+08:00 ] 127.0.0.1 /weChat/Public//weChat/lib/bootstrap/js/bootstrap.js
INFO: [ app_init ] --START--
INFO: Run Behavior\BuildLiteBehavior [ RunTime:0.000042s ]
INFO: [ app_init ] --END-- [ RunTime:0.000761s ]
ERR: 无法加载模块:Public

[ 2016-08-04T14:57:00+08:00 ] 127.0.0.1 /weChat/Public//weChat/lib/bootstrap/css/bootstrap.css
INFO: [ app_init ] --START--
INFO: Run Behavior\BuildLiteBehavior [ RunTime:0.000069s ]
INFO: [ app_init ] --END-- [ RunTime:0.000996s ]
ERR: 无法加载模块:Public

[ 2016-08-04T14:57:00+08:00 ] 127.0.0.1 /weChat/Public//weChat/stylesheets/theme.css
INFO: [ app_init ] --START--
INFO: Run Behavior\BuildLiteBehavior [ RunTime:0.000041s ]
INFO: [ app_init ] --END-- [ RunTime:0.000664s ]
ERR: 无法加载模块:Public

[ 2016-08-04T14:57:00+08:00 ] 127.0.0.1 /weChat/Public//weChat/lib/bootstrap/css/bootstrap.css
INFO: [ app_init ] --START--
INFO: Run Behavior\BuildLiteBehavior [ RunTime:0.000040s ]
INFO: [ app_init ] --END-- [ RunTime:0.000665s ]
ERR: 无法加载模块:Public

[ 2016-08-04T14:57:00+08:00 ] 127.0.0.1 /weChat/Public//weChat/lib/jquery-1.7.2.min.js
INFO: [ app_init ] --START--
INFO: Run Behavior\BuildLiteBehavior [ RunTime:0.000039s ]
INFO: [ app_init ] --END-- [ RunTime:0.000632s ]
ERR: 无法加载模块:Public

[ 2016-08-04T14:57:00+08:00 ] 127.0.0.1 /weChat/Public//weChat/lib/font-awesome/css/font-awesome.css
INFO: [ app_init ] --START--
INFO: Run Behavior\BuildLiteBehavior [ RunTime:0.000052s ]
INFO: [ app_init ] --END-- [ RunTime:0.001310s ]
ERR: 无法加载模块:Public

[ 2016-08-04T14:57:00+08:00 ] 127.0.0.1 /weChat/Public//weChat/lib/bootstrap/js/bootstrap.js
INFO: [ app_init ] --START--
INFO: Run Behavior\BuildLiteBehavior [ RunTime:0.000026s ]
INFO: [ app_init ] --END-- [ RunTime:0.000459s ]
ERR: 无法加载模块:Public

[ 2016-08-04T15:10:32+08:00 ] 127.0.0.1 /weChat/Public//weChat/lib/bootstrap/css/bootstrap.css
INFO: [ app_init ] --START--
INFO: Run Behavior\BuildLiteBehavior [ RunTime:0.000043s ]
INFO: [ app_init ] --END-- [ RunTime:0.000747s ]
ERR: 无法加载模块:Public

[ 2016-08-04T15:10:32+08:00 ] 127.0.0.1 /weChat/Public//weChat/lib/font-awesome/css/font-awesome.css
INFO: [ app_init ] --START--
INFO: Run Behavior\BuildLiteBehavior [ RunTime:0.000044s ]
INFO: [ app_init ] --END-- [ RunTime:0.001078s ]
ERR: 无法加载模块:Public

[ 2016-08-04T15:10:32+08:00 ] 127.0.0.1 /weChat/Public//weChat/stylesheets/theme.css
INFO: [ app_init ] --START--
INFO: Run Behavior\BuildLiteBehavior [ RunTime:0.000045s ]
INFO: [ app_init ] --END-- [ RunTime:0.000733s ]
ERR: 无法加载模块:Public

[ 2016-08-04T15:10:32+08:00 ] 127.0.0.1 /weChat/Public//weChat/lib/jquery-1.7.2.min.js
INFO: [ app_init ] --START--
INFO: Run Behavior\BuildLiteBehavior [ RunTime:0.000039s ]
INFO: [ app_init ] --END-- [ RunTime:0.000700s ]
ERR: 无法加载模块:Public

[ 2016-08-04T15:10:32+08:00 ] 127.0.0.1 /weChat/Public//weChat/lib/bootstrap/js/bootstrap.js
INFO: [ app_init ] --START--
INFO: Run Behavior\BuildLiteBehavior [ RunTime:0.000043s ]
INFO: [ app_init ] --END-- [ RunTime:0.000675s ]
ERR: 无法加载模块:Public

[ 2016-08-04T15:24:40+08:00 ] 127.0.0.1 /weChat/Public//weChat/lib/bootstrap/css/bootstrap.css
INFO: [ app_init ] --START--
INFO: Run Behavior\BuildLiteBehavior [ RunTime:0.000040s ]
INFO: [ app_init ] --END-- [ RunTime:0.000694s ]
ERR: 无法加载模块:Public

[ 2016-08-04T15:24:40+08:00 ] 127.0.0.1 /weChat/Public//weChat/stylesheets/theme.css
INFO: [ app_init ] --START--
INFO: Run Behavior\BuildLiteBehavior [ RunTime:0.000039s ]
INFO: [ app_init ] --END-- [ RunTime:0.000721s ]
ERR: 无法加载模块:Public

[ 2016-08-04T15:24:40+08:00 ] 127.0.0.1 /weChat/Public//weChat/lib/font-awesome/css/font-awesome.css
INFO: [ app_init ] --START--
INFO: Run Behavior\BuildLiteBehavior [ RunTime:0.000045s ]
INFO: [ app_init ] --END-- [ RunTime:0.000731s ]
ERR: 无法加载模块:Public

[ 2016-08-04T15:24:40+08:00 ] 127.0.0.1 /weChat/Public//weChat/lib/bootstrap/js/bootstrap.js
INFO: [ app_init ] --START--
INFO: Run Behavior\BuildLiteBehavior [ RunTime:0.000040s ]
INFO: [ app_init ] --END-- [ RunTime:0.000678s ]
ERR: 无法加载模块:Public

[ 2016-08-04T15:24:40+08:00 ] 127.0.0.1 /weChat/Public//weChat/lib/jquery-1.7.2.min.js
INFO: [ app_init ] --START--
INFO: Run Behavior\BuildLiteBehavior [ RunTime:0.000027s ]
INFO: [ app_init ] --END-- [ RunTime:0.000563s ]
ERR: 无法加载模块:Public

[ 2016-08-04T15:30:59+08:00 ] 127.0.0.1 /weChat/HTMLPage1.html
INFO: [ app_init ] --START--
INFO: Run Behavior\BuildLiteBehavior [ RunTime:0.000028s ]
INFO: [ app_init ] --END-- [ RunTime:0.000530s ]
ERR: 无法加载模块:HTMLPage1

[ 2016-08-04T15:31:46+08:00 ] 127.0.0.1 /weChat/HTMLPage1.html
INFO: [ app_init ] --START--
INFO: Run Behavior\BuildLiteBehavior [ RunTime:0.000051s ]
INFO: [ app_init ] --END-- [ RunTime:0.001446s ]
ERR: 无法加载模块:HTMLPage1

[ 2016-08-04T15:31:55+08:00 ] 127.0.0.1 /weChat/Public//weChat/lib/bootstrap/css/bootstrap.css
INFO: [ app_init ] --START--
INFO: Run Behavior\BuildLiteBehavior [ RunTime:0.000041s ]
INFO: [ app_init ] --END-- [ RunTime:0.000832s ]
ERR: 无法加载模块:Public

[ 2016-08-04T15:31:55+08:00 ] 127.0.0.1 /weChat/Public//weChat/stylesheets/theme.css
INFO: [ app_init ] --START--
INFO: Run Behavior\BuildLiteBehavior [ RunTime:0.000045s ]
INFO: [ app_init ] --END-- [ RunTime:0.000770s ]
ERR: 无法加载模块:Public

[ 2016-08-04T15:31:55+08:00 ] 127.0.0.1 /weChat/Public//weChat/lib/font-awesome/css/font-awesome.css
INFO: [ app_init ] --START--
INFO: Run Behavior\BuildLiteBehavior [ RunTime:0.000043s ]
INFO: [ app_init ] --END-- [ RunTime:0.000817s ]
ERR: 无法加载模块:Public

[ 2016-08-04T15:31:55+08:00 ] 127.0.0.1 /weChat/Public//weChat/lib/jquery-1.7.2.min.js
INFO: [ app_init ] --START--
INFO: Run Behavior\BuildLiteBehavior [ RunTime:0.000044s ]
INFO: [ app_init ] --END-- [ RunTime:0.000799s ]
ERR: 无法加载模块:Public

[ 2016-08-04T15:31:55+08:00 ] 127.0.0.1 /weChat/Public//weChat/lib/bootstrap/js/bootstrap.js
INFO: [ app_init ] --START--
INFO: Run Behavior\BuildLiteBehavior [ RunTime:0.000041s ]
INFO: [ app_init ] --END-- [ RunTime:0.000786s ]
ERR: 无法加载模块:Public

[ 2016-08-04T15:44:18+08:00 ] 127.0.0.1 /weChat/FruitsIndex/Index/Index
INFO: [ app_init ] --START--
INFO: Run Behavior\BuildLiteBehavior [ RunTime:0.000033s ]
INFO: [ app_init ] --END-- [ RunTime:0.000615s ]
ERR: 无法加载模块:FruitsIndex

[ 2016-08-04T15:44:21+08:00 ] 127.0.0.1 /weChat/FruitsI/ndex/Index/Index
INFO: [ app_init ] --START--
INFO: Run Behavior\BuildLiteBehavior [ RunTime:0.000062s ]
INFO: [ app_init ] --END-- [ RunTime:0.000806s ]
ERR: 无法加载模块:FruitsI

[ 2016-08-04T15:45:59+08:00 ] 127.0.0.1 /weChat/Index/index
INFO: [ app_init ] --START--
INFO: Run Behavior\BuildLiteBehavior [ RunTime:0.000039s ]
INFO: [ app_init ] --END-- [ RunTime:0.000636s ]
ERR: 无法加载模块:Index

[ 2016-08-04T16:10:06+08:00 ] 127.0.0.1 /weChat/FruitsI/ndex/Index/Index
INFO: [ app_init ] --START--
INFO: Run Behavior\BuildLiteBehavior [ RunTime:0.000027s ]
INFO: [ app_init ] --END-- [ RunTime:0.000628s ]
ERR: 无法加载模块:FruitsI

[ 2016-08-04T16:10:08+08:00 ] 127.0.0.1 /weChat/FruitsI/ndex/Index/Index
INFO: [ app_init ] --START--
INFO: Run Behavior\BuildLiteBehavior [ RunTime:0.000052s ]
INFO: [ app_init ] --END-- [ RunTime:0.000741s ]
ERR: 无法加载模块:FruitsI

[ 2016-08-04T16:49:45+08:00 ] 127.0.0.1 /weChat/Public/Fruits/fonts/m-icons.woff?1653438?lwqvve
INFO: [ app_init ] --START--
INFO: Run Behavior\BuildLiteBehavior [ RunTime:0.000044s ]
INFO: [ app_init ] --END-- [ RunTime:0.000749s ]
ERR: 无法加载模块:Public

[ 2016-08-04T16:49:45+08:00 ] 127.0.0.1 /weChat/Public/Fruits/images/ui/iconfont.woff?1653438
INFO: [ app_init ] --START--
INFO: Run Behavior\BuildLiteBehavior [ RunTime:0.000043s ]
INFO: [ app_init ] --END-- [ RunTime:0.000661s ]
ERR: 无法加载模块:Public

[ 2016-08-04T16:49:45+08:00 ] 127.0.0.1 /weChat/Public/Fruits/fonts/m-icons.ttf?lwqvve
INFO: [ app_init ] --START--
INFO: Run Behavior\BuildLiteBehavior [ RunTime:0.000044s ]
INFO: [ app_init ] --END-- [ RunTime:0.000684s ]
ERR: 无法加载模块:Public

[ 2016-08-04T16:49:45+08:00 ] 127.0.0.1 /weChat/Public/Fruits/images/ui/iconfont.ttf
INFO: [ app_init ] --START--
INFO: Run Behavior\BuildLiteBehavior [ RunTime:0.000040s ]
INFO: [ app_init ] --END-- [ RunTime:0.000645s ]
ERR: 无法加载模块:Public

[ 2016-08-04T16:50:16+08:00 ] 127.0.0.1 /weChat/images/mine_avatar_placeholder.png?1656248
INFO: [ app_init ] --START--
INFO: Run Behavior\BuildLiteBehavior [ RunTime:0.000026s ]
INFO: [ app_init ] --END-- [ RunTime:0.000444s ]
ERR: 无法加载模块:Images

[ 2016-08-04T16:51:38+08:00 ] 127.0.0.1 /weChat/Public/Fruits/css/images/tx.jpg
INFO: [ app_init ] --START--
INFO: Run Behavior\BuildLiteBehavior [ RunTime:0.000039s ]
INFO: [ app_init ] --END-- [ RunTime:0.000644s ]
ERR: 无法加载模块:Public

[ 2016-08-04T16:51:51+08:00 ] 127.0.0.1 /weChat/Public/Fruits/css/images/tx.jpg
INFO: [ app_init ] --START--
INFO: Run Behavior\BuildLiteBehavior [ RunTime:0.000042s ]
INFO: [ app_init ] --END-- [ RunTime:0.000675s ]
ERR: 无法加载模块:Public

[ 2016-08-04T16:52:29+08:00 ] 127.0.0.1 /weChat/Public/Fruits/css/images/tx.jpg
INFO: [ app_init ] --START--
INFO: Run Behavior\BuildLiteBehavior [ RunTime:0.000045s ]
INFO: [ app_init ] --END-- [ RunTime:0.000667s ]
ERR: 无法加载模块:Public

[ 2016-08-04T16:58:22+08:00 ] 127.0.0.1 /weChat/Public/Fruits/fonts/m-icons.woff?1653438?lwqvve
INFO: [ app_init ] --START--
INFO: Run Behavior\BuildLiteBehavior [ RunTime:0.000043s ]
INFO: [ app_init ] --END-- [ RunTime:0.000712s ]
ERR: 无法加载模块:Public

[ 2016-08-04T16:58:22+08:00 ] 127.0.0.1 /weChat/Public/Fruits/images/ui/iconfont.woff?1653438
INFO: [ app_init ] --START--
INFO: Run Behavior\BuildLiteBehavior [ RunTime:0.000044s ]
INFO: [ app_init ] --END-- [ RunTime:0.000745s ]
ERR: 无法加载模块:Public

[ 2016-08-04T16:58:22+08:00 ] 127.0.0.1 /weChat/Public/Fruits/fonts/m-icons.ttf?lwqvve
INFO: [ app_init ] --START--
INFO: Run Behavior\BuildLiteBehavior [ RunTime:0.000076s ]
INFO: [ app_init ] --END-- [ RunTime:0.000859s ]
ERR: 无法加载模块:Public

[ 2016-08-04T16:58:22+08:00 ] 127.0.0.1 /weChat/Public/Fruits/images/ui/iconfont.ttf
INFO: [ app_init ] --START--
INFO: Run Behavior\BuildLiteBehavior [ RunTime:0.000031s ]
INFO: [ app_init ] --END-- [ RunTime:0.000732s ]
ERR: 无法加载模块:Public

[ 2016-08-04T17:22:56+08:00 ] 127.0.0.1 /weChat/Public/Fruits/images/ui/iconfont.woff?1653438
INFO: [ app_init ] --START--
INFO: Run Behavior\BuildLiteBehavior [ RunTime:0.000046s ]
INFO: [ app_init ] --END-- [ RunTime:0.000698s ]
ERR: 无法加载模块:Public

[ 2016-08-04T17:22:57+08:00 ] 127.0.0.1 /weChat/Public/Fruits/images/ui/iconfont.ttf
INFO: [ app_init ] --START--
INFO: Run Behavior\BuildLiteBehavior [ RunTime:0.000043s ]
INFO: [ app_init ] --END-- [ RunTime:0.000794s ]
ERR: 无法加载模块:Public

[ 2016-08-04T17:23:16+08:00 ] 127.0.0.1 /weChat/Public/Fruits/images/ui/iconfont.woff?1653438
INFO: [ app_init ] --START--
INFO: Run Behavior\BuildLiteBehavior [ RunTime:0.000044s ]
INFO: [ app_init ] --END-- [ RunTime:0.000694s ]
ERR: 无法加载模块:Public

[ 2016-08-04T17:23:16+08:00 ] 127.0.0.1 /weChat/Public/Fruits/images/ui/iconfont.ttf
INFO: [ app_init ] --START--
INFO: Run Behavior\BuildLiteBehavior [ RunTime:0.000068s ]
INFO: [ app_init ] --END-- [ RunTime:0.000784s ]
ERR: 无法加载模块:Public

[ 2016-08-04T17:23:33+08:00 ] 127.0.0.1 /weChat/Public/Fruits/images/ui/iconfont.woff?1653438
INFO: [ app_init ] --START--
INFO: Run Behavior\BuildLiteBehavior [ RunTime:0.000041s ]
INFO: [ app_init ] --END-- [ RunTime:0.000733s ]
ERR: 无法加载模块:Public

[ 2016-08-04T17:23:33+08:00 ] 127.0.0.1 /weChat/Public/Fruits/images/ui/iconfont.ttf
INFO: [ app_init ] --START--
INFO: Run Behavior\BuildLiteBehavior [ RunTime:0.000048s ]
INFO: [ app_init ] --END-- [ RunTime:0.000805s ]
ERR: 无法加载模块:Public

[ 2016-08-04T17:24:39+08:00 ] 127.0.0.1 /weChat/Public/Fruits/images/ui/iconfont.woff?1653438
INFO: [ app_init ] --START--
INFO: Run Behavior\BuildLiteBehavior [ RunTime:0.000046s ]
INFO: [ app_init ] --END-- [ RunTime:0.000763s ]
ERR: 无法加载模块:Public

[ 2016-08-04T17:24:40+08:00 ] 127.0.0.1 /weChat/Public/Fruits/images/ui/iconfont.ttf
INFO: [ app_init ] --START--
INFO: Run Behavior\BuildLiteBehavior [ RunTime:0.000048s ]
INFO: [ app_init ] --END-- [ RunTime:0.000805s ]
ERR: 无法加载模块:Public

[ 2016-08-04T17:28:52+08:00 ] 127.0.0.1 /weChat/Public/Fruits/css/fonts/iconfont.woff?1653438
INFO: [ app_init ] --START--
INFO: Run Behavior\BuildLiteBehavior [ RunTime:0.000047s ]
INFO: [ app_init ] --END-- [ RunTime:0.000809s ]
ERR: 无法加载模块:Public

[ 2016-08-04T17:28:52+08:00 ] 127.0.0.1 /weChat/Public/Fruits/css/fonts/iconfont.ttf
INFO: [ app_init ] --START--
INFO: Run Behavior\BuildLiteBehavior [ RunTime:0.000047s ]
INFO: [ app_init ] --END-- [ RunTime:0.000925s ]
ERR: 无法加载模块:Public

[ 2016-08-04T17:47:10+08:00 ] 127.0.0.1 /weChat/Public/Fruits/css/images/fh.png
INFO: [ app_init ] --START--
INFO: Run Behavior\BuildLiteBehavior [ RunTime:0.000043s ]
INFO: [ app_init ] --END-- [ RunTime:0.000764s ]
ERR: 无法加载模块:Public

[ 2016-08-04T18:40:34+08:00 ] 192.168.1.101 /weChat/index1_files/global_event_listen.js
INFO: [ app_init ] --START--
INFO: Run Behavior\BuildLiteBehavior [ RunTime:0.000026s ]
INFO: [ app_init ] --END-- [ RunTime:0.000469s ]
ERR: 无法加载模块:Index1_files

[ 2016-08-04T18:43:09+08:00 ] 192.168.1.101 /weChat/index1_files/global_event_listen.js
INFO: [ app_init ] --START--
INFO: Run Behavior\BuildLiteBehavior [ RunTime:0.000027s ]
INFO: [ app_init ] --END-- [ RunTime:0.000449s ]
ERR: 无法加载模块:Index1_files

[ 2016-08-04T18:44:21+08:00 ] 192.168.1.101 /weChat/index1_files/global_event_listen.js
INFO: [ app_init ] --START--
INFO: Run Behavior\BuildLiteBehavior [ RunTime:0.000026s ]
INFO: [ app_init ] --END-- [ RunTime:0.000530s ]
ERR: 无法加载模块:Index1_files

[ 2016-08-04T18:44:53+08:00 ] 192.168.1.101 /weChat/index1_files/global_event_listen.js
INFO: [ app_init ] --START--
INFO: Run Behavior\BuildLiteBehavior [ RunTime:0.000026s ]
INFO: [ app_init ] --END-- [ RunTime:0.000423s ]
ERR: 无法加载模块:Index1_files

[ 2016-08-04T18:45:20+08:00 ] 192.168.1.101 /weChat/index1_files/global_event_listen.js
INFO: [ app_init ] --START--
INFO: Run Behavior\BuildLiteBehavior [ RunTime:0.000026s ]
INFO: [ app_init ] --END-- [ RunTime:0.000441s ]
ERR: 无法加载模块:Index1_files

[ 2016-08-04T18:45:46+08:00 ] 192.168.1.101 /weChat/index1_files/global_event_listen.js
INFO: [ app_init ] --START--
INFO: Run Behavior\BuildLiteBehavior [ RunTime:0.000025s ]
INFO: [ app_init ] --END-- [ RunTime:0.000428s ]
ERR: 无法加载模块:Index1_files

[ 2016-08-04T19:06:56+08:00 ] 192.168.1.101 /weChat/privilege?tp=5088.0.1446.0.2.LPLF1lZ-00-339AM&tps=x0.51389y0.29839
INFO: [ app_init ] --START--
INFO: Run Behavior\BuildLiteBehavior [ RunTime:0.000026s ]
INFO: [ app_init ] --END-- [ RunTime:0.000441s ]
ERR: 无法加载模块:Privilege

[ 2016-08-04T19:07:15+08:00 ] 192.168.1.101 /weChat/privilege?tp=5088.0.1446.0.2.LPLF6Af-00-339AM&tps=x0.60000y0.30484
INFO: [ app_init ] --START--
INFO: Run Behavior\BuildLiteBehavior [ RunTime:0.000026s ]
INFO: [ app_init ] --END-- [ RunTime:0.000457s ]
ERR: 无法加载模块:Privilege

[ 2016-08-04T19:07:32+08:00 ] 192.168.1.101 /weChat/privilege
INFO: [ app_init ] --START--
INFO: Run Behavior\BuildLiteBehavior [ RunTime:0.000025s ]
INFO: [ app_init ] --END-- [ RunTime:0.000445s ]
ERR: 无法加载模块:Privilege

[ 2016-08-04T19:08:19+08:00 ] 192.168.1.101 /weChat/privilege?tp=5088.0.1446.0.2.LPLFL9T-00-339AM&tps=x0.86111y0.30806
INFO: [ app_init ] --START--
INFO: Run Behavior\BuildLiteBehavior [ RunTime:0.000025s ]
INFO: [ app_init ] --END-- [ RunTime:0.000482s ]
ERR: 无法加载模块:Privilege

[ 2016-08-04T19:12:04+08:00 ] 192.168.1.101 /weChat/Index/privilege?tp=5088.0.1446.0.2.LPLGDNi-00-339AM&tps=x0.48056y0.30806
INFO: [ app_init ] --START--
INFO: Run Behavior\BuildLiteBehavior [ RunTime:0.000036s ]
INFO: [ app_init ] --END-- [ RunTime:0.000628s ]
ERR: 无法加载模块:Index

[ 2016-08-04T19:12:35+08:00 ] 192.168.1.101 /weChat/privilege?tp=5088.0.1446.0.2.LPLGKcp-00-339AM&tps=x0.31389y0.30968
INFO: [ app_init ] --START--
INFO: Run Behavior\BuildLiteBehavior [ RunTime:0.000027s ]
INFO: [ app_init ] --END-- [ RunTime:0.000478s ]
ERR: 无法加载模块:Privilege

[ 2016-08-04T19:14:30+08:00 ] 127.0.0.1 /weChat/weChat/Fruits/Index/privilege
INFO: [ app_init ] --START--
INFO: Run Behavior\BuildLiteBehavior [ RunTime:0.000024s ]
INFO: [ app_init ] --END-- [ RunTime:0.000430s ]
ERR: 无法加载模块:WeChat

[ 2016-08-04T19:14:30+08:00 ] 127.0.0.1 /weChat/weChat/Fruits/Index/privilege?tp=5088.0.1446.0.2.LPLGjx7-00-3FR8N&tps=x0.06406y0.23232
INFO: [ app_init ] --START--
INFO: Run Behavior\BuildLiteBehavior [ RunTime:0.000043s ]
INFO: [ app_init ] --END-- [ RunTime:0.000726s ]
ERR: 无法加载模块:WeChat

[ 2016-08-04T19:14:46+08:00 ] 127.0.0.1 /weChat/weChat/Fruits/Index/privilege?tp=5088.0.1446.0.2.LPLGo0F-00-3FR8N&tps=x0.04583y0.22110
INFO: [ app_init ] --START--
INFO: Run Behavior\BuildLiteBehavior [ RunTime:0.000040s ]
INFO: [ app_init ] --END-- [ RunTime:0.000789s ]
ERR: 无法加载模块:WeChat

[ 2016-08-04T21:23:54+08:00 ] 127.0.0.1 /weChat/Public/Fruits/css/ogi/fonts/pointsMall-icons.woff?-8f2et9
INFO: [ app_init ] --START--
INFO: Run Behavior\BuildLiteBehavior [ RunTime:0.000047s ]
INFO: [ app_init ] --END-- [ RunTime:0.000788s ]
ERR: 无法加载模块:Public

[ 2016-08-04T21:23:55+08:00 ] 127.0.0.1 /weChat/Public/Fruits/css/ogi/fonts/pointsMall-icons.ttf?-8f2et9
INFO: [ app_init ] --START--
INFO: Run Behavior\BuildLiteBehavior [ RunTime:0.000050s ]
INFO: [ app_init ] --END-- [ RunTime:0.000864s ]
ERR: 无法加载模块:Public

[ 2016-08-04T21:23:55+08:00 ] 127.0.0.1 /weChat/Public/Fruits/css/ogi/fonts/pointsMall-icons.woff?-8f2et9
INFO: [ app_init ] --START--
INFO: Run Behavior\BuildLiteBehavior [ RunTime:0.000082s ]
INFO: [ app_init ] --END-- [ RunTime:0.000748s ]
ERR: 无法加载模块:Public

[ 2016-08-04T21:23:56+08:00 ] 127.0.0.1 /weChat/Public/Fruits/css/ogi/fonts/pointsMall-icons.ttf?-8f2et9
INFO: [ app_init ] --START--
INFO: Run Behavior\BuildLiteBehavior [ RunTime:0.000049s ]
INFO: [ app_init ] --END-- [ RunTime:0.000949s ]
ERR: 无法加载模块:Public

[ 2016-08-04T21:23:56+08:00 ] 127.0.0.1 /weChat/Public/Fruits/css/ogi/fonts/pointsMall-icons.woff?-8f2et9
INFO: [ app_init ] --START--
INFO: Run Behavior\BuildLiteBehavior [ RunTime:0.000098s ]
INFO: [ app_init ] --END-- [ RunTime:0.002532s ]
ERR: 无法加载模块:Public

[ 2016-08-04T21:23:57+08:00 ] 127.0.0.1 /weChat/Public/Fruits/css/ogi/fonts/pointsMall-icons.ttf?-8f2et9
INFO: [ app_init ] --START--
INFO: Run Behavior\BuildLiteBehavior [ RunTime:0.000048s ]
INFO: [ app_init ] --END-- [ RunTime:0.001035s ]
ERR: 无法加载模块:Public

[ 2016-08-04T21:23:57+08:00 ] 127.0.0.1 /weChat/Public/Fruits/css/ogi/fonts/pointsMall-icons.woff?-8f2et9
INFO: [ app_init ] --START--
INFO: Run Behavior\BuildLiteBehavior [ RunTime:0.000042s ]
INFO: [ app_init ] --END-- [ RunTime:0.000953s ]
ERR: 无法加载模块:Public

[ 2016-08-04T21:23:57+08:00 ] 127.0.0.1 /weChat/Public/Fruits/css/ogi/fonts/pointsMall-icons.ttf?-8f2et9
INFO: [ app_init ] --START--
INFO: Run Behavior\BuildLiteBehavior [ RunTime:0.000046s ]
INFO: [ app_init ] --END-- [ RunTime:0.000822s ]
ERR: 无法加载模块:Public

[ 2016-08-04T21:23:57+08:00 ] 127.0.0.1 /weChat/Public/Fruits/css/ogi/fonts/pointsMall-icons.woff?-8f2et9
INFO: [ app_init ] --START--
INFO: Run Behavior\BuildLiteBehavior [ RunTime:0.000046s ]
INFO: [ app_init ] --END-- [ RunTime:0.000776s ]
ERR: 无法加载模块:Public

[ 2016-08-04T21:23:57+08:00 ] 127.0.0.1 /weChat/Public/Fruits/css/ogi/fonts/pointsMall-icons.woff?-8f2et9
INFO: [ app_init ] --START--
INFO: Run Behavior\BuildLiteBehavior [ RunTime:0.000046s ]
INFO: [ app_init ] --END-- [ RunTime:0.000810s ]
ERR: 无法加载模块:Public

[ 2016-08-04T21:23:58+08:00 ] 127.0.0.1 /weChat/Public/Fruits/css/ogi/fonts/pointsMall-icons.ttf?-8f2et9
INFO: [ app_init ] --START--
INFO: Run Behavior\BuildLiteBehavior [ RunTime:0.000093s ]
INFO: [ app_init ] --END-- [ RunTime:0.000892s ]
ERR: 无法加载模块:Public

[ 2016-08-04T21:23:58+08:00 ] 127.0.0.1 /weChat/Public/Fruits/css/ogi/fonts/pointsMall-icons.woff?-8f2et9
INFO: [ app_init ] --START--
INFO: Run Behavior\BuildLiteBehavior [ RunTime:0.000043s ]
INFO: [ app_init ] --END-- [ RunTime:0.000946s ]
ERR: 无法加载模块:Public

[ 2016-08-04T21:23:58+08:00 ] 127.0.0.1 /weChat/Public/Fruits/css/ogi/fonts/pointsMall-icons.ttf?-8f2et9
INFO: [ app_init ] --START--
INFO: Run Behavior\BuildLiteBehavior [ RunTime:0.000047s ]
INFO: [ app_init ] --END-- [ RunTime:0.000793s ]
ERR: 无法加载模块:Public

[ 2016-08-04T21:23:58+08:00 ] 127.0.0.1 /weChat/Public/Fruits/css/ogi/fonts/pointsMall-icons.woff?-8f2et9
INFO: [ app_init ] --START--
INFO: Run Behavior\BuildLiteBehavior [ RunTime:0.000044s ]
INFO: [ app_init ] --END-- [ RunTime:0.000726s ]
ERR: 无法加载模块:Public

[ 2016-08-04T21:23:58+08:00 ] 127.0.0.1 /weChat/Public/Fruits/css/ogi/fonts/pointsMall-icons.ttf?-8f2et9
INFO: [ app_init ] --START--
INFO: Run Behavior\BuildLiteBehavior [ RunTime:0.000045s ]
INFO: [ app_init ] --END-- [ RunTime:0.000730s ]
ERR: 无法加载模块:Public

[ 2016-08-04T21:23:59+08:00 ] 127.0.0.1 /weChat/Public/Fruits/css/ogi/fonts/pointsMall-icons.woff?-8f2et9
INFO: [ app_init ] --START--
INFO: Run Behavior\BuildLiteBehavior [ RunTime:0.000051s ]
INFO: [ app_init ] --END-- [ RunTime:0.000872s ]
ERR: 无法加载模块:Public

[ 2016-08-04T21:23:59+08:00 ] 127.0.0.1 /weChat/Public/Fruits/css/ogi/fonts/pointsMall-icons.ttf?-8f2et9
INFO: [ app_init ] --START--
INFO: Run Behavior\BuildLiteBehavior [ RunTime:0.000039s ]
INFO: [ app_init ] --END-- [ RunTime:0.000685s ]
ERR: 无法加载模块:Public

[ 2016-08-04T21:24:01+08:00 ] 127.0.0.1 /weChat/Public/Fruits/css/ogi/fonts/pointsMall-icons.woff?-8f2et9
INFO: [ app_init ] --START--
INFO: Run Behavior\BuildLiteBehavior [ RunTime:0.000063s ]
INFO: [ app_init ] --END-- [ RunTime:0.000876s ]
ERR: 无法加载模块:Public

[ 2016-08-04T21:24:01+08:00 ] 127.0.0.1 /weChat/Public/Fruits/css/ogi/fonts/pointsMall-icons.ttf?-8f2et9
INFO: [ app_init ] --START--
INFO: Run Behavior\BuildLiteBehavior [ RunTime:0.000067s ]
INFO: [ app_init ] --END-- [ RunTime:0.001229s ]
ERR: 无法加载模块:Public

[ 2016-08-04T21:24:20+08:00 ] 127.0.0.1 /weChat/Public/Fruits/css/ogi/fonts/pointsMall-icons.woff?-8f2et9
INFO: [ app_init ] --START--
INFO: Run Behavior\BuildLiteBehavior [ RunTime:0.000047s ]
INFO: [ app_init ] --END-- [ RunTime:0.001091s ]
ERR: 无法加载模块:Public

[ 2016-08-04T21:24:20+08:00 ] 127.0.0.1 /weChat/Public/Fruits/css/ogi/fonts/pointsMall-icons.ttf?-8f2et9
INFO: [ app_init ] --START--
INFO: Run Behavior\BuildLiteBehavior [ RunTime:0.000041s ]
INFO: [ app_init ] --END-- [ RunTime:0.000701s ]
ERR: 无法加载模块:Public

[ 2016-08-04T21:24:20+08:00 ] 127.0.0.1 /weChat/Public/Fruits/css/ogi/fonts/pointsMall-icons.woff?-8f2et9
INFO: [ app_init ] --START--
INFO: Run Behavior\BuildLiteBehavior [ RunTime:0.000046s ]
INFO: [ app_init ] --END-- [ RunTime:0.001413s ]
ERR: 无法加载模块:Public

[ 2016-08-04T21:24:21+08:00 ] 127.0.0.1 /weChat/Public/Fruits/css/ogi/fonts/pointsMall-icons.ttf?-8f2et9
INFO: [ app_init ] --START--
INFO: Run Behavior\BuildLiteBehavior [ RunTime:0.000047s ]
INFO: [ app_init ] --END-- [ RunTime:0.000875s ]
ERR: 无法加载模块:Public

[ 2016-08-04T21:24:21+08:00 ] 127.0.0.1 /weChat/Public/Fruits/css/ogi/fonts/pointsMall-icons.woff?-8f2et9
INFO: [ app_init ] --START--
INFO: Run Behavior\BuildLiteBehavior [ RunTime:0.000037s ]
INFO: [ app_init ] --END-- [ RunTime:0.000611s ]
ERR: 无法加载模块:Public

[ 2016-08-04T21:24:21+08:00 ] 127.0.0.1 /weChat/Public/Fruits/css/ogi/fonts/pointsMall-icons.ttf?-8f2et9
INFO: [ app_init ] --START--
INFO: Run Behavior\BuildLiteBehavior [ RunTime:0.000050s ]
INFO: [ app_init ] --END-- [ RunTime:0.001021s ]
ERR: 无法加载模块:Public

[ 2016-08-04T21:24:22+08:00 ] 127.0.0.1 /weChat/Public/Fruits/css/ogi/fonts/pointsMall-icons.woff?-8f2et9
INFO: [ app_init ] --START--
INFO: Run Behavior\BuildLiteBehavior [ RunTime:0.000065s ]
INFO: [ app_init ] --END-- [ RunTime:0.000861s ]
ERR: 无法加载模块:Public

[ 2016-08-04T21:24:22+08:00 ] 127.0.0.1 /weChat/Public/Fruits/css/ogi/fonts/pointsMall-icons.ttf?-8f2et9
INFO: [ app_init ] --START--
INFO: Run Behavior\BuildLiteBehavior [ RunTime:0.000027s ]
INFO: [ app_init ] --END-- [ RunTime:0.000464s ]
ERR: 无法加载模块:Public

[ 2016-08-04T21:24:23+08:00 ] 127.0.0.1 /weChat/Public/Fruits/css/ogi/fonts/pointsMall-icons.woff?-8f2et9
INFO: [ app_init ] --START--
INFO: Run Behavior\BuildLiteBehavior [ RunTime:0.000043s ]
INFO: [ app_init ] --END-- [ RunTime:0.000708s ]
ERR: 无法加载模块:Public

[ 2016-08-04T21:24:23+08:00 ] 127.0.0.1 /weChat/Public/Fruits/css/ogi/fonts/pointsMall-icons.ttf?-8f2et9
INFO: [ app_init ] --START--
INFO: Run Behavior\BuildLiteBehavior [ RunTime:0.000047s ]
INFO: [ app_init ] --END-- [ RunTime:0.000760s ]
ERR: 无法加载模块:Public

[ 2016-08-04T21:24:23+08:00 ] 127.0.0.1 /weChat/Public/Fruits/css/ogi/fonts/pointsMall-icons.woff?-8f2et9
INFO: [ app_init ] --START--
INFO: Run Behavior\BuildLiteBehavior [ RunTime:0.000043s ]
INFO: [ app_init ] --END-- [ RunTime:0.000689s ]
ERR: 无法加载模块:Public

[ 2016-08-04T21:24:24+08:00 ] 127.0.0.1 /weChat/Public/Fruits/css/ogi/fonts/pointsMall-icons.woff?-8f2et9
INFO: [ app_init ] --START--
INFO: Run Behavior\BuildLiteBehavior [ RunTime:0.000046s ]
INFO: [ app_init ] --END-- [ RunTime:0.000892s ]
ERR: 无法加载模块:Public

[ 2016-08-04T21:24:24+08:00 ] 127.0.0.1 /weChat/Public/Fruits/css/ogi/fonts/pointsMall-icons.ttf?-8f2et9
INFO: [ app_init ] --START--
INFO: Run Behavior\BuildLiteBehavior [ RunTime:0.000064s ]
INFO: [ app_init ] --END-- [ RunTime:0.000795s ]
ERR: 无法加载模块:Public

[ 2016-08-04T21:24:24+08:00 ] 127.0.0.1 /weChat/Public/Fruits/css/ogi/fonts/pointsMall-icons.woff?-8f2et9
INFO: [ app_init ] --START--
INFO: Run Behavior\BuildLiteBehavior [ RunTime:0.000047s ]
INFO: [ app_init ] --END-- [ RunTime:0.000880s ]
ERR: 无法加载模块:Public

[ 2016-08-04T21:24:24+08:00 ] 127.0.0.1 /weChat/Public/Fruits/css/ogi/fonts/pointsMall-icons.ttf?-8f2et9
INFO: [ app_init ] --START--
INFO: Run Behavior\BuildLiteBehavior [ RunTime:0.000062s ]
INFO: [ app_init ] --END-- [ RunTime:0.000916s ]
ERR: 无法加载模块:Public

[ 2016-08-04T21:24:58+08:00 ] 127.0.0.1 /weChat/Public/Fruits/css/ogi/fonts/pointsMall-icons.woff?-8f2et9
INFO: [ app_init ] --START--
INFO: Run Behavior\BuildLiteBehavior [ RunTime:0.000334s ]
INFO: [ app_init ] --END-- [ RunTime:0.003274s ]
ERR: 无法加载模块:Public

[ 2016-08-04T21:24:58+08:00 ] 127.0.0.1 /weChat/Public/Fruits/css/ogi/fonts/pointsMall-icons.ttf?-8f2et9
INFO: [ app_init ] --START--
INFO: Run Behavior\BuildLiteBehavior [ RunTime:0.000049s ]
INFO: [ app_init ] --END-- [ RunTime:0.000847s ]
ERR: 无法加载模块:Public

[ 2016-08-04T21:24:59+08:00 ] 127.0.0.1 /weChat/Public/Fruits/css/ogi/fonts/pointsMall-icons.woff?-8f2et9
INFO: [ app_init ] --START--
INFO: Run Behavior\BuildLiteBehavior [ RunTime:0.000044s ]
INFO: [ app_init ] --END-- [ RunTime:0.000705s ]
ERR: 无法加载模块:Public

[ 2016-08-04T21:25:00+08:00 ] 127.0.0.1 /weChat/Public/Fruits/css/ogi/fonts/pointsMall-icons.ttf?-8f2et9
INFO: [ app_init ] --START--
INFO: Run Behavior\BuildLiteBehavior [ RunTime:0.000044s ]
INFO: [ app_init ] --END-- [ RunTime:0.000770s ]
ERR: 无法加载模块:Public

[ 2016-08-04T21:25:00+08:00 ] 127.0.0.1 /weChat/Public/Fruits/css/ogi/fonts/pointsMall-icons.woff?-8f2et9
INFO: [ app_init ] --START--
INFO: Run Behavior\BuildLiteBehavior [ RunTime:0.000028s ]
INFO: [ app_init ] --END-- [ RunTime:0.000463s ]
ERR: 无法加载模块:Public

[ 2016-08-04T21:25:00+08:00 ] 127.0.0.1 /weChat/Public/Fruits/css/ogi/fonts/pointsMall-icons.ttf?-8f2et9
INFO: [ app_init ] --START--
INFO: Run Behavior\BuildLiteBehavior [ RunTime:0.000040s ]
INFO: [ app_init ] --END-- [ RunTime:0.000637s ]
ERR: 无法加载模块:Public

[ 2016-08-04T21:25:00+08:00 ] 127.0.0.1 /weChat/Public/Fruits/css/ogi/fonts/pointsMall-icons.woff?-8f2et9
INFO: [ app_init ] --START--
INFO: Run Behavior\BuildLiteBehavior [ RunTime:0.000050s ]
INFO: [ app_init ] --END-- [ RunTime:0.000857s ]
ERR: 无法加载模块:Public

[ 2016-08-04T21:25:01+08:00 ] 127.0.0.1 /weChat/Public/Fruits/css/ogi/fonts/pointsMall-icons.woff?-8f2et9
INFO: [ app_init ] --START--
INFO: Run Behavior\BuildLiteBehavior [ RunTime:0.000036s ]
INFO: [ app_init ] --END-- [ RunTime:0.000623s ]
ERR: 无法加载模块:Public

[ 2016-08-04T21:25:01+08:00 ] 127.0.0.1 /weChat/Public/Fruits/css/ogi/fonts/pointsMall-icons.ttf?-8f2et9
INFO: [ app_init ] --START--
INFO: Run Behavior\BuildLiteBehavior [ RunTime:0.000046s ]
INFO: [ app_init ] --END-- [ RunTime:0.000778s ]
ERR: 无法加载模块:Public

[ 2016-08-04T21:25:01+08:00 ] 127.0.0.1 /weChat/Public/Fruits/css/ogi/fonts/pointsMall-icons.woff?-8f2et9
INFO: [ app_init ] --START--
INFO: Run Behavior\BuildLiteBehavior [ RunTime:0.000046s ]
INFO: [ app_init ] --END-- [ RunTime:0.000776s ]
ERR: 无法加载模块:Public

[ 2016-08-04T21:25:01+08:00 ] 127.0.0.1 /weChat/Public/Fruits/css/ogi/fonts/pointsMall-icons.woff?-8f2et9
INFO: [ app_init ] --START--
INFO: Run Behavior\BuildLiteBehavior [ RunTime:0.000046s ]
INFO: [ app_init ] --END-- [ RunTime:0.000967s ]
ERR: 无法加载模块:Public

[ 2016-08-04T21:25:01+08:00 ] 127.0.0.1 /weChat/Public/Fruits/css/ogi/fonts/pointsMall-icons.ttf?-8f2et9
INFO: [ app_init ] --START--
INFO: Run Behavior\BuildLiteBehavior [ RunTime:0.000046s ]
INFO: [ app_init ] --END-- [ RunTime:0.002467s ]
ERR: 无法加载模块:Public

[ 2016-08-04T21:25:45+08:00 ] 127.0.0.1 /weChat/Public/Fruits/css/ogi/fonts/pointsMall-icons.woff?-8f2et9
INFO: [ app_init ] --START--
INFO: Run Behavior\BuildLiteBehavior [ RunTime:0.000096s ]
INFO: [ app_init ] --END-- [ RunTime:0.000806s ]
ERR: 无法加载模块:Public

[ 2016-08-04T21:25:45+08:00 ] 127.0.0.1 /weChat/Public/Fruits/css/ogi/fonts/pointsMall-icons.ttf?-8f2et9
INFO: [ app_init ] --START--
INFO: Run Behavior\BuildLiteBehavior [ RunTime:0.000042s ]
INFO: [ app_init ] --END-- [ RunTime:0.000660s ]
ERR: 无法加载模块:Public

