[ 2016-05-11T07:50:40+08:00 ] 127.0.0.1 /Public/Mall/images/init.html
INFO: [ app_init ] --START--
INFO: Run Behavior\BuildLiteBehavior [ RunTime:0.000026s ]
INFO: [ app_init ] --END-- [ RunTime:0.000526s ]
ERR: 无法加载模块:Public

:0.000826s ]
ERR: 无法加载模块:Public

[ 2016-05-11T07:50:40+08:00 ] 127.0.0.1 /Public/Mall/images/700x700.7415cd5aed569bdb5c63bfd565dbd079.180x180.jpg.webp
INFO: [ app_init ] --START--
INFO: Run Behavior\BuildLiteBehavior [ RunTime:0.000050s ]
INFO: [ app_init ] --END-- [ RunTime:0.000794s ]
ERR: 无法加载模块:Public

[ 2016-05-11T07:50:40+08:00 ] 127.0.0.1 /Public/Mall/images/700x700.e1031a7781d8cc992a11575ebb89eb39.180x180.jpg.webp
INFO: [ app_init ] --START--
INFO: Run Behavior\BuildLiteBehavior [ RunTime:0.000048s ]
INFO: [ app_init ] --END-- [ RunTime:0.000758s ]
ERR: 无法加载模块:Public

[ 2016-05-11T07:50:40+08:00 ] 127.0.0.1 /Public/Mall/images/700x700.658e729326a2c9d56785809e8c8b6923.180x180.jpg.webp
INFO: [ app_init ] --START--
INFO: Run Behavior\BuildLiteBehavior [ RunTime:0.000042s ]
INFO: [ app_init ] --END-- [ RunTime:0.000765s ]
ERR: 无法加载模块:Public

[ 2016-05-11T07:50:40+08:00 ] 127.0.0.1 /Public/Mall/images/700x700.31ccb8a67f5e45ba8b2f1ca1dc36367b.180x180.jpg.webp
INFO: [ app_init ] --START--
INFO: Run Behavior\BuildLiteBehavior [ RunTime:0.000037s ]
INFO: [ app_init ] --END-- [ RunTime:0.000587s ]
ERR: 无法加载模块:Public

[ 2016-05-11T07:50:40+08:00 ] 127.0.0.1 /Public/Mall/images/700x700.fdeec4f9e04ac8c3a13e3b0d7778ad19.180x180.jpg.webp
INFO: [ app_init ] --START--
INFO: Run Behavior\BuildLiteBehavior [ RunTime:0.000093s ]
INFO: [ app_init ] --END-- [ RunTime:0.000731s ]
ERR: 无法加载模块:Public

[ 2016-05-11T07:50:40+08:00 ] 127.0.0.1 /Public/Mall/images/700x700.a24e8dde105596456f2148636a38f047.180x180.jpg.webp
INFO: [ app_init ] --START--
INFO: Run Behavior\BuildLiteBehavior [ RunTime:0.000042s ]
INFO: [ app_init ] --END-- [ RunTime:0.000659s ]
ERR: 无法加载模块:Public

[ 2016-05-11T07:50:40+08:00 ] 127.0.0.1 /Public/Mall/images/700x700.947a0b0e7f45510544930538f220d694.180x180.jpg.webp
INFO: [ app_init ] --START--
INFO: Run Behavior\BuildLiteBehavior [ RunTime:0.000043s ]
INFO: [ app_init ] --END-- [ RunTime:0.000811s ]
ERR: 无法加载模块:Public

[ 2016-05-11T07:50:40+08:00 ] 127.0.0.1 /Public/Mall/images/700x700.b080af208905594c3e66019210ac323a.180x180.jpg.webp
INFO: [ app_init ] --START--
INFO: Run Behavior\BuildLiteBehavior [ RunTime:0.000043s ]
INFO: [ app_init ] --END-- [ RunTime:0.000878s ]
ERR: 无法加载模块:Public

[ 2016-05-11T07:50:40+08:00 ] 127.0.0.1 /Public/Mall/images/700x700.46e5e34d3f436bf226f4f257b05a4d6b.180x180.jpg.webp
INFO: [ app_init ] --START--
INFO: Run Behavior\BuildLiteBehavior [ RunTime:0.000046s ]
INFO: [ app_init ] --END-- [ RunTime:0.001026s ]
ERR: 无法加载模块:Public

[ 2016-05-11T07:50:40+08:00 ] 127.0.0.1 /Public/Mall/images/640x640.445d6bd289fddd75c1222f8ac9290fca.180x180.jpg.webp
INFO: [ app_init ] --START--
INFO: Run Behavior\BuildLiteBehavior [ RunTime:0.000042s ]
INFO: [ app_init ] --END-- [ RunTime:0.000819s ]
ERR: 无法加载模块:Public

[ 2016-05-11T07:50:40+08:00 ] 127.0.0.1 /Public/Mall/images/750x781.5e5001375a4be70f4fc366ebd083c92c.980x.jpg
INFO: [ app_init ] --START--
INFO: Run Behavior\BuildLiteBehavior [ RunTime:0.000043s ]
INFO: [ app_init ] --END-- [ RunTime:0.000876s ]
ERR: 无法加载模块:Public

[ 2016-05-11T07:50:40+08:00 ] 127.0.0.1 /Public/Mall/images/700x700.13f8887a1036691f9307b5854d81891c.180x180.jpg.webp
INFO: [ app_init ] --START--
INFO: Run Behavior\BuildLiteBehavior [ RunTime:0.000041s ]
INFO: [ app_init ] --END-- [ RunTime:0.000670s ]
ERR: 无法加载模块:Public

[ 2016-05-11T07:50:40+08:00 ] 127.0.0.1 /Public/Mall/images/700x700.8dcf11766bccd40650bd45eab4b0981e.180x180.jpg.webp
INFO: [ app_init ] --START--
INFO: Run Behavior\BuildLiteBehavior [ RunTime:0.000045s ]
INFO: [ app_init ] --END-- [ RunTime:0.000722s ]
ERR: 无法加载模块:Public

[ 2016-05-11T07:50:40+08:00 ] 127.0.0.1 /Public/Mall/images/700x700.3a36a6095064179cc5a9b940e392aad0.180x180.jpg.webp
INFO: [ app_init ] --START--
INFO: Run Behavior\BuildLiteBehavior [ RunTime:0.000050s ]
INFO: [ app_init ] --END-- [ RunTime:0.000827s ]
ERR: 无法加载模块:Public

[ 2016-05-11T07:50:40+08:00 ] 127.0.0.1 /Public/Mall/images/750x521.2dad17ada679d4008fbb869be6ab5054.980x.jpg
INFO: [ app_init ] --START--
INFO: Run Behavior\BuildLiteBehavior [ RunTime:0.000044s ]
INFO: [ app_init ] --END-- [ RunTime:0.000808s ]
ERR: 无法加载模块:Public

[ 2016-05-11T07:50:40+08:00 ] 127.0.0.1 /Public/Mall/images/700x700.16df843ef95e75b6d8e1ac24c60118c5.220x220.jpg.webp
INFO: [ app_init ] --START--
INFO: Run Behavior\BuildLiteBehavior [ RunTime:0.000052s ]
INFO: [ app_init ] --END-- [ RunTime:0.000896s ]
ERR: 无法加载模块:Public

[ 2016-05-11T07:50:40+08:00 ] 127.0.0.1 /Public/Mall/images/700x700.ca31401944aaa5e33b03e890c5436c6a.220x220.jpg.webp
INFO: [ app_init ] --START--
INFO: Run Behavior\BuildLiteBehavior [ RunTime:0.000039s ]
INFO: [ app_init ] --END-- [ RunTime:0.000819s ]
ERR: 无法加载模块:Public

[ 2016-05-11T07:50:40+08:00 ] 127.0.0.1 /Public/Mall/images/700x700.7d0e67bad09c2bc11f9672d6dc4470ec.220x220.jpg.webp
INFO: [ app_init ] --START--
INFO: Run Behavior\BuildLiteBehavior [ RunTime:0.000047s ]
INFO: [ app_init ] --END-- [ RunTime:0.000683s ]
ERR: 无法加载模块:Public

[ 2016-05-11T07:50:40+08:00 ] 127.0.0.1 /Public/Mall/images/700x700.2a613520bcc116f8327f17020ecc4bac.220x220.jpg.webp
INFO: [ app_init ] --START--
INFO: Run Behavior\BuildLiteBehavior [ RunTime:0.000046s ]
INFO: [ app_init ] --END-- [ RunTime:0.000945s ]
ERR: 无法加载模块:Public

[ 2016-05-11T07:50:40+08:00 ] 127.0.0.1 /Public/Mall/images/700x700.43a9dbb75e3888dd41aecc90ceea8f2c.220x220.jpg.webp
INFO: [ app_init ] --START--
INFO: Run Behavior\BuildLiteBehavior [ RunTime:0.000048s ]
INFO: [ app_init ] --END-- [ RunTime:0.001161s ]
ERR: 无法加载模块:Public

[ 2016-05-11T07:50:40+08:00 ] 127.0.0.1 /Public/Mall/images/700x700.7dbbdefe6fc7a708136e63a2360051a2.220x220.jpg.webp
INFO: [ app_init ] --START--
INFO: Run Behavior\BuildLiteBehavior [ RunTime:0.000027s ]
INFO: [ app_init ] --END-- [ RunTime:0.000484s ]
ERR: 无法加载模块:Public

[ 2016-05-11T07:50:41+08:00 ] 127.0.0.1 /Public/Mall/images/car_quan_pic.png
INFO: [ app_init ] --START--
INFO: Run Behavior\BuildLiteBehavior [ RunTime:0.000043s ]
INFO: [ app_init ] --END-- [ RunTime:0.000753s ]
ERR: 无法加载模块:Public

[ 2016-05-11T07:50:41+08:00 ] 127.0.0.1 /Public/Mall/images/sidePanel_checkin1N.gif
INFO: [ app_init ] --START--
INFO: Run Behavior\BuildLiteBehavior [ RunTime:0.000045s ]
INFO: [ app_init ] --END-- [ RunTime:0.000774s ]
ERR: 无法加载模块:Public

[ 2016-05-11T07:50:41+08:00 ] 127.0.0.1 /Public/Mall/images/signin5.gif
INFO: [ app_init ] --START--
INFO: Run Behavior\BuildLiteBehavior [ RunTime:0.000041s ]
INFO: [ app_init ] --END-- [ RunTime:0.000773s ]
ERR: 无法加载模块:Public

[ 2016-05-11T07:50:41+08:00 ] 127.0.0.1 /Public/Mall/images/deal_y2.png
INFO: [ app_init ] --START--
INFO: Run Behavior\BuildLiteBehavior [ RunTime:0.000047s ]
INFO: [ app_init ] --END-- [ RunTime:0.000762s ]
ERR: 无法加载模块:Public

[ 2016-05-11T07:50:41+08:00 ] 127.0.0.1 /Public/Mall/images/loading400x400.gif
INFO: [ app_init ] --START--
INFO: Run Behavior\BuildLiteBehavior [ RunTime:0.000040s ]
INFO: [ app_init ] --END-- [ RunTime:0.000697s ]
ERR: 无法加载模块:Public

[ 2016-05-11T07:50:41+08:00 ] 127.0.0.1 /Public/Mall/style/new_ico1.png
INFO: [ app_init ] --START--
INFO: Run Behavior\BuildLiteBehavior [ RunTime:0.000026s ]
INFO: [ app_init ] --END-- [ RunTime:0.000499s ]
ERR: 无法加载模块:Public

[ 2016-05-11T07:50:41+08:00 ] 127.0.0.1 /Public/Mall/images/start.png
INFO: [ app_init ] --START--
INFO: Run Behavior\BuildLiteBehavior [ RunTime:0.000046s ]
INFO: [ app_init ] --END-- [ RunTime:0.000663s ]
ERR: 无法加载模块:Public

[ 2016-05-11T07:50:44+08:00 ] 127.0.0.1 /favicon.ico
INFO: [ app_init ] --START--
INFO: Run Behavior\BuildLiteBehavior [ RunTime:0.000029s ]
INFO: [ app_init ] --END-- [ RunTime:0.000638s ]
ERR: 无法加载模块:Favicon

[ 2016-05-11T08:59:56+08:00 ] 127.0.0.1 /favicon.ico
INFO: [ app_init ] --START--
INFO: Run Behavior\BuildLiteBehavior [ RunTime:0.000027s ]
INFO: [ app_init ] --END-- [ RunTime:0.000681s ]
ERR: 无法加载模块:Favicon

[ 2016-05-11T11:35:34+08:00 ] 127.0.0.1 /Public/Mall/images/sidePanel_checkin4N.png
INFO: [ app_init ] --START--
INFO: Run Behavior\BuildLiteBehavior [ RunTime:0.000027s ]
INFO: [ app_init ] --END-- [ RunTime:0.000502s ]
ERR: 无法加载模块:Public

[ 2016-05-11T15:44:25+08:00 ] 127.0.0.1 /Public/Mall/images/signin5_bg.png
INFO: [ app_init ] --START--
INFO: Run Behavior\BuildLiteBehavior [ RunTime:0.000076s ]
INFO: [ app_init ] --END-- [ RunTime:0.135600s ]
ERR: 无法加载模块:Public

