[ 2015-12-31T10:07:52+08:00 ] 127.0.0.1 /admin.php/Admin/Index/index
INFO: [ app_init ] --START--
INFO: Run Behavior\BuildLiteBehavior [ RunTime:0.000028s ]
INFO: [ app_init ] --END-- [ RunTime:0.000692s ]
INFO: [ app_begin ] --START--
INFO: Run Behavior\ReadHtmlCacheBehavior [ RunTime:0.000862s ]
INFO: [ app_begin ] --END-- [ RunTime:0.000997s ]
INFO: [ view_parse ] --START--
INFO: [ template_filter ] --START--
INFO: Run Behavior\ContentReplaceBehavior [ RunTime:0.000469s ]
INFO: [ template_filter ] --END-- [ RunTime:0.001160s ]
INFO: Run Behavior\ParseTemplateBehavior [ RunTime:0.483123s ]
INFO: [ view_parse ] --END-- [ RunTime:0.483462s ]
INFO: [ view_filter ] --START--
INFO: Run Behavior\WriteHtmlCacheBehavior [ RunTime:0.001543s ]
INFO: [ view_filter ] --END-- [ RunTime:0.001827s ]
INFO: [ app_end ] --START--
INFO: Run Behavior\ShowPageTraceBehavior [ RunTime:0.001485s ]
INFO: [ app_end ] --END-- [ RunTime:0.001671s ]

[ 2015-12-31T10:07:52+08:00 ] 127.0.0.1 /admin.php/Admin/11111111
INFO: [ app_init ] --START--
INFO: Run Behavior\BuildLiteBehavior [ RunTime:0.000024s ]
INFO: [ app_init ] --END-- [ RunTime:0.000481s ]
INFO: [ app_begin ] --START--
INFO: Run Behavior\ReadHtmlCacheBehavior [ RunTime:0.000635s ]
INFO: [ app_begin ] --END-- [ RunTime:0.000739s ]
ERR: 无法加载控制器:11111111

[ 2015-12-31T17:14:50+08:00 ] 127.0.0.1 /admin.php
INFO: [ app_init ] --START--
INFO: Run Behavior\BuildLiteBehavior [ RunTime:0.000046s ]
INFO: [ app_init ] --END-- [ RunTime:0.000757s ]
INFO: [ app_begin ] --START--
INFO: Run Behavior\ReadHtmlCacheBehavior [ RunTime:0.001072s ]
INFO: [ app_begin ] --END-- [ RunTime:0.001286s ]
INFO: [ view_parse ] --START--
INFO: [ template_filter ] --START--
INFO: Run Behavior\ContentReplaceBehavior [ RunTime:0.000126s ]
INFO: [ template_filter ] --END-- [ RunTime:0.000327s ]
INFO: Run Behavior\ParseTemplateBehavior [ RunTime:0.025764s ]
INFO: [ view_parse ] --END-- [ RunTime:0.025956s ]
INFO: [ view_filter ] --START--
INFO: Run Behavior\WriteHtmlCacheBehavior [ RunTime:0.000488s ]
INFO: [ view_filter ] --END-- [ RunTime:0.000640s ]
INFO: [ app_end ] --START--
INFO: Run Behavior\ShowPageTraceBehavior [ RunTime:0.000870s ]
INFO: [ app_end ] --END-- [ RunTime:0.001027s ]

[ 2015-12-31T17:14:50+08:00 ] 127.0.0.1 /admin.php/Admin/Index/head
INFO: [ app_init ] --START--
INFO: Run Behavior\BuildLiteBehavior [ RunTime:0.000039s ]
INFO: [ app_init ] --END-- [ RunTime:0.000662s ]
INFO: [ app_begin ] --START--
INFO: Run Behavior\ReadHtmlCacheBehavior [ RunTime:0.000783s ]
INFO: [ app_begin ] --END-- [ RunTime:0.000981s ]
INFO: [ view_parse ] --START--
INFO: [ template_filter ] --START--
INFO: Run Behavior\ContentReplaceBehavior [ RunTime:0.000118s ]
INFO: [ template_filter ] --END-- [ RunTime:0.000299s ]
INFO: Run Behavior\ParseTemplateBehavior [ RunTime:0.031615s ]
INFO: [ view_parse ] --END-- [ RunTime:0.031853s ]
INFO: [ view_filter ] --START--
INFO: Run Behavior\WriteHtmlCacheBehavior [ RunTime:0.000338s ]
INFO: [ view_filter ] --END-- [ RunTime:0.000488s ]
INFO: [ app_end ] --START--
INFO: Run Behavior\ShowPageTraceBehavior [ RunTime:0.000706s ]
INFO: [ app_end ] --END-- [ RunTime:0.000855s ]

[ 2015-12-31T17:14:51+08:00 ] 127.0.0.1 /admin.php/Admin/Index/menu
INFO: [ app_init ] --START--
INFO: Run Behavior\BuildLiteBehavior [ RunTime:0.000036s ]
INFO: [ app_init ] --END-- [ RunTime:0.000644s ]
INFO: [ app_begin ] --START--
INFO: Run Behavior\ReadHtmlCacheBehavior [ RunTime:0.000957s ]
INFO: [ app_begin ] --END-- [ RunTime:0.001211s ]
SQL: SHOW COLUMNS FROM `wx_grade` [ RunTime:0.0072s ]
NOTIC: [2] Missing argument 1 for Admin\Model\GradeModel::menu(), called in E:\wamp\www\weChat\Application\Admin\Controller\IndexController.class.php on line 32 and defined E:\wamp\www\weChat\Application\Admin\Model\GradeModel.class.php 第 30 行.
SQL: SHOW COLUMNS FROM `wx_menu` [ RunTime:0.0062s ]
SQL: SHOW COLUMNS FROM `wx_grade` [ RunTime:0.0071s ]
SQL: SELECT * FROM `wx_grade`  [ RunTime:0.0004s ]
NOTIC: [8] Undefined variable: val E:\wamp\www\weChat\Application\Admin\Model\GradeModel.class.php 第 38 行.
SQL: SELECT * FROM `wx_menu` WHERE ( id in(1,2,3,4,5,7,8,9,10,11,12,13,14,15,16,17,18) )  [ RunTime:0.0004s ]
NOTIC: [2] Missing argument 1 for Admin\Model\GradeModel::menu(), called in E:\wamp\www\weChat\Application\Admin\Controller\IndexController.class.php on line 33 and defined E:\wamp\www\weChat\Application\Admin\Model\GradeModel.class.php 第 30 行.
SQL: SELECT * FROM `wx_grade`  [ RunTime:0.0003s ]
NOTIC: [8] Undefined variable: val E:\wamp\www\weChat\Application\Admin\Model\GradeModel.class.php 第 38 行.
SQL: SELECT * FROM `wx_menu` WHERE ( id in(1,2,3,4,5,7,8,9,10,11,12,13,14,15,16,17,18) )  [ RunTime:0.0004s ]
INFO: [ view_parse ] --START--
INFO: [ template_filter ] --START--
INFO: Run Behavior\ContentReplaceBehavior [ RunTime:0.000142s ]
INFO: [ template_filter ] --END-- [ RunTime:0.000324s ]
INFO: Run Behavior\ParseTemplateBehavior [ RunTime:0.044935s ]
INFO: [ view_parse ] --END-- [ RunTime:0.045215s ]
INFO: [ view_filter ] --START--
INFO: Run Behavior\WriteHtmlCacheBehavior [ RunTime:0.000861s ]
INFO: [ view_filter ] --END-- [ RunTime:0.001043s ]
INFO: [ app_end ] --START--
INFO: Run Behavior\ShowPageTraceBehavior [ RunTime:0.001157s ]
INFO: [ app_end ] --END-- [ RunTime:0.001348s ]

[ 2015-12-31T17:14:51+08:00 ] 127.0.0.1 /admin.php/Admin/Index/main
INFO: [ app_init ] --START--
INFO: Run Behavior\BuildLiteBehavior [ RunTime:0.000056s ]
INFO: [ app_init ] --END-- [ RunTime:0.001022s ]
INFO: [ app_begin ] --START--
INFO: Run Behavior\ReadHtmlCacheBehavior [ RunTime:0.001135s ]
INFO: [ app_begin ] --END-- [ RunTime:0.001341s ]
INFO: [ view_parse ] --START--
INFO: [ template_filter ] --START--
INFO: Run Behavior\ContentReplaceBehavior [ RunTime:0.000155s ]
INFO: [ template_filter ] --END-- [ RunTime:0.000378s ]
INFO: Run Behavior\ParseTemplateBehavior [ RunTime:0.032476s ]
INFO: [ view_parse ] --END-- [ RunTime:0.032697s ]
INFO: [ view_filter ] --START--
INFO: Run Behavior\WriteHtmlCacheBehavior [ RunTime:0.000866s ]
INFO: [ view_filter ] --END-- [ RunTime:0.001081s ]
INFO: [ app_end ] --START--
INFO: Run Behavior\ShowPageTraceBehavior [ RunTime:0.001381s ]
INFO: [ app_end ] --END-- [ RunTime:0.001564s ]

[ 2015-12-31T17:14:51+08:00 ] 127.0.0.1 /admin.php/Admin/Index/footer
INFO: [ app_init ] --START--
INFO: Run Behavior\BuildLiteBehavior [ RunTime:0.000034s ]
INFO: [ app_init ] --END-- [ RunTime:0.000630s ]
INFO: [ app_begin ] --START--
INFO: Run Behavior\ReadHtmlCacheBehavior [ RunTime:0.000949s ]
INFO: [ app_begin ] --END-- [ RunTime:0.001112s ]
INFO: [ view_parse ] --START--
INFO: [ template_filter ] --START--
INFO: Run Behavior\ContentReplaceBehavior [ RunTime:0.000127s ]
INFO: [ template_filter ] --END-- [ RunTime:0.001579s ]
NOTIC: [8] Undefined variable: name E:\wamp\www\weChat\Application\Runtime\Cache\Admin\adf494f91b9420db48742e5224208f84.php 第 61 行.
INFO: Run Behavior\ParseTemplateBehavior [ RunTime:0.045460s ]
INFO: [ view_parse ] --END-- [ RunTime:0.045682s ]
INFO: [ view_filter ] --START--
INFO: Run Behavior\WriteHtmlCacheBehavior [ RunTime:0.000737s ]
INFO: [ view_filter ] --END-- [ RunTime:0.000907s ]
INFO: [ app_end ] --START--
INFO: Run Behavior\ShowPageTraceBehavior [ RunTime:0.000940s ]
INFO: [ app_end ] --END-- [ RunTime:0.001092s ]

[ 2015-12-31T17:32:08+08:00 ] 127.0.0.1 /index.php/Admin/index/addGrade
INFO: [ app_init ] --START--
INFO: Run Behavior\BuildLiteBehavior [ RunTime:0.000044s ]
INFO: [ app_init ] --END-- [ RunTime:0.000728s ]
INFO: [ app_begin ] --START--
INFO: Run Behavior\ReadHtmlCacheBehavior [ RunTime:0.000778s ]
INFO: [ app_begin ] --END-- [ RunTime:0.000962s ]
INFO: [ view_parse ] --START--
INFO: [ template_filter ] --START--
INFO: Run Behavior\ContentReplaceBehavior [ RunTime:0.000154s ]
INFO: [ template_filter ] --END-- [ RunTime:0.000388s ]
NOTIC: [8] Undefined variable: top E:\wamp\www\weChat\Application\Runtime\Cache\Admin\505aecdb126c9df9e917031e25b72522.php 第 90 行.
INFO: Run Behavior\ParseTemplateBehavior [ RunTime:0.062568s ]
INFO: [ view_parse ] --END-- [ RunTime:0.062781s ]
INFO: [ view_filter ] --START--
INFO: Run Behavior\WriteHtmlCacheBehavior [ RunTime:0.000587s ]
INFO: [ view_filter ] --END-- [ RunTime:0.000749s ]
INFO: [ app_end ] --START--
INFO: Run Behavior\ShowPageTraceBehavior [ RunTime:0.000706s ]
INFO: [ app_end ] --END-- [ RunTime:0.000857s ]

