[ 2016-05-05T21:11:53+08:00 ] 127.0.0.1 /range
INFO: [ app_init ] --START--
INFO: Run Behavior\BuildLiteBehavior [ RunTime:0.000028s ]
INFO: [ app_init ] --END-- [ RunTime:0.000509s ]
INFO: [ app_begin ] --START--
INFO: Run Behavior\ReadHtmlCacheBehavior [ RunTime:0.000926s ]
INFO: [ app_begin ] --END-- [ RunTime:0.001069s ]

[ 2016-05-05T21:11:54+08:00 ] 127.0.0.1 /range/Login/index.html
INFO: [ app_init ] --START--
INFO: Run Behavior\BuildLiteBehavior [ RunTime:0.000039s ]
INFO: [ app_init ] --END-- [ RunTime:0.000721s ]
INFO: [ app_begin ] --START--
INFO: Run Behavior\ReadHtmlCacheBehavior [ RunTime:0.000805s ]
INFO: [ app_begin ] --END-- [ RunTime:0.000957s ]
INFO: [ view_parse ] --START--
INFO: [ template_filter ] --START--
INFO: Run Behavior\ContentReplaceBehavior [ RunTime:0.000191s ]
INFO: [ template_filter ] --END-- [ RunTime:0.000558s ]
INFO: Run Behavior\ParseTemplateBehavior [ RunTime:0.060158s ]
INFO: [ view_parse ] --END-- [ RunTime:0.060314s ]
INFO: [ view_filter ] --START--
INFO: Run Behavior\WriteHtmlCacheBehavior [ RunTime:0.001115s ]
INFO: [ view_filter ] --END-- [ RunTime:0.001282s ]
INFO: [ app_end ] --START--
INFO: Run Behavior\ShowPageTraceBehavior [ RunTime:0.001097s ]
INFO: [ app_end ] --END-- [ RunTime:0.001250s ]

[ 2016-05-05T21:11:55+08:00 ] 127.0.0.1 /range/Login/Handle.html
INFO: [ app_init ] --START--
INFO: Run Behavior\BuildLiteBehavior [ RunTime:0.000030s ]
INFO: [ app_init ] --END-- [ RunTime:0.000554s ]
INFO: [ app_begin ] --START--
INFO: Run Behavior\ReadHtmlCacheBehavior [ RunTime:0.000589s ]
INFO: [ app_begin ] --END-- [ RunTime:0.000706s ]
NOTIC: [2] Missing argument 1 for I(), called in E:\wamp\www\weChat\Application\Admin\Controller\LoginController.class.php on line 17 and defined E:\wamp\www\weChat\ThinkPHP\Common\functions.php 第 271 行.
NOTIC: [8] Undefined variable: name E:\wamp\www\weChat\ThinkPHP\Common\functions.php 第 273 行.
NOTIC: [8] Undefined variable: name E:\wamp\www\weChat\ThinkPHP\Common\functions.php 第 278 行.
NOTIC: [8] Undefined variable: name E:\wamp\www\weChat\ThinkPHP\Common\functions.php 第 339 行.
SQL: SHOW COLUMNS FROM `wx_admin` [ RunTime:0.1336s ]
NOTIC: [8] Undefined index: validate E:\wamp\www\weChat\ThinkPHP\Library\Think\Model.class.php 第 1185 行.
SQL: SHOW COLUMNS FROM `wx_admin` [ RunTime:0.0072s ]
SQL: SELECT * FROM `wx_admin` WHERE `username` = 'wangrubiao'  [ RunTime:0.0005s ]
SQL: SELECT * FROM `wx_admin` WHERE `password` = 'e63151e98c9a580b50fc4211da60a045'  [ RunTime:0.0003s ]
NOTIC: [8] Undefined index: auto E:\wamp\www\weChat\ThinkPHP\Library\Think\Model.class.php 第 1128 行.
SQL: SHOW COLUMNS FROM `wx_grade` [ RunTime:0.1301s ]
SQL: SHOW COLUMNS FROM `wx_admin` [ RunTime:0.0177s ]
SQL: SELECT * FROM `wx_admin` WHERE `username` = 'wangrubiao'  [ RunTime:0.0030s ]
SQL: SHOW COLUMNS FROM `wx_grade` [ RunTime:0.0194s ]
SQL: SELECT * FROM `wx_grade` WHERE `aid` = 1  [ RunTime:0.0005s ]

[ 2016-05-05T21:11:56+08:00 ] 127.0.0.1 /range/Index/index
INFO: [ app_init ] --START--
INFO: Run Behavior\BuildLiteBehavior [ RunTime:0.000053s ]
INFO: [ app_init ] --END-- [ RunTime:0.000723s ]
INFO: [ app_begin ] --START--
INFO: Run Behavior\ReadHtmlCacheBehavior [ RunTime:0.000992s ]
INFO: [ app_begin ] --END-- [ RunTime:0.001268s ]
INFO: [ view_parse ] --START--
INFO: [ template_filter ] --START--
INFO: Run Behavior\ContentReplaceBehavior [ RunTime:0.000078s ]
INFO: [ template_filter ] --END-- [ RunTime:0.000218s ]
INFO: Run Behavior\ParseTemplateBehavior [ RunTime:0.019555s ]
INFO: [ view_parse ] --END-- [ RunTime:0.019693s ]
INFO: [ view_filter ] --START--
INFO: Run Behavior\WriteHtmlCacheBehavior [ RunTime:0.000379s ]
INFO: [ view_filter ] --END-- [ RunTime:0.000472s ]
INFO: [ app_end ] --START--
INFO: Run Behavior\ShowPageTraceBehavior [ RunTime:0.000644s ]
INFO: [ app_end ] --END-- [ RunTime:0.000739s ]

[ 2016-05-05T21:11:56+08:00 ] 127.0.0.1 /range/Index/main
INFO: [ app_init ] --START--
INFO: Run Behavior\BuildLiteBehavior [ RunTime:0.000042s ]
INFO: [ app_init ] --END-- [ RunTime:0.000900s ]
INFO: [ app_begin ] --START--
INFO: Run Behavior\ReadHtmlCacheBehavior [ RunTime:0.001302s ]
INFO: [ app_begin ] --END-- [ RunTime:0.001543s ]
INFO: [ view_parse ] --START--
INFO: [ template_filter ] --START--
INFO: Run Behavior\ContentReplaceBehavior [ RunTime:0.000103s ]
INFO: [ template_filter ] --END-- [ RunTime:0.000236s ]
INFO: Run Behavior\ParseTemplateBehavior [ RunTime:0.045972s ]
INFO: [ view_parse ] --END-- [ RunTime:0.046294s ]
INFO: [ view_filter ] --START--
INFO: Run Behavior\WriteHtmlCacheBehavior [ RunTime:0.001544s ]
INFO: [ view_filter ] --END-- [ RunTime:0.001786s ]
INFO: [ app_end ] --START--
INFO: Run Behavior\ShowPageTraceBehavior [ RunTime:0.001116s ]
INFO: [ app_end ] --END-- [ RunTime:0.001299s ]

[ 2016-05-05T21:11:56+08:00 ] 127.0.0.1 /range/Index/head
INFO: [ app_init ] --START--
INFO: Run Behavior\BuildLiteBehavior [ RunTime:0.000042s ]
INFO: [ app_init ] --END-- [ RunTime:0.000884s ]
INFO: [ app_begin ] --START--
INFO: Run Behavior\ReadHtmlCacheBehavior [ RunTime:0.000877s ]
INFO: [ app_begin ] --END-- [ RunTime:0.001080s ]
INFO: [ view_parse ] --START--
INFO: [ template_filter ] --START--
INFO: Run Behavior\ContentReplaceBehavior [ RunTime:0.000098s ]
INFO: [ template_filter ] --END-- [ RunTime:0.000236s ]
INFO: Run Behavior\ParseTemplateBehavior [ RunTime:0.030857s ]
INFO: [ view_parse ] --END-- [ RunTime:0.031048s ]
INFO: [ view_filter ] --START--
INFO: Run Behavior\WriteHtmlCacheBehavior [ RunTime:0.000377s ]
INFO: [ view_filter ] --END-- [ RunTime:0.000497s ]
INFO: [ app_end ] --START--
INFO: Run Behavior\ShowPageTraceBehavior [ RunTime:0.000565s ]
INFO: [ app_end ] --END-- [ RunTime:0.000725s ]

[ 2016-05-05T21:11:56+08:00 ] 127.0.0.1 /range/Index/footer
INFO: [ app_init ] --START--
INFO: Run Behavior\BuildLiteBehavior [ RunTime:0.000039s ]
INFO: [ app_init ] --END-- [ RunTime:0.000757s ]
INFO: [ app_begin ] --START--
INFO: Run Behavior\ReadHtmlCacheBehavior [ RunTime:0.006898s ]
INFO: [ app_begin ] --END-- [ RunTime:0.007102s ]
INFO: [ view_parse ] --START--
INFO: [ template_filter ] --START--
INFO: Run Behavior\ContentReplaceBehavior [ RunTime:0.000080s ]
INFO: [ template_filter ] --END-- [ RunTime:0.000207s ]
NOTIC: [8] Undefined variable: name E:\wamp\www\weChat\Application\Runtime\Cache\Admin\adf494f91b9420db48742e5224208f84.php 第 61 行.
INFO: Run Behavior\ParseTemplateBehavior [ RunTime:0.121207s ]
INFO: [ view_parse ] --END-- [ RunTime:0.121338s ]
INFO: [ view_filter ] --START--
INFO: Run Behavior\WriteHtmlCacheBehavior [ RunTime:0.000607s ]
INFO: [ view_filter ] --END-- [ RunTime:0.000755s ]
INFO: [ app_end ] --START--
INFO: Run Behavior\ShowPageTraceBehavior [ RunTime:0.000996s ]
INFO: [ app_end ] --END-- [ RunTime:0.001170s ]

[ 2016-05-05T21:11:57+08:00 ] 127.0.0.1 /range/Index/menu
INFO: [ app_init ] --START--
INFO: Run Behavior\BuildLiteBehavior [ RunTime:0.000042s ]
INFO: [ app_init ] --END-- [ RunTime:0.000695s ]
INFO: [ app_begin ] --START--
INFO: Run Behavior\ReadHtmlCacheBehavior [ RunTime:0.000767s ]
INFO: [ app_begin ] --END-- [ RunTime:0.000891s ]
SQL: SHOW COLUMNS FROM `wx_grade` [ RunTime:0.0352s ]
NOTIC: [2] Missing argument 1 for Admin\Model\GradeModel::menu(), called in E:\wamp\www\weChat\Application\Admin\Controller\IndexController.class.php on line 31 and defined E:\wamp\www\weChat\Application\Admin\Model\GradeModel.class.php 第 69 行.
SQL: SHOW COLUMNS FROM `wx_menu` [ RunTime:0.2978s ]
NOTIC: [8] Undefined variable: val E:\wamp\www\weChat\Application\Admin\Model\GradeModel.class.php 第 72 行.
SQL: SELECT * FROM `wx_menu` WHERE ( id in(5,6,7,8,9,10,11,12,13,14,15,16,17,18,19,20,21,22,23,24) )  [ RunTime:0.0006s ]
NOTIC: [2] Missing argument 1 for Admin\Model\GradeModel::menu(), called in E:\wamp\www\weChat\Application\Admin\Controller\IndexController.class.php on line 32 and defined E:\wamp\www\weChat\Application\Admin\Model\GradeModel.class.php 第 69 行.
NOTIC: [8] Undefined variable: val E:\wamp\www\weChat\Application\Admin\Model\GradeModel.class.php 第 72 行.
SQL: SELECT * FROM `wx_menu` WHERE ( id in(5,6,7,8,9,10,11,12,13,14,15,16,17,18,19,20,21,22,23,24) )  [ RunTime:0.0005s ]
INFO: [ view_parse ] --START--
INFO: [ template_filter ] --START--
INFO: Run Behavior\ContentReplaceBehavior [ RunTime:0.000098s ]
INFO: [ template_filter ] --END-- [ RunTime:0.000256s ]
INFO: Run Behavior\ParseTemplateBehavior [ RunTime:0.043439s ]
INFO: [ view_parse ] --END-- [ RunTime:0.043854s ]
INFO: [ view_filter ] --START--
INFO: Run Behavior\WriteHtmlCacheBehavior [ RunTime:0.000483s ]
INFO: [ view_filter ] --END-- [ RunTime:0.000595s ]
INFO: [ app_end ] --START--
INFO: Run Behavior\ShowPageTraceBehavior [ RunTime:0.001449s ]
INFO: [ app_end ] --END-- [ RunTime:0.001664s ]

[ 2016-05-05T21:11:58+08:00 ] 127.0.0.1 /range/Order/orderlist
INFO: [ app_init ] --START--
INFO: Run Behavior\BuildLiteBehavior [ RunTime:0.000032s ]
INFO: [ app_init ] --END-- [ RunTime:0.000742s ]
INFO: [ app_begin ] --START--
INFO: Run Behavior\ReadHtmlCacheBehavior [ RunTime:0.000860s ]
INFO: [ app_begin ] --END-- [ RunTime:0.001005s ]
NOTIC: [2] Missing argument 1 for I(), called in E:\wamp\www\weChat\Application\Admin\Controller\OrderController.class.php on line 93 and defined E:\wamp\www\weChat\ThinkPHP\Common\functions.php 第 271 行.
NOTIC: [8] Undefined variable: name E:\wamp\www\weChat\ThinkPHP\Common\functions.php 第 273 行.
NOTIC: [8] Undefined variable: name E:\wamp\www\weChat\ThinkPHP\Common\functions.php 第 278 行.
NOTIC: [8] Undefined variable: name E:\wamp\www\weChat\ThinkPHP\Common\functions.php 第 339 行.
SQL: SHOW COLUMNS FROM `wx_order` [ RunTime:0.0142s ]
SQL: SELECT SUM(mey) AS tp_sum FROM `wx_order` WHERE `order` >= '1462377600' AND `type` <> 0 AND `paystate` <> 0 LIMIT 1   [ RunTime:0.0042s ]
SQL: SELECT AVG(mey) AS tp_avg FROM `wx_order` WHERE `order` >= '1462377600' AND `type` <> 0 AND `paystate` <> 0 LIMIT 1   [ RunTime:0.0008s ]
SQL: SELECT COUNT(*) AS tp_count FROM `wx_order` WHERE `order` >= '1462377600' AND `type` <> 0 AND `paystate` <> 0 LIMIT 1   [ RunTime:0.0004s ]
SQL: SELECT SUM(mey) AS tp_sum FROM `wx_order` WHERE `order` >= '1462377600' AND `paytype` = 0 AND `type` <> 0 LIMIT 1   [ RunTime:0.0005s ]
SQL: SELECT COUNT(*) AS tp_count FROM `wx_order` WHERE `order` >= '1462377600' AND `paytype` = 0 AND `type` <> 0 LIMIT 1   [ RunTime:0.0004s ]
SQL: SELECT SUM(mey) AS tp_sum FROM `wx_order` WHERE `order` >= '1462377600' AND `paytype` = 1 AND `paystate` = 1 LIMIT 1   [ RunTime:0.0005s ]
SQL: SELECT COUNT(*) AS tp_count FROM `wx_order` WHERE `order` >= '1462377600' AND `paytype` = 1 AND `paystate` = 1 LIMIT 1   [ RunTime:0.0006s ]
SQL: SELECT COUNT(*) AS tp_count FROM `wx_order` WHERE ( type=1 ) LIMIT 1   [ RunTime:0.0004s ]
SQL: SELECT wx_order.id,wx_order.goods_id,wx_order.order,wx_order.order_title,wx_order.type,wx_order.product_img,wx_order.product,wx_order.size,wx_order.consignee,wx_order.mob,wx_order.address,wx_order.mey,wx_order.paytype,wx_order.paystate,wx_order.guest,wx_order.ip,wx_order.countip,wx_order.position,wx_order.register,wx_bid_rule.rule_name,wx_bid_ressize.describe,wx_bid_ressize.size_val,wx_bid_resources.rsename,wx_bid_platform.platname,wx_goods_picture.img_url FROM `wx_order` LEFT JOIN wx_goods_picture ON wx_order.goods_id = wx_goods_picture.img_id LEFT JOIN wx_bid_rule ON wx_order.position = wx_bid_rule.rule_name LEFT JOIN wx_bid_ressize ON wx_bid_rule.size_id = wx_bid_ressize.id LEFT JOIN wx_bid_resources ON wx_bid_ressize.rsenid = wx_bid_resources.id LEFT JOIN wx_bid_platform ON wx_bid_resources.platform_id = wx_bid_platform.id  WHERE ( wx_order.type=1 and wx_goods_picture.sort=1 ) ORDER BY wx_order.id desc LIMIT 0,10   [ RunTime:0.1537s ]
SQL: SHOW COLUMNS FROM `wx_express` [ RunTime:0.0499s ]
NOTIC: [2] Missing argument 1 for Think\Model::where(), called in E:\wamp\www\weChat\Application\Admin\Controller\OrderController.class.php on line 143 and defined E:\wamp\www\weChat\ThinkPHP\Library\Think\Model.class.php 第 1797 行.
NOTIC: [8] Undefined variable: where E:\wamp\www\weChat\ThinkPHP\Library\Think\Model.class.php 第 1805 行.
NOTIC: [8] Undefined variable: where E:\wamp\www\weChat\ThinkPHP\Library\Think\Model.class.php 第 1808 行.
NOTIC: [8] Undefined variable: where E:\wamp\www\weChat\ThinkPHP\Library\Think\Model.class.php 第 1816 行.
SQL: SELECT * FROM `wx_express`  [ RunTime:0.0003s ]
INFO: [ view_parse ] --START--
INFO: [ template_filter ] --START--
INFO: Run Behavior\ContentReplaceBehavior [ RunTime:0.000231s ]
INFO: [ template_filter ] --END-- [ RunTime:0.000516s ]
INFO: Run Behavior\ParseTemplateBehavior [ RunTime:0.277962s ]
INFO: [ view_parse ] --END-- [ RunTime:0.278636s ]
INFO: [ view_filter ] --START--
INFO: Run Behavior\WriteHtmlCacheBehavior [ RunTime:0.000626s ]
INFO: [ view_filter ] --END-- [ RunTime:0.000747s ]
INFO: [ app_end ] --START--
INFO: Run Behavior\ShowPageTraceBehavior [ RunTime:0.001228s ]
INFO: [ app_end ] --END-- [ RunTime:0.001486s ]

[ 2016-05-05T21:12:24+08:00 ] 127.0.0.1 /range/Order/orderlist
INFO: [ app_init ] --START--
INFO: Run Behavior\BuildLiteBehavior [ RunTime:0.000031s ]
INFO: [ app_init ] --END-- [ RunTime:0.000555s ]
INFO: [ app_begin ] --START--
INFO: Run Behavior\ReadHtmlCacheBehavior [ RunTime:0.000705s ]
INFO: [ app_begin ] --END-- [ RunTime:0.000839s ]
NOTIC: [2] Missing argument 1 for I(), called in E:\wamp\www\weChat\Application\Admin\Controller\OrderController.class.php on line 93 and defined E:\wamp\www\weChat\ThinkPHP\Common\functions.php 第 271 行.
NOTIC: [8] Undefined variable: name E:\wamp\www\weChat\ThinkPHP\Common\functions.php 第 273 行.
NOTIC: [8] Undefined variable: name E:\wamp\www\weChat\ThinkPHP\Common\functions.php 第 278 行.
NOTIC: [8] Undefined variable: name E:\wamp\www\weChat\ThinkPHP\Common\functions.php 第 339 行.
SQL: SHOW COLUMNS FROM `wx_order` [ RunTime:0.0079s ]
SQL: SELECT SUM(mey) AS tp_sum FROM `wx_order` WHERE `order` >= '1462377600' AND `type` <> 0 AND `paystate` <> 0 LIMIT 1   [ RunTime:0.0005s ]
SQL: SELECT AVG(mey) AS tp_avg FROM `wx_order` WHERE `order` >= '1462377600' AND `type` <> 0 AND `paystate` <> 0 LIMIT 1   [ RunTime:0.0004s ]
SQL: SELECT COUNT(*) AS tp_count FROM `wx_order` WHERE `order` >= '1462377600' AND `type` <> 0 AND `paystate` <> 0 LIMIT 1   [ RunTime:0.0004s ]
SQL: SELECT SUM(mey) AS tp_sum FROM `wx_order` WHERE `order` >= '1462377600' AND `paytype` = 0 AND `type` <> 0 LIMIT 1   [ RunTime:0.0004s ]
SQL: SELECT COUNT(*) AS tp_count FROM `wx_order` WHERE `order` >= '1462377600' AND `paytype` = 0 AND `type` <> 0 LIMIT 1   [ RunTime:0.0005s ]
SQL: SELECT SUM(mey) AS tp_sum FROM `wx_order` WHERE `order` >= '1462377600' AND `paytype` = 1 AND `paystate` = 1 LIMIT 1   [ RunTime:0.0004s ]
SQL: SELECT COUNT(*) AS tp_count FROM `wx_order` WHERE `order` >= '1462377600' AND `paytype` = 1 AND `paystate` = 1 LIMIT 1   [ RunTime:0.0004s ]
SQL: SELECT COUNT(*) AS tp_count FROM `wx_order` WHERE ( type=1 ) LIMIT 1   [ RunTime:0.0004s ]
SQL: SELECT wx_order.id,wx_order.goods_id,wx_order.order,wx_order.order_title,wx_order.type,wx_order.product_img,wx_order.product,wx_order.size,wx_order.consignee,wx_order.mob,wx_order.address,wx_order.mey,wx_order.paytype,wx_order.paystate,wx_order.guest,wx_order.ip,wx_order.countip,wx_order.position,wx_order.register,wx_bid_rule.rule_name,wx_bid_ressize.describe,wx_bid_ressize.size_val,wx_bid_resources.rsename,wx_bid_platform.platname,wx_goods_picture.img_url FROM `wx_order` LEFT JOIN wx_goods_picture ON wx_order.goods_id = wx_goods_picture.img_id LEFT JOIN wx_bid_rule ON wx_order.position = wx_bid_rule.rule_name LEFT JOIN wx_bid_ressize ON wx_bid_rule.size_id = wx_bid_ressize.id LEFT JOIN wx_bid_resources ON wx_bid_ressize.rsenid = wx_bid_resources.id LEFT JOIN wx_bid_platform ON wx_bid_resources.platform_id = wx_bid_platform.id  WHERE ( wx_order.type=1 and wx_goods_picture.sort=1 ) ORDER BY wx_order.id desc LIMIT 0,10   [ RunTime:0.0451s ]
SQL: SHOW COLUMNS FROM `wx_express` [ RunTime:0.0084s ]
NOTIC: [2] Missing argument 1 for Think\Model::where(), called in E:\wamp\www\weChat\Application\Admin\Controller\OrderController.class.php on line 143 and defined E:\wamp\www\weChat\ThinkPHP\Library\Think\Model.class.php 第 1797 行.
NOTIC: [8] Undefined variable: where E:\wamp\www\weChat\ThinkPHP\Library\Think\Model.class.php 第 1805 行.
NOTIC: [8] Undefined variable: where E:\wamp\www\weChat\ThinkPHP\Library\Think\Model.class.php 第 1808 行.
NOTIC: [8] Undefined variable: where E:\wamp\www\weChat\ThinkPHP\Library\Think\Model.class.php 第 1816 行.
SQL: SELECT * FROM `wx_express`  [ RunTime:0.0004s ]
INFO: [ view_parse ] --START--
INFO: [ template_filter ] --START--
INFO: Run Behavior\ContentReplaceBehavior [ RunTime:0.000202s ]
INFO: [ template_filter ] --END-- [ RunTime:0.000383s ]
INFO: Run Behavior\ParseTemplateBehavior [ RunTime:0.083974s ]
INFO: [ view_parse ] --END-- [ RunTime:0.084142s ]
INFO: [ view_filter ] --START--
INFO: Run Behavior\WriteHtmlCacheBehavior [ RunTime:0.000761s ]
INFO: [ view_filter ] --END-- [ RunTime:0.000978s ]
INFO: [ app_end ] --START--
INFO: Run Behavior\ShowPageTraceBehavior [ RunTime:0.000644s ]
INFO: [ app_end ] --END-- [ RunTime:0.000900s ]

[ 2016-05-05T21:12:51+08:00 ] 127.0.0.1 /range/Order/orderlist
INFO: [ app_init ] --START--
INFO: Run Behavior\BuildLiteBehavior [ RunTime:0.000029s ]
INFO: [ app_init ] --END-- [ RunTime:0.000476s ]
INFO: [ app_begin ] --START--
INFO: Run Behavior\ReadHtmlCacheBehavior [ RunTime:0.000626s ]
INFO: [ app_begin ] --END-- [ RunTime:0.000773s ]
NOTIC: [2] Missing argument 1 for I(), called in E:\wamp\www\weChat\Application\Admin\Controller\OrderController.class.php on line 93 and defined E:\wamp\www\weChat\ThinkPHP\Common\functions.php 第 271 行.
NOTIC: [8] Undefined variable: name E:\wamp\www\weChat\ThinkPHP\Common\functions.php 第 273 行.
NOTIC: [8] Undefined variable: name E:\wamp\www\weChat\ThinkPHP\Common\functions.php 第 278 行.
NOTIC: [8] Undefined variable: name E:\wamp\www\weChat\ThinkPHP\Common\functions.php 第 339 行.
SQL: SHOW COLUMNS FROM `wx_order` [ RunTime:0.0070s ]
SQL: SELECT SUM(mey) AS tp_sum FROM `wx_order` WHERE `order` >= '1462377600' AND `type` <> 0 AND `paystate` <> 0 LIMIT 1   [ RunTime:0.0006s ]
SQL: SELECT AVG(mey) AS tp_avg FROM `wx_order` WHERE `order` >= '1462377600' AND `type` <> 0 AND `paystate` <> 0 LIMIT 1   [ RunTime:0.0005s ]
SQL: SELECT COUNT(*) AS tp_count FROM `wx_order` WHERE `order` >= '1462377600' AND `type` <> 0 AND `paystate` <> 0 LIMIT 1   [ RunTime:0.0007s ]
SQL: SELECT SUM(mey) AS tp_sum FROM `wx_order` WHERE `order` >= '1462377600' AND `paytype` = 0 AND `type` <> 0 LIMIT 1   [ RunTime:0.0006s ]
SQL: SELECT COUNT(*) AS tp_count FROM `wx_order` WHERE `order` >= '1462377600' AND `paytype` = 0 AND `type` <> 0 LIMIT 1   [ RunTime:0.0005s ]
SQL: SELECT SUM(mey) AS tp_sum FROM `wx_order` WHERE `order` >= '1462377600' AND `paytype` = 1 AND `paystate` = 1 LIMIT 1   [ RunTime:0.0007s ]
SQL: SELECT COUNT(*) AS tp_count FROM `wx_order` WHERE `order` >= '1462377600' AND `paytype` = 1 AND `paystate` = 1 LIMIT 1   [ RunTime:0.0005s ]
SQL: SELECT COUNT(*) AS tp_count FROM `wx_order` WHERE ( type=1 ) LIMIT 1   [ RunTime:0.0004s ]
SQL: SELECT wx_order.id,wx_order.goods_id,wx_order.order,wx_order.order_title,wx_order.type,wx_order.product_img,wx_order.product,wx_order.size,wx_order.consignee,wx_order.mob,wx_order.address,wx_order.mey,wx_order.paytype,wx_order.paystate,wx_order.guest,wx_order.ip,wx_order.countip,wx_order.position,wx_order.register,wx_bid_rule.rule_name,wx_bid_ressize.describe,wx_bid_ressize.size_val,wx_bid_resources.rsename,wx_bid_platform.platname,wx_goods_picture.img_url FROM `wx_order` LEFT JOIN wx_goods_picture ON wx_order.goods_id = wx_goods_picture.img_id LEFT JOIN wx_bid_rule ON wx_order.position = wx_bid_rule.rule_name LEFT JOIN wx_bid_ressize ON wx_bid_rule.size_id = wx_bid_ressize.id LEFT JOIN wx_bid_resources ON wx_bid_ressize.rsenid = wx_bid_resources.id LEFT JOIN wx_bid_platform ON wx_bid_resources.platform_id = wx_bid_platform.id  WHERE ( wx_order.type=1 and wx_goods_picture.sort=1 ) ORDER BY wx_order.id desc LIMIT 0,10   [ RunTime:0.0017s ]
SQL: SHOW COLUMNS FROM `wx_express` [ RunTime:0.0096s ]
NOTIC: [2] Missing argument 1 for Think\Model::where(), called in E:\wamp\www\weChat\Application\Admin\Controller\OrderController.class.php on line 143 and defined E:\wamp\www\weChat\ThinkPHP\Library\Think\Model.class.php 第 1797 行.
NOTIC: [8] Undefined variable: where E:\wamp\www\weChat\ThinkPHP\Library\Think\Model.class.php 第 1805 行.
NOTIC: [8] Undefined variable: where E:\wamp\www\weChat\ThinkPHP\Library\Think\Model.class.php 第 1808 行.
NOTIC: [8] Undefined variable: where E:\wamp\www\weChat\ThinkPHP\Library\Think\Model.class.php 第 1816 行.
SQL: SELECT * FROM `wx_express`  [ RunTime:0.0004s ]
INFO: [ view_parse ] --START--
INFO: [ template_filter ] --START--
INFO: Run Behavior\ContentReplaceBehavior [ RunTime:0.000185s ]
INFO: [ template_filter ] --END-- [ RunTime:0.000308s ]
INFO: Run Behavior\ParseTemplateBehavior [ RunTime:0.050908s ]
INFO: [ view_parse ] --END-- [ RunTime:0.051074s ]
INFO: [ view_filter ] --START--
INFO: Run Behavior\WriteHtmlCacheBehavior [ RunTime:0.002977s ]
INFO: [ view_filter ] --END-- [ RunTime:0.003472s ]
INFO: [ app_end ] --START--
INFO: Run Behavior\ShowPageTraceBehavior [ RunTime:0.000864s ]
INFO: [ app_end ] --END-- [ RunTime:0.001019s ]

[ 2016-05-05T21:12:55+08:00 ] 127.0.0.1 /range/Order/orderlist
INFO: [ app_init ] --START--
INFO: Run Behavior\BuildLiteBehavior [ RunTime:0.000027s ]
INFO: [ app_init ] --END-- [ RunTime:0.000485s ]
INFO: [ app_begin ] --START--
INFO: Run Behavior\ReadHtmlCacheBehavior [ RunTime:0.000592s ]
INFO: [ app_begin ] --END-- [ RunTime:0.000717s ]
NOTIC: [2] Missing argument 1 for I(), called in E:\wamp\www\weChat\Application\Admin\Controller\OrderController.class.php on line 93 and defined E:\wamp\www\weChat\ThinkPHP\Common\functions.php 第 271 行.
NOTIC: [8] Undefined variable: name E:\wamp\www\weChat\ThinkPHP\Common\functions.php 第 273 行.
NOTIC: [8] Undefined variable: name E:\wamp\www\weChat\ThinkPHP\Common\functions.php 第 278 行.
NOTIC: [8] Undefined variable: name E:\wamp\www\weChat\ThinkPHP\Common\functions.php 第 339 行.
SQL: SHOW COLUMNS FROM `wx_order` [ RunTime:0.0075s ]
SQL: SELECT SUM(mey) AS tp_sum FROM `wx_order` WHERE `order` >= '1462377600' AND `type` <> 0 AND `paystate` <> 0 LIMIT 1   [ RunTime:0.0006s ]
SQL: SELECT AVG(mey) AS tp_avg FROM `wx_order` WHERE `order` >= '1462377600' AND `type` <> 0 AND `paystate` <> 0 LIMIT 1   [ RunTime:0.0005s ]
SQL: SELECT COUNT(*) AS tp_count FROM `wx_order` WHERE `order` >= '1462377600' AND `type` <> 0 AND `paystate` <> 0 LIMIT 1   [ RunTime:0.0004s ]
SQL: SELECT SUM(mey) AS tp_sum FROM `wx_order` WHERE `order` >= '1462377600' AND `paytype` = 0 AND `type` <> 0 LIMIT 1   [ RunTime:0.0006s ]
SQL: SELECT COUNT(*) AS tp_count FROM `wx_order` WHERE `order` >= '1462377600' AND `paytype` = 0 AND `type` <> 0 LIMIT 1   [ RunTime:0.0005s ]
SQL: SELECT SUM(mey) AS tp_sum FROM `wx_order` WHERE `order` >= '1462377600' AND `paytype` = 1 AND `paystate` = 1 LIMIT 1   [ RunTime:0.0004s ]
SQL: SELECT COUNT(*) AS tp_count FROM `wx_order` WHERE `order` >= '1462377600' AND `paytype` = 1 AND `paystate` = 1 LIMIT 1   [ RunTime:0.0005s ]
SQL: SELECT COUNT(*) AS tp_count FROM `wx_order` WHERE ( type=1 ) LIMIT 1   [ RunTime:0.0007s ]
SQL: SELECT wx_order.id,wx_order.goods_id,wx_order.order,wx_order.order_title,wx_order.type,wx_order.product_img,wx_order.product,wx_order.size,wx_order.consignee,wx_order.mob,wx_order.address,wx_order.mey,wx_order.paytype,wx_order.paystate,wx_order.guest,wx_order.ip,wx_order.countip,wx_order.position,wx_order.register,wx_bid_rule.rule_name,wx_bid_ressize.describe,wx_bid_ressize.size_val,wx_bid_resources.rsename,wx_bid_platform.platname,wx_goods_picture.img_url FROM `wx_order` LEFT JOIN wx_goods_picture ON wx_order.goods_id = wx_goods_picture.img_id LEFT JOIN wx_bid_rule ON wx_order.position = wx_bid_rule.rule_name LEFT JOIN wx_bid_ressize ON wx_bid_rule.size_id = wx_bid_ressize.id LEFT JOIN wx_bid_resources ON wx_bid_ressize.rsenid = wx_bid_resources.id LEFT JOIN wx_bid_platform ON wx_bid_resources.platform_id = wx_bid_platform.id  WHERE ( wx_order.type=1 and wx_goods_picture.sort=1 ) ORDER BY wx_order.id desc LIMIT 0,10   [ RunTime:0.0018s ]
SQL: SHOW COLUMNS FROM `wx_express` [ RunTime:0.0063s ]
NOTIC: [2] Missing argument 1 for Think\Model::where(), called in E:\wamp\www\weChat\Application\Admin\Controller\OrderController.class.php on line 143 and defined E:\wamp\www\weChat\ThinkPHP\Library\Think\Model.class.php 第 1797 行.
NOTIC: [8] Undefined variable: where E:\wamp\www\weChat\ThinkPHP\Library\Think\Model.class.php 第 1805 行.
NOTIC: [8] Undefined variable: where E:\wamp\www\weChat\ThinkPHP\Library\Think\Model.class.php 第 1808 行.
NOTIC: [8] Undefined variable: where E:\wamp\www\weChat\ThinkPHP\Library\Think\Model.class.php 第 1816 行.
SQL: SELECT * FROM `wx_express`  [ RunTime:0.0003s ]
INFO: [ view_parse ] --START--
INFO: [ template_filter ] --START--
INFO: Run Behavior\ContentReplaceBehavior [ RunTime:0.000234s ]
INFO: [ template_filter ] --END-- [ RunTime:0.000445s ]
INFO: Run Behavior\ParseTemplateBehavior [ RunTime:0.037449s ]
INFO: [ view_parse ] --END-- [ RunTime:0.037584s ]
INFO: [ view_filter ] --START--
INFO: Run Behavior\WriteHtmlCacheBehavior [ RunTime:0.000732s ]
INFO: [ view_filter ] --END-- [ RunTime:0.000854s ]
INFO: [ app_end ] --START--
INFO: Run Behavior\ShowPageTraceBehavior [ RunTime:0.000868s ]
INFO: [ app_end ] --END-- [ RunTime:0.001034s ]

[ 2016-05-05T21:12:58+08:00 ] 127.0.0.1 /range/Order/orderlist
INFO: [ app_init ] --START--
INFO: Run Behavior\BuildLiteBehavior [ RunTime:0.000042s ]
INFO: [ app_init ] --END-- [ RunTime:0.000679s ]
INFO: [ app_begin ] --START--
INFO: Run Behavior\ReadHtmlCacheBehavior [ RunTime:0.000806s ]
INFO: [ app_begin ] --END-- [ RunTime:0.000977s ]
NOTIC: [2] Missing argument 1 for I(), called in E:\wamp\www\weChat\Application\Admin\Controller\OrderController.class.php on line 93 and defined E:\wamp\www\weChat\ThinkPHP\Common\functions.php 第 271 行.
NOTIC: [8] Undefined variable: name E:\wamp\www\weChat\ThinkPHP\Common\functions.php 第 273 行.
NOTIC: [8] Undefined variable: name E:\wamp\www\weChat\ThinkPHP\Common\functions.php 第 278 行.
NOTIC: [8] Undefined variable: name E:\wamp\www\weChat\ThinkPHP\Common\functions.php 第 339 行.
SQL: SHOW COLUMNS FROM `wx_order` [ RunTime:0.0343s ]
SQL: SELECT SUM(mey) AS tp_sum FROM `wx_order` WHERE `order` >= '1462377600' AND `type` <> 0 AND `paystate` <> 0 LIMIT 1   [ RunTime:0.0005s ]
SQL: SELECT AVG(mey) AS tp_avg FROM `wx_order` WHERE `order` >= '1462377600' AND `type` <> 0 AND `paystate` <> 0 LIMIT 1   [ RunTime:0.0004s ]
SQL: SELECT COUNT(*) AS tp_count FROM `wx_order` WHERE `order` >= '1462377600' AND `type` <> 0 AND `paystate` <> 0 LIMIT 1   [ RunTime:0.0004s ]
SQL: SELECT SUM(mey) AS tp_sum FROM `wx_order` WHERE `order` >= '1462377600' AND `paytype` = 0 AND `type` <> 0 LIMIT 1   [ RunTime:0.0005s ]
SQL: SELECT COUNT(*) AS tp_count FROM `wx_order` WHERE `order` >= '1462377600' AND `paytype` = 0 AND `type` <> 0 LIMIT 1   [ RunTime:0.0005s ]
SQL: SELECT SUM(mey) AS tp_sum FROM `wx_order` WHERE `order` >= '1462377600' AND `paytype` = 1 AND `paystate` = 1 LIMIT 1   [ RunTime:0.0004s ]
SQL: SELECT COUNT(*) AS tp_count FROM `wx_order` WHERE `order` >= '1462377600' AND `paytype` = 1 AND `paystate` = 1 LIMIT 1   [ RunTime:0.0004s ]
SQL: SELECT COUNT(*) AS tp_count FROM `wx_order` WHERE ( type=1 ) LIMIT 1   [ RunTime:0.0004s ]
SQL: SELECT wx_order.id,wx_order.goods_id,wx_order.order,wx_order.order_title,wx_order.type,wx_order.product_img,wx_order.product,wx_order.size,wx_order.consignee,wx_order.mob,wx_order.address,wx_order.mey,wx_order.paytype,wx_order.paystate,wx_order.guest,wx_order.ip,wx_order.countip,wx_order.position,wx_order.register,wx_bid_rule.rule_name,wx_bid_ressize.describe,wx_bid_ressize.size_val,wx_bid_resources.rsename,wx_bid_platform.platname,wx_goods_picture.img_url FROM `wx_order` LEFT JOIN wx_goods_picture ON wx_order.goods_id = wx_goods_picture.img_id LEFT JOIN wx_bid_rule ON wx_order.position = wx_bid_rule.rule_name LEFT JOIN wx_bid_ressize ON wx_bid_rule.size_id = wx_bid_ressize.id LEFT JOIN wx_bid_resources ON wx_bid_ressize.rsenid = wx_bid_resources.id LEFT JOIN wx_bid_platform ON wx_bid_resources.platform_id = wx_bid_platform.id  WHERE ( wx_order.type=1 and wx_goods_picture.sort=1 ) ORDER BY wx_order.id desc LIMIT 0,10   [ RunTime:0.0017s ]
SQL: SHOW COLUMNS FROM `wx_express` [ RunTime:0.0074s ]
NOTIC: [2] Missing argument 1 for Think\Model::where(), called in E:\wamp\www\weChat\Application\Admin\Controller\OrderController.class.php on line 143 and defined E:\wamp\www\weChat\ThinkPHP\Library\Think\Model.class.php 第 1797 行.
NOTIC: [8] Undefined variable: where E:\wamp\www\weChat\ThinkPHP\Library\Think\Model.class.php 第 1805 行.
NOTIC: [8] Undefined variable: where E:\wamp\www\weChat\ThinkPHP\Library\Think\Model.class.php 第 1808 行.
NOTIC: [8] Undefined variable: where E:\wamp\www\weChat\ThinkPHP\Library\Think\Model.class.php 第 1816 行.
SQL: SELECT * FROM `wx_express`  [ RunTime:0.0004s ]
INFO: [ view_parse ] --START--
INFO: [ template_filter ] --START--
INFO: Run Behavior\ContentReplaceBehavior [ RunTime:0.000164s ]
INFO: [ template_filter ] --END-- [ RunTime:0.000300s ]
INFO: Run Behavior\ParseTemplateBehavior [ RunTime:0.041214s ]
INFO: [ view_parse ] --END-- [ RunTime:0.041373s ]
INFO: [ view_filter ] --START--
INFO: Run Behavior\WriteHtmlCacheBehavior [ RunTime:0.000642s ]
INFO: [ view_filter ] --END-- [ RunTime:0.000789s ]
INFO: [ app_end ] --START--
INFO: Run Behavior\ShowPageTraceBehavior [ RunTime:0.001254s ]
INFO: [ app_end ] --END-- [ RunTime:0.001607s ]

[ 2016-05-05T21:13:22+08:00 ] 127.0.0.1 /range/Order/orderlist
INFO: [ app_init ] --START--
INFO: Run Behavior\BuildLiteBehavior [ RunTime:0.000044s ]
INFO: [ app_init ] --END-- [ RunTime:0.000682s ]
INFO: [ app_begin ] --START--
INFO: Run Behavior\ReadHtmlCacheBehavior [ RunTime:0.000669s ]
INFO: [ app_begin ] --END-- [ RunTime:0.000806s ]
NOTIC: [2] Missing argument 1 for I(), called in E:\wamp\www\weChat\Application\Admin\Controller\OrderController.class.php on line 93 and defined E:\wamp\www\weChat\ThinkPHP\Common\functions.php 第 271 行.
NOTIC: [8] Undefined variable: name E:\wamp\www\weChat\ThinkPHP\Common\functions.php 第 273 行.
NOTIC: [8] Undefined variable: name E:\wamp\www\weChat\ThinkPHP\Common\functions.php 第 278 行.
NOTIC: [8] Undefined variable: name E:\wamp\www\weChat\ThinkPHP\Common\functions.php 第 339 行.
SQL: SHOW COLUMNS FROM `wx_order` [ RunTime:0.0071s ]
SQL: SELECT SUM(mey) AS tp_sum FROM `wx_order` WHERE `order` >= '1462377600' AND `type` <> 0 AND `paystate` <> 0 LIMIT 1   [ RunTime:0.0006s ]
SQL: SELECT AVG(mey) AS tp_avg FROM `wx_order` WHERE `order` >= '1462377600' AND `type` <> 0 AND `paystate` <> 0 LIMIT 1   [ RunTime:0.0005s ]
SQL: SELECT COUNT(*) AS tp_count FROM `wx_order` WHERE `order` >= '1462377600' AND `type` <> 0 AND `paystate` <> 0 LIMIT 1   [ RunTime:0.0004s ]
SQL: SELECT SUM(mey) AS tp_sum FROM `wx_order` WHERE `order` >= '1462377600' AND `paytype` = 0 AND `type` <> 0 LIMIT 1   [ RunTime:0.0004s ]
SQL: SELECT COUNT(*) AS tp_count FROM `wx_order` WHERE `order` >= '1462377600' AND `paytype` = 0 AND `type` <> 0 LIMIT 1   [ RunTime:0.0005s ]
SQL: SELECT SUM(mey) AS tp_sum FROM `wx_order` WHERE `order` >= '1462377600' AND `paytype` = 1 AND `paystate` = 1 LIMIT 1   [ RunTime:0.0004s ]
SQL: SELECT COUNT(*) AS tp_count FROM `wx_order` WHERE `order` >= '1462377600' AND `paytype` = 1 AND `paystate` = 1 LIMIT 1   [ RunTime:0.0006s ]
SQL: SELECT COUNT(*) AS tp_count FROM `wx_order` WHERE ( type=1 ) LIMIT 1   [ RunTime:0.0007s ]
SQL: SELECT wx_order.id,wx_order.goods_id,wx_order.order,wx_order.order_title,wx_order.type,wx_order.product_img,wx_order.product,wx_order.size,wx_order.consignee,wx_order.mob,wx_order.address,wx_order.mey,wx_order.paytype,wx_order.paystate,wx_order.guest,wx_order.ip,wx_order.countip,wx_order.position,wx_order.register,wx_bid_rule.rule_name,wx_bid_ressize.describe,wx_bid_ressize.size_val,wx_bid_resources.rsename,wx_bid_platform.platname,wx_goods_picture.img_url FROM `wx_order` LEFT JOIN wx_goods_picture ON wx_order.goods_id = wx_goods_picture.img_id LEFT JOIN wx_bid_rule ON wx_order.position = wx_bid_rule.rule_name LEFT JOIN wx_bid_ressize ON wx_bid_rule.size_id = wx_bid_ressize.id LEFT JOIN wx_bid_resources ON wx_bid_ressize.rsenid = wx_bid_resources.id LEFT JOIN wx_bid_platform ON wx_bid_resources.platform_id = wx_bid_platform.id  WHERE ( wx_order.type=1 and wx_goods_picture.sort=1 ) ORDER BY wx_order.id desc LIMIT 0,10   [ RunTime:0.0019s ]
SQL: SHOW COLUMNS FROM `wx_express` [ RunTime:0.0062s ]
NOTIC: [2] Missing argument 1 for Think\Model::where(), called in E:\wamp\www\weChat\Application\Admin\Controller\OrderController.class.php on line 143 and defined E:\wamp\www\weChat\ThinkPHP\Library\Think\Model.class.php 第 1797 行.
NOTIC: [8] Undefined variable: where E:\wamp\www\weChat\ThinkPHP\Library\Think\Model.class.php 第 1805 行.
NOTIC: [8] Undefined variable: where E:\wamp\www\weChat\ThinkPHP\Library\Think\Model.class.php 第 1808 行.
NOTIC: [8] Undefined variable: where E:\wamp\www\weChat\ThinkPHP\Library\Think\Model.class.php 第 1816 行.
SQL: SELECT * FROM `wx_express`  [ RunTime:0.0003s ]
INFO: [ view_parse ] --START--
INFO: [ template_filter ] --START--
INFO: Run Behavior\ContentReplaceBehavior [ RunTime:0.000150s ]
INFO: [ template_filter ] --END-- [ RunTime:0.000281s ]
INFO: Run Behavior\ParseTemplateBehavior [ RunTime:0.073429s ]
INFO: [ view_parse ] --END-- [ RunTime:0.073546s ]
INFO: [ view_filter ] --START--
INFO: Run Behavior\WriteHtmlCacheBehavior [ RunTime:0.000351s ]
INFO: [ view_filter ] --END-- [ RunTime:0.000448s ]
INFO: [ app_end ] --START--
INFO: Run Behavior\ShowPageTraceBehavior [ RunTime:0.000728s ]
INFO: [ app_end ] --END-- [ RunTime:0.000847s ]

