[ 2016-03-16T10:00:13+08:00 ] 127.0.0.1 /range
INFO: [ app_init ] --START--
INFO: Run Behavior\BuildLiteBehavior [ RunTime:0.000032s ]
INFO: [ app_init ] --END-- [ RunTime:0.000850s ]

[ 2016-03-16T10:00:19+08:00 ] 127.0.0.1 /range
INFO: [ app_init ] --START--
INFO: Run Behavior\BuildLiteBehavior [ RunTime:0.000027s ]
INFO: [ app_init ] --END-- [ RunTime:0.000500s ]

[ 2016-03-16T10:00:33+08:00 ] 127.0.0.1 /range
INFO: [ app_init ] --START--
INFO: Run Behavior\BuildLiteBehavior [ RunTime:0.000037s ]
INFO: [ app_init ] --END-- [ RunTime:0.000547s ]

[ 2016-03-16T10:00:34+08:00 ] 127.0.0.1 /range
INFO: [ app_init ] --START--
INFO: Run Behavior\BuildLiteBehavior [ RunTime:0.000043s ]
INFO: [ app_init ] --END-- [ RunTime:0.000736s ]

[ 2016-03-16T10:00:36+08:00 ] 127.0.0.1 /range
INFO: [ app_init ] --START--
INFO: Run Behavior\BuildLiteBehavior [ RunTime:0.000045s ]
INFO: [ app_init ] --END-- [ RunTime:0.000707s ]

[ 2016-03-16T10:00:36+08:00 ] 127.0.0.1 /range
INFO: [ app_init ] --START--
INFO: Run Behavior\BuildLiteBehavior [ RunTime:0.000030s ]
INFO: [ app_init ] --END-- [ RunTime:0.000511s ]

[ 2016-03-16T10:00:37+08:00 ] 127.0.0.1 /range
INFO: [ app_init ] --START--
INFO: Run Behavior\BuildLiteBehavior [ RunTime:0.000032s ]
INFO: [ app_init ] --END-- [ RunTime:0.000616s ]

[ 2016-03-16T10:00:37+08:00 ] 127.0.0.1 /range
INFO: [ app_init ] --START--
INFO: Run Behavior\BuildLiteBehavior [ RunTime:0.000048s ]
INFO: [ app_init ] --END-- [ RunTime:0.000731s ]

[ 2016-03-16T10:00:37+08:00 ] 127.0.0.1 /range
INFO: [ app_init ] --START--
INFO: Run Behavior\BuildLiteBehavior [ RunTime:0.000048s ]
INFO: [ app_init ] --END-- [ RunTime:0.000816s ]

[ 2016-03-16T10:00:54+08:00 ] 127.0.0.1 /range
INFO: [ app_init ] --START--
INFO: Run Behavior\BuildLiteBehavior [ RunTime:0.000026s ]
INFO: [ app_init ] --END-- [ RunTime:0.000479s ]
INFO: [ app_begin ] --START--
INFO: Run Behavior\ReadHtmlCacheBehavior [ RunTime:0.000679s ]
INFO: [ app_begin ] --END-- [ RunTime:0.000812s ]

[ 2016-03-16T10:00:54+08:00 ] 127.0.0.1 /range/Login/index.html
INFO: [ app_init ] --START--
INFO: Run Behavior\BuildLiteBehavior [ RunTime:0.000061s ]
INFO: [ app_init ] --END-- [ RunTime:0.000789s ]
INFO: [ app_begin ] --START--
INFO: Run Behavior\ReadHtmlCacheBehavior [ RunTime:0.000981s ]
INFO: [ app_begin ] --END-- [ RunTime:0.001276s ]
INFO: [ view_parse ] --START--
INFO: [ template_filter ] --START--
INFO: Run Behavior\ContentReplaceBehavior [ RunTime:0.000085s ]
INFO: [ template_filter ] --END-- [ RunTime:0.000214s ]
INFO: Run Behavior\ParseTemplateBehavior [ RunTime:0.060909s ]
INFO: [ view_parse ] --END-- [ RunTime:0.061060s ]
INFO: [ view_filter ] --START--
INFO: Run Behavior\WriteHtmlCacheBehavior [ RunTime:0.000474s ]
INFO: [ view_filter ] --END-- [ RunTime:0.000572s ]
INFO: [ app_end ] --START--
INFO: Run Behavior\ShowPageTraceBehavior [ RunTime:0.000713s ]
INFO: [ app_end ] --END-- [ RunTime:0.000813s ]

[ 2016-03-16T10:00:55+08:00 ] 127.0.0.1 /range/Login/index.html
INFO: [ app_init ] --START--
INFO: Run Behavior\BuildLiteBehavior [ RunTime:0.000053s ]
INFO: [ app_init ] --END-- [ RunTime:0.001017s ]
INFO: [ app_begin ] --START--
INFO: Run Behavior\ReadHtmlCacheBehavior [ RunTime:0.001024s ]
INFO: [ app_begin ] --END-- [ RunTime:0.001237s ]
INFO: [ view_parse ] --START--
INFO: [ template_filter ] --START--
INFO: Run Behavior\ContentReplaceBehavior [ RunTime:0.000085s ]
INFO: [ template_filter ] --END-- [ RunTime:0.000219s ]
INFO: Run Behavior\ParseTemplateBehavior [ RunTime:0.009768s ]
INFO: [ view_parse ] --END-- [ RunTime:0.009905s ]
INFO: [ view_filter ] --START--
INFO: Run Behavior\WriteHtmlCacheBehavior [ RunTime:0.000426s ]
INFO: [ view_filter ] --END-- [ RunTime:0.000527s ]
INFO: [ app_end ] --START--
INFO: Run Behavior\ShowPageTraceBehavior [ RunTime:0.000661s ]
INFO: [ app_end ] --END-- [ RunTime:0.000761s ]

[ 2016-03-16T10:00:55+08:00 ] 127.0.0.1 /range/Login/index.html
INFO: [ app_init ] --START--
INFO: Run Behavior\BuildLiteBehavior [ RunTime:0.000026s ]
INFO: [ app_init ] --END-- [ RunTime:0.000486s ]
INFO: [ app_begin ] --START--
INFO: Run Behavior\ReadHtmlCacheBehavior [ RunTime:0.000771s ]
INFO: [ app_begin ] --END-- [ RunTime:0.000954s ]
INFO: [ view_parse ] --START--
INFO: [ template_filter ] --START--
INFO: Run Behavior\ContentReplaceBehavior [ RunTime:0.000131s ]
INFO: [ template_filter ] --END-- [ RunTime:0.000348s ]
INFO: Run Behavior\ParseTemplateBehavior [ RunTime:0.010734s ]
INFO: [ view_parse ] --END-- [ RunTime:0.010860s ]
INFO: [ view_filter ] --START--
INFO: Run Behavior\WriteHtmlCacheBehavior [ RunTime:0.000279s ]
INFO: [ view_filter ] --END-- [ RunTime:0.000377s ]
INFO: [ app_end ] --START--
INFO: Run Behavior\ShowPageTraceBehavior [ RunTime:0.000528s ]
INFO: [ app_end ] --END-- [ RunTime:0.000626s ]

[ 2016-03-16T10:01:01+08:00 ] 127.0.0.1 /range/Login/index.html
INFO: [ app_init ] --START--
INFO: Run Behavior\BuildLiteBehavior [ RunTime:0.000049s ]
INFO: [ app_init ] --END-- [ RunTime:0.000763s ]

[ 2016-03-16T10:01:10+08:00 ] 127.0.0.1 /range/Login/index.html
INFO: [ app_init ] --START--
INFO: Run Behavior\BuildLiteBehavior [ RunTime:0.000047s ]
INFO: [ app_init ] --END-- [ RunTime:0.000617s ]
INFO: [ app_begin ] --START--
INFO: Run Behavior\ReadHtmlCacheBehavior [ RunTime:0.000522s ]
INFO: [ app_begin ] --END-- [ RunTime:0.000669s ]
INFO: [ view_parse ] --START--
INFO: [ template_filter ] --START--
INFO: Run Behavior\ContentReplaceBehavior [ RunTime:0.000088s ]
INFO: [ template_filter ] --END-- [ RunTime:0.000232s ]
INFO: Run Behavior\ParseTemplateBehavior [ RunTime:0.010170s ]
INFO: [ view_parse ] --END-- [ RunTime:0.010294s ]
INFO: [ view_filter ] --START--
INFO: Run Behavior\WriteHtmlCacheBehavior [ RunTime:0.000413s ]
INFO: [ view_filter ] --END-- [ RunTime:0.000511s ]
INFO: [ app_end ] --START--
INFO: Run Behavior\ShowPageTraceBehavior [ RunTime:0.000668s ]
INFO: [ app_end ] --END-- [ RunTime:0.000768s ]

[ 2016-03-16T10:01:11+08:00 ] 127.0.0.1 /range/Login/index.html
INFO: [ app_init ] --START--
INFO: Run Behavior\BuildLiteBehavior [ RunTime:0.000026s ]
INFO: [ app_init ] --END-- [ RunTime:0.000505s ]
INFO: [ app_begin ] --START--
INFO: Run Behavior\ReadHtmlCacheBehavior [ RunTime:0.000928s ]
INFO: [ app_begin ] --END-- [ RunTime:0.001094s ]
INFO: [ view_parse ] --START--
INFO: [ template_filter ] --START--
INFO: Run Behavior\ContentReplaceBehavior [ RunTime:0.000097s ]
INFO: [ template_filter ] --END-- [ RunTime:0.000226s ]
INFO: Run Behavior\ParseTemplateBehavior [ RunTime:0.010572s ]
INFO: [ view_parse ] --END-- [ RunTime:0.010702s ]
INFO: [ view_filter ] --START--
INFO: Run Behavior\WriteHtmlCacheBehavior [ RunTime:0.000539s ]
INFO: [ view_filter ] --END-- [ RunTime:0.000642s ]
INFO: [ app_end ] --START--
INFO: Run Behavior\ShowPageTraceBehavior [ RunTime:0.000881s ]
INFO: [ app_end ] --END-- [ RunTime:0.001005s ]

[ 2016-03-16T10:01:11+08:00 ] 127.0.0.1 /range/Login/index.html
INFO: [ app_init ] --START--
INFO: Run Behavior\BuildLiteBehavior [ RunTime:0.000047s ]
INFO: [ app_init ] --END-- [ RunTime:0.000911s ]
INFO: [ app_begin ] --START--
INFO: Run Behavior\ReadHtmlCacheBehavior [ RunTime:0.000826s ]
INFO: [ app_begin ] --END-- [ RunTime:0.001024s ]
INFO: [ view_parse ] --START--
INFO: [ template_filter ] --START--
INFO: Run Behavior\ContentReplaceBehavior [ RunTime:0.000142s ]
INFO: [ template_filter ] --END-- [ RunTime:0.000423s ]
INFO: Run Behavior\ParseTemplateBehavior [ RunTime:0.012035s ]
INFO: [ view_parse ] --END-- [ RunTime:0.012454s ]
INFO: [ view_filter ] --START--
INFO: Run Behavior\WriteHtmlCacheBehavior [ RunTime:0.000626s ]
INFO: [ view_filter ] --END-- [ RunTime:0.000885s ]
INFO: [ app_end ] --START--
INFO: Run Behavior\ShowPageTraceBehavior [ RunTime:0.000846s ]
INFO: [ app_end ] --END-- [ RunTime:0.001040s ]

[ 2016-03-16T10:01:11+08:00 ] 127.0.0.1 /range/Login/index.html
INFO: [ app_init ] --START--
INFO: Run Behavior\BuildLiteBehavior [ RunTime:0.000044s ]
INFO: [ app_init ] --END-- [ RunTime:0.000862s ]
INFO: [ app_begin ] --START--
INFO: Run Behavior\ReadHtmlCacheBehavior [ RunTime:0.001791s ]
INFO: [ app_begin ] --END-- [ RunTime:0.001985s ]
INFO: [ view_parse ] --START--
INFO: [ template_filter ] --START--
INFO: Run Behavior\ContentReplaceBehavior [ RunTime:0.000085s ]
INFO: [ template_filter ] --END-- [ RunTime:0.000216s ]
INFO: Run Behavior\ParseTemplateBehavior [ RunTime:0.010331s ]
INFO: [ view_parse ] --END-- [ RunTime:0.010460s ]
INFO: [ view_filter ] --START--
INFO: Run Behavior\WriteHtmlCacheBehavior [ RunTime:0.000706s ]
INFO: [ view_filter ] --END-- [ RunTime:0.000821s ]
INFO: [ app_end ] --START--
INFO: Run Behavior\ShowPageTraceBehavior [ RunTime:0.002457s ]
INFO: [ app_end ] --END-- [ RunTime:0.002662s ]

[ 2016-03-16T10:01:12+08:00 ] 127.0.0.1 /range/Login/Handle.html
INFO: [ app_init ] --START--
INFO: Run Behavior\BuildLiteBehavior [ RunTime:0.000026s ]
INFO: [ app_init ] --END-- [ RunTime:0.000548s ]
INFO: [ app_begin ] --START--
INFO: Run Behavior\ReadHtmlCacheBehavior [ RunTime:0.000820s ]
INFO: [ app_begin ] --END-- [ RunTime:0.000937s ]
NOTIC: [2] Missing argument 1 for I(), called in E:\wamp\www\weChat\Application\Admin\Controller\LoginController.class.php on line 17 and defined E:\wamp\www\weChat\ThinkPHP\Common\functions.php 第 271 行.
NOTIC: [8] Undefined variable: name E:\wamp\www\weChat\ThinkPHP\Common\functions.php 第 273 行.
NOTIC: [8] Undefined variable: name E:\wamp\www\weChat\ThinkPHP\Common\functions.php 第 278 行.
NOTIC: [8] Undefined variable: name E:\wamp\www\weChat\ThinkPHP\Common\functions.php 第 339 行.
SQL: SHOW COLUMNS FROM `wx_admin` [ RunTime:0.0065s ]
NOTIC: [8] Undefined index: validate E:\wamp\www\weChat\ThinkPHP\Library\Think\Model.class.php 第 1185 行.
SQL: SHOW COLUMNS FROM `wx_admin` [ RunTime:0.0066s ]
SQL: SELECT * FROM `wx_admin` WHERE `username` = 'wangrubiao'  [ RunTime:0.0007s ]
SQL: SELECT * FROM `wx_admin` WHERE `password` = 'e63151e98c9a580b50fc4211da60a045'  [ RunTime:0.0004s ]
NOTIC: [8] Undefined index: auto E:\wamp\www\weChat\ThinkPHP\Library\Think\Model.class.php 第 1128 行.
SQL: SHOW COLUMNS FROM `wx_grade` [ RunTime:0.0150s ]
SQL: SHOW COLUMNS FROM `wx_admin` [ RunTime:0.0108s ]
SQL: SELECT `id` FROM `wx_admin` WHERE `username` = 'wangrubiao'  [ RunTime:0.0004s ]
NOTIC: [8] Undefined variable: grade E:\wamp\www\weChat\Application\Admin\Controller\LoginController.class.php 第 27 行.
NOTIC: [8] Undefined variable: grade E:\wamp\www\weChat\Application\Admin\Controller\LoginController.class.php 第 27 行.
SQL: SHOW COLUMNS FROM `wx_grade` [ RunTime:0.0069s ]
SQL: SELECT * FROM `wx_grade`  [ RunTime:0.0005s ]

[ 2016-03-16T10:01:13+08:00 ] 127.0.0.1 /range/Index/index
INFO: [ app_init ] --START--
INFO: Run Behavior\BuildLiteBehavior [ RunTime:0.000027s ]
INFO: [ app_init ] --END-- [ RunTime:0.000548s ]
INFO: [ app_begin ] --START--
INFO: Run Behavior\ReadHtmlCacheBehavior [ RunTime:0.001124s ]
INFO: [ app_begin ] --END-- [ RunTime:0.001297s ]
INFO: [ view_parse ] --START--
INFO: [ template_filter ] --START--
INFO: Run Behavior\ContentReplaceBehavior [ RunTime:0.000080s ]
INFO: [ template_filter ] --END-- [ RunTime:0.000218s ]
INFO: Run Behavior\ParseTemplateBehavior [ RunTime:0.020145s ]
INFO: [ view_parse ] --END-- [ RunTime:0.020295s ]
INFO: [ view_filter ] --START--
INFO: Run Behavior\WriteHtmlCacheBehavior [ RunTime:0.000528s ]
INFO: [ view_filter ] --END-- [ RunTime:0.000654s ]
INFO: [ app_end ] --START--
INFO: Run Behavior\ShowPageTraceBehavior [ RunTime:0.000882s ]
INFO: [ app_end ] --END-- [ RunTime:0.000997s ]

[ 2016-03-16T10:01:13+08:00 ] 127.0.0.1 /range/Index/menu
INFO: [ app_init ] --START--
INFO: Run Behavior\BuildLiteBehavior [ RunTime:0.000043s ]
INFO: [ app_init ] --END-- [ RunTime:0.000765s ]
INFO: [ app_begin ] --START--
INFO: Run Behavior\ReadHtmlCacheBehavior [ RunTime:0.001094s ]
INFO: [ app_begin ] --END-- [ RunTime:0.001299s ]
SQL: SHOW COLUMNS FROM `wx_grade` [ RunTime:0.0067s ]
NOTIC: [2] Missing argument 1 for Admin\Model\GradeModel::menu(), called in E:\wamp\www\weChat\Application\Admin\Controller\IndexController.class.php on line 31 and defined E:\wamp\www\weChat\Application\Admin\Model\GradeModel.class.php 第 46 行.
SQL: SHOW COLUMNS FROM `wx_menu` [ RunTime:0.0073s ]
SQL: SHOW COLUMNS FROM `wx_grade` [ RunTime:0.0061s ]
SQL: SELECT * FROM `wx_grade`  [ RunTime:0.0003s ]
NOTIC: [8] Undefined variable: val E:\wamp\www\weChat\Application\Admin\Model\GradeModel.class.php 第 50 行.
SQL: SELECT * FROM `wx_menu` WHERE ( id in(1,2,3,4,5,7,8,9,10,11,12,13,14,15,16,17,18,19,20,21,22,23,24) )  [ RunTime:0.0215s ]
NOTIC: [2] Missing argument 1 for Admin\Model\GradeModel::menu(), called in E:\wamp\www\weChat\Application\Admin\Controller\IndexController.class.php on line 32 and defined E:\wamp\www\weChat\Application\Admin\Model\GradeModel.class.php 第 46 行.
SQL: SELECT * FROM `wx_grade`  [ RunTime:0.0002s ]
NOTIC: [8] Undefined variable: val E:\wamp\www\weChat\Application\Admin\Model\GradeModel.class.php 第 50 行.
SQL: SELECT * FROM `wx_menu` WHERE ( id in(1,2,3,4,5,7,8,9,10,11,12,13,14,15,16,17,18,19,20,21,22,23,24) )  [ RunTime:0.0003s ]
INFO: [ view_parse ] --START--
INFO: [ template_filter ] --START--
INFO: Run Behavior\ContentReplaceBehavior [ RunTime:0.000090s ]
INFO: [ template_filter ] --END-- [ RunTime:0.000225s ]
INFO: Run Behavior\ParseTemplateBehavior [ RunTime:0.038547s ]
INFO: [ view_parse ] --END-- [ RunTime:0.038682s ]
INFO: [ view_filter ] --START--
INFO: Run Behavior\WriteHtmlCacheBehavior [ RunTime:0.000498s ]
INFO: [ view_filter ] --END-- [ RunTime:0.000604s ]
INFO: [ app_end ] --START--
INFO: Run Behavior\ShowPageTraceBehavior [ RunTime:0.000702s ]
INFO: [ app_end ] --END-- [ RunTime:0.000810s ]

[ 2016-03-16T10:01:13+08:00 ] 127.0.0.1 /range/Index/head
INFO: [ app_init ] --START--
INFO: Run Behavior\BuildLiteBehavior [ RunTime:0.000037s ]
INFO: [ app_init ] --END-- [ RunTime:0.000739s ]
INFO: [ app_begin ] --START--
INFO: Run Behavior\ReadHtmlCacheBehavior [ RunTime:0.004745s ]
INFO: [ app_begin ] --END-- [ RunTime:0.005050s ]
INFO: [ view_parse ] --START--
INFO: [ template_filter ] --START--
INFO: Run Behavior\ContentReplaceBehavior [ RunTime:0.000086s ]
INFO: [ template_filter ] --END-- [ RunTime:0.000220s ]
INFO: Run Behavior\ParseTemplateBehavior [ RunTime:0.023054s ]
INFO: [ view_parse ] --END-- [ RunTime:0.023230s ]
INFO: [ view_filter ] --START--
INFO: Run Behavior\WriteHtmlCacheBehavior [ RunTime:0.000586s ]
INFO: [ view_filter ] --END-- [ RunTime:0.000701s ]
INFO: [ app_end ] --START--
INFO: Run Behavior\ShowPageTraceBehavior [ RunTime:0.003361s ]
INFO: [ app_end ] --END-- [ RunTime:0.003529s ]

[ 2016-03-16T10:01:13+08:00 ] 127.0.0.1 /range/Index/footer
INFO: [ app_init ] --START--
INFO: Run Behavior\BuildLiteBehavior [ RunTime:0.000042s ]
INFO: [ app_init ] --END-- [ RunTime:0.000714s ]
INFO: [ app_begin ] --START--
INFO: Run Behavior\ReadHtmlCacheBehavior [ RunTime:0.001358s ]
INFO: [ app_begin ] --END-- [ RunTime:0.001604s ]
INFO: [ view_parse ] --START--
INFO: [ template_filter ] --START--
INFO: Run Behavior\ContentReplaceBehavior [ RunTime:0.000111s ]
INFO: [ template_filter ] --END-- [ RunTime:0.000236s ]
NOTIC: [8] Undefined variable: name E:\wamp\www\weChat\Application\Runtime\Cache\Admin\adf494f91b9420db48742e5224208f84.php 第 61 行.
INFO: Run Behavior\ParseTemplateBehavior [ RunTime:0.040753s ]
INFO: [ view_parse ] --END-- [ RunTime:0.040927s ]
INFO: [ view_filter ] --START--
INFO: Run Behavior\WriteHtmlCacheBehavior [ RunTime:0.000455s ]
INFO: [ view_filter ] --END-- [ RunTime:0.000635s ]
INFO: [ app_end ] --START--
INFO: Run Behavior\ShowPageTraceBehavior [ RunTime:0.001117s ]
INFO: [ app_end ] --END-- [ RunTime:0.001332s ]

[ 2016-03-16T10:01:13+08:00 ] 127.0.0.1 /range/Index/main
INFO: [ app_init ] --START--
INFO: Run Behavior\BuildLiteBehavior [ RunTime:0.000046s ]
INFO: [ app_init ] --END-- [ RunTime:0.000992s ]
INFO: [ app_begin ] --START--
INFO: Run Behavior\ReadHtmlCacheBehavior [ RunTime:0.001196s ]
INFO: [ app_begin ] --END-- [ RunTime:0.001331s ]
INFO: [ view_parse ] --START--
INFO: [ template_filter ] --START--
INFO: Run Behavior\ContentReplaceBehavior [ RunTime:0.000110s ]
INFO: [ template_filter ] --END-- [ RunTime:0.000267s ]
INFO: Run Behavior\ParseTemplateBehavior [ RunTime:0.067628s ]
INFO: [ view_parse ] --END-- [ RunTime:0.067918s ]
INFO: [ view_filter ] --START--
INFO: Run Behavior\WriteHtmlCacheBehavior [ RunTime:0.000641s ]
INFO: [ view_filter ] --END-- [ RunTime:0.000776s ]
INFO: [ app_end ] --START--
INFO: Run Behavior\ShowPageTraceBehavior [ RunTime:0.001361s ]
INFO: [ app_end ] --END-- [ RunTime:0.001498s ]

[ 2016-03-16T10:01:15+08:00 ] 127.0.0.1 /range/Order/orderlist
INFO: [ app_init ] --START--
INFO: Run Behavior\BuildLiteBehavior [ RunTime:0.000035s ]
INFO: [ app_init ] --END-- [ RunTime:0.000513s ]
INFO: [ app_begin ] --START--
INFO: Run Behavior\ReadHtmlCacheBehavior [ RunTime:0.000812s ]
INFO: [ app_begin ] --END-- [ RunTime:0.000926s ]
NOTIC: [2] Missing argument 1 for I(), called in E:\wamp\www\weChat\Application\Admin\Controller\OrderController.class.php on line 93 and defined E:\wamp\www\weChat\ThinkPHP\Common\functions.php 第 271 行.
NOTIC: [8] Undefined variable: name E:\wamp\www\weChat\ThinkPHP\Common\functions.php 第 273 行.
NOTIC: [8] Undefined variable: name E:\wamp\www\weChat\ThinkPHP\Common\functions.php 第 278 行.
NOTIC: [8] Undefined variable: name E:\wamp\www\weChat\ThinkPHP\Common\functions.php 第 339 行.
SQL: SHOW COLUMNS FROM `wx_order` [ RunTime:0.0092s ]
SQL: SELECT SUM(mey) AS tp_sum FROM `wx_order` WHERE `order` >= '1458057600' AND `type` <> 0 AND `paystate` <> 0 LIMIT 1   [ RunTime:0.0331s ]
SQL: SELECT AVG(mey) AS tp_avg FROM `wx_order` WHERE `order` >= '1458057600' AND `type` <> 0 AND `paystate` <> 0 LIMIT 1   [ RunTime:0.0004s ]
SQL: SELECT COUNT(*) AS tp_count FROM `wx_order` WHERE `order` >= '1458057600' AND `type` <> 0 AND `paystate` <> 0 LIMIT 1   [ RunTime:0.0005s ]
SQL: SELECT SUM(mey) AS tp_sum FROM `wx_order` WHERE `order` >= '1458057600' AND `paytype` = 0 AND `type` <> 0 LIMIT 1   [ RunTime:0.0006s ]
SQL: SELECT COUNT(*) AS tp_count FROM `wx_order` WHERE `order` >= '1458057600' AND `paytype` = 0 AND `type` <> 0 LIMIT 1   [ RunTime:0.0007s ]
SQL: SELECT SUM(mey) AS tp_sum FROM `wx_order` WHERE `order` >= '1458057600' AND `paytype` = 1 AND `paystate` = 1 LIMIT 1   [ RunTime:0.0004s ]
SQL: SELECT COUNT(*) AS tp_count FROM `wx_order` WHERE `order` >= '1458057600' AND `paytype` = 1 AND `paystate` = 1 LIMIT 1   [ RunTime:0.0004s ]
SQL: SELECT COUNT(*) AS tp_count FROM `wx_order` WHERE ( type=1 ) LIMIT 1   [ RunTime:0.0003s ]
SQL: SELECT wx_order.id,wx_order.goods_id,wx_order.order,wx_order.order_title,wx_order.type,wx_order.product_img,wx_order.product,wx_order.size,wx_order.consignee,wx_order.mob,wx_order.address,wx_order.mey,wx_order.paytype,wx_order.paystate,wx_order.guest,wx_order.ip,wx_order.countip,wx_order.position,wx_order.register,wx_bid_rule.rule_name,wx_bid_ressize.describe,wx_bid_resources.rsename,wx_bid_platform.platname FROM `wx_order` LEFT JOIN wx_bid_rule ON wx_order.position = wx_bid_rule.rule_name LEFT JOIN wx_bid_ressize ON wx_bid_rule.size_id = wx_bid_ressize.id LEFT JOIN wx_bid_resources ON wx_bid_ressize.rsenid = wx_bid_resources.id LEFT JOIN wx_bid_platform ON wx_bid_resources.platform_id = wx_bid_platform.id  WHERE ( wx_order.type=1 ) ORDER BY wx_order.id desc LIMIT 0,10   [ RunTime:0.0136s ]
SQL: SHOW COLUMNS FROM `wx_express` [ RunTime:0.0053s ]
NOTIC: [2] Missing argument 1 for Think\Model::where(), called in E:\wamp\www\weChat\Application\Admin\Controller\OrderController.class.php on line 141 and defined E:\wamp\www\weChat\ThinkPHP\Library\Think\Model.class.php 第 1797 行.
NOTIC: [8] Undefined variable: where E:\wamp\www\weChat\ThinkPHP\Library\Think\Model.class.php 第 1805 行.
NOTIC: [8] Undefined variable: where E:\wamp\www\weChat\ThinkPHP\Library\Think\Model.class.php 第 1808 行.
NOTIC: [8] Undefined variable: where E:\wamp\www\weChat\ThinkPHP\Library\Think\Model.class.php 第 1816 行.
SQL: SELECT * FROM `wx_express`  [ RunTime:0.0005s ]
INFO: [ view_parse ] --START--
INFO: [ template_filter ] --START--
INFO: Run Behavior\ContentReplaceBehavior [ RunTime:0.000125s ]
INFO: [ template_filter ] --END-- [ RunTime:0.000247s ]
INFO: Run Behavior\ParseTemplateBehavior [ RunTime:0.178349s ]
INFO: [ view_parse ] --END-- [ RunTime:0.178495s ]
INFO: [ view_filter ] --START--
INFO: Run Behavior\WriteHtmlCacheBehavior [ RunTime:0.000671s ]
INFO: [ view_filter ] --END-- [ RunTime:0.000775s ]
INFO: [ app_end ] --START--
INFO: Run Behavior\ShowPageTraceBehavior [ RunTime:0.000832s ]
INFO: [ app_end ] --END-- [ RunTime:0.000931s ]

[ 2016-03-16T10:01:24+08:00 ] 127.0.0.1 /range/Order/orderlist
INFO: [ app_init ] --START--
INFO: Run Behavior\BuildLiteBehavior [ RunTime:0.000028s ]
INFO: [ app_init ] --END-- [ RunTime:0.000570s ]
INFO: [ app_begin ] --START--
INFO: Run Behavior\ReadHtmlCacheBehavior [ RunTime:0.000933s ]
INFO: [ app_begin ] --END-- [ RunTime:0.001084s ]
NOTIC: [2] Missing argument 1 for I(), called in E:\wamp\www\weChat\Application\Admin\Controller\OrderController.class.php on line 93 and defined E:\wamp\www\weChat\ThinkPHP\Common\functions.php 第 271 行.
NOTIC: [8] Undefined variable: name E:\wamp\www\weChat\ThinkPHP\Common\functions.php 第 273 行.
NOTIC: [8] Undefined variable: name E:\wamp\www\weChat\ThinkPHP\Common\functions.php 第 278 行.
NOTIC: [8] Undefined variable: name E:\wamp\www\weChat\ThinkPHP\Common\functions.php 第 339 行.
SQL: SHOW COLUMNS FROM `wx_order` [ RunTime:0.0063s ]
SQL: SELECT SUM(mey) AS tp_sum FROM `wx_order` WHERE `order` >= '1458057600' AND `type` <> 0 AND `paystate` <> 0 LIMIT 1   [ RunTime:0.0006s ]
SQL: SELECT AVG(mey) AS tp_avg FROM `wx_order` WHERE `order` >= '1458057600' AND `type` <> 0 AND `paystate` <> 0 LIMIT 1   [ RunTime:0.0004s ]
SQL: SELECT COUNT(*) AS tp_count FROM `wx_order` WHERE `order` >= '1458057600' AND `type` <> 0 AND `paystate` <> 0 LIMIT 1   [ RunTime:0.0004s ]
SQL: SELECT SUM(mey) AS tp_sum FROM `wx_order` WHERE `order` >= '1458057600' AND `paytype` = 0 AND `type` <> 0 LIMIT 1   [ RunTime:0.0004s ]
SQL: SELECT COUNT(*) AS tp_count FROM `wx_order` WHERE `order` >= '1458057600' AND `paytype` = 0 AND `type` <> 0 LIMIT 1   [ RunTime:0.0003s ]
SQL: SELECT SUM(mey) AS tp_sum FROM `wx_order` WHERE `order` >= '1458057600' AND `paytype` = 1 AND `paystate` = 1 LIMIT 1   [ RunTime:0.0005s ]
SQL: SELECT COUNT(*) AS tp_count FROM `wx_order` WHERE `order` >= '1458057600' AND `paytype` = 1 AND `paystate` = 1 LIMIT 1   [ RunTime:0.0004s ]
SQL: SELECT COUNT(*) AS tp_count FROM `wx_order` WHERE ( type=1 ) LIMIT 1   [ RunTime:0.0003s ]
SQL: SELECT wx_order.id,wx_order.goods_id,wx_order.order,wx_order.order_title,wx_order.type,wx_order.product_img,wx_order.product,wx_order.size,wx_order.consignee,wx_order.mob,wx_order.address,wx_order.mey,wx_order.paytype,wx_order.paystate,wx_order.guest,wx_order.ip,wx_order.countip,wx_order.position,wx_order.register,wx_bid_rule.rule_name,wx_bid_ressize.describe,wx_bid_resources.rsename,wx_bid_platform.platname FROM `wx_order` LEFT JOIN wx_bid_rule ON wx_order.position = wx_bid_rule.rule_name LEFT JOIN wx_bid_ressize ON wx_bid_rule.size_id = wx_bid_ressize.id LEFT JOIN wx_bid_resources ON wx_bid_ressize.rsenid = wx_bid_resources.id LEFT JOIN wx_bid_platform ON wx_bid_resources.platform_id = wx_bid_platform.id  WHERE ( wx_order.type=1 ) ORDER BY wx_order.id desc LIMIT 0,10   [ RunTime:0.0015s ]
SQL: SHOW COLUMNS FROM `wx_express` [ RunTime:0.0048s ]
NOTIC: [2] Missing argument 1 for Think\Model::where(), called in E:\wamp\www\weChat\Application\Admin\Controller\OrderController.class.php on line 141 and defined E:\wamp\www\weChat\ThinkPHP\Library\Think\Model.class.php 第 1797 行.
NOTIC: [8] Undefined variable: where E:\wamp\www\weChat\ThinkPHP\Library\Think\Model.class.php 第 1805 行.
NOTIC: [8] Undefined variable: where E:\wamp\www\weChat\ThinkPHP\Library\Think\Model.class.php 第 1808 行.
NOTIC: [8] Undefined variable: where E:\wamp\www\weChat\ThinkPHP\Library\Think\Model.class.php 第 1816 行.
SQL: SELECT * FROM `wx_express`  [ RunTime:0.0003s ]
INFO: [ view_parse ] --START--
INFO: [ template_filter ] --START--
INFO: Run Behavior\ContentReplaceBehavior [ RunTime:0.000128s ]
INFO: [ template_filter ] --END-- [ RunTime:0.000255s ]
INFO: Run Behavior\ParseTemplateBehavior [ RunTime:0.037251s ]
INFO: [ view_parse ] --END-- [ RunTime:0.037433s ]
INFO: [ view_filter ] --START--
INFO: Run Behavior\WriteHtmlCacheBehavior [ RunTime:0.000501s ]
INFO: [ view_filter ] --END-- [ RunTime:0.000649s ]
INFO: [ app_end ] --START--
INFO: Run Behavior\ShowPageTraceBehavior [ RunTime:0.000708s ]
INFO: [ app_end ] --END-- [ RunTime:0.000809s ]

[ 2016-03-16T10:01:25+08:00 ] 127.0.0.1 /range/Order/ordertrash
INFO: [ app_init ] --START--
INFO: Run Behavior\BuildLiteBehavior [ RunTime:0.000029s ]
INFO: [ app_init ] --END-- [ RunTime:0.000575s ]
INFO: [ app_begin ] --START--
INFO: Run Behavior\ReadHtmlCacheBehavior [ RunTime:0.000782s ]
INFO: [ app_begin ] --END-- [ RunTime:0.000921s ]
NOTIC: [2] Missing argument 1 for I(), called in E:\wamp\www\weChat\Application\Admin\Controller\OrderController.class.php on line 348 and defined E:\wamp\www\weChat\ThinkPHP\Common\functions.php 第 271 行.
NOTIC: [8] Undefined variable: name E:\wamp\www\weChat\ThinkPHP\Common\functions.php 第 273 行.
NOTIC: [8] Undefined variable: name E:\wamp\www\weChat\ThinkPHP\Common\functions.php 第 278 行.
NOTIC: [8] Undefined variable: name E:\wamp\www\weChat\ThinkPHP\Common\functions.php 第 339 行.
SQL: SHOW COLUMNS FROM `wx_order` [ RunTime:0.0067s ]
SQL: SELECT SUM(mey) AS tp_sum FROM `wx_order` WHERE `order` >= '1458057600' LIMIT 1   [ RunTime:0.0006s ]
SQL: SELECT AVG(mey) AS tp_avg FROM `wx_order` WHERE `order` >= '1458057600' LIMIT 1   [ RunTime:0.0005s ]
SQL: SELECT COUNT(*) AS tp_count FROM `wx_order` WHERE `order` >= '1458057600' LIMIT 1   [ RunTime:0.0004s ]
SQL: SELECT COUNT(*) AS tp_count FROM `wx_order` WHERE ( type=0 ) LIMIT 1   [ RunTime:0.0004s ]
SQL: SELECT o.id,o.order,o.product,o.size,o.consignee,o.mob,o.address,o.mey,o.guest,o.type,o.ip,o.countip,o.express,o.waybill,o.register,o.sendtime,wx_admin.name FROM wx_order o INNER JOIN wx_admin ON o.uid = wx_admin.id  WHERE ( o.type=0 ) ORDER BY o.id desc LIMIT 0,10   [ RunTime:0.0011s ]
SQL: SHOW COLUMNS FROM `wx_express` [ RunTime:0.0051s ]
NOTIC: [2] Missing argument 1 for Think\Model::where(), called in E:\wamp\www\weChat\Application\Admin\Controller\OrderController.class.php on line 376 and defined E:\wamp\www\weChat\ThinkPHP\Library\Think\Model.class.php 第 1797 行.
NOTIC: [8] Undefined variable: where E:\wamp\www\weChat\ThinkPHP\Library\Think\Model.class.php 第 1805 行.
NOTIC: [8] Undefined variable: where E:\wamp\www\weChat\ThinkPHP\Library\Think\Model.class.php 第 1808 行.
NOTIC: [8] Undefined variable: where E:\wamp\www\weChat\ThinkPHP\Library\Think\Model.class.php 第 1816 行.
SQL: SELECT * FROM `wx_express`  [ RunTime:0.0006s ]
INFO: [ view_parse ] --START--
INFO: [ template_filter ] --START--
INFO: Run Behavior\ContentReplaceBehavior [ RunTime:0.000191s ]
INFO: [ template_filter ] --END-- [ RunTime:0.000424s ]
INFO: Run Behavior\ParseTemplateBehavior [ RunTime:0.200876s ]
INFO: [ view_parse ] --END-- [ RunTime:0.201056s ]
INFO: [ view_filter ] --START--
INFO: Run Behavior\WriteHtmlCacheBehavior [ RunTime:0.000638s ]
INFO: [ view_filter ] --END-- [ RunTime:0.000773s ]
INFO: [ app_end ] --START--
INFO: Run Behavior\ShowPageTraceBehavior [ RunTime:0.000818s ]
INFO: [ app_end ] --END-- [ RunTime:0.000935s ]

[ 2016-03-16T10:01:26+08:00 ] 127.0.0.1 /range/Order/ordeIssue
INFO: [ app_init ] --START--
INFO: Run Behavior\BuildLiteBehavior [ RunTime:0.000024s ]
INFO: [ app_init ] --END-- [ RunTime:0.000456s ]
INFO: [ app_begin ] --START--
INFO: Run Behavior\ReadHtmlCacheBehavior [ RunTime:0.001200s ]
INFO: [ app_begin ] --END-- [ RunTime:0.001379s ]
NOTIC: [2] Missing argument 1 for I(), called in E:\wamp\www\weChat\Application\Admin\Controller\OrderController.class.php on line 259 and defined E:\wamp\www\weChat\ThinkPHP\Common\functions.php 第 271 行.
NOTIC: [8] Undefined variable: name E:\wamp\www\weChat\ThinkPHP\Common\functions.php 第 273 行.
NOTIC: [8] Undefined variable: name E:\wamp\www\weChat\ThinkPHP\Common\functions.php 第 278 行.
NOTIC: [8] Undefined variable: name E:\wamp\www\weChat\ThinkPHP\Common\functions.php 第 339 行.
SQL: SHOW COLUMNS FROM `wx_order` [ RunTime:0.0057s ]
SQL: SELECT SUM(freight) AS tp_sum FROM `wx_order` WHERE `type` IN ('2','3','4') LIMIT 1   [ RunTime:0.0288s ]
SQL: SELECT AVG(freight) AS tp_avg FROM `wx_order` WHERE `type` IN ('2','3','4') LIMIT 1   [ RunTime:0.0006s ]
SQL: SELECT COUNT(*) AS tp_count FROM `wx_order` WHERE `type` IN ('2','3','4') LIMIT 1   [ RunTime:0.0004s ]
SQL: SELECT COUNT(*) AS tp_count FROM `wx_order` WHERE ( type=3 ) LIMIT 1   [ RunTime:0.0004s ]
SQL: SELECT COUNT(*) AS tp_count FROM `wx_order` WHERE ( type=4 ) LIMIT 1   [ RunTime:0.0004s ]
SQL: SELECT COUNT(*) AS tp_count FROM `wx_order` WHERE `type` IN ('2','3','4') LIMIT 1   [ RunTime:0.0004s ]
SQL: SELECT o.id,o.order,o.order_title,o.product_img,o.goods_id,o.product,o.size,o.consignee,o.mob,o.address,o.mey,o.guest,o.type,o.ip,o.countip,o.express,o.waybill,o.register,o.sendtime,wx_admin.name,wx_express.exp_name,o.freight,o.position,wx_bid_rule.rule_name,wx_bid_ressize.describe,wx_bid_resources.rsename,wx_bid_platform.platname FROM wx_order o INNER JOIN wx_admin ON o.uid = wx_admin.id INNER JOIN wx_express ON o.express = wx_express.id LEFT JOIN wx_bid_rule ON o.position = wx_bid_rule.rule_name LEFT JOIN wx_bid_ressize ON wx_bid_rule.size_id = wx_bid_ressize.id LEFT JOIN wx_bid_resources ON wx_bid_ressize.rsenid = wx_bid_resources.id LEFT JOIN wx_bid_platform ON wx_bid_resources.platform_id = wx_bid_platform.id  WHERE `type` IN ('2','3','4') ORDER BY o.sendtime desc LIMIT 0,10   [ RunTime:0.0019s ]
SQL: SHOW COLUMNS FROM `wx_gift_spec` [ RunTime:0.0048s ]
NOTIC: [2] Missing argument 1 for Think\Model::where(), called in E:\wamp\www\weChat\Application\Admin\Controller\OrderController.class.php on line 301 and defined E:\wamp\www\weChat\ThinkPHP\Library\Think\Model.class.php 第 1797 行.
NOTIC: [8] Undefined variable: where E:\wamp\www\weChat\ThinkPHP\Library\Think\Model.class.php 第 1805 行.
NOTIC: [8] Undefined variable: where E:\wamp\www\weChat\ThinkPHP\Library\Think\Model.class.php 第 1808 行.
NOTIC: [8] Undefined variable: where E:\wamp\www\weChat\ThinkPHP\Library\Think\Model.class.php 第 1816 行.
SQL: SELECT * FROM `wx_gift_spec`  [ RunTime:0.0004s ]
INFO: [ view_parse ] --START--
INFO: [ template_filter ] --START--
INFO: Run Behavior\ContentReplaceBehavior [ RunTime:0.000128s ]
INFO: [ template_filter ] --END-- [ RunTime:0.000258s ]
NOTIC: [8] Undefined index: paytype E:\wamp\www\weChat\Application\Runtime\Cache\Admin\924dde604e98ba3080917ffd22e0b529.php 第 119 行.
NOTIC: [8] Undefined index: paytype E:\wamp\www\weChat\Application\Runtime\Cache\Admin\924dde604e98ba3080917ffd22e0b529.php 第 119 行.
NOTIC: [8] Undefined index: paytype E:\wamp\www\weChat\Application\Runtime\Cache\Admin\924dde604e98ba3080917ffd22e0b529.php 第 119 行.
NOTIC: [8] Undefined index: paytype E:\wamp\www\weChat\Application\Runtime\Cache\Admin\924dde604e98ba3080917ffd22e0b529.php 第 119 行.
NOTIC: [8] Undefined index: paytype E:\wamp\www\weChat\Application\Runtime\Cache\Admin\924dde604e98ba3080917ffd22e0b529.php 第 119 行.
NOTIC: [8] Undefined index: paytype E:\wamp\www\weChat\Application\Runtime\Cache\Admin\924dde604e98ba3080917ffd22e0b529.php 第 119 行.
NOTIC: [8] Undefined index: paytype E:\wamp\www\weChat\Application\Runtime\Cache\Admin\924dde604e98ba3080917ffd22e0b529.php 第 119 行.
NOTIC: [8] Undefined index: paytype E:\wamp\www\weChat\Application\Runtime\Cache\Admin\924dde604e98ba3080917ffd22e0b529.php 第 119 行.
NOTIC: [8] Undefined index: paytype E:\wamp\www\weChat\Application\Runtime\Cache\Admin\924dde604e98ba3080917ffd22e0b529.php 第 119 行.
NOTIC: [8] Undefined index: paytype E:\wamp\www\weChat\Application\Runtime\Cache\Admin\924dde604e98ba3080917ffd22e0b529.php 第 119 行.
INFO: Run Behavior\ParseTemplateBehavior [ RunTime:0.200929s ]
INFO: [ view_parse ] --END-- [ RunTime:0.201103s ]
INFO: [ view_filter ] --START--
INFO: Run Behavior\WriteHtmlCacheBehavior [ RunTime:0.000527s ]
INFO: [ view_filter ] --END-- [ RunTime:0.000635s ]
INFO: [ app_end ] --START--
INFO: Run Behavior\ShowPageTraceBehavior [ RunTime:0.000714s ]
INFO: [ app_end ] --END-- [ RunTime:0.000821s ]

[ 2016-03-16T10:01:48+08:00 ] 127.0.0.1 /range/Order/ordeIssue
INFO: [ app_init ] --START--
INFO: Run Behavior\BuildLiteBehavior [ RunTime:0.000028s ]
INFO: [ app_init ] --END-- [ RunTime:0.000499s ]
INFO: [ app_begin ] --START--
INFO: Run Behavior\ReadHtmlCacheBehavior [ RunTime:0.000577s ]
INFO: [ app_begin ] --END-- [ RunTime:0.000718s ]
NOTIC: [2] Missing argument 1 for I(), called in E:\wamp\www\weChat\Application\Admin\Controller\OrderController.class.php on line 259 and defined E:\wamp\www\weChat\ThinkPHP\Common\functions.php 第 271 行.
NOTIC: [8] Undefined variable: name E:\wamp\www\weChat\ThinkPHP\Common\functions.php 第 273 行.
NOTIC: [8] Undefined variable: name E:\wamp\www\weChat\ThinkPHP\Common\functions.php 第 278 行.
NOTIC: [8] Undefined variable: name E:\wamp\www\weChat\ThinkPHP\Common\functions.php 第 339 行.
SQL: SHOW COLUMNS FROM `wx_order` [ RunTime:0.0466s ]
SQL: SELECT SUM(freight) AS tp_sum FROM `wx_order` WHERE `type` IN ('2','3','4') LIMIT 1   [ RunTime:0.0005s ]
SQL: SELECT AVG(freight) AS tp_avg FROM `wx_order` WHERE `type` IN ('2','3','4') LIMIT 1   [ RunTime:0.0004s ]
SQL: SELECT COUNT(*) AS tp_count FROM `wx_order` WHERE `type` IN ('2','3','4') LIMIT 1   [ RunTime:0.0005s ]
SQL: SELECT COUNT(*) AS tp_count FROM `wx_order` WHERE ( type=3 ) LIMIT 1   [ RunTime:0.0004s ]
SQL: SELECT COUNT(*) AS tp_count FROM `wx_order` WHERE ( type=4 ) LIMIT 1   [ RunTime:0.0004s ]
SQL: SELECT COUNT(*) AS tp_count FROM `wx_order` WHERE `type` IN ('2','3','4') LIMIT 1   [ RunTime:0.0004s ]
SQL: SELECT o.id,o.order,o.order_title,o.product_img,o.goods_id,o.product,o.size,o.consignee,o.mob,o.address,o.mey,o.guest,o.type,o.ip,o.countip,o.express,o.waybill,o.register,o.sendtime,wx_admin.name,wx_express.exp_name,o.freight,o.position,wx_bid_rule.rule_name,wx_bid_ressize.describe,wx_bid_resources.rsename,wx_bid_platform.platname FROM wx_order o INNER JOIN wx_admin ON o.uid = wx_admin.id INNER JOIN wx_express ON o.express = wx_express.id LEFT JOIN wx_bid_rule ON o.position = wx_bid_rule.rule_name LEFT JOIN wx_bid_ressize ON wx_bid_rule.size_id = wx_bid_ressize.id LEFT JOIN wx_bid_resources ON wx_bid_ressize.rsenid = wx_bid_resources.id LEFT JOIN wx_bid_platform ON wx_bid_resources.platform_id = wx_bid_platform.id  WHERE `type` IN ('2','3','4') ORDER BY o.sendtime desc LIMIT 0,10   [ RunTime:0.0019s ]
SQL: SHOW COLUMNS FROM `wx_gift_spec` [ RunTime:0.0444s ]
NOTIC: [2] Missing argument 1 for Think\Model::where(), called in E:\wamp\www\weChat\Application\Admin\Controller\OrderController.class.php on line 301 and defined E:\wamp\www\weChat\ThinkPHP\Library\Think\Model.class.php 第 1797 行.
NOTIC: [8] Undefined variable: where E:\wamp\www\weChat\ThinkPHP\Library\Think\Model.class.php 第 1805 行.
NOTIC: [8] Undefined variable: where E:\wamp\www\weChat\ThinkPHP\Library\Think\Model.class.php 第 1808 行.
NOTIC: [8] Undefined variable: where E:\wamp\www\weChat\ThinkPHP\Library\Think\Model.class.php 第 1816 行.
SQL: SELECT * FROM `wx_gift_spec`  [ RunTime:0.0003s ]
INFO: [ view_parse ] --START--
INFO: [ template_filter ] --START--
INFO: Run Behavior\ContentReplaceBehavior [ RunTime:0.000112s ]
INFO: [ template_filter ] --END-- [ RunTime:0.000224s ]
NOTIC: [8] Undefined index: paytype E:\wamp\www\weChat\Application\Runtime\Cache\Admin\924dde604e98ba3080917ffd22e0b529.php 第 119 行.

[ 2016-03-16T10:02:05+08:00 ] 127.0.0.1 /range/Order/orderlist
INFO: [ app_init ] --START--
INFO: Run Behavior\BuildLiteBehavior [ RunTime:0.000030s ]
INFO: [ app_init ] --END-- [ RunTime:0.000564s ]
INFO: [ app_begin ] --START--
INFO: Run Behavior\ReadHtmlCacheBehavior [ RunTime:0.000625s ]
INFO: [ app_begin ] --END-- [ RunTime:0.000761s ]
NOTIC: [2] Missing argument 1 for I(), called in E:\wamp\www\weChat\Application\Admin\Controller\OrderController.class.php on line 93 and defined E:\wamp\www\weChat\ThinkPHP\Common\functions.php 第 271 行.
NOTIC: [8] Undefined variable: name E:\wamp\www\weChat\ThinkPHP\Common\functions.php 第 273 行.
NOTIC: [8] Undefined variable: name E:\wamp\www\weChat\ThinkPHP\Common\functions.php 第 278 行.
NOTIC: [8] Undefined variable: name E:\wamp\www\weChat\ThinkPHP\Common\functions.php 第 339 行.
SQL: SHOW COLUMNS FROM `wx_order` [ RunTime:0.0063s ]
SQL: SELECT SUM(mey) AS tp_sum FROM `wx_order` WHERE `order` >= '1458057600' AND `type` <> 0 AND `paystate` <> 0 LIMIT 1   [ RunTime:0.0009s ]
SQL: SELECT AVG(mey) AS tp_avg FROM `wx_order` WHERE `order` >= '1458057600' AND `type` <> 0 AND `paystate` <> 0 LIMIT 1   [ RunTime:0.0007s ]
SQL: SELECT COUNT(*) AS tp_count FROM `wx_order` WHERE `order` >= '1458057600' AND `type` <> 0 AND `paystate` <> 0 LIMIT 1   [ RunTime:0.0006s ]
SQL: SELECT SUM(mey) AS tp_sum FROM `wx_order` WHERE `order` >= '1458057600' AND `paytype` = 0 AND `type` <> 0 LIMIT 1   [ RunTime:0.0006s ]
SQL: SELECT COUNT(*) AS tp_count FROM `wx_order` WHERE `order` >= '1458057600' AND `paytype` = 0 AND `type` <> 0 LIMIT 1   [ RunTime:0.0006s ]
SQL: SELECT SUM(mey) AS tp_sum FROM `wx_order` WHERE `order` >= '1458057600' AND `paytype` = 1 AND `paystate` = 1 LIMIT 1   [ RunTime:0.0004s ]
SQL: SELECT COUNT(*) AS tp_count FROM `wx_order` WHERE `order` >= '1458057600' AND `paytype` = 1 AND `paystate` = 1 LIMIT 1   [ RunTime:0.0006s ]
SQL: SELECT COUNT(*) AS tp_count FROM `wx_order` WHERE ( type=1 ) LIMIT 1   [ RunTime:0.0004s ]
SQL: SELECT wx_order.id,wx_order.goods_id,wx_order.order,wx_order.order_title,wx_order.type,wx_order.product_img,wx_order.product,wx_order.size,wx_order.consignee,wx_order.mob,wx_order.address,wx_order.mey,wx_order.paytype,wx_order.paystate,wx_order.guest,wx_order.ip,wx_order.countip,wx_order.position,wx_order.register,wx_bid_rule.rule_name,wx_bid_ressize.describe,wx_bid_resources.rsename,wx_bid_platform.platname FROM `wx_order` LEFT JOIN wx_bid_rule ON wx_order.position = wx_bid_rule.rule_name LEFT JOIN wx_bid_ressize ON wx_bid_rule.size_id = wx_bid_ressize.id LEFT JOIN wx_bid_resources ON wx_bid_ressize.rsenid = wx_bid_resources.id LEFT JOIN wx_bid_platform ON wx_bid_resources.platform_id = wx_bid_platform.id  WHERE ( wx_order.type=1 ) ORDER BY wx_order.id desc LIMIT 0,10   [ RunTime:0.0012s ]
SQL: SHOW COLUMNS FROM `wx_express` [ RunTime:0.0051s ]
NOTIC: [2] Missing argument 1 for Think\Model::where(), called in E:\wamp\www\weChat\Application\Admin\Controller\OrderController.class.php on line 141 and defined E:\wamp\www\weChat\ThinkPHP\Library\Think\Model.class.php 第 1797 行.
NOTIC: [8] Undefined variable: where E:\wamp\www\weChat\ThinkPHP\Library\Think\Model.class.php 第 1805 行.
NOTIC: [8] Undefined variable: where E:\wamp\www\weChat\ThinkPHP\Library\Think\Model.class.php 第 1808 行.
NOTIC: [8] Undefined variable: where E:\wamp\www\weChat\ThinkPHP\Library\Think\Model.class.php 第 1816 行.
SQL: SELECT * FROM `wx_express`  [ RunTime:0.0003s ]
INFO: [ view_parse ] --START--
INFO: [ template_filter ] --START--
INFO: Run Behavior\ContentReplaceBehavior [ RunTime:0.000155s ]
INFO: [ template_filter ] --END-- [ RunTime:0.000269s ]
INFO: Run Behavior\ParseTemplateBehavior [ RunTime:0.035312s ]
INFO: [ view_parse ] --END-- [ RunTime:0.035446s ]
INFO: [ view_filter ] --START--
INFO: Run Behavior\WriteHtmlCacheBehavior [ RunTime:0.000322s ]
INFO: [ view_filter ] --END-- [ RunTime:0.000456s ]
INFO: [ app_end ] --START--
INFO: Run Behavior\ShowPageTraceBehavior [ RunTime:0.000538s ]
INFO: [ app_end ] --END-- [ RunTime:0.000651s ]

[ 2016-03-16T10:02:08+08:00 ] 127.0.0.1 /range/Order/ordeIssue
INFO: [ app_init ] --START--
INFO: Run Behavior\BuildLiteBehavior [ RunTime:0.000024s ]
INFO: [ app_init ] --END-- [ RunTime:0.000485s ]
INFO: [ app_begin ] --START--
INFO: Run Behavior\ReadHtmlCacheBehavior [ RunTime:0.000541s ]
INFO: [ app_begin ] --END-- [ RunTime:0.000642s ]
NOTIC: [2] Missing argument 1 for I(), called in E:\wamp\www\weChat\Application\Admin\Controller\OrderController.class.php on line 259 and defined E:\wamp\www\weChat\ThinkPHP\Common\functions.php 第 271 行.
NOTIC: [8] Undefined variable: name E:\wamp\www\weChat\ThinkPHP\Common\functions.php 第 273 行.
NOTIC: [8] Undefined variable: name E:\wamp\www\weChat\ThinkPHP\Common\functions.php 第 278 行.
NOTIC: [8] Undefined variable: name E:\wamp\www\weChat\ThinkPHP\Common\functions.php 第 339 行.
SQL: SHOW COLUMNS FROM `wx_order` [ RunTime:0.0070s ]
SQL: SELECT SUM(freight) AS tp_sum FROM `wx_order` WHERE `type` IN ('2','3','4') LIMIT 1   [ RunTime:0.0006s ]
SQL: SELECT AVG(freight) AS tp_avg FROM `wx_order` WHERE `type` IN ('2','3','4') LIMIT 1   [ RunTime:0.0004s ]
SQL: SELECT COUNT(*) AS tp_count FROM `wx_order` WHERE `type` IN ('2','3','4') LIMIT 1   [ RunTime:0.0005s ]
SQL: SELECT COUNT(*) AS tp_count FROM `wx_order` WHERE ( type=3 ) LIMIT 1   [ RunTime:0.0004s ]
SQL: SELECT COUNT(*) AS tp_count FROM `wx_order` WHERE ( type=4 ) LIMIT 1   [ RunTime:0.0003s ]
SQL: SELECT COUNT(*) AS tp_count FROM `wx_order` WHERE `type` IN ('2','3','4') LIMIT 1   [ RunTime:0.0004s ]
SQL: SELECT o.id,o.order,o.order_title,o.product_img,o.goods_id,o.product,o.size,o.consignee,o.mob,o.address,o.mey,o.guest,o.type,o.ip,o.countip,o.express,o.waybill,o.register,o.sendtime,wx_admin.name,wx_express.exp_name,o.freight,o.position,wx_bid_rule.rule_name,wx_bid_ressize.describe,wx_bid_resources.rsename,wx_bid_platform.platname FROM wx_order o INNER JOIN wx_admin ON o.uid = wx_admin.id INNER JOIN wx_express ON o.express = wx_express.id LEFT JOIN wx_bid_rule ON o.position = wx_bid_rule.rule_name LEFT JOIN wx_bid_ressize ON wx_bid_rule.size_id = wx_bid_ressize.id LEFT JOIN wx_bid_resources ON wx_bid_ressize.rsenid = wx_bid_resources.id LEFT JOIN wx_bid_platform ON wx_bid_resources.platform_id = wx_bid_platform.id  WHERE `type` IN ('2','3','4') ORDER BY o.sendtime desc LIMIT 0,10   [ RunTime:0.0019s ]
SQL: SHOW COLUMNS FROM `wx_gift_spec` [ RunTime:0.0059s ]
NOTIC: [2] Missing argument 1 for Think\Model::where(), called in E:\wamp\www\weChat\Application\Admin\Controller\OrderController.class.php on line 301 and defined E:\wamp\www\weChat\ThinkPHP\Library\Think\Model.class.php 第 1797 行.
NOTIC: [8] Undefined variable: where E:\wamp\www\weChat\ThinkPHP\Library\Think\Model.class.php 第 1805 行.
NOTIC: [8] Undefined variable: where E:\wamp\www\weChat\ThinkPHP\Library\Think\Model.class.php 第 1808 行.
NOTIC: [8] Undefined variable: where E:\wamp\www\weChat\ThinkPHP\Library\Think\Model.class.php 第 1816 行.
SQL: SELECT * FROM `wx_gift_spec`  [ RunTime:0.0008s ]
INFO: [ view_parse ] --START--
INFO: [ template_filter ] --START--
INFO: Run Behavior\ContentReplaceBehavior [ RunTime:0.000122s ]
INFO: [ template_filter ] --END-- [ RunTime:0.000285s ]
NOTIC: [8] Undefined index: paytype E:\wamp\www\weChat\Application\Runtime\Cache\Admin\924dde604e98ba3080917ffd22e0b529.php 第 119 行.
NOTIC: [8] Undefined index: paytype E:\wamp\www\weChat\Application\Runtime\Cache\Admin\924dde604e98ba3080917ffd22e0b529.php 第 119 行.
NOTIC: [8] Undefined index: paytype E:\wamp\www\weChat\Application\Runtime\Cache\Admin\924dde604e98ba3080917ffd22e0b529.php 第 119 行.
NOTIC: [8] Undefined index: paytype E:\wamp\www\weChat\Application\Runtime\Cache\Admin\924dde604e98ba3080917ffd22e0b529.php 第 119 行.
NOTIC: [8] Undefined index: paytype E:\wamp\www\weChat\Application\Runtime\Cache\Admin\924dde604e98ba3080917ffd22e0b529.php 第 119 行.
NOTIC: [8] Undefined index: paytype E:\wamp\www\weChat\Application\Runtime\Cache\Admin\924dde604e98ba3080917ffd22e0b529.php 第 119 行.
NOTIC: [8] Undefined index: paytype E:\wamp\www\weChat\Application\Runtime\Cache\Admin\924dde604e98ba3080917ffd22e0b529.php 第 119 行.
NOTIC: [8] Undefined index: paytype E:\wamp\www\weChat\Application\Runtime\Cache\Admin\924dde604e98ba3080917ffd22e0b529.php 第 119 行.
NOTIC: [8] Undefined index: paytype E:\wamp\www\weChat\Application\Runtime\Cache\Admin\924dde604e98ba3080917ffd22e0b529.php 第 119 行.
NOTIC: [8] Undefined index: paytype E:\wamp\www\weChat\Application\Runtime\Cache\Admin\924dde604e98ba3080917ffd22e0b529.php 第 119 行.
INFO: Run Behavior\ParseTemplateBehavior [ RunTime:0.037239s ]
INFO: [ view_parse ] --END-- [ RunTime:0.037397s ]
INFO: [ view_filter ] --START--
INFO: Run Behavior\WriteHtmlCacheBehavior [ RunTime:0.000411s ]
INFO: [ view_filter ] --END-- [ RunTime:0.000513s ]
INFO: [ app_end ] --START--
INFO: Run Behavior\ShowPageTraceBehavior [ RunTime:0.000585s ]
INFO: [ app_end ] --END-- [ RunTime:0.000685s ]

[ 2016-03-16T10:03:03+08:00 ] 127.0.0.1 /range/Order/ordeIssue
INFO: [ app_init ] --START--
INFO: Run Behavior\BuildLiteBehavior [ RunTime:0.000046s ]
INFO: [ app_init ] --END-- [ RunTime:0.000937s ]
INFO: [ app_begin ] --START--
INFO: Run Behavior\ReadHtmlCacheBehavior [ RunTime:0.000642s ]
INFO: [ app_begin ] --END-- [ RunTime:0.000768s ]
NOTIC: [2] Missing argument 1 for I(), called in E:\wamp\www\weChat\Application\Admin\Controller\OrderController.class.php on line 259 and defined E:\wamp\www\weChat\ThinkPHP\Common\functions.php 第 271 行.
NOTIC: [8] Undefined variable: name E:\wamp\www\weChat\ThinkPHP\Common\functions.php 第 273 行.
NOTIC: [8] Undefined variable: name E:\wamp\www\weChat\ThinkPHP\Common\functions.php 第 278 行.
NOTIC: [8] Undefined variable: name E:\wamp\www\weChat\ThinkPHP\Common\functions.php 第 339 行.
SQL: SHOW COLUMNS FROM `wx_order` [ RunTime:0.0066s ]
SQL: SELECT SUM(freight) AS tp_sum FROM `wx_order` WHERE `type` IN ('2','3','4') LIMIT 1   [ RunTime:0.0005s ]
SQL: SELECT AVG(freight) AS tp_avg FROM `wx_order` WHERE `type` IN ('2','3','4') LIMIT 1   [ RunTime:0.0004s ]
SQL: SELECT COUNT(*) AS tp_count FROM `wx_order` WHERE `type` IN ('2','3','4') LIMIT 1   [ RunTime:0.0004s ]
SQL: SELECT COUNT(*) AS tp_count FROM `wx_order` WHERE ( type=3 ) LIMIT 1   [ RunTime:0.0004s ]
SQL: SELECT COUNT(*) AS tp_count FROM `wx_order` WHERE ( type=4 ) LIMIT 1   [ RunTime:0.0004s ]
SQL: SELECT COUNT(*) AS tp_count FROM `wx_order` WHERE `type` IN ('2','3','4') LIMIT 1   [ RunTime:0.0004s ]
SQL: SELECT o.id,o.order,o.order_title,o.product_img,o.goods_id,o.product,o.size,o.consignee,o.mob,o.address,o.mey,o.guest,o.type,o.ip,o.countip,o.express,o.waybill,o.register,o.sendtime,wx_admin.name,wx_express.exp_name,o.freight,o.position,wx_bid_rule.rule_name,wx_bid_ressize.describe,wx_bid_resources.rsename,wx_bid_platform.platname FROM wx_order o INNER JOIN wx_admin ON o.uid = wx_admin.id INNER JOIN wx_express ON o.express = wx_express.id LEFT JOIN wx_bid_rule ON o.position = wx_bid_rule.rule_name LEFT JOIN wx_bid_ressize ON wx_bid_rule.size_id = wx_bid_ressize.id LEFT JOIN wx_bid_resources ON wx_bid_ressize.rsenid = wx_bid_resources.id LEFT JOIN wx_bid_platform ON wx_bid_resources.platform_id = wx_bid_platform.id  WHERE `type` IN ('2','3','4') ORDER BY o.sendtime desc LIMIT 0,10   [ RunTime:0.0024s ]
SQL: SHOW COLUMNS FROM `wx_gift_spec` [ RunTime:0.0051s ]
NOTIC: [2] Missing argument 1 for Think\Model::where(), called in E:\wamp\www\weChat\Application\Admin\Controller\OrderController.class.php on line 301 and defined E:\wamp\www\weChat\ThinkPHP\Library\Think\Model.class.php 第 1797 行.
NOTIC: [8] Undefined variable: where E:\wamp\www\weChat\ThinkPHP\Library\Think\Model.class.php 第 1805 行.
NOTIC: [8] Undefined variable: where E:\wamp\www\weChat\ThinkPHP\Library\Think\Model.class.php 第 1808 行.
NOTIC: [8] Undefined variable: where E:\wamp\www\weChat\ThinkPHP\Library\Think\Model.class.php 第 1816 行.
SQL: SELECT * FROM `wx_gift_spec`  [ RunTime:0.0003s ]
INFO: [ view_parse ] --START--
INFO: [ template_filter ] --START--
INFO: Run Behavior\ContentReplaceBehavior [ RunTime:0.000122s ]
INFO: [ template_filter ] --END-- [ RunTime:0.000241s ]
NOTIC: [8] Undefined index: paytype E:\wamp\www\weChat\Application\Runtime\Cache\Admin\924dde604e98ba3080917ffd22e0b529.php 第 119 行.
NOTIC: [8] Undefined index: paytype E:\wamp\www\weChat\Application\Runtime\Cache\Admin\924dde604e98ba3080917ffd22e0b529.php 第 119 行.
NOTIC: [8] Undefined index: paytype E:\wamp\www\weChat\Application\Runtime\Cache\Admin\924dde604e98ba3080917ffd22e0b529.php 第 119 行.
NOTIC: [8] Undefined index: paytype E:\wamp\www\weChat\Application\Runtime\Cache\Admin\924dde604e98ba3080917ffd22e0b529.php 第 119 行.
NOTIC: [8] Undefined index: paytype E:\wamp\www\weChat\Application\Runtime\Cache\Admin\924dde604e98ba3080917ffd22e0b529.php 第 119 行.
NOTIC: [8] Undefined index: paytype E:\wamp\www\weChat\Application\Runtime\Cache\Admin\924dde604e98ba3080917ffd22e0b529.php 第 119 行.
NOTIC: [8] Undefined index: paytype E:\wamp\www\weChat\Application\Runtime\Cache\Admin\924dde604e98ba3080917ffd22e0b529.php 第 119 行.
NOTIC: [8] Undefined index: paytype E:\wamp\www\weChat\Application\Runtime\Cache\Admin\924dde604e98ba3080917ffd22e0b529.php 第 119 行.
NOTIC: [8] Undefined index: paytype E:\wamp\www\weChat\Application\Runtime\Cache\Admin\924dde604e98ba3080917ffd22e0b529.php 第 119 行.
NOTIC: [8] Undefined index: paytype E:\wamp\www\weChat\Application\Runtime\Cache\Admin\924dde604e98ba3080917ffd22e0b529.php 第 119 行.
INFO: Run Behavior\ParseTemplateBehavior [ RunTime:0.032115s ]
INFO: [ view_parse ] --END-- [ RunTime:0.032228s ]
INFO: [ view_filter ] --START--
INFO: Run Behavior\WriteHtmlCacheBehavior [ RunTime:0.000440s ]
INFO: [ view_filter ] --END-- [ RunTime:0.000538s ]
INFO: [ app_end ] --START--
INFO: Run Behavior\ShowPageTraceBehavior [ RunTime:0.000669s ]
INFO: [ app_end ] --END-- [ RunTime:0.000777s ]

[ 2016-03-16T10:03:04+08:00 ] 127.0.0.1 /range/Order/orderlist
INFO: [ app_init ] --START--
INFO: Run Behavior\BuildLiteBehavior [ RunTime:0.000050s ]
INFO: [ app_init ] --END-- [ RunTime:0.000735s ]
INFO: [ app_begin ] --START--
INFO: Run Behavior\ReadHtmlCacheBehavior [ RunTime:0.000966s ]
INFO: [ app_begin ] --END-- [ RunTime:0.001159s ]
NOTIC: [2] Missing argument 1 for I(), called in E:\wamp\www\weChat\Application\Admin\Controller\OrderController.class.php on line 93 and defined E:\wamp\www\weChat\ThinkPHP\Common\functions.php 第 271 行.
NOTIC: [8] Undefined variable: name E:\wamp\www\weChat\ThinkPHP\Common\functions.php 第 273 行.
NOTIC: [8] Undefined variable: name E:\wamp\www\weChat\ThinkPHP\Common\functions.php 第 278 行.
NOTIC: [8] Undefined variable: name E:\wamp\www\weChat\ThinkPHP\Common\functions.php 第 339 行.
SQL: SHOW COLUMNS FROM `wx_order` [ RunTime:0.0069s ]
SQL: SELECT SUM(mey) AS tp_sum FROM `wx_order` WHERE `order` >= '1458057600' AND `type` <> 0 AND `paystate` <> 0 LIMIT 1   [ RunTime:0.0007s ]
SQL: SELECT AVG(mey) AS tp_avg FROM `wx_order` WHERE `order` >= '1458057600' AND `type` <> 0 AND `paystate` <> 0 LIMIT 1   [ RunTime:0.0004s ]
SQL: SELECT COUNT(*) AS tp_count FROM `wx_order` WHERE `order` >= '1458057600' AND `type` <> 0 AND `paystate` <> 0 LIMIT 1   [ RunTime:0.0004s ]
SQL: SELECT SUM(mey) AS tp_sum FROM `wx_order` WHERE `order` >= '1458057600' AND `paytype` = 0 AND `type` <> 0 LIMIT 1   [ RunTime:0.0004s ]
SQL: SELECT COUNT(*) AS tp_count FROM `wx_order` WHERE `order` >= '1458057600' AND `paytype` = 0 AND `type` <> 0 LIMIT 1   [ RunTime:0.0006s ]
SQL: SELECT SUM(mey) AS tp_sum FROM `wx_order` WHERE `order` >= '1458057600' AND `paytype` = 1 AND `paystate` = 1 LIMIT 1   [ RunTime:0.0004s ]
SQL: SELECT COUNT(*) AS tp_count FROM `wx_order` WHERE `order` >= '1458057600' AND `paytype` = 1 AND `paystate` = 1 LIMIT 1   [ RunTime:0.0003s ]
SQL: SELECT COUNT(*) AS tp_count FROM `wx_order` WHERE ( type=1 ) LIMIT 1   [ RunTime:0.0003s ]
SQL: SELECT wx_order.id,wx_order.goods_id,wx_order.order,wx_order.order_title,wx_order.type,wx_order.product_img,wx_order.product,wx_order.size,wx_order.consignee,wx_order.mob,wx_order.address,wx_order.mey,wx_order.paytype,wx_order.paystate,wx_order.guest,wx_order.ip,wx_order.countip,wx_order.position,wx_order.register,wx_bid_rule.rule_name,wx_bid_ressize.describe,wx_bid_resources.rsename,wx_bid_platform.platname FROM `wx_order` LEFT JOIN wx_bid_rule ON wx_order.position = wx_bid_rule.rule_name LEFT JOIN wx_bid_ressize ON wx_bid_rule.size_id = wx_bid_ressize.id LEFT JOIN wx_bid_resources ON wx_bid_ressize.rsenid = wx_bid_resources.id LEFT JOIN wx_bid_platform ON wx_bid_resources.platform_id = wx_bid_platform.id  WHERE ( wx_order.type=1 ) ORDER BY wx_order.id desc LIMIT 0,10   [ RunTime:0.0011s ]
SQL: SHOW COLUMNS FROM `wx_express` [ RunTime:0.0065s ]
NOTIC: [2] Missing argument 1 for Think\Model::where(), called in E:\wamp\www\weChat\Application\Admin\Controller\OrderController.class.php on line 141 and defined E:\wamp\www\weChat\ThinkPHP\Library\Think\Model.class.php 第 1797 行.
NOTIC: [8] Undefined variable: where E:\wamp\www\weChat\ThinkPHP\Library\Think\Model.class.php 第 1805 行.
NOTIC: [8] Undefined variable: where E:\wamp\www\weChat\ThinkPHP\Library\Think\Model.class.php 第 1808 行.
NOTIC: [8] Undefined variable: where E:\wamp\www\weChat\ThinkPHP\Library\Think\Model.class.php 第 1816 行.
SQL: SELECT * FROM `wx_express`  [ RunTime:0.0004s ]
INFO: [ view_parse ] --START--
INFO: [ template_filter ] --START--
INFO: Run Behavior\ContentReplaceBehavior [ RunTime:0.000136s ]
INFO: [ template_filter ] --END-- [ RunTime:0.000252s ]
INFO: Run Behavior\ParseTemplateBehavior [ RunTime:0.036807s ]
INFO: [ view_parse ] --END-- [ RunTime:0.036971s ]
INFO: [ view_filter ] --START--
INFO: Run Behavior\WriteHtmlCacheBehavior [ RunTime:0.000358s ]
INFO: [ view_filter ] --END-- [ RunTime:0.000460s ]
INFO: [ app_end ] --START--
INFO: Run Behavior\ShowPageTraceBehavior [ RunTime:0.000546s ]
INFO: [ app_end ] --END-- [ RunTime:0.000652s ]

[ 2016-03-16T10:11:45+08:00 ] 127.0.0.1 /range/Index/index
INFO: [ app_init ] --START--
INFO: Run Behavior\BuildLiteBehavior [ RunTime:0.000034s ]
INFO: [ app_init ] --END-- [ RunTime:0.000521s ]
INFO: [ app_begin ] --START--
INFO: Run Behavior\ReadHtmlCacheBehavior [ RunTime:0.000594s ]
INFO: [ app_begin ] --END-- [ RunTime:0.000703s ]
INFO: [ view_parse ] --START--
INFO: [ template_filter ] --START--
INFO: Run Behavior\ContentReplaceBehavior [ RunTime:0.000081s ]
INFO: [ template_filter ] --END-- [ RunTime:0.000203s ]
INFO: Run Behavior\ParseTemplateBehavior [ RunTime:0.008003s ]
INFO: [ view_parse ] --END-- [ RunTime:0.008165s ]
INFO: [ view_filter ] --START--
INFO: Run Behavior\WriteHtmlCacheBehavior [ RunTime:0.000434s ]
INFO: [ view_filter ] --END-- [ RunTime:0.000534s ]
INFO: [ app_end ] --START--
INFO: Run Behavior\ShowPageTraceBehavior [ RunTime:0.000716s ]
INFO: [ app_end ] --END-- [ RunTime:0.000839s ]

[ 2016-03-16T10:11:45+08:00 ] 127.0.0.1 /range/Index/main
INFO: [ app_init ] --START--
INFO: Run Behavior\BuildLiteBehavior [ RunTime:0.000042s ]
INFO: [ app_init ] --END-- [ RunTime:0.000643s ]
INFO: [ app_begin ] --START--
INFO: Run Behavior\ReadHtmlCacheBehavior [ RunTime:0.000895s ]
INFO: [ app_begin ] --END-- [ RunTime:0.001133s ]
INFO: [ view_parse ] --START--
INFO: [ template_filter ] --START--
INFO: Run Behavior\ContentReplaceBehavior [ RunTime:0.000175s ]
INFO: [ template_filter ] --END-- [ RunTime:0.000385s ]
INFO: Run Behavior\ParseTemplateBehavior [ RunTime:0.026617s ]
INFO: [ view_parse ] --END-- [ RunTime:0.026843s ]
INFO: [ view_filter ] --START--
INFO: Run Behavior\WriteHtmlCacheBehavior [ RunTime:0.000602s ]
INFO: [ view_filter ] --END-- [ RunTime:0.000788s ]
INFO: [ app_end ] --START--
INFO: Run Behavior\ShowPageTraceBehavior [ RunTime:0.001159s ]
INFO: [ app_end ] --END-- [ RunTime:0.001349s ]

[ 2016-03-16T10:11:46+08:00 ] 127.0.0.1 /range/Index/menu
INFO: [ app_init ] --START--
INFO: Run Behavior\BuildLiteBehavior [ RunTime:0.000036s ]
INFO: [ app_init ] --END-- [ RunTime:0.000680s ]
INFO: [ app_begin ] --START--
INFO: Run Behavior\ReadHtmlCacheBehavior [ RunTime:0.001411s ]
INFO: [ app_begin ] --END-- [ RunTime:0.001622s ]
SQL: SHOW COLUMNS FROM `wx_grade` [ RunTime:0.0069s ]
NOTIC: [2] Missing argument 1 for Admin\Model\GradeModel::menu(), called in E:\wamp\www\weChat\Application\Admin\Controller\IndexController.class.php on line 31 and defined E:\wamp\www\weChat\Application\Admin\Model\GradeModel.class.php 第 46 行.
SQL: SHOW COLUMNS FROM `wx_menu` [ RunTime:0.0062s ]
SQL: SHOW COLUMNS FROM `wx_grade` [ RunTime:0.0049s ]
SQL: SELECT * FROM `wx_grade`  [ RunTime:0.0004s ]
NOTIC: [8] Undefined variable: val E:\wamp\www\weChat\Application\Admin\Model\GradeModel.class.php 第 50 行.
SQL: SELECT * FROM `wx_menu` WHERE ( id in(1,2,3,4,5,7,8,9,10,11,12,13,14,15,16,17,18,19,20,21,22,23,24) )  [ RunTime:0.0004s ]
NOTIC: [2] Missing argument 1 for Admin\Model\GradeModel::menu(), called in E:\wamp\www\weChat\Application\Admin\Controller\IndexController.class.php on line 32 and defined E:\wamp\www\weChat\Application\Admin\Model\GradeModel.class.php 第 46 行.
SQL: SELECT * FROM `wx_grade`  [ RunTime:0.0004s ]
NOTIC: [8] Undefined variable: val E:\wamp\www\weChat\Application\Admin\Model\GradeModel.class.php 第 50 行.
SQL: SELECT * FROM `wx_menu` WHERE ( id in(1,2,3,4,5,7,8,9,10,11,12,13,14,15,16,17,18,19,20,21,22,23,24) )  [ RunTime:0.0004s ]
INFO: [ view_parse ] --START--
INFO: [ template_filter ] --START--
INFO: Run Behavior\ContentReplaceBehavior [ RunTime:0.000133s ]
INFO: [ template_filter ] --END-- [ RunTime:0.000331s ]
INFO: Run Behavior\ParseTemplateBehavior [ RunTime:0.016423s ]
INFO: [ view_parse ] --END-- [ RunTime:0.016629s ]
INFO: [ view_filter ] --START--
INFO: Run Behavior\WriteHtmlCacheBehavior [ RunTime:0.000766s ]
INFO: [ view_filter ] --END-- [ RunTime:0.000967s ]
INFO: [ app_end ] --START--
INFO: Run Behavior\ShowPageTraceBehavior [ RunTime:0.001393s ]
INFO: [ app_end ] --END-- [ RunTime:0.001612s ]

[ 2016-03-16T10:11:46+08:00 ] 127.0.0.1 /range/Index/footer
INFO: [ app_init ] --START--
INFO: Run Behavior\BuildLiteBehavior [ RunTime:0.000058s ]
INFO: [ app_init ] --END-- [ RunTime:0.001348s ]
INFO: [ app_begin ] --START--
INFO: Run Behavior\ReadHtmlCacheBehavior [ RunTime:0.001564s ]
INFO: [ app_begin ] --END-- [ RunTime:0.001901s ]
INFO: [ view_parse ] --START--
INFO: [ template_filter ] --START--
INFO: Run Behavior\ContentReplaceBehavior [ RunTime:0.000237s ]
INFO: [ template_filter ] --END-- [ RunTime:0.000661s ]
NOTIC: [8] Undefined variable: name E:\wamp\www\weChat\Application\Runtime\Cache\Admin\adf494f91b9420db48742e5224208f84.php 第 61 行.
INFO: Run Behavior\ParseTemplateBehavior [ RunTime:0.028693s ]
INFO: [ view_parse ] --END-- [ RunTime:0.029105s ]
INFO: [ view_filter ] --START--
INFO: Run Behavior\WriteHtmlCacheBehavior [ RunTime:0.000892s ]
INFO: [ view_filter ] --END-- [ RunTime:0.001250s ]
INFO: [ app_end ] --START--
INFO: Run Behavior\ShowPageTraceBehavior [ RunTime:0.001705s ]
INFO: [ app_end ] --END-- [ RunTime:0.001962s ]

[ 2016-03-16T10:11:46+08:00 ] 127.0.0.1 /range/Index/head
INFO: [ app_init ] --START--
INFO: Run Behavior\BuildLiteBehavior [ RunTime:0.000043s ]
INFO: [ app_init ] --END-- [ RunTime:0.000802s ]
INFO: [ app_begin ] --START--
INFO: Run Behavior\ReadHtmlCacheBehavior [ RunTime:0.010982s ]
INFO: [ app_begin ] --END-- [ RunTime:0.013223s ]
INFO: [ view_parse ] --START--
INFO: [ template_filter ] --START--
INFO: Run Behavior\ContentReplaceBehavior [ RunTime:0.000082s ]
INFO: [ template_filter ] --END-- [ RunTime:0.000208s ]
INFO: Run Behavior\ParseTemplateBehavior [ RunTime:0.009825s ]
INFO: [ view_parse ] --END-- [ RunTime:0.010122s ]
INFO: [ view_filter ] --START--
INFO: Run Behavior\WriteHtmlCacheBehavior [ RunTime:0.002008s ]
INFO: [ view_filter ] --END-- [ RunTime:0.002844s ]
INFO: [ app_end ] --START--
INFO: Run Behavior\ShowPageTraceBehavior [ RunTime:0.000874s ]
INFO: [ app_end ] --END-- [ RunTime:0.000992s ]

[ 2016-03-16T11:17:08+08:00 ] 127.0.0.1 /range/Index/index
INFO: [ app_init ] --START--
INFO: Run Behavior\BuildLiteBehavior [ RunTime:0.000046s ]
INFO: [ app_init ] --END-- [ RunTime:0.000891s ]

[ 2016-03-16T11:17:10+08:00 ] 127.0.0.1 /range/Index/index
INFO: [ app_init ] --START--
INFO: Run Behavior\BuildLiteBehavior [ RunTime:0.000052s ]
INFO: [ app_init ] --END-- [ RunTime:0.001436s ]

[ 2016-03-16T11:17:42+08:00 ] 127.0.0.1 /range/Index/index
INFO: [ app_init ] --START--
INFO: Run Behavior\BuildLiteBehavior [ RunTime:0.000027s ]
INFO: [ app_init ] --END-- [ RunTime:0.000494s ]
INFO: [ app_begin ] --START--
INFO: Run Behavior\ReadHtmlCacheBehavior [ RunTime:0.001885s ]
INFO: [ app_begin ] --END-- [ RunTime:0.002109s ]
INFO: [ view_parse ] --START--
INFO: [ template_filter ] --START--
INFO: Run Behavior\ContentReplaceBehavior [ RunTime:0.000091s ]
INFO: [ template_filter ] --END-- [ RunTime:0.000248s ]
INFO: Run Behavior\ParseTemplateBehavior [ RunTime:0.007748s ]
INFO: [ view_parse ] --END-- [ RunTime:0.008047s ]
INFO: [ view_filter ] --START--
INFO: Run Behavior\WriteHtmlCacheBehavior [ RunTime:0.001241s ]
INFO: [ view_filter ] --END-- [ RunTime:0.001413s ]
INFO: [ app_end ] --START--
INFO: Run Behavior\ShowPageTraceBehavior [ RunTime:0.000726s ]
INFO: [ app_end ] --END-- [ RunTime:0.000824s ]

[ 2016-03-16T11:17:42+08:00 ] 127.0.0.1 /range/Index/head
INFO: [ app_init ] --START--
INFO: Run Behavior\BuildLiteBehavior [ RunTime:0.000040s ]
INFO: [ app_init ] --END-- [ RunTime:0.000686s ]
INFO: [ app_begin ] --START--
INFO: Run Behavior\ReadHtmlCacheBehavior [ RunTime:0.000995s ]
INFO: [ app_begin ] --END-- [ RunTime:0.001192s ]
INFO: [ view_parse ] --START--
INFO: [ template_filter ] --START--
INFO: Run Behavior\ContentReplaceBehavior [ RunTime:0.000130s ]
INFO: [ template_filter ] --END-- [ RunTime:0.000323s ]
INFO: Run Behavior\ParseTemplateBehavior [ RunTime:0.015192s ]
INFO: [ view_parse ] --END-- [ RunTime:0.015368s ]
INFO: [ view_filter ] --START--
INFO: Run Behavior\WriteHtmlCacheBehavior [ RunTime:0.000419s ]
INFO: [ view_filter ] --END-- [ RunTime:0.000575s ]
INFO: [ app_end ] --START--
INFO: Run Behavior\ShowPageTraceBehavior [ RunTime:0.000739s ]
INFO: [ app_end ] --END-- [ RunTime:0.000917s ]

[ 2016-03-16T11:17:42+08:00 ] 127.0.0.1 /range/Index/main
INFO: [ app_init ] --START--
INFO: Run Behavior\BuildLiteBehavior [ RunTime:0.000043s ]
INFO: [ app_init ] --END-- [ RunTime:0.000730s ]
INFO: [ app_begin ] --START--
INFO: Run Behavior\ReadHtmlCacheBehavior [ RunTime:0.001302s ]
INFO: [ app_begin ] --END-- [ RunTime:0.001503s ]
INFO: [ view_parse ] --START--
INFO: [ template_filter ] --START--
INFO: Run Behavior\ContentReplaceBehavior [ RunTime:0.000106s ]
INFO: [ template_filter ] --END-- [ RunTime:0.000245s ]
INFO: Run Behavior\ParseTemplateBehavior [ RunTime:0.018328s ]
INFO: [ view_parse ] --END-- [ RunTime:0.018503s ]
INFO: [ view_filter ] --START--
INFO: Run Behavior\WriteHtmlCacheBehavior [ RunTime:0.000644s ]
INFO: [ view_filter ] --END-- [ RunTime:0.000748s ]
INFO: [ app_end ] --START--
INFO: Run Behavior\ShowPageTraceBehavior [ RunTime:0.000802s ]
INFO: [ app_end ] --END-- [ RunTime:0.000903s ]

[ 2016-03-16T11:17:42+08:00 ] 127.0.0.1 /range/Index/footer
INFO: [ app_init ] --START--
INFO: Run Behavior\BuildLiteBehavior [ RunTime:0.000106s ]
INFO: [ app_init ] --END-- [ RunTime:0.004112s ]
INFO: [ app_begin ] --START--
INFO: Run Behavior\ReadHtmlCacheBehavior [ RunTime:0.001802s ]
INFO: [ app_begin ] --END-- [ RunTime:0.002036s ]
INFO: [ view_parse ] --START--
INFO: [ template_filter ] --START--
INFO: Run Behavior\ContentReplaceBehavior [ RunTime:0.000081s ]
INFO: [ template_filter ] --END-- [ RunTime:0.000211s ]
NOTIC: [8] Undefined variable: name E:\wamp\www\weChat\Application\Runtime\Cache\Admin\adf494f91b9420db48742e5224208f84.php 第 61 行.
INFO: Run Behavior\ParseTemplateBehavior [ RunTime:0.012956s ]
INFO: [ view_parse ] --END-- [ RunTime:0.013160s ]
INFO: [ view_filter ] --START--
INFO: Run Behavior\WriteHtmlCacheBehavior [ RunTime:0.001612s ]
INFO: [ view_filter ] --END-- [ RunTime:0.006155s ]
INFO: [ app_end ] --START--
INFO: Run Behavior\ShowPageTraceBehavior [ RunTime:0.001194s ]
INFO: [ app_end ] --END-- [ RunTime:0.001350s ]

[ 2016-03-16T11:17:42+08:00 ] 127.0.0.1 /range/Index/menu
INFO: [ app_init ] --START--
INFO: Run Behavior\BuildLiteBehavior [ RunTime:0.000037s ]
INFO: [ app_init ] --END-- [ RunTime:0.000723s ]
INFO: [ app_begin ] --START--
INFO: Run Behavior\ReadHtmlCacheBehavior [ RunTime:0.000770s ]
INFO: [ app_begin ] --END-- [ RunTime:0.000894s ]
SQL: SHOW COLUMNS FROM `wx_grade` [ RunTime:0.1437s ]
NOTIC: [2] Missing argument 1 for Admin\Model\GradeModel::menu(), called in E:\wamp\www\weChat\Application\Admin\Controller\IndexController.class.php on line 31 and defined E:\wamp\www\weChat\Application\Admin\Model\GradeModel.class.php 第 46 行.
SQL: SHOW COLUMNS FROM `wx_menu` [ RunTime:0.1507s ]
SQL: SHOW COLUMNS FROM `wx_grade` [ RunTime:0.0882s ]
SQL: SELECT * FROM `wx_grade`  [ RunTime:0.0005s ]
NOTIC: [8] Undefined variable: val E:\wamp\www\weChat\Application\Admin\Model\GradeModel.class.php 第 50 行.
SQL: SELECT * FROM `wx_menu` WHERE ( id in(1,2,3,4,5,7,8,9,10,11,12,13,14,15,16,17,18,19,20,21,22,23,24) )  [ RunTime:0.0005s ]
NOTIC: [2] Missing argument 1 for Admin\Model\GradeModel::menu(), called in E:\wamp\www\weChat\Application\Admin\Controller\IndexController.class.php on line 32 and defined E:\wamp\www\weChat\Application\Admin\Model\GradeModel.class.php 第 46 行.
SQL: SELECT * FROM `wx_grade`  [ RunTime:0.0003s ]
NOTIC: [8] Undefined variable: val E:\wamp\www\weChat\Application\Admin\Model\GradeModel.class.php 第 50 行.
SQL: SELECT * FROM `wx_menu` WHERE ( id in(1,2,3,4,5,7,8,9,10,11,12,13,14,15,16,17,18,19,20,21,22,23,24) )  [ RunTime:0.0003s ]
INFO: [ view_parse ] --START--
INFO: [ template_filter ] --START--
INFO: Run Behavior\ContentReplaceBehavior [ RunTime:0.000084s ]
INFO: [ template_filter ] --END-- [ RunTime:0.000224s ]
INFO: Run Behavior\ParseTemplateBehavior [ RunTime:0.013197s ]
INFO: [ view_parse ] --END-- [ RunTime:0.013330s ]
INFO: [ view_filter ] --START--
INFO: Run Behavior\WriteHtmlCacheBehavior [ RunTime:0.000441s ]
INFO: [ view_filter ] --END-- [ RunTime:0.000542s ]
INFO: [ app_end ] --START--
INFO: Run Behavior\ShowPageTraceBehavior [ RunTime:0.000673s ]
INFO: [ app_end ] --END-- [ RunTime:0.000796s ]

[ 2016-03-16T11:17:43+08:00 ] 127.0.0.1 /range/Order/orderlist
INFO: [ app_init ] --START--
INFO: Run Behavior\BuildLiteBehavior [ RunTime:0.000032s ]
INFO: [ app_init ] --END-- [ RunTime:0.000603s ]
INFO: [ app_begin ] --START--
INFO: Run Behavior\ReadHtmlCacheBehavior [ RunTime:0.000984s ]
INFO: [ app_begin ] --END-- [ RunTime:0.001126s ]
NOTIC: [2] Missing argument 1 for I(), called in E:\wamp\www\weChat\Application\Admin\Controller\OrderController.class.php on line 93 and defined E:\wamp\www\weChat\ThinkPHP\Common\functions.php 第 271 行.
NOTIC: [8] Undefined variable: name E:\wamp\www\weChat\ThinkPHP\Common\functions.php 第 273 行.
NOTIC: [8] Undefined variable: name E:\wamp\www\weChat\ThinkPHP\Common\functions.php 第 278 行.
NOTIC: [8] Undefined variable: name E:\wamp\www\weChat\ThinkPHP\Common\functions.php 第 339 行.
SQL: SHOW COLUMNS FROM `wx_order` [ RunTime:0.0146s ]
SQL: SELECT SUM(mey) AS tp_sum FROM `wx_order` WHERE `order` >= '1458057600' AND `type` <> 0 AND `paystate` <> 0 LIMIT 1   [ RunTime:0.0008s ]
SQL: SELECT AVG(mey) AS tp_avg FROM `wx_order` WHERE `order` >= '1458057600' AND `type` <> 0 AND `paystate` <> 0 LIMIT 1   [ RunTime:0.0006s ]
SQL: SELECT COUNT(*) AS tp_count FROM `wx_order` WHERE `order` >= '1458057600' AND `type` <> 0 AND `paystate` <> 0 LIMIT 1   [ RunTime:0.0006s ]
SQL: SELECT SUM(mey) AS tp_sum FROM `wx_order` WHERE `order` >= '1458057600' AND `paytype` = 0 AND `type` <> 0 LIMIT 1   [ RunTime:0.0006s ]
SQL: SELECT COUNT(*) AS tp_count FROM `wx_order` WHERE `order` >= '1458057600' AND `paytype` = 0 AND `type` <> 0 LIMIT 1   [ RunTime:0.0005s ]
SQL: SELECT SUM(mey) AS tp_sum FROM `wx_order` WHERE `order` >= '1458057600' AND `paytype` = 1 AND `paystate` = 1 LIMIT 1   [ RunTime:0.0005s ]
SQL: SELECT COUNT(*) AS tp_count FROM `wx_order` WHERE `order` >= '1458057600' AND `paytype` = 1 AND `paystate` = 1 LIMIT 1   [ RunTime:0.0005s ]
SQL: SELECT COUNT(*) AS tp_count FROM `wx_order` WHERE ( type=1 ) LIMIT 1   [ RunTime:0.0004s ]
SQL: SELECT wx_order.id,wx_order.goods_id,wx_order.order,wx_order.order_title,wx_order.type,wx_order.product_img,wx_order.product,wx_order.size,wx_order.consignee,wx_order.mob,wx_order.address,wx_order.mey,wx_order.paytype,wx_order.paystate,wx_order.guest,wx_order.ip,wx_order.countip,wx_order.position,wx_order.register,wx_bid_rule.rule_name,wx_bid_ressize.describe,wx_bid_resources.rsename,wx_bid_platform.platname FROM `wx_order` LEFT JOIN wx_bid_rule ON wx_order.position = wx_bid_rule.rule_name LEFT JOIN wx_bid_ressize ON wx_bid_rule.size_id = wx_bid_ressize.id LEFT JOIN wx_bid_resources ON wx_bid_ressize.rsenid = wx_bid_resources.id LEFT JOIN wx_bid_platform ON wx_bid_resources.platform_id = wx_bid_platform.id  WHERE ( wx_order.type=1 ) ORDER BY wx_order.id desc LIMIT 0,10   [ RunTime:0.0028s ]
SQL: SHOW COLUMNS FROM `wx_express` [ RunTime:0.0061s ]
NOTIC: [2] Missing argument 1 for Think\Model::where(), called in E:\wamp\www\weChat\Application\Admin\Controller\OrderController.class.php on line 141 and defined E:\wamp\www\weChat\ThinkPHP\Library\Think\Model.class.php 第 1797 行.
NOTIC: [8] Undefined variable: where E:\wamp\www\weChat\ThinkPHP\Library\Think\Model.class.php 第 1805 行.
NOTIC: [8] Undefined variable: where E:\wamp\www\weChat\ThinkPHP\Library\Think\Model.class.php 第 1808 行.
NOTIC: [8] Undefined variable: where E:\wamp\www\weChat\ThinkPHP\Library\Think\Model.class.php 第 1816 行.
SQL: SELECT * FROM `wx_express`  [ RunTime:0.0005s ]
INFO: [ view_parse ] --START--
INFO: [ template_filter ] --START--
INFO: Run Behavior\ContentReplaceBehavior [ RunTime:0.000209s ]
INFO: [ template_filter ] --END-- [ RunTime:0.000565s ]
INFO: Run Behavior\ParseTemplateBehavior [ RunTime:0.044342s ]
INFO: [ view_parse ] --END-- [ RunTime:0.044472s ]
INFO: [ view_filter ] --START--
INFO: Run Behavior\WriteHtmlCacheBehavior [ RunTime:0.000672s ]
INFO: [ view_filter ] --END-- [ RunTime:0.000778s ]
INFO: [ app_end ] --START--
INFO: Run Behavior\ShowPageTraceBehavior [ RunTime:0.000834s ]
INFO: [ app_end ] --END-- [ RunTime:0.000956s ]

[ 2016-03-16T11:17:45+08:00 ] 127.0.0.1 /range/Order/ordeIssue
INFO: [ app_init ] --START--
INFO: Run Behavior\BuildLiteBehavior [ RunTime:0.000044s ]
INFO: [ app_init ] --END-- [ RunTime:0.000750s ]
INFO: [ app_begin ] --START--
INFO: Run Behavior\ReadHtmlCacheBehavior [ RunTime:0.001654s ]
INFO: [ app_begin ] --END-- [ RunTime:0.002020s ]
NOTIC: [2] Missing argument 1 for I(), called in E:\wamp\www\weChat\Application\Admin\Controller\OrderController.class.php on line 259 and defined E:\wamp\www\weChat\ThinkPHP\Common\functions.php 第 271 行.
NOTIC: [8] Undefined variable: name E:\wamp\www\weChat\ThinkPHP\Common\functions.php 第 273 行.
NOTIC: [8] Undefined variable: name E:\wamp\www\weChat\ThinkPHP\Common\functions.php 第 278 行.
NOTIC: [8] Undefined variable: name E:\wamp\www\weChat\ThinkPHP\Common\functions.php 第 339 行.
SQL: SHOW COLUMNS FROM `wx_order` [ RunTime:0.0096s ]
SQL: SELECT SUM(freight) AS tp_sum FROM `wx_order` WHERE `type` IN ('2','3','4') LIMIT 1   [ RunTime:0.0012s ]
SQL: SELECT AVG(freight) AS tp_avg FROM `wx_order` WHERE `type` IN ('2','3','4') LIMIT 1   [ RunTime:0.0006s ]
SQL: SELECT COUNT(*) AS tp_count FROM `wx_order` WHERE `type` IN ('2','3','4') LIMIT 1   [ RunTime:0.0006s ]
SQL: SELECT COUNT(*) AS tp_count FROM `wx_order` WHERE ( type=3 ) LIMIT 1   [ RunTime:0.0006s ]
SQL: SELECT COUNT(*) AS tp_count FROM `wx_order` WHERE ( type=4 ) LIMIT 1   [ RunTime:0.0008s ]
SQL: SELECT COUNT(*) AS tp_count FROM `wx_order` WHERE `type` IN ('2','3','4') LIMIT 1   [ RunTime:0.0006s ]
SQL: SELECT o.id,o.order,o.order_title,o.product_img,o.goods_id,o.product,o.size,o.consignee,o.mob,o.address,o.mey,o.guest,o.type,o.ip,o.countip,o.express,o.waybill,o.register,o.sendtime,wx_admin.name,wx_express.exp_name,o.freight,o.position,wx_bid_rule.rule_name,wx_bid_ressize.describe,wx_bid_resources.rsename,wx_bid_platform.platname FROM wx_order o INNER JOIN wx_admin ON o.uid = wx_admin.id INNER JOIN wx_express ON o.express = wx_express.id LEFT JOIN wx_bid_rule ON o.position = wx_bid_rule.rule_name LEFT JOIN wx_bid_ressize ON wx_bid_rule.size_id = wx_bid_ressize.id LEFT JOIN wx_bid_resources ON wx_bid_ressize.rsenid = wx_bid_resources.id LEFT JOIN wx_bid_platform ON wx_bid_resources.platform_id = wx_bid_platform.id  WHERE `type` IN ('2','3','4') ORDER BY o.sendtime desc LIMIT 0,10   [ RunTime:0.0030s ]
SQL: SHOW COLUMNS FROM `wx_gift_spec` [ RunTime:0.0079s ]
NOTIC: [2] Missing argument 1 for Think\Model::where(), called in E:\wamp\www\weChat\Application\Admin\Controller\OrderController.class.php on line 301 and defined E:\wamp\www\weChat\ThinkPHP\Library\Think\Model.class.php 第 1797 行.
NOTIC: [8] Undefined variable: where E:\wamp\www\weChat\ThinkPHP\Library\Think\Model.class.php 第 1805 行.
NOTIC: [8] Undefined variable: where E:\wamp\www\weChat\ThinkPHP\Library\Think\Model.class.php 第 1808 行.
NOTIC: [8] Undefined variable: where E:\wamp\www\weChat\ThinkPHP\Library\Think\Model.class.php 第 1816 行.
SQL: SELECT * FROM `wx_gift_spec`  [ RunTime:0.0004s ]
INFO: [ view_parse ] --START--
INFO: [ template_filter ] --START--
INFO: Run Behavior\ContentReplaceBehavior [ RunTime:0.000273s ]
INFO: [ template_filter ] --END-- [ RunTime:0.000559s ]
NOTIC: [8] Undefined index: paytype E:\wamp\www\weChat\Application\Runtime\Cache\Admin\924dde604e98ba3080917ffd22e0b529.php 第 119 行.
NOTIC: [8] Undefined index: paytype E:\wamp\www\weChat\Application\Runtime\Cache\Admin\924dde604e98ba3080917ffd22e0b529.php 第 119 行.
NOTIC: [8] Undefined index: paytype E:\wamp\www\weChat\Application\Runtime\Cache\Admin\924dde604e98ba3080917ffd22e0b529.php 第 119 行.
NOTIC: [8] Undefined index: paytype E:\wamp\www\weChat\Application\Runtime\Cache\Admin\924dde604e98ba3080917ffd22e0b529.php 第 119 行.
NOTIC: [8] Undefined index: paytype E:\wamp\www\weChat\Application\Runtime\Cache\Admin\924dde604e98ba3080917ffd22e0b529.php 第 119 行.
NOTIC: [8] Undefined index: paytype E:\wamp\www\weChat\Application\Runtime\Cache\Admin\924dde604e98ba3080917ffd22e0b529.php 第 119 行.
NOTIC: [8] Undefined index: paytype E:\wamp\www\weChat\Application\Runtime\Cache\Admin\924dde604e98ba3080917ffd22e0b529.php 第 119 行.
NOTIC: [8] Undefined index: paytype E:\wamp\www\weChat\Application\Runtime\Cache\Admin\924dde604e98ba3080917ffd22e0b529.php 第 119 行.
NOTIC: [8] Undefined index: paytype E:\wamp\www\weChat\Application\Runtime\Cache\Admin\924dde604e98ba3080917ffd22e0b529.php 第 119 行.
NOTIC: [8] Undefined index: paytype E:\wamp\www\weChat\Application\Runtime\Cache\Admin\924dde604e98ba3080917ffd22e0b529.php 第 119 行.
INFO: Run Behavior\ParseTemplateBehavior [ RunTime:0.061334s ]
INFO: [ view_parse ] --END-- [ RunTime:0.061537s ]
INFO: [ view_filter ] --START--
INFO: Run Behavior\WriteHtmlCacheBehavior [ RunTime:0.003293s ]
INFO: [ view_filter ] --END-- [ RunTime:0.003582s ]
INFO: [ app_end ] --START--
INFO: Run Behavior\ShowPageTraceBehavior [ RunTime:0.002017s ]
INFO: [ app_end ] --END-- [ RunTime:0.002319s ]

