[ 2016-03-26T15:24:50+08:00 ] 127.0.0.1 /mall.php/mall/cart
INFO: [ app_init ] --START--
INFO: Run Behavior\BuildLiteBehavior [ RunTime:0.000041s ]
INFO: [ app_init ] --END-- [ RunTime:0.000732s ]
INFO: [ app_begin ] --START--
INFO: Run Behavior\ReadHtmlCacheBehavior [ RunTime:0.000700s ]
INFO: [ app_begin ] --END-- [ RunTime:0.000862s ]
SQL: SHOW COLUMNS FROM `wx_goods` [ RunTime:0.0064s ]
INFO: [ view_parse ] --START--
INFO: [ template_filter ] --START--
INFO: Run Behavior\ContentReplaceBehavior [ RunTime:0.000187s ]
INFO: [ template_filter ] --END-- [ RunTime:0.000308s ]
INFO: Run Behavior\ParseTemplateBehavior [ RunTime:0.012627s ]
INFO: [ view_parse ] --END-- [ RunTime:0.012770s ]
INFO: [ view_filter ] --START--
INFO: Run Behavior\WriteHtmlCacheBehavior [ RunTime:0.000520s ]
INFO: [ view_filter ] --END-- [ RunTime:0.000657s ]
INFO: [ app_end ] --START--
INFO: Run Behavior\ShowPageTraceBehavior [ RunTime:0.001609s ]
INFO: [ app_end ] --END-- [ RunTime:0.001890s ]

[ 2016-03-26T15:24:50+08:00 ] 127.0.0.1 /mall.php/mall/cart_files/700x700.2cef3bc83fa59316b264a63614e3713d.100x100.jpg
INFO: [ app_init ] --START--
INFO: Run Behavior\BuildLiteBehavior [ RunTime:0.000044s ]
INFO: [ app_init ] --END-- [ RunTime:0.000718s ]

[ 2016-03-26T15:24:50+08:00 ] 127.0.0.1 /mall.php/mall/cart_files/700x700.9d6349030cafa4a5cca9ddb2a1437f9b.180x180.jpg.webp
INFO: [ app_init ] --START--
INFO: Run Behavior\BuildLiteBehavior [ RunTime:0.000041s ]
INFO: [ app_init ] --END-- [ RunTime:0.000983s ]
INFO: [ app_begin ] --START--
INFO: Run Behavior\ReadHtmlCacheBehavior [ RunTime:0.001058s ]
INFO: [ app_begin ] --END-- [ RunTime:0.001279s ]
ERR: 无法加载控制器:Cart_files

[ 2016-03-26T15:24:50+08:00 ] 127.0.0.1 /mall.php/mall/cart_files/700x700.f584212a5e8dc5b76d729eae19f9722d.180x180.jpg.webp
INFO: [ app_init ] --START--
INFO: Run Behavior\BuildLiteBehavior [ RunTime:0.000038s ]
INFO: [ app_init ] --END-- [ RunTime:0.000680s ]
INFO: [ app_begin ] --START--
INFO: Run Behavior\ReadHtmlCacheBehavior [ RunTime:0.001002s ]
INFO: [ app_begin ] --END-- [ RunTime:0.001209s ]
ERR: 无法加载控制器:Cart_files

[ 2016-03-26T15:24:50+08:00 ] 127.0.0.1 /mall.php/mall/cart_files/700x700.3db892ef3225a9a2f6254f1a800c7be2.180x180.jpg.webp
INFO: [ app_init ] --START--
INFO: Run Behavior\BuildLiteBehavior [ RunTime:0.000047s ]
INFO: [ app_init ] --END-- [ RunTime:0.001671s ]
INFO: [ app_begin ] --START--
INFO: Run Behavior\ReadHtmlCacheBehavior [ RunTime:0.000909s ]
INFO: [ app_begin ] --END-- [ RunTime:0.001106s ]
ERR: 无法加载控制器:Cart_files

[ 2016-03-26T15:24:50+08:00 ] 127.0.0.1 /mall.php/mall/cart_files/700x700.17c15680e1db222ab0f5aa4c860ecc11.180x180.jpg.webp
INFO: [ app_init ] --START--
INFO: Run Behavior\BuildLiteBehavior [ RunTime:0.000043s ]
INFO: [ app_init ] --END-- [ RunTime:0.000667s ]
INFO: [ app_begin ] --START--
INFO: Run Behavior\ReadHtmlCacheBehavior [ RunTime:0.000771s ]
INFO: [ app_begin ] --END-- [ RunTime:0.000956s ]
ERR: 无法加载控制器:Cart_files

[ 2016-03-26T15:24:50+08:00 ] 127.0.0.1 /mall.php/mall/cart_files/700x700.a48e1449a4a0915a21c41704c587d0d7.180x180.jpg.webp
INFO: [ app_init ] --START--
INFO: Run Behavior\BuildLiteBehavior [ RunTime:0.000038s ]
INFO: [ app_init ] --END-- [ RunTime:0.000635s ]
INFO: [ app_begin ] --START--
INFO: Run Behavior\ReadHtmlCacheBehavior [ RunTime:0.000930s ]
INFO: [ app_begin ] --END-- [ RunTime:0.001151s ]
ERR: 无法加载控制器:Cart_files

[ 2016-03-26T15:24:50+08:00 ] 127.0.0.1 /mall.php/mall/cart_files/700x700.9b66fc02b599c13f0bd01f1eaa64895b.180x180.jpg.webp
INFO: [ app_init ] --START--
INFO: Run Behavior\BuildLiteBehavior [ RunTime:0.000104s ]
INFO: [ app_init ] --END-- [ RunTime:0.017825s ]
INFO: [ app_begin ] --START--
INFO: Run Behavior\ReadHtmlCacheBehavior [ RunTime:0.000749s ]
INFO: [ app_begin ] --END-- [ RunTime:0.000956s ]
ERR: 无法加载控制器:Cart_files

[ 2016-03-26T15:24:50+08:00 ] 127.0.0.1 /mall.php/mall/cart_files/700x700.2808cf14b34a44a4438dc407447374fa.180x180.jpg.webp
INFO: [ app_init ] --START--
INFO: Run Behavior\BuildLiteBehavior [ RunTime:0.000037s ]
INFO: [ app_init ] --END-- [ RunTime:0.000619s ]
INFO: [ app_begin ] --START--
INFO: Run Behavior\ReadHtmlCacheBehavior [ RunTime:0.000779s ]
INFO: [ app_begin ] --END-- [ RunTime:0.000970s ]
ERR: 无法加载控制器:Cart_files

[ 2016-03-26T15:24:50+08:00 ] 127.0.0.1 /mall.php/mall/cart_files/700x700.774c509fef2e54003f52346246d2b94d.180x180.jpg.webp
INFO: [ app_init ] --START--
INFO: Run Behavior\BuildLiteBehavior [ RunTime:0.000071s ]
INFO: [ app_init ] --END-- [ RunTime:0.002423s ]
INFO: [ app_begin ] --START--
INFO: Run Behavior\ReadHtmlCacheBehavior [ RunTime:0.000850s ]
INFO: [ app_begin ] --END-- [ RunTime:0.001069s ]
ERR: 无法加载控制器:Cart_files

[ 2016-03-26T15:24:50+08:00 ] 127.0.0.1 /mall.php/mall/cart_files/700x700.534bd5ab74d23eede10fd1a83fb195f4.180x180.jpg.webp
INFO: [ app_init ] --START--
INFO: Run Behavior\BuildLiteBehavior [ RunTime:0.000042s ]
INFO: [ app_init ] --END-- [ RunTime:0.000669s ]
INFO: [ app_begin ] --START--
INFO: Run Behavior\ReadHtmlCacheBehavior [ RunTime:0.000859s ]
INFO: [ app_begin ] --END-- [ RunTime:0.001076s ]
ERR: 无法加载控制器:Cart_files

[ 2016-03-26T15:24:50+08:00 ] 127.0.0.1 /mall.php/mall/cart_files/700x700.de685c6c6cf138e652ffab6bb1f45ada.180x180.jpg.webp
INFO: [ app_init ] --START--
INFO: Run Behavior\BuildLiteBehavior [ RunTime:0.000039s ]
INFO: [ app_init ] --END-- [ RunTime:0.000687s ]
INFO: [ app_begin ] --START--
INFO: Run Behavior\ReadHtmlCacheBehavior [ RunTime:0.000908s ]
INFO: [ app_begin ] --END-- [ RunTime:0.001115s ]
ERR: 无法加载控制器:Cart_files

[ 2016-03-26T15:24:50+08:00 ] 127.0.0.1 /mall.php/mall/cart_files/web_trust.png
INFO: [ app_init ] --START--
INFO: Run Behavior\BuildLiteBehavior [ RunTime:0.000041s ]
INFO: [ app_init ] --END-- [ RunTime:0.000675s ]

[ 2016-03-26T15:24:50+08:00 ] 127.0.0.1 /mall.php/mall/cart_files/cert.jpg
INFO: [ app_init ] --START--
INFO: Run Behavior\BuildLiteBehavior [ RunTime:0.000027s ]
INFO: [ app_init ] --END-- [ RunTime:0.000573s ]

[ 2016-03-26T15:24:56+08:00 ] 127.0.0.1 /mall.php/mall/cart
INFO: [ app_init ] --START--
INFO: Run Behavior\BuildLiteBehavior [ RunTime:0.000022s ]
INFO: [ app_init ] --END-- [ RunTime:0.000414s ]
INFO: [ app_begin ] --START--
INFO: Run Behavior\ReadHtmlCacheBehavior [ RunTime:0.000493s ]
INFO: [ app_begin ] --END-- [ RunTime:0.000592s ]
SQL: SHOW COLUMNS FROM `wx_goods` [ RunTime:0.0132s ]
SQL: SELECT * FROM `wx_goods` WHERE `id` IN (6,1,2)  [ RunTime:0.0006s ]
INFO: [ view_parse ] --START--
INFO: [ template_filter ] --START--
INFO: Run Behavior\ContentReplaceBehavior [ RunTime:0.000151s ]
INFO: [ template_filter ] --END-- [ RunTime:0.000323s ]
INFO: Run Behavior\ParseTemplateBehavior [ RunTime:0.013266s ]
INFO: [ view_parse ] --END-- [ RunTime:0.013416s ]
INFO: [ view_filter ] --START--
INFO: Run Behavior\WriteHtmlCacheBehavior [ RunTime:0.000324s ]
INFO: [ view_filter ] --END-- [ RunTime:0.000415s ]
INFO: [ app_end ] --START--
INFO: Run Behavior\ShowPageTraceBehavior [ RunTime:0.000550s ]
INFO: [ app_end ] --END-- [ RunTime:0.000654s ]

[ 2016-03-26T15:24:56+08:00 ] 127.0.0.1 /mall.php/mall/cart_files/700x700.2cef3bc83fa59316b264a63614e3713d.100x100.jpg
INFO: [ app_init ] --START--
INFO: Run Behavior\BuildLiteBehavior [ RunTime:0.000036s ]
INFO: [ app_init ] --END-- [ RunTime:0.000609s ]

[ 2016-03-26T15:24:56+08:00 ] 127.0.0.1 /mall.php/mall/cart_files/700x700.de685c6c6cf138e652ffab6bb1f45ada.180x180.jpg.webp
INFO: [ app_init ] --START--
INFO: Run Behavior\BuildLiteBehavior [ RunTime:0.000042s ]
INFO: [ app_init ] --END-- [ RunTime:0.000693s ]
INFO: [ app_begin ] --START--
INFO: Run Behavior\ReadHtmlCacheBehavior [ RunTime:0.001448s ]
INFO: [ app_begin ] --END-- [ RunTime:0.001687s ]
ERR: 无法加载控制器:Cart_files

[ 2016-03-26T15:24:56+08:00 ] 127.0.0.1 /mall.php/mall/cart_files/700x700.f584212a5e8dc5b76d729eae19f9722d.180x180.jpg.webp
INFO: [ app_init ] --START--
INFO: Run Behavior\BuildLiteBehavior [ RunTime:0.000052s ]
INFO: [ app_init ] --END-- [ RunTime:0.001102s ]
INFO: [ app_begin ] --START--
INFO: Run Behavior\ReadHtmlCacheBehavior [ RunTime:0.000774s ]
INFO: [ app_begin ] --END-- [ RunTime:0.000979s ]
ERR: 无法加载控制器:Cart_files

[ 2016-03-26T15:24:57+08:00 ] 127.0.0.1 /mall.php/mall/cart_files/700x700.9d6349030cafa4a5cca9ddb2a1437f9b.180x180.jpg.webp
INFO: [ app_init ] --START--
INFO: Run Behavior\BuildLiteBehavior [ RunTime:0.000046s ]
INFO: [ app_init ] --END-- [ RunTime:0.000922s ]
INFO: [ app_begin ] --START--
INFO: Run Behavior\ReadHtmlCacheBehavior [ RunTime:0.002644s ]
INFO: [ app_begin ] --END-- [ RunTime:0.002849s ]
ERR: 无法加载控制器:Cart_files

[ 2016-03-26T15:24:57+08:00 ] 127.0.0.1 /mall.php/mall/cart_files/700x700.a48e1449a4a0915a21c41704c587d0d7.180x180.jpg.webp
INFO: [ app_init ] --START--
INFO: Run Behavior\BuildLiteBehavior [ RunTime:0.000046s ]
INFO: [ app_init ] --END-- [ RunTime:0.000716s ]
INFO: [ app_begin ] --START--
INFO: Run Behavior\ReadHtmlCacheBehavior [ RunTime:0.000774s ]
INFO: [ app_begin ] --END-- [ RunTime:0.000979s ]
ERR: 无法加载控制器:Cart_files

[ 2016-03-26T15:24:57+08:00 ] 127.0.0.1 /mall.php/mall/cart_files/700x700.534bd5ab74d23eede10fd1a83fb195f4.180x180.jpg.webp
INFO: [ app_init ] --START--
INFO: Run Behavior\BuildLiteBehavior [ RunTime:0.000046s ]
INFO: [ app_init ] --END-- [ RunTime:0.000764s ]
INFO: [ app_begin ] --START--
INFO: Run Behavior\ReadHtmlCacheBehavior [ RunTime:0.000736s ]
INFO: [ app_begin ] --END-- [ RunTime:0.000923s ]
ERR: 无法加载控制器:Cart_files

[ 2016-03-26T15:24:57+08:00 ] 127.0.0.1 /mall.php/mall/cart_files/700x700.9b66fc02b599c13f0bd01f1eaa64895b.180x180.jpg.webp
INFO: [ app_init ] --START--
INFO: Run Behavior\BuildLiteBehavior [ RunTime:0.000038s ]
INFO: [ app_init ] --END-- [ RunTime:0.000660s ]
INFO: [ app_begin ] --START--
INFO: Run Behavior\ReadHtmlCacheBehavior [ RunTime:0.000912s ]
INFO: [ app_begin ] --END-- [ RunTime:0.001230s ]
ERR: 无法加载控制器:Cart_files

[ 2016-03-26T15:24:57+08:00 ] 127.0.0.1 /mall.php/mall/cart_files/700x700.2808cf14b34a44a4438dc407447374fa.180x180.jpg.webp
INFO: [ app_init ] --START--
INFO: Run Behavior\BuildLiteBehavior [ RunTime:0.000038s ]
INFO: [ app_init ] --END-- [ RunTime:0.000622s ]
INFO: [ app_begin ] --START--
INFO: Run Behavior\ReadHtmlCacheBehavior [ RunTime:0.000757s ]
INFO: [ app_begin ] --END-- [ RunTime:0.000978s ]
ERR: 无法加载控制器:Cart_files

[ 2016-03-26T15:24:57+08:00 ] 127.0.0.1 /mall.php/mall/cart_files/700x700.3db892ef3225a9a2f6254f1a800c7be2.180x180.jpg.webp
INFO: [ app_init ] --START--
INFO: Run Behavior\BuildLiteBehavior [ RunTime:0.000039s ]
INFO: [ app_init ] --END-- [ RunTime:0.000627s ]
INFO: [ app_begin ] --START--
INFO: Run Behavior\ReadHtmlCacheBehavior [ RunTime:0.001351s ]
INFO: [ app_begin ] --END-- [ RunTime:0.001600s ]
ERR: 无法加载控制器:Cart_files

[ 2016-03-26T15:24:57+08:00 ] 127.0.0.1 /mall.php/mall/cart_files/web_trust.png
INFO: [ app_init ] --START--
INFO: Run Behavior\BuildLiteBehavior [ RunTime:0.000043s ]
INFO: [ app_init ] --END-- [ RunTime:0.000677s ]

[ 2016-03-26T15:24:57+08:00 ] 127.0.0.1 /mall.php/mall/cart_files/cert.jpg
INFO: [ app_init ] --START--
INFO: Run Behavior\BuildLiteBehavior [ RunTime:0.000039s ]
INFO: [ app_init ] --END-- [ RunTime:0.000643s ]

[ 2016-03-26T15:24:57+08:00 ] 127.0.0.1 /mall.php/mall/cart_files/credit.png
INFO: [ app_init ] --START--
INFO: Run Behavior\BuildLiteBehavior [ RunTime:0.000043s ]
INFO: [ app_init ] --END-- [ RunTime:0.000770s ]

[ 2016-03-26T15:24:57+08:00 ] 127.0.0.1 /mall.php/mall/cart_files/700x700.17c15680e1db222ab0f5aa4c860ecc11.180x180.jpg.webp
INFO: [ app_init ] --START--
INFO: Run Behavior\BuildLiteBehavior [ RunTime:0.000040s ]
INFO: [ app_init ] --END-- [ RunTime:0.000648s ]
INFO: [ app_begin ] --START--
INFO: Run Behavior\ReadHtmlCacheBehavior [ RunTime:0.008558s ]
INFO: [ app_begin ] --END-- [ RunTime:0.009574s ]
ERR: 无法加载控制器:Cart_files

[ 2016-03-26T15:24:57+08:00 ] 127.0.0.1 /mall.php/mall/cart_files/700x700.774c509fef2e54003f52346246d2b94d.180x180.jpg.webp
INFO: [ app_init ] --START--
INFO: Run Behavior\BuildLiteBehavior [ RunTime:0.000038s ]
INFO: [ app_init ] --END-- [ RunTime:0.000717s ]
INFO: [ app_begin ] --START--
INFO: Run Behavior\ReadHtmlCacheBehavior [ RunTime:0.001052s ]
INFO: [ app_begin ] --END-- [ RunTime:0.001275s ]
ERR: 无法加载控制器:Cart_files

[ 2016-03-26T23:40:07+08:00 ] 127.0.0.1 /mall.php/mall/cart/add
INFO: [ app_init ] --START--
INFO: Run Behavior\BuildLiteBehavior [ RunTime:0.000476s ]
INFO: [ app_init ] --END-- [ RunTime:0.010324s ]
INFO: [ app_begin ] --START--
INFO: Run Behavior\ReadHtmlCacheBehavior [ RunTime:0.010458s ]
INFO: [ app_begin ] --END-- [ RunTime:0.010920s ]
NOTIC: [2] Missing argument 1 for I(), called in E:\wamp\www\weChat\Application\Mall\Controller\CartController.class.php on line 28 and defined E:\wamp\www\weChat\ThinkPHP\Common\functions.php 第 271 行.
NOTIC: [8] Undefined variable: name E:\wamp\www\weChat\ThinkPHP\Common\functions.php 第 273 行.
NOTIC: [8] Undefined variable: name E:\wamp\www\weChat\ThinkPHP\Common\functions.php 第 278 行.
NOTIC: [8] Undefined variable: name E:\wamp\www\weChat\ThinkPHP\Common\functions.php 第 339 行.
SQL: SHOW COLUMNS FROM `wx_goods_specfocus` [ RunTime:0.0360s ]
SQL: SELECT * FROM `wx_goods_specfocus` WHERE `id` = 2  [ RunTime:0.0010s ]
NOTIC: [8] Use of undefined constant boolean - assumed 'boolean' E:\wamp\www\weChat\Application\Mall\Controller\CartController.class.php 第 46 行.
INFO: [ app_end ] --START--
INFO: Run Behavior\ShowPageTraceBehavior [ RunTime:0.010530s ]
INFO: [ app_end ] --END-- [ RunTime:0.010941s ]

