[ 2016-03-21T14:53:34+08:00 ] 127.0.0.1 /mall.php/mall/login/index
INFO: [ app_init ] --START--
INFO: Run Behavior\BuildLiteBehavior [ RunTime:0.000043s ]
INFO: [ app_init ] --END-- [ RunTime:0.000705s ]
INFO: [ app_begin ] --START--
INFO: Run Behavior\ReadHtmlCacheBehavior [ RunTime:0.001078s ]
INFO: [ app_begin ] --END-- [ RunTime:0.001274s ]
INFO: [ view_parse ] --START--
INFO: [ template_filter ] --START--
INFO: Run Behavior\ContentReplaceBehavior [ RunTime:0.000125s ]
INFO: [ template_filter ] --END-- [ RunTime:0.000256s ]
INFO: Run Behavior\ParseTemplateBehavior [ RunTime:0.078057s ]
INFO: [ view_parse ] --END-- [ RunTime:0.078185s ]
INFO: [ view_filter ] --START--
INFO: Run Behavior\WriteHtmlCacheBehavior [ RunTime:0.008430s ]
INFO: [ view_filter ] --END-- [ RunTime:0.008571s ]
INFO: [ app_end ] --START--
INFO: Run Behavior\ShowPageTraceBehavior [ RunTime:0.007120s ]
INFO: [ app_end ] --END-- [ RunTime:0.007236s ]

[ 2016-03-21T14:53:40+08:00 ] 127.0.0.1 /mall.php/mall/goods?id=1
INFO: [ app_init ] --START--
INFO: Run Behavior\BuildLiteBehavior [ RunTime:0.000041s ]
INFO: [ app_init ] --END-- [ RunTime:0.000679s ]
INFO: [ app_begin ] --START--
INFO: Run Behavior\ReadHtmlCacheBehavior [ RunTime:0.000994s ]
INFO: [ app_begin ] --END-- [ RunTime:0.001224s ]
NOTIC: [2] Missing argument 1 for I(), called in E:\wamp\www\weChat\Application\Mall\Controller\GoodsController.class.php on line 14 and defined E:\wamp\www\weChat\ThinkPHP\Common\functions.php 第 271 行.
NOTIC: [8] Undefined variable: name E:\wamp\www\weChat\ThinkPHP\Common\functions.php 第 273 行.
NOTIC: [8] Undefined variable: name E:\wamp\www\weChat\ThinkPHP\Common\functions.php 第 278 行.
NOTIC: [8] Undefined variable: name E:\wamp\www\weChat\ThinkPHP\Common\functions.php 第 339 行.
SQL: SHOW COLUMNS FROM `wx_goods` [ RunTime:0.0080s ]
SQL: SELECT wx_goods.id,wx_goods.title,wx_goods.picture_id,wx_goods.point,wx_goods.goods_number,wx_goods.content,wx_goods.counter,wx_goods.stock,wx_goods.money,wx_goods.discount,wx_goods.shipping,wx_goods.weight,wx_goods.stock,wx_goods.seat,wx_goods.pubtime,wx_goods.state,wx_goods_type.type_name,wx_goods_picture.img_url FROM `wx_goods` INNER JOIN wx_goods_type ON wx_goods.type = wx_goods_type.id INNER JOIN wx_goods_picture ON wx_goods.id = wx_goods_picture.img_id  WHERE wx_goods.id = '1'  [ RunTime:0.0014s ]
NOTIC: [8] Undefined variable: img_data E:\wamp\www\weChat\Application\Mall\Controller\GoodsController.class.php 第 29 行.
NOTIC: [8] Undefined index: picture E:\wamp\www\weChat\Application\Mall\Controller\GoodsController.class.php 第 29 行.
NOTIC: [8] Undefined index: picture E:\wamp\www\weChat\Application\Mall\Controller\GoodsController.class.php 第 29 行.
SQL: SHOW COLUMNS FROM `wx_goods_spec` [ RunTime:0.0075s ]
SQL: SELECT * FROM `wx_goods_spec` WHERE `goods_id` = 1  [ RunTime:0.0004s ]
SQL: SHOW COLUMNS FROM `wx_goods_specfocus` [ RunTime:0.0072s ]
SQL: SELECT * FROM `wx_goods_specfocus` WHERE `spec_id` = 1  [ RunTime:0.0005s ]
NOTIC: [8] Undefined index: g E:\wamp\www\weChat\Application\Mall\Controller\GoodsController.class.php 第 48 行.
INFO: [ view_parse ] --START--
INFO: [ template_filter ] --START--
INFO: Run Behavior\ContentReplaceBehavior [ RunTime:0.000646s ]
INFO: [ template_filter ] --END-- [ RunTime:0.000875s ]
INFO: Run Behavior\ParseTemplateBehavior [ RunTime:0.052843s ]
INFO: [ view_parse ] --END-- [ RunTime:0.053041s ]
INFO: [ view_filter ] --START--
INFO: Run Behavior\WriteHtmlCacheBehavior [ RunTime:0.000467s ]
INFO: [ view_filter ] --END-- [ RunTime:0.000599s ]
INFO: [ app_end ] --START--
INFO: Run Behavior\ShowPageTraceBehavior [ RunTime:0.000671s ]
INFO: [ app_end ] --END-- [ RunTime:0.000772s ]

[ 2016-03-21T14:58:02+08:00 ] 127.0.0.1 /Mall/Goods/skuList.html
INFO: [ app_init ] --START--
INFO: Run Behavior\BuildLiteBehavior [ RunTime:0.000024s ]
INFO: [ app_init ] --END-- [ RunTime:0.000485s ]
INFO: [ app_begin ] --START--
INFO: Run Behavior\ReadHtmlCacheBehavior [ RunTime:0.000815s ]
INFO: [ app_begin ] --END-- [ RunTime:0.000955s ]
NOTIC: [2] Missing argument 1 for I(), called in E:\wamp\www\weChat\Application\Mall\Controller\GoodsController.class.php on line 57 and defined E:\wamp\www\weChat\ThinkPHP\Common\functions.php 第 271 行.
NOTIC: [8] Undefined variable: name E:\wamp\www\weChat\ThinkPHP\Common\functions.php 第 273 行.
NOTIC: [8] Undefined variable: name E:\wamp\www\weChat\ThinkPHP\Common\functions.php 第 278 行.
NOTIC: [8] Undefined variable: name E:\wamp\www\weChat\ThinkPHP\Common\functions.php 第 339 行.
SQL: SHOW COLUMNS FROM `wx_goods_specfocus` [ RunTime:0.0064s ]
SQL: SELECT * FROM `wx_goods_specfocus` WHERE `spec_id` = '2'  [ RunTime:0.0004s ]
NOTIC: [8] Undefined variable: str E:\wamp\www\weChat\Application\Mall\Controller\GoodsController.class.php 第 66 行.

[ 2016-03-21T14:58:03+08:00 ] 127.0.0.1 /Mall/Goods/skuList.html
INFO: [ app_init ] --START--
INFO: Run Behavior\BuildLiteBehavior [ RunTime:0.000024s ]
INFO: [ app_init ] --END-- [ RunTime:0.000421s ]
INFO: [ app_begin ] --START--
INFO: Run Behavior\ReadHtmlCacheBehavior [ RunTime:0.000552s ]
INFO: [ app_begin ] --END-- [ RunTime:0.000720s ]
NOTIC: [2] Missing argument 1 for I(), called in E:\wamp\www\weChat\Application\Mall\Controller\GoodsController.class.php on line 57 and defined E:\wamp\www\weChat\ThinkPHP\Common\functions.php 第 271 行.
NOTIC: [8] Undefined variable: name E:\wamp\www\weChat\ThinkPHP\Common\functions.php 第 273 行.
NOTIC: [8] Undefined variable: name E:\wamp\www\weChat\ThinkPHP\Common\functions.php 第 278 行.
NOTIC: [8] Undefined variable: name E:\wamp\www\weChat\ThinkPHP\Common\functions.php 第 339 行.
SQL: SHOW COLUMNS FROM `wx_goods_specfocus` [ RunTime:0.0066s ]
SQL: SELECT * FROM `wx_goods_specfocus` WHERE `spec_id` = '1'  [ RunTime:0.0004s ]
NOTIC: [8] Undefined variable: str E:\wamp\www\weChat\Application\Mall\Controller\GoodsController.class.php 第 66 行.

[ 2016-03-21T17:26:26+08:00 ] 127.0.0.1 /Mall/Goods/skuStock.html
INFO: [ app_init ] --START--
INFO: Run Behavior\BuildLiteBehavior [ RunTime:0.000025s ]
INFO: [ app_init ] --END-- [ RunTime:0.000740s ]
INFO: [ app_begin ] --START--
INFO: Run Behavior\ReadHtmlCacheBehavior [ RunTime:0.001183s ]
INFO: [ app_begin ] --END-- [ RunTime:0.001384s ]
NOTIC: [2] Missing argument 1 for I(), called in E:\wamp\www\weChat\Application\Mall\Controller\GoodsController.class.php on line 77 and defined E:\wamp\www\weChat\ThinkPHP\Common\functions.php 第 271 行.
NOTIC: [8] Undefined variable: name E:\wamp\www\weChat\ThinkPHP\Common\functions.php 第 273 行.
NOTIC: [8] Undefined variable: name E:\wamp\www\weChat\ThinkPHP\Common\functions.php 第 278 行.
NOTIC: [8] Undefined variable: name E:\wamp\www\weChat\ThinkPHP\Common\functions.php 第 339 行.
SQL: SHOW COLUMNS FROM `wx_goods_specfocus` [ RunTime:0.0071s ]
SQL: SELECT * FROM `wx_goods_specfocus` WHERE `spec_id` = '1' AND `id` = '5'  [ RunTime:0.0019s ]

[ 2016-03-21T17:26:26+08:00 ] 127.0.0.1 /Mall/Goods/skuStock.html
INFO: [ app_init ] --START--
INFO: Run Behavior\BuildLiteBehavior [ RunTime:0.000027s ]
INFO: [ app_init ] --END-- [ RunTime:0.000493s ]
INFO: [ app_begin ] --START--
INFO: Run Behavior\ReadHtmlCacheBehavior [ RunTime:0.001334s ]
INFO: [ app_begin ] --END-- [ RunTime:0.001523s ]
NOTIC: [2] Missing argument 1 for I(), called in E:\wamp\www\weChat\Application\Mall\Controller\GoodsController.class.php on line 77 and defined E:\wamp\www\weChat\ThinkPHP\Common\functions.php 第 271 行.
NOTIC: [8] Undefined variable: name E:\wamp\www\weChat\ThinkPHP\Common\functions.php 第 273 行.
NOTIC: [8] Undefined variable: name E:\wamp\www\weChat\ThinkPHP\Common\functions.php 第 278 行.
NOTIC: [8] Undefined variable: name E:\wamp\www\weChat\ThinkPHP\Common\functions.php 第 339 行.
SQL: SHOW COLUMNS FROM `wx_goods_specfocus` [ RunTime:0.0061s ]
SQL: SELECT * FROM `wx_goods_specfocus` WHERE `spec_id` = '1' AND `id` = '2'  [ RunTime:0.0006s ]

[ 2016-03-21T17:26:27+08:00 ] 127.0.0.1 /Mall/Goods/skuList.html
INFO: [ app_init ] --START--
INFO: Run Behavior\BuildLiteBehavior [ RunTime:0.000051s ]
INFO: [ app_init ] --END-- [ RunTime:0.001181s ]
INFO: [ app_begin ] --START--
INFO: Run Behavior\ReadHtmlCacheBehavior [ RunTime:0.000840s ]
INFO: [ app_begin ] --END-- [ RunTime:0.001031s ]
NOTIC: [2] Missing argument 1 for I(), called in E:\wamp\www\weChat\Application\Mall\Controller\GoodsController.class.php on line 57 and defined E:\wamp\www\weChat\ThinkPHP\Common\functions.php 第 271 行.
NOTIC: [8] Undefined variable: name E:\wamp\www\weChat\ThinkPHP\Common\functions.php 第 273 行.
NOTIC: [8] Undefined variable: name E:\wamp\www\weChat\ThinkPHP\Common\functions.php 第 278 行.
NOTIC: [8] Undefined variable: name E:\wamp\www\weChat\ThinkPHP\Common\functions.php 第 339 行.
SQL: SHOW COLUMNS FROM `wx_goods_specfocus` [ RunTime:0.0228s ]
SQL: SELECT * FROM `wx_goods_specfocus` WHERE `spec_id` = '2'  [ RunTime:0.0015s ]
NOTIC: [8] Undefined variable: str E:\wamp\www\weChat\Application\Mall\Controller\GoodsController.class.php 第 66 行.

[ 2016-03-21T17:26:30+08:00 ] 127.0.0.1 /Mall/Goods/skuList.html
INFO: [ app_init ] --START--
INFO: Run Behavior\BuildLiteBehavior [ RunTime:0.000025s ]
INFO: [ app_init ] --END-- [ RunTime:0.000425s ]
INFO: [ app_begin ] --START--
INFO: Run Behavior\ReadHtmlCacheBehavior [ RunTime:0.000512s ]
INFO: [ app_begin ] --END-- [ RunTime:0.000616s ]
NOTIC: [2] Missing argument 1 for I(), called in E:\wamp\www\weChat\Application\Mall\Controller\GoodsController.class.php on line 57 and defined E:\wamp\www\weChat\ThinkPHP\Common\functions.php 第 271 行.
NOTIC: [8] Undefined variable: name E:\wamp\www\weChat\ThinkPHP\Common\functions.php 第 273 行.
NOTIC: [8] Undefined variable: name E:\wamp\www\weChat\ThinkPHP\Common\functions.php 第 278 行.
NOTIC: [8] Undefined variable: name E:\wamp\www\weChat\ThinkPHP\Common\functions.php 第 339 行.
SQL: SHOW COLUMNS FROM `wx_goods_specfocus` [ RunTime:0.0053s ]
SQL: SELECT * FROM `wx_goods_specfocus` WHERE `spec_id` = '1'  [ RunTime:0.0004s ]
NOTIC: [8] Undefined variable: str E:\wamp\www\weChat\Application\Mall\Controller\GoodsController.class.php 第 66 行.

[ 2016-03-21T17:40:33+08:00 ] 127.0.0.1 /Mall/Goods/skuStock.html
INFO: [ app_init ] --START--
INFO: Run Behavior\BuildLiteBehavior [ RunTime:0.000038s ]
INFO: [ app_init ] --END-- [ RunTime:0.000718s ]
INFO: [ app_begin ] --START--
INFO: Run Behavior\ReadHtmlCacheBehavior [ RunTime:0.000813s ]
INFO: [ app_begin ] --END-- [ RunTime:0.000933s ]
NOTIC: [2] Missing argument 1 for I(), called in E:\wamp\www\weChat\Application\Mall\Controller\GoodsController.class.php on line 77 and defined E:\wamp\www\weChat\ThinkPHP\Common\functions.php 第 271 行.
NOTIC: [8] Undefined variable: name E:\wamp\www\weChat\ThinkPHP\Common\functions.php 第 273 行.
NOTIC: [8] Undefined variable: name E:\wamp\www\weChat\ThinkPHP\Common\functions.php 第 278 行.
NOTIC: [8] Undefined variable: name E:\wamp\www\weChat\ThinkPHP\Common\functions.php 第 339 行.
SQL: SHOW COLUMNS FROM `wx_goods_specfocus` [ RunTime:0.1246s ]
SQL: SELECT * FROM `wx_goods_specfocus` WHERE `spec_id` = '1' AND `id` = '6'  [ RunTime:0.0012s ]

[ 2016-03-21T17:56:11+08:00 ] 127.0.0.1 /mall.php/mall/goods?id=1
INFO: [ app_init ] --START--
INFO: Run Behavior\BuildLiteBehavior [ RunTime:0.000060s ]
INFO: [ app_init ] --END-- [ RunTime:0.000716s ]
INFO: [ app_begin ] --START--
INFO: Run Behavior\ReadHtmlCacheBehavior [ RunTime:0.000848s ]
INFO: [ app_begin ] --END-- [ RunTime:0.000998s ]
NOTIC: [2] Missing argument 1 for I(), called in E:\wamp\www\weChat\Application\Mall\Controller\GoodsController.class.php on line 14 and defined E:\wamp\www\weChat\ThinkPHP\Common\functions.php 第 271 行.
NOTIC: [8] Undefined variable: name E:\wamp\www\weChat\ThinkPHP\Common\functions.php 第 273 行.
NOTIC: [8] Undefined variable: name E:\wamp\www\weChat\ThinkPHP\Common\functions.php 第 278 行.
NOTIC: [8] Undefined variable: name E:\wamp\www\weChat\ThinkPHP\Common\functions.php 第 339 行.
SQL: SHOW COLUMNS FROM `wx_goods` [ RunTime:0.0084s ]
SQL: SELECT wx_goods.id,wx_goods.title,wx_goods.picture_id,wx_goods.point,wx_goods.goods_number,wx_goods.content,wx_goods.counter,wx_goods.stock,wx_goods.money,wx_goods.discount,wx_goods.shipping,wx_goods.weight,wx_goods.stock,wx_goods.seat,wx_goods.pubtime,wx_goods.state,wx_goods_type.type_name,wx_goods_picture.img_url FROM `wx_goods` INNER JOIN wx_goods_type ON wx_goods.type = wx_goods_type.id INNER JOIN wx_goods_picture ON wx_goods.id = wx_goods_picture.img_id  WHERE wx_goods.id = '1'  [ RunTime:0.0014s ]
NOTIC: [8] Undefined variable: img_data E:\wamp\www\weChat\Application\Mall\Controller\GoodsController.class.php 第 29 行.
NOTIC: [8] Undefined index: picture E:\wamp\www\weChat\Application\Mall\Controller\GoodsController.class.php 第 29 行.
NOTIC: [8] Undefined index: picture E:\wamp\www\weChat\Application\Mall\Controller\GoodsController.class.php 第 29 行.
SQL: SHOW COLUMNS FROM `wx_goods_spec` [ RunTime:0.0143s ]
SQL: SELECT * FROM `wx_goods_spec` WHERE `goods_id` = 1  [ RunTime:0.0004s ]
SQL: SHOW COLUMNS FROM `wx_goods_specfocus` [ RunTime:0.0051s ]
SQL: SELECT * FROM `wx_goods_specfocus` WHERE `spec_id` = 1  [ RunTime:0.0004s ]
NOTIC: [8] Undefined index: g E:\wamp\www\weChat\Application\Mall\Controller\GoodsController.class.php 第 48 行.
INFO: [ view_parse ] --START--
INFO: [ template_filter ] --START--
INFO: Run Behavior\ContentReplaceBehavior [ RunTime:0.000450s ]
INFO: [ template_filter ] --END-- [ RunTime:0.000608s ]
INFO: Run Behavior\ParseTemplateBehavior [ RunTime:0.039094s ]
INFO: [ view_parse ] --END-- [ RunTime:0.039275s ]
INFO: [ view_filter ] --START--
INFO: Run Behavior\WriteHtmlCacheBehavior [ RunTime:0.000794s ]
INFO: [ view_filter ] --END-- [ RunTime:0.000981s ]
INFO: [ app_end ] --START--
INFO: Run Behavior\ShowPageTraceBehavior [ RunTime:0.000919s ]
INFO: [ app_end ] --END-- [ RunTime:0.001058s ]

[ 2016-03-21T17:58:27+08:00 ] 127.0.0.1 /mall.php/mall/goods?id=1
INFO: [ app_init ] --START--
INFO: Run Behavior\BuildLiteBehavior [ RunTime:0.000024s ]
INFO: [ app_init ] --END-- [ RunTime:0.000497s ]
INFO: [ app_begin ] --START--
INFO: Run Behavior\ReadHtmlCacheBehavior [ RunTime:0.000749s ]
INFO: [ app_begin ] --END-- [ RunTime:0.000878s ]
NOTIC: [2] Missing argument 1 for I(), called in E:\wamp\www\weChat\Application\Mall\Controller\GoodsController.class.php on line 14 and defined E:\wamp\www\weChat\ThinkPHP\Common\functions.php 第 271 行.
NOTIC: [8] Undefined variable: name E:\wamp\www\weChat\ThinkPHP\Common\functions.php 第 273 行.
NOTIC: [8] Undefined variable: name E:\wamp\www\weChat\ThinkPHP\Common\functions.php 第 278 行.
NOTIC: [8] Undefined variable: name E:\wamp\www\weChat\ThinkPHP\Common\functions.php 第 339 行.
SQL: SHOW COLUMNS FROM `wx_goods` [ RunTime:0.0072s ]
SQL: SELECT wx_goods.id,wx_goods.title,wx_goods.picture_id,wx_goods.point,wx_goods.goods_number,wx_goods.content,wx_goods.counter,wx_goods.stock,wx_goods.money,wx_goods.discount,wx_goods.shipping,wx_goods.weight,wx_goods.stock,wx_goods.seat,wx_goods.pubtime,wx_goods.state,wx_goods_type.type_name,wx_goods_picture.img_url FROM `wx_goods` INNER JOIN wx_goods_type ON wx_goods.type = wx_goods_type.id INNER JOIN wx_goods_picture ON wx_goods.id = wx_goods_picture.img_id  WHERE wx_goods.id = '1'  [ RunTime:0.0008s ]
NOTIC: [8] Undefined variable: img_data E:\wamp\www\weChat\Application\Mall\Controller\GoodsController.class.php 第 29 行.
NOTIC: [8] Undefined index: picture E:\wamp\www\weChat\Application\Mall\Controller\GoodsController.class.php 第 29 行.
NOTIC: [8] Undefined index: picture E:\wamp\www\weChat\Application\Mall\Controller\GoodsController.class.php 第 29 行.
SQL: SHOW COLUMNS FROM `wx_goods_spec` [ RunTime:0.0054s ]
SQL: SELECT * FROM `wx_goods_spec` WHERE `goods_id` = 1  [ RunTime:0.0004s ]
SQL: SHOW COLUMNS FROM `wx_goods_specfocus` [ RunTime:0.0070s ]
SQL: SELECT * FROM `wx_goods_specfocus` WHERE `spec_id` = 1  [ RunTime:0.0004s ]
NOTIC: [8] Undefined index: g E:\wamp\www\weChat\Application\Mall\Controller\GoodsController.class.php 第 48 行.
INFO: [ view_parse ] --START--
INFO: [ template_filter ] --START--
INFO: Run Behavior\ContentReplaceBehavior [ RunTime:0.000474s ]
INFO: [ template_filter ] --END-- [ RunTime:0.000662s ]
INFO: Run Behavior\ParseTemplateBehavior [ RunTime:0.036647s ]
INFO: [ view_parse ] --END-- [ RunTime:0.036815s ]
INFO: [ view_filter ] --START--
INFO: Run Behavior\WriteHtmlCacheBehavior [ RunTime:0.000370s ]
INFO: [ view_filter ] --END-- [ RunTime:0.000461s ]
INFO: [ app_end ] --START--
INFO: Run Behavior\ShowPageTraceBehavior [ RunTime:0.000578s ]
INFO: [ app_end ] --END-- [ RunTime:0.000693s ]

[ 2016-03-21T17:58:29+08:00 ] 127.0.0.1 /Mall/Goods/skuList.html
INFO: [ app_init ] --START--
INFO: Run Behavior\BuildLiteBehavior [ RunTime:0.000029s ]
INFO: [ app_init ] --END-- [ RunTime:0.000496s ]
INFO: [ app_begin ] --START--
INFO: Run Behavior\ReadHtmlCacheBehavior [ RunTime:0.000736s ]
INFO: [ app_begin ] --END-- [ RunTime:0.000873s ]
NOTIC: [2] Missing argument 1 for I(), called in E:\wamp\www\weChat\Application\Mall\Controller\GoodsController.class.php on line 57 and defined E:\wamp\www\weChat\ThinkPHP\Common\functions.php 第 271 行.
NOTIC: [8] Undefined variable: name E:\wamp\www\weChat\ThinkPHP\Common\functions.php 第 273 行.
NOTIC: [8] Undefined variable: name E:\wamp\www\weChat\ThinkPHP\Common\functions.php 第 278 行.
NOTIC: [8] Undefined variable: name E:\wamp\www\weChat\ThinkPHP\Common\functions.php 第 339 行.
SQL: SHOW COLUMNS FROM `wx_goods_specfocus` [ RunTime:0.0056s ]
SQL: SELECT * FROM `wx_goods_specfocus` WHERE `spec_id` = '2'  [ RunTime:0.0004s ]
NOTIC: [8] Undefined variable: str E:\wamp\www\weChat\Application\Mall\Controller\GoodsController.class.php 第 66 行.

[ 2016-03-21T17:58:29+08:00 ] 127.0.0.1 /Mall/Goods/skuStock.html
INFO: [ app_init ] --START--
INFO: Run Behavior\BuildLiteBehavior [ RunTime:0.000028s ]
INFO: [ app_init ] --END-- [ RunTime:0.000491s ]
INFO: [ app_begin ] --START--
INFO: Run Behavior\ReadHtmlCacheBehavior [ RunTime:0.000551s ]
INFO: [ app_begin ] --END-- [ RunTime:0.000665s ]
NOTIC: [2] Missing argument 1 for I(), called in E:\wamp\www\weChat\Application\Mall\Controller\GoodsController.class.php on line 77 and defined E:\wamp\www\weChat\ThinkPHP\Common\functions.php 第 271 行.
NOTIC: [8] Undefined variable: name E:\wamp\www\weChat\ThinkPHP\Common\functions.php 第 273 行.
NOTIC: [8] Undefined variable: name E:\wamp\www\weChat\ThinkPHP\Common\functions.php 第 278 行.
NOTIC: [8] Undefined variable: name E:\wamp\www\weChat\ThinkPHP\Common\functions.php 第 339 行.
SQL: SHOW COLUMNS FROM `wx_goods_specfocus` [ RunTime:0.0054s ]
SQL: SELECT * FROM `wx_goods_specfocus` WHERE `spec_id` = '2' AND `id` = '3'  [ RunTime:0.0004s ]

[ 2016-03-21T17:58:29+08:00 ] 127.0.0.1 /Mall/Goods/skuStock.html
INFO: [ app_init ] --START--
INFO: Run Behavior\BuildLiteBehavior [ RunTime:0.000027s ]
INFO: [ app_init ] --END-- [ RunTime:0.000504s ]
INFO: [ app_begin ] --START--
INFO: Run Behavior\ReadHtmlCacheBehavior [ RunTime:0.000561s ]
INFO: [ app_begin ] --END-- [ RunTime:0.000675s ]
NOTIC: [2] Missing argument 1 for I(), called in E:\wamp\www\weChat\Application\Mall\Controller\GoodsController.class.php on line 77 and defined E:\wamp\www\weChat\ThinkPHP\Common\functions.php 第 271 行.
NOTIC: [8] Undefined variable: name E:\wamp\www\weChat\ThinkPHP\Common\functions.php 第 273 行.
NOTIC: [8] Undefined variable: name E:\wamp\www\weChat\ThinkPHP\Common\functions.php 第 278 行.
NOTIC: [8] Undefined variable: name E:\wamp\www\weChat\ThinkPHP\Common\functions.php 第 339 行.
SQL: SHOW COLUMNS FROM `wx_goods_specfocus` [ RunTime:0.0055s ]
SQL: SELECT * FROM `wx_goods_specfocus` WHERE `spec_id` = '2' AND `id` = '4'  [ RunTime:0.0004s ]

[ 2016-03-21T17:58:30+08:00 ] 127.0.0.1 /Mall/Goods/skuList.html
INFO: [ app_init ] --START--
INFO: Run Behavior\BuildLiteBehavior [ RunTime:0.000028s ]
INFO: [ app_init ] --END-- [ RunTime:0.000489s ]
INFO: [ app_begin ] --START--
INFO: Run Behavior\ReadHtmlCacheBehavior [ RunTime:0.000690s ]
INFO: [ app_begin ] --END-- [ RunTime:0.000844s ]
NOTIC: [2] Missing argument 1 for I(), called in E:\wamp\www\weChat\Application\Mall\Controller\GoodsController.class.php on line 57 and defined E:\wamp\www\weChat\ThinkPHP\Common\functions.php 第 271 行.
NOTIC: [8] Undefined variable: name E:\wamp\www\weChat\ThinkPHP\Common\functions.php 第 273 行.
NOTIC: [8] Undefined variable: name E:\wamp\www\weChat\ThinkPHP\Common\functions.php 第 278 行.
NOTIC: [8] Undefined variable: name E:\wamp\www\weChat\ThinkPHP\Common\functions.php 第 339 行.
SQL: SHOW COLUMNS FROM `wx_goods_specfocus` [ RunTime:0.0059s ]
SQL: SELECT * FROM `wx_goods_specfocus` WHERE `spec_id` = '1'  [ RunTime:0.0004s ]
NOTIC: [8] Undefined variable: str E:\wamp\www\weChat\Application\Mall\Controller\GoodsController.class.php 第 66 行.

[ 2016-03-21T18:06:07+08:00 ] 127.0.0.1 /mall.php/mall/goods?id=1
INFO: [ app_init ] --START--
INFO: Run Behavior\BuildLiteBehavior [ RunTime:0.000052s ]
INFO: [ app_init ] --END-- [ RunTime:0.001035s ]
INFO: [ app_begin ] --START--
INFO: Run Behavior\ReadHtmlCacheBehavior [ RunTime:0.000712s ]
INFO: [ app_begin ] --END-- [ RunTime:0.000864s ]
NOTIC: [2] Missing argument 1 for I(), called in E:\wamp\www\weChat\Application\Mall\Controller\GoodsController.class.php on line 14 and defined E:\wamp\www\weChat\ThinkPHP\Common\functions.php 第 271 行.
NOTIC: [8] Undefined variable: name E:\wamp\www\weChat\ThinkPHP\Common\functions.php 第 273 行.
NOTIC: [8] Undefined variable: name E:\wamp\www\weChat\ThinkPHP\Common\functions.php 第 278 行.
NOTIC: [8] Undefined variable: name E:\wamp\www\weChat\ThinkPHP\Common\functions.php 第 339 行.
SQL: SHOW COLUMNS FROM `wx_goods` [ RunTime:0.0065s ]
SQL: SELECT wx_goods.id,wx_goods.title,wx_goods.picture_id,wx_goods.point,wx_goods.goods_number,wx_goods.content,wx_goods.counter,wx_goods.stock,wx_goods.money,wx_goods.discount,wx_goods.shipping,wx_goods.weight,wx_goods.stock,wx_goods.seat,wx_goods.pubtime,wx_goods.state,wx_goods_type.type_name,wx_goods_picture.img_url FROM `wx_goods` INNER JOIN wx_goods_type ON wx_goods.type = wx_goods_type.id INNER JOIN wx_goods_picture ON wx_goods.id = wx_goods_picture.img_id  WHERE wx_goods.id = '1'  [ RunTime:0.0007s ]
NOTIC: [8] Undefined variable: img_data E:\wamp\www\weChat\Application\Mall\Controller\GoodsController.class.php 第 29 行.
NOTIC: [8] Undefined index: picture E:\wamp\www\weChat\Application\Mall\Controller\GoodsController.class.php 第 29 行.
NOTIC: [8] Undefined index: picture E:\wamp\www\weChat\Application\Mall\Controller\GoodsController.class.php 第 29 行.
SQL: SHOW COLUMNS FROM `wx_goods_spec` [ RunTime:0.0052s ]
SQL: SELECT * FROM `wx_goods_spec` WHERE `goods_id` = 1  [ RunTime:0.0003s ]
SQL: SHOW COLUMNS FROM `wx_goods_specfocus` [ RunTime:0.0053s ]
SQL: SELECT * FROM `wx_goods_specfocus` WHERE `spec_id` = 1  [ RunTime:0.0003s ]
NOTIC: [8] Undefined index: g E:\wamp\www\weChat\Application\Mall\Controller\GoodsController.class.php 第 48 行.
INFO: [ view_parse ] --START--
INFO: [ template_filter ] --START--
INFO: Run Behavior\ContentReplaceBehavior [ RunTime:0.000440s ]
INFO: [ template_filter ] --END-- [ RunTime:0.000564s ]
INFO: Run Behavior\ParseTemplateBehavior [ RunTime:0.039431s ]
INFO: [ view_parse ] --END-- [ RunTime:0.039572s ]
INFO: [ view_filter ] --START--
INFO: Run Behavior\WriteHtmlCacheBehavior [ RunTime:0.000437s ]
INFO: [ view_filter ] --END-- [ RunTime:0.000548s ]
INFO: [ app_end ] --START--
INFO: Run Behavior\ShowPageTraceBehavior [ RunTime:0.000622s ]
INFO: [ app_end ] --END-- [ RunTime:0.000726s ]

[ 2016-03-21T19:13:07+08:00 ] 127.0.0.1 /mall.php/mall/goods?id=1
INFO: [ app_init ] --START--
INFO: Run Behavior\BuildLiteBehavior [ RunTime:0.000131s ]
INFO: [ app_init ] --END-- [ RunTime:0.001651s ]
INFO: [ app_begin ] --START--
INFO: Run Behavior\ReadHtmlCacheBehavior [ RunTime:0.000744s ]
INFO: [ app_begin ] --END-- [ RunTime:0.000872s ]
NOTIC: [2] Missing argument 1 for I(), called in E:\wamp\www\weChat\Application\Mall\Controller\GoodsController.class.php on line 14 and defined E:\wamp\www\weChat\ThinkPHP\Common\functions.php 第 271 行.
NOTIC: [8] Undefined variable: name E:\wamp\www\weChat\ThinkPHP\Common\functions.php 第 273 行.
NOTIC: [8] Undefined variable: name E:\wamp\www\weChat\ThinkPHP\Common\functions.php 第 278 行.
NOTIC: [8] Undefined variable: name E:\wamp\www\weChat\ThinkPHP\Common\functions.php 第 339 行.
SQL: SHOW COLUMNS FROM `wx_goods` [ RunTime:0.0077s ]
SQL: SELECT wx_goods.id,wx_goods.title,wx_goods.picture_id,wx_goods.point,wx_goods.goods_number,wx_goods.content,wx_goods.counter,wx_goods.stock,wx_goods.money,wx_goods.discount,wx_goods.shipping,wx_goods.weight,wx_goods.stock,wx_goods.seat,wx_goods.pubtime,wx_goods.state,wx_goods_type.type_name,wx_goods_picture.img_url FROM `wx_goods` INNER JOIN wx_goods_type ON wx_goods.type = wx_goods_type.id INNER JOIN wx_goods_picture ON wx_goods.id = wx_goods_picture.img_id  WHERE wx_goods.id = '1'  [ RunTime:0.0013s ]
NOTIC: [8] Undefined variable: img_data E:\wamp\www\weChat\Application\Mall\Controller\GoodsController.class.php 第 29 行.
NOTIC: [8] Undefined index: picture E:\wamp\www\weChat\Application\Mall\Controller\GoodsController.class.php 第 29 行.
NOTIC: [8] Undefined index: picture E:\wamp\www\weChat\Application\Mall\Controller\GoodsController.class.php 第 29 行.
SQL: SHOW COLUMNS FROM `wx_goods_spec` [ RunTime:0.0060s ]
SQL: SELECT * FROM `wx_goods_spec` WHERE `goods_id` = 1  [ RunTime:0.0004s ]
SQL: SHOW COLUMNS FROM `wx_goods_specfocus` [ RunTime:0.0054s ]
SQL: SELECT * FROM `wx_goods_specfocus` WHERE `spec_id` = 1  [ RunTime:0.0004s ]
NOTIC: [8] Undefined index: g E:\wamp\www\weChat\Application\Mall\Controller\GoodsController.class.php 第 48 行.
INFO: [ view_parse ] --START--
INFO: [ template_filter ] --START--
INFO: Run Behavior\ContentReplaceBehavior [ RunTime:0.000430s ]
INFO: [ template_filter ] --END-- [ RunTime:0.000571s ]
INFO: Run Behavior\ParseTemplateBehavior [ RunTime:0.041577s ]
INFO: [ view_parse ] --END-- [ RunTime:0.041718s ]
INFO: [ view_filter ] --START--
INFO: Run Behavior\WriteHtmlCacheBehavior [ RunTime:0.000444s ]
INFO: [ view_filter ] --END-- [ RunTime:0.000556s ]
INFO: [ app_end ] --START--
INFO: Run Behavior\ShowPageTraceBehavior [ RunTime:0.000622s ]
INFO: [ app_end ] --END-- [ RunTime:0.000728s ]

[ 2016-03-21T19:15:35+08:00 ] 127.0.0.1 /mall.php/mall/goods?id=1
INFO: [ app_init ] --START--
INFO: Run Behavior\BuildLiteBehavior [ RunTime:0.000031s ]
INFO: [ app_init ] --END-- [ RunTime:0.000621s ]
INFO: [ app_begin ] --START--
INFO: Run Behavior\ReadHtmlCacheBehavior [ RunTime:0.000810s ]
INFO: [ app_begin ] --END-- [ RunTime:0.000955s ]
NOTIC: [2] Missing argument 1 for I(), called in E:\wamp\www\weChat\Application\Mall\Controller\GoodsController.class.php on line 14 and defined E:\wamp\www\weChat\ThinkPHP\Common\functions.php 第 271 行.
NOTIC: [8] Undefined variable: name E:\wamp\www\weChat\ThinkPHP\Common\functions.php 第 273 行.
NOTIC: [8] Undefined variable: name E:\wamp\www\weChat\ThinkPHP\Common\functions.php 第 278 行.
NOTIC: [8] Undefined variable: name E:\wamp\www\weChat\ThinkPHP\Common\functions.php 第 339 行.
SQL: SHOW COLUMNS FROM `wx_goods` [ RunTime:0.0066s ]
SQL: SELECT wx_goods.id,wx_goods.title,wx_goods.picture_id,wx_goods.point,wx_goods.goods_number,wx_goods.content,wx_goods.counter,wx_goods.stock,wx_goods.money,wx_goods.discount,wx_goods.shipping,wx_goods.weight,wx_goods.stock,wx_goods.seat,wx_goods.pubtime,wx_goods.state,wx_goods_type.type_name,wx_goods_picture.img_url FROM `wx_goods` INNER JOIN wx_goods_type ON wx_goods.type = wx_goods_type.id INNER JOIN wx_goods_picture ON wx_goods.id = wx_goods_picture.img_id  WHERE wx_goods.id = '1'  [ RunTime:0.0009s ]
NOTIC: [8] Undefined variable: img_data E:\wamp\www\weChat\Application\Mall\Controller\GoodsController.class.php 第 29 行.
NOTIC: [8] Undefined index: picture E:\wamp\www\weChat\Application\Mall\Controller\GoodsController.class.php 第 29 行.
NOTIC: [8] Undefined index: picture E:\wamp\www\weChat\Application\Mall\Controller\GoodsController.class.php 第 29 行.
SQL: SHOW COLUMNS FROM `wx_goods_spec` [ RunTime:0.0053s ]
SQL: SELECT * FROM `wx_goods_spec` WHERE `goods_id` = 1  [ RunTime:0.0004s ]
SQL: SHOW COLUMNS FROM `wx_goods_specfocus` [ RunTime:0.0061s ]
SQL: SELECT * FROM `wx_goods_specfocus` WHERE `spec_id` = 1  [ RunTime:0.0004s ]
NOTIC: [8] Undefined index: g E:\wamp\www\weChat\Application\Mall\Controller\GoodsController.class.php 第 48 行.
INFO: [ view_parse ] --START--
INFO: [ template_filter ] --START--
INFO: Run Behavior\ContentReplaceBehavior [ RunTime:0.000473s ]
INFO: [ template_filter ] --END-- [ RunTime:0.000953s ]
INFO: Run Behavior\ParseTemplateBehavior [ RunTime:0.032531s ]
INFO: [ view_parse ] --END-- [ RunTime:0.032661s ]
INFO: [ view_filter ] --START--
INFO: Run Behavior\WriteHtmlCacheBehavior [ RunTime:0.000411s ]
INFO: [ view_filter ] --END-- [ RunTime:0.000509s ]
INFO: [ app_end ] --START--
INFO: Run Behavior\ShowPageTraceBehavior [ RunTime:0.000645s ]
INFO: [ app_end ] --END-- [ RunTime:0.000779s ]

